[2024-07-19T08:55:21.699+0530] {processor.py:161} INFO - Started process (PID=154868) to work on /home/growlt245/.local/lib/python3.10/site-packages/airflow/example_dags/example_python_operator.py
[2024-07-19T08:55:21.700+0530] {processor.py:830} INFO - Processing file /home/growlt245/.local/lib/python3.10/site-packages/airflow/example_dags/example_python_operator.py for tasks to queue
[2024-07-19T08:55:21.702+0530] {logging_mixin.py:188} INFO - [2024-07-19T08:55:21.702+0530] {dagbag.py:545} INFO - Filling up the DagBag from /home/growlt245/.local/lib/python3.10/site-packages/airflow/example_dags/example_python_operator.py
[2024-07-19T08:55:21.713+0530] {processor.py:840} INFO - DAG(s) 'example_python_operator' retrieved from /home/growlt245/.local/lib/python3.10/site-packages/airflow/example_dags/example_python_operator.py
[2024-07-19T08:55:21.775+0530] {logging_mixin.py:188} INFO - [2024-07-19T08:55:21.775+0530] {dag.py:3089} INFO - Sync 1 DAGs
[2024-07-19T08:55:21.779+0530] {logging_mixin.py:188} INFO - [2024-07-19T08:55:21.779+0530] {dag.py:3947} INFO - Setting next_dagrun for example_python_operator to None, run_after=None
[2024-07-19T08:55:21.790+0530] {processor.py:183} INFO - Processing /home/growlt245/.local/lib/python3.10/site-packages/airflow/example_dags/example_python_operator.py took 0.098 seconds
[2024-07-19T09:02:08.048+0530] {processor.py:161} INFO - Started process (PID=157707) to work on /home/growlt245/.local/lib/python3.10/site-packages/airflow/example_dags/example_python_operator.py
[2024-07-19T09:02:08.049+0530] {processor.py:830} INFO - Processing file /home/growlt245/.local/lib/python3.10/site-packages/airflow/example_dags/example_python_operator.py for tasks to queue
[2024-07-19T09:02:08.051+0530] {logging_mixin.py:188} INFO - [2024-07-19T09:02:08.050+0530] {dagbag.py:545} INFO - Filling up the DagBag from /home/growlt245/.local/lib/python3.10/site-packages/airflow/example_dags/example_python_operator.py
[2024-07-19T09:02:08.059+0530] {processor.py:840} INFO - DAG(s) 'example_python_operator' retrieved from /home/growlt245/.local/lib/python3.10/site-packages/airflow/example_dags/example_python_operator.py
[2024-07-19T09:02:08.068+0530] {logging_mixin.py:188} INFO - [2024-07-19T09:02:08.068+0530] {dag.py:3089} INFO - Sync 1 DAGs
[2024-07-19T09:02:08.073+0530] {logging_mixin.py:188} INFO - [2024-07-19T09:02:08.073+0530] {dag.py:3947} INFO - Setting next_dagrun for example_python_operator to None, run_after=None
[2024-07-19T09:02:08.085+0530] {processor.py:183} INFO - Processing /home/growlt245/.local/lib/python3.10/site-packages/airflow/example_dags/example_python_operator.py took 0.042 seconds
[2024-07-19T09:06:25.582+0530] {processor.py:161} INFO - Started process (PID=159958) to work on /home/growlt245/.local/lib/python3.10/site-packages/airflow/example_dags/example_python_operator.py
[2024-07-19T09:06:25.584+0530] {processor.py:830} INFO - Processing file /home/growlt245/.local/lib/python3.10/site-packages/airflow/example_dags/example_python_operator.py for tasks to queue
[2024-07-19T09:06:25.586+0530] {logging_mixin.py:188} INFO - [2024-07-19T09:06:25.586+0530] {dagbag.py:545} INFO - Filling up the DagBag from /home/growlt245/.local/lib/python3.10/site-packages/airflow/example_dags/example_python_operator.py
[2024-07-19T09:06:25.595+0530] {processor.py:840} INFO - DAG(s) 'example_python_operator' retrieved from /home/growlt245/.local/lib/python3.10/site-packages/airflow/example_dags/example_python_operator.py
[2024-07-19T09:06:25.653+0530] {logging_mixin.py:188} INFO - [2024-07-19T09:06:25.653+0530] {dag.py:3089} INFO - Sync 1 DAGs
[2024-07-19T09:06:25.660+0530] {logging_mixin.py:188} INFO - [2024-07-19T09:06:25.660+0530] {dag.py:3947} INFO - Setting next_dagrun for example_python_operator to None, run_after=None
[2024-07-19T09:06:25.676+0530] {processor.py:183} INFO - Processing /home/growlt245/.local/lib/python3.10/site-packages/airflow/example_dags/example_python_operator.py took 0.098 seconds
[2024-07-19T09:09:42.897+0530] {processor.py:161} INFO - Started process (PID=161424) to work on /home/growlt245/.local/lib/python3.10/site-packages/airflow/example_dags/example_python_operator.py
[2024-07-19T09:09:42.898+0530] {processor.py:830} INFO - Processing file /home/growlt245/.local/lib/python3.10/site-packages/airflow/example_dags/example_python_operator.py for tasks to queue
[2024-07-19T09:09:42.899+0530] {logging_mixin.py:188} INFO - [2024-07-19T09:09:42.899+0530] {dagbag.py:545} INFO - Filling up the DagBag from /home/growlt245/.local/lib/python3.10/site-packages/airflow/example_dags/example_python_operator.py
[2024-07-19T09:09:42.906+0530] {processor.py:840} INFO - DAG(s) 'example_python_operator' retrieved from /home/growlt245/.local/lib/python3.10/site-packages/airflow/example_dags/example_python_operator.py
[2024-07-19T09:09:42.958+0530] {logging_mixin.py:188} INFO - [2024-07-19T09:09:42.957+0530] {dag.py:3089} INFO - Sync 1 DAGs
[2024-07-19T09:09:42.963+0530] {logging_mixin.py:188} INFO - [2024-07-19T09:09:42.962+0530] {dag.py:3947} INFO - Setting next_dagrun for example_python_operator to None, run_after=None
[2024-07-19T09:09:42.973+0530] {processor.py:183} INFO - Processing /home/growlt245/.local/lib/python3.10/site-packages/airflow/example_dags/example_python_operator.py took 0.080 seconds
[2024-07-19T09:15:52.821+0530] {processor.py:161} INFO - Started process (PID=164352) to work on /home/growlt245/.local/lib/python3.10/site-packages/airflow/example_dags/example_python_operator.py
[2024-07-19T09:15:52.824+0530] {processor.py:830} INFO - Processing file /home/growlt245/.local/lib/python3.10/site-packages/airflow/example_dags/example_python_operator.py for tasks to queue
[2024-07-19T09:15:52.826+0530] {logging_mixin.py:188} INFO - [2024-07-19T09:15:52.826+0530] {dagbag.py:545} INFO - Filling up the DagBag from /home/growlt245/.local/lib/python3.10/site-packages/airflow/example_dags/example_python_operator.py
[2024-07-19T09:15:52.834+0530] {processor.py:840} INFO - DAG(s) 'example_python_operator' retrieved from /home/growlt245/.local/lib/python3.10/site-packages/airflow/example_dags/example_python_operator.py
[2024-07-19T09:15:52.842+0530] {logging_mixin.py:188} INFO - [2024-07-19T09:15:52.842+0530] {dag.py:3089} INFO - Sync 1 DAGs
[2024-07-19T09:15:52.848+0530] {logging_mixin.py:188} INFO - [2024-07-19T09:15:52.848+0530] {dag.py:3947} INFO - Setting next_dagrun for example_python_operator to None, run_after=None
[2024-07-19T09:15:52.858+0530] {processor.py:183} INFO - Processing /home/growlt245/.local/lib/python3.10/site-packages/airflow/example_dags/example_python_operator.py took 0.043 seconds
[2024-07-19T09:16:33.240+0530] {processor.py:161} INFO - Started process (PID=164513) to work on /home/growlt245/.local/lib/python3.10/site-packages/airflow/example_dags/example_python_operator.py
[2024-07-19T09:16:33.242+0530] {processor.py:830} INFO - Processing file /home/growlt245/.local/lib/python3.10/site-packages/airflow/example_dags/example_python_operator.py for tasks to queue
[2024-07-19T09:16:33.244+0530] {logging_mixin.py:188} INFO - [2024-07-19T09:16:33.244+0530] {dagbag.py:545} INFO - Filling up the DagBag from /home/growlt245/.local/lib/python3.10/site-packages/airflow/example_dags/example_python_operator.py
[2024-07-19T09:16:33.252+0530] {processor.py:840} INFO - DAG(s) 'example_python_operator' retrieved from /home/growlt245/.local/lib/python3.10/site-packages/airflow/example_dags/example_python_operator.py
[2024-07-19T09:16:33.260+0530] {logging_mixin.py:188} INFO - [2024-07-19T09:16:33.260+0530] {dag.py:3089} INFO - Sync 1 DAGs
[2024-07-19T09:16:33.265+0530] {logging_mixin.py:188} INFO - [2024-07-19T09:16:33.265+0530] {dag.py:3947} INFO - Setting next_dagrun for example_python_operator to None, run_after=None
[2024-07-19T09:16:33.274+0530] {processor.py:183} INFO - Processing /home/growlt245/.local/lib/python3.10/site-packages/airflow/example_dags/example_python_operator.py took 0.040 seconds
[2024-07-19T09:17:05.500+0530] {processor.py:161} INFO - Started process (PID=165170) to work on /home/growlt245/.local/lib/python3.10/site-packages/airflow/example_dags/example_python_operator.py
[2024-07-19T09:17:05.503+0530] {processor.py:830} INFO - Processing file /home/growlt245/.local/lib/python3.10/site-packages/airflow/example_dags/example_python_operator.py for tasks to queue
[2024-07-19T09:17:05.504+0530] {logging_mixin.py:188} INFO - [2024-07-19T09:17:05.504+0530] {dagbag.py:545} INFO - Filling up the DagBag from /home/growlt245/.local/lib/python3.10/site-packages/airflow/example_dags/example_python_operator.py
[2024-07-19T09:17:05.510+0530] {processor.py:840} INFO - DAG(s) 'example_python_operator' retrieved from /home/growlt245/.local/lib/python3.10/site-packages/airflow/example_dags/example_python_operator.py
[2024-07-19T09:17:05.520+0530] {logging_mixin.py:188} INFO - [2024-07-19T09:17:05.520+0530] {dag.py:3089} INFO - Sync 1 DAGs
[2024-07-19T09:17:05.525+0530] {logging_mixin.py:188} INFO - [2024-07-19T09:17:05.525+0530] {dag.py:3947} INFO - Setting next_dagrun for example_python_operator to None, run_after=None
[2024-07-19T09:17:05.536+0530] {processor.py:183} INFO - Processing /home/growlt245/.local/lib/python3.10/site-packages/airflow/example_dags/example_python_operator.py took 0.040 seconds
[2024-07-19T09:17:38.668+0530] {processor.py:161} INFO - Started process (PID=165323) to work on /home/growlt245/.local/lib/python3.10/site-packages/airflow/example_dags/example_python_operator.py
[2024-07-19T09:17:38.670+0530] {processor.py:830} INFO - Processing file /home/growlt245/.local/lib/python3.10/site-packages/airflow/example_dags/example_python_operator.py for tasks to queue
[2024-07-19T09:17:38.671+0530] {logging_mixin.py:188} INFO - [2024-07-19T09:17:38.671+0530] {dagbag.py:545} INFO - Filling up the DagBag from /home/growlt245/.local/lib/python3.10/site-packages/airflow/example_dags/example_python_operator.py
[2024-07-19T09:17:38.677+0530] {processor.py:840} INFO - DAG(s) 'example_python_operator' retrieved from /home/growlt245/.local/lib/python3.10/site-packages/airflow/example_dags/example_python_operator.py
[2024-07-19T09:17:38.686+0530] {logging_mixin.py:188} INFO - [2024-07-19T09:17:38.686+0530] {dag.py:3089} INFO - Sync 1 DAGs
[2024-07-19T09:17:38.691+0530] {logging_mixin.py:188} INFO - [2024-07-19T09:17:38.691+0530] {dag.py:3947} INFO - Setting next_dagrun for example_python_operator to None, run_after=None
[2024-07-19T09:17:38.704+0530] {processor.py:183} INFO - Processing /home/growlt245/.local/lib/python3.10/site-packages/airflow/example_dags/example_python_operator.py took 0.040 seconds
[2024-07-19T09:18:13.917+0530] {processor.py:161} INFO - Started process (PID=165462) to work on /home/growlt245/.local/lib/python3.10/site-packages/airflow/example_dags/example_python_operator.py
[2024-07-19T09:18:13.920+0530] {processor.py:830} INFO - Processing file /home/growlt245/.local/lib/python3.10/site-packages/airflow/example_dags/example_python_operator.py for tasks to queue
[2024-07-19T09:18:13.921+0530] {logging_mixin.py:188} INFO - [2024-07-19T09:18:13.921+0530] {dagbag.py:545} INFO - Filling up the DagBag from /home/growlt245/.local/lib/python3.10/site-packages/airflow/example_dags/example_python_operator.py
[2024-07-19T09:18:13.930+0530] {processor.py:840} INFO - DAG(s) 'example_python_operator' retrieved from /home/growlt245/.local/lib/python3.10/site-packages/airflow/example_dags/example_python_operator.py
[2024-07-19T09:18:13.940+0530] {logging_mixin.py:188} INFO - [2024-07-19T09:18:13.940+0530] {dag.py:3089} INFO - Sync 1 DAGs
[2024-07-19T09:18:13.946+0530] {logging_mixin.py:188} INFO - [2024-07-19T09:18:13.946+0530] {dag.py:3947} INFO - Setting next_dagrun for example_python_operator to None, run_after=None
[2024-07-19T09:18:13.958+0530] {processor.py:183} INFO - Processing /home/growlt245/.local/lib/python3.10/site-packages/airflow/example_dags/example_python_operator.py took 0.046 seconds
[2024-07-19T09:18:52.287+0530] {processor.py:161} INFO - Started process (PID=166288) to work on /home/growlt245/.local/lib/python3.10/site-packages/airflow/example_dags/example_python_operator.py
[2024-07-19T09:18:52.290+0530] {processor.py:830} INFO - Processing file /home/growlt245/.local/lib/python3.10/site-packages/airflow/example_dags/example_python_operator.py for tasks to queue
[2024-07-19T09:18:52.291+0530] {logging_mixin.py:188} INFO - [2024-07-19T09:18:52.291+0530] {dagbag.py:545} INFO - Filling up the DagBag from /home/growlt245/.local/lib/python3.10/site-packages/airflow/example_dags/example_python_operator.py
[2024-07-19T09:18:52.298+0530] {processor.py:840} INFO - DAG(s) 'example_python_operator' retrieved from /home/growlt245/.local/lib/python3.10/site-packages/airflow/example_dags/example_python_operator.py
[2024-07-19T09:18:52.306+0530] {logging_mixin.py:188} INFO - [2024-07-19T09:18:52.306+0530] {dag.py:3089} INFO - Sync 1 DAGs
[2024-07-19T09:18:52.311+0530] {logging_mixin.py:188} INFO - [2024-07-19T09:18:52.311+0530] {dag.py:3947} INFO - Setting next_dagrun for example_python_operator to None, run_after=None
[2024-07-19T09:18:52.320+0530] {processor.py:183} INFO - Processing /home/growlt245/.local/lib/python3.10/site-packages/airflow/example_dags/example_python_operator.py took 0.037 seconds
[2024-07-19T09:19:25.619+0530] {processor.py:161} INFO - Started process (PID=166455) to work on /home/growlt245/.local/lib/python3.10/site-packages/airflow/example_dags/example_python_operator.py
[2024-07-19T09:19:25.621+0530] {processor.py:830} INFO - Processing file /home/growlt245/.local/lib/python3.10/site-packages/airflow/example_dags/example_python_operator.py for tasks to queue
[2024-07-19T09:19:25.622+0530] {logging_mixin.py:188} INFO - [2024-07-19T09:19:25.622+0530] {dagbag.py:545} INFO - Filling up the DagBag from /home/growlt245/.local/lib/python3.10/site-packages/airflow/example_dags/example_python_operator.py
[2024-07-19T09:19:25.628+0530] {processor.py:840} INFO - DAG(s) 'example_python_operator' retrieved from /home/growlt245/.local/lib/python3.10/site-packages/airflow/example_dags/example_python_operator.py
[2024-07-19T09:19:25.636+0530] {logging_mixin.py:188} INFO - [2024-07-19T09:19:25.636+0530] {dag.py:3089} INFO - Sync 1 DAGs
[2024-07-19T09:19:25.642+0530] {logging_mixin.py:188} INFO - [2024-07-19T09:19:25.642+0530] {dag.py:3947} INFO - Setting next_dagrun for example_python_operator to None, run_after=None
[2024-07-19T09:19:25.652+0530] {processor.py:183} INFO - Processing /home/growlt245/.local/lib/python3.10/site-packages/airflow/example_dags/example_python_operator.py took 0.036 seconds
[2024-07-19T09:20:09.908+0530] {processor.py:161} INFO - Started process (PID=166678) to work on /home/growlt245/.local/lib/python3.10/site-packages/airflow/example_dags/example_python_operator.py
[2024-07-19T09:20:09.910+0530] {processor.py:830} INFO - Processing file /home/growlt245/.local/lib/python3.10/site-packages/airflow/example_dags/example_python_operator.py for tasks to queue
[2024-07-19T09:20:09.911+0530] {logging_mixin.py:188} INFO - [2024-07-19T09:20:09.911+0530] {dagbag.py:545} INFO - Filling up the DagBag from /home/growlt245/.local/lib/python3.10/site-packages/airflow/example_dags/example_python_operator.py
[2024-07-19T09:20:09.918+0530] {processor.py:840} INFO - DAG(s) 'example_python_operator' retrieved from /home/growlt245/.local/lib/python3.10/site-packages/airflow/example_dags/example_python_operator.py
[2024-07-19T09:20:09.933+0530] {logging_mixin.py:188} INFO - [2024-07-19T09:20:09.933+0530] {dag.py:3089} INFO - Sync 1 DAGs
[2024-07-19T09:20:09.938+0530] {logging_mixin.py:188} INFO - [2024-07-19T09:20:09.938+0530] {dag.py:3947} INFO - Setting next_dagrun for example_python_operator to None, run_after=None
[2024-07-19T09:20:09.947+0530] {processor.py:183} INFO - Processing /home/growlt245/.local/lib/python3.10/site-packages/airflow/example_dags/example_python_operator.py took 0.045 seconds
[2024-07-19T09:20:53.278+0530] {processor.py:161} INFO - Started process (PID=167044) to work on /home/growlt245/.local/lib/python3.10/site-packages/airflow/example_dags/example_python_operator.py
[2024-07-19T09:20:53.280+0530] {processor.py:830} INFO - Processing file /home/growlt245/.local/lib/python3.10/site-packages/airflow/example_dags/example_python_operator.py for tasks to queue
[2024-07-19T09:20:53.281+0530] {logging_mixin.py:188} INFO - [2024-07-19T09:20:53.281+0530] {dagbag.py:545} INFO - Filling up the DagBag from /home/growlt245/.local/lib/python3.10/site-packages/airflow/example_dags/example_python_operator.py
[2024-07-19T09:20:53.290+0530] {processor.py:840} INFO - DAG(s) 'example_python_operator' retrieved from /home/growlt245/.local/lib/python3.10/site-packages/airflow/example_dags/example_python_operator.py
[2024-07-19T09:20:53.299+0530] {logging_mixin.py:188} INFO - [2024-07-19T09:20:53.299+0530] {dag.py:3089} INFO - Sync 1 DAGs
[2024-07-19T09:20:53.304+0530] {logging_mixin.py:188} INFO - [2024-07-19T09:20:53.304+0530] {dag.py:3947} INFO - Setting next_dagrun for example_python_operator to None, run_after=None
[2024-07-19T09:20:53.313+0530] {processor.py:183} INFO - Processing /home/growlt245/.local/lib/python3.10/site-packages/airflow/example_dags/example_python_operator.py took 0.039 seconds
[2024-07-19T09:21:25.452+0530] {processor.py:161} INFO - Started process (PID=167250) to work on /home/growlt245/.local/lib/python3.10/site-packages/airflow/example_dags/example_python_operator.py
[2024-07-19T09:21:25.455+0530] {processor.py:830} INFO - Processing file /home/growlt245/.local/lib/python3.10/site-packages/airflow/example_dags/example_python_operator.py for tasks to queue
[2024-07-19T09:21:25.456+0530] {logging_mixin.py:188} INFO - [2024-07-19T09:21:25.455+0530] {dagbag.py:545} INFO - Filling up the DagBag from /home/growlt245/.local/lib/python3.10/site-packages/airflow/example_dags/example_python_operator.py
[2024-07-19T09:21:25.461+0530] {processor.py:840} INFO - DAG(s) 'example_python_operator' retrieved from /home/growlt245/.local/lib/python3.10/site-packages/airflow/example_dags/example_python_operator.py
[2024-07-19T09:21:25.476+0530] {logging_mixin.py:188} INFO - [2024-07-19T09:21:25.476+0530] {dag.py:3089} INFO - Sync 1 DAGs
[2024-07-19T09:21:25.487+0530] {logging_mixin.py:188} INFO - [2024-07-19T09:21:25.487+0530] {dag.py:3947} INFO - Setting next_dagrun for example_python_operator to None, run_after=None
[2024-07-19T09:21:25.501+0530] {processor.py:183} INFO - Processing /home/growlt245/.local/lib/python3.10/site-packages/airflow/example_dags/example_python_operator.py took 0.052 seconds
[2024-07-19T09:22:00.672+0530] {processor.py:161} INFO - Started process (PID=167523) to work on /home/growlt245/.local/lib/python3.10/site-packages/airflow/example_dags/example_python_operator.py
[2024-07-19T09:22:00.674+0530] {processor.py:830} INFO - Processing file /home/growlt245/.local/lib/python3.10/site-packages/airflow/example_dags/example_python_operator.py for tasks to queue
[2024-07-19T09:22:00.676+0530] {logging_mixin.py:188} INFO - [2024-07-19T09:22:00.676+0530] {dagbag.py:545} INFO - Filling up the DagBag from /home/growlt245/.local/lib/python3.10/site-packages/airflow/example_dags/example_python_operator.py
[2024-07-19T09:22:00.681+0530] {processor.py:840} INFO - DAG(s) 'example_python_operator' retrieved from /home/growlt245/.local/lib/python3.10/site-packages/airflow/example_dags/example_python_operator.py
[2024-07-19T09:22:00.691+0530] {logging_mixin.py:188} INFO - [2024-07-19T09:22:00.690+0530] {dag.py:3089} INFO - Sync 1 DAGs
[2024-07-19T09:22:00.697+0530] {logging_mixin.py:188} INFO - [2024-07-19T09:22:00.697+0530] {dag.py:3947} INFO - Setting next_dagrun for example_python_operator to None, run_after=None
[2024-07-19T09:22:00.707+0530] {processor.py:183} INFO - Processing /home/growlt245/.local/lib/python3.10/site-packages/airflow/example_dags/example_python_operator.py took 0.038 seconds
[2024-07-19T09:22:37.042+0530] {processor.py:161} INFO - Started process (PID=167766) to work on /home/growlt245/.local/lib/python3.10/site-packages/airflow/example_dags/example_python_operator.py
[2024-07-19T09:22:37.045+0530] {processor.py:830} INFO - Processing file /home/growlt245/.local/lib/python3.10/site-packages/airflow/example_dags/example_python_operator.py for tasks to queue
[2024-07-19T09:22:37.046+0530] {logging_mixin.py:188} INFO - [2024-07-19T09:22:37.046+0530] {dagbag.py:545} INFO - Filling up the DagBag from /home/growlt245/.local/lib/python3.10/site-packages/airflow/example_dags/example_python_operator.py
[2024-07-19T09:22:37.052+0530] {processor.py:840} INFO - DAG(s) 'example_python_operator' retrieved from /home/growlt245/.local/lib/python3.10/site-packages/airflow/example_dags/example_python_operator.py
[2024-07-19T09:22:37.063+0530] {logging_mixin.py:188} INFO - [2024-07-19T09:22:37.063+0530] {dag.py:3089} INFO - Sync 1 DAGs
[2024-07-19T09:22:37.069+0530] {logging_mixin.py:188} INFO - [2024-07-19T09:22:37.069+0530] {dag.py:3947} INFO - Setting next_dagrun for example_python_operator to None, run_after=None
[2024-07-19T09:22:37.082+0530] {processor.py:183} INFO - Processing /home/growlt245/.local/lib/python3.10/site-packages/airflow/example_dags/example_python_operator.py took 0.044 seconds
[2024-07-19T09:23:10.041+0530] {processor.py:161} INFO - Started process (PID=168012) to work on /home/growlt245/.local/lib/python3.10/site-packages/airflow/example_dags/example_python_operator.py
[2024-07-19T09:23:10.044+0530] {processor.py:830} INFO - Processing file /home/growlt245/.local/lib/python3.10/site-packages/airflow/example_dags/example_python_operator.py for tasks to queue
[2024-07-19T09:23:10.046+0530] {logging_mixin.py:188} INFO - [2024-07-19T09:23:10.045+0530] {dagbag.py:545} INFO - Filling up the DagBag from /home/growlt245/.local/lib/python3.10/site-packages/airflow/example_dags/example_python_operator.py
[2024-07-19T09:23:10.054+0530] {processor.py:840} INFO - DAG(s) 'example_python_operator' retrieved from /home/growlt245/.local/lib/python3.10/site-packages/airflow/example_dags/example_python_operator.py
[2024-07-19T09:23:10.063+0530] {logging_mixin.py:188} INFO - [2024-07-19T09:23:10.063+0530] {dag.py:3089} INFO - Sync 1 DAGs
[2024-07-19T09:23:10.068+0530] {logging_mixin.py:188} INFO - [2024-07-19T09:23:10.068+0530] {dag.py:3947} INFO - Setting next_dagrun for example_python_operator to None, run_after=None
[2024-07-19T09:23:10.078+0530] {processor.py:183} INFO - Processing /home/growlt245/.local/lib/python3.10/site-packages/airflow/example_dags/example_python_operator.py took 0.043 seconds
[2024-07-19T09:23:54.656+0530] {processor.py:161} INFO - Started process (PID=168166) to work on /home/growlt245/.local/lib/python3.10/site-packages/airflow/example_dags/example_python_operator.py
[2024-07-19T09:23:54.659+0530] {processor.py:830} INFO - Processing file /home/growlt245/.local/lib/python3.10/site-packages/airflow/example_dags/example_python_operator.py for tasks to queue
[2024-07-19T09:23:54.661+0530] {logging_mixin.py:188} INFO - [2024-07-19T09:23:54.660+0530] {dagbag.py:545} INFO - Filling up the DagBag from /home/growlt245/.local/lib/python3.10/site-packages/airflow/example_dags/example_python_operator.py
[2024-07-19T09:23:54.669+0530] {processor.py:840} INFO - DAG(s) 'example_python_operator' retrieved from /home/growlt245/.local/lib/python3.10/site-packages/airflow/example_dags/example_python_operator.py
[2024-07-19T09:23:54.678+0530] {logging_mixin.py:188} INFO - [2024-07-19T09:23:54.678+0530] {dag.py:3089} INFO - Sync 1 DAGs
[2024-07-19T09:23:54.683+0530] {logging_mixin.py:188} INFO - [2024-07-19T09:23:54.683+0530] {dag.py:3947} INFO - Setting next_dagrun for example_python_operator to None, run_after=None
[2024-07-19T09:23:54.693+0530] {processor.py:183} INFO - Processing /home/growlt245/.local/lib/python3.10/site-packages/airflow/example_dags/example_python_operator.py took 0.042 seconds
[2024-07-19T09:24:39.284+0530] {processor.py:161} INFO - Started process (PID=168394) to work on /home/growlt245/.local/lib/python3.10/site-packages/airflow/example_dags/example_python_operator.py
[2024-07-19T09:24:39.285+0530] {processor.py:830} INFO - Processing file /home/growlt245/.local/lib/python3.10/site-packages/airflow/example_dags/example_python_operator.py for tasks to queue
[2024-07-19T09:24:39.286+0530] {logging_mixin.py:188} INFO - [2024-07-19T09:24:39.286+0530] {dagbag.py:545} INFO - Filling up the DagBag from /home/growlt245/.local/lib/python3.10/site-packages/airflow/example_dags/example_python_operator.py
[2024-07-19T09:24:39.292+0530] {processor.py:840} INFO - DAG(s) 'example_python_operator' retrieved from /home/growlt245/.local/lib/python3.10/site-packages/airflow/example_dags/example_python_operator.py
[2024-07-19T09:24:39.300+0530] {logging_mixin.py:188} INFO - [2024-07-19T09:24:39.300+0530] {dag.py:3089} INFO - Sync 1 DAGs
[2024-07-19T09:24:39.305+0530] {logging_mixin.py:188} INFO - [2024-07-19T09:24:39.305+0530] {dag.py:3947} INFO - Setting next_dagrun for example_python_operator to None, run_after=None
[2024-07-19T09:24:39.314+0530] {processor.py:183} INFO - Processing /home/growlt245/.local/lib/python3.10/site-packages/airflow/example_dags/example_python_operator.py took 0.035 seconds
[2024-07-19T09:25:11.442+0530] {processor.py:161} INFO - Started process (PID=168540) to work on /home/growlt245/.local/lib/python3.10/site-packages/airflow/example_dags/example_python_operator.py
[2024-07-19T09:25:11.444+0530] {processor.py:830} INFO - Processing file /home/growlt245/.local/lib/python3.10/site-packages/airflow/example_dags/example_python_operator.py for tasks to queue
[2024-07-19T09:25:11.446+0530] {logging_mixin.py:188} INFO - [2024-07-19T09:25:11.445+0530] {dagbag.py:545} INFO - Filling up the DagBag from /home/growlt245/.local/lib/python3.10/site-packages/airflow/example_dags/example_python_operator.py
[2024-07-19T09:25:11.452+0530] {processor.py:840} INFO - DAG(s) 'example_python_operator' retrieved from /home/growlt245/.local/lib/python3.10/site-packages/airflow/example_dags/example_python_operator.py
[2024-07-19T09:25:11.460+0530] {logging_mixin.py:188} INFO - [2024-07-19T09:25:11.460+0530] {dag.py:3089} INFO - Sync 1 DAGs
[2024-07-19T09:25:11.465+0530] {logging_mixin.py:188} INFO - [2024-07-19T09:25:11.465+0530] {dag.py:3947} INFO - Setting next_dagrun for example_python_operator to None, run_after=None
[2024-07-19T09:25:11.474+0530] {processor.py:183} INFO - Processing /home/growlt245/.local/lib/python3.10/site-packages/airflow/example_dags/example_python_operator.py took 0.036 seconds
[2024-07-19T09:25:45.436+0530] {processor.py:161} INFO - Started process (PID=168866) to work on /home/growlt245/.local/lib/python3.10/site-packages/airflow/example_dags/example_python_operator.py
[2024-07-19T09:25:45.438+0530] {processor.py:830} INFO - Processing file /home/growlt245/.local/lib/python3.10/site-packages/airflow/example_dags/example_python_operator.py for tasks to queue
[2024-07-19T09:25:45.439+0530] {logging_mixin.py:188} INFO - [2024-07-19T09:25:45.439+0530] {dagbag.py:545} INFO - Filling up the DagBag from /home/growlt245/.local/lib/python3.10/site-packages/airflow/example_dags/example_python_operator.py
[2024-07-19T09:25:45.447+0530] {processor.py:840} INFO - DAG(s) 'example_python_operator' retrieved from /home/growlt245/.local/lib/python3.10/site-packages/airflow/example_dags/example_python_operator.py
[2024-07-19T09:25:45.457+0530] {logging_mixin.py:188} INFO - [2024-07-19T09:25:45.456+0530] {dag.py:3089} INFO - Sync 1 DAGs
[2024-07-19T09:25:45.462+0530] {logging_mixin.py:188} INFO - [2024-07-19T09:25:45.462+0530] {dag.py:3947} INFO - Setting next_dagrun for example_python_operator to None, run_after=None
[2024-07-19T09:25:45.471+0530] {processor.py:183} INFO - Processing /home/growlt245/.local/lib/python3.10/site-packages/airflow/example_dags/example_python_operator.py took 0.038 seconds
[2024-07-19T09:26:17.596+0530] {processor.py:161} INFO - Started process (PID=168955) to work on /home/growlt245/.local/lib/python3.10/site-packages/airflow/example_dags/example_python_operator.py
[2024-07-19T09:26:17.598+0530] {processor.py:830} INFO - Processing file /home/growlt245/.local/lib/python3.10/site-packages/airflow/example_dags/example_python_operator.py for tasks to queue
[2024-07-19T09:26:17.600+0530] {logging_mixin.py:188} INFO - [2024-07-19T09:26:17.600+0530] {dagbag.py:545} INFO - Filling up the DagBag from /home/growlt245/.local/lib/python3.10/site-packages/airflow/example_dags/example_python_operator.py
[2024-07-19T09:26:17.614+0530] {processor.py:840} INFO - DAG(s) 'example_python_operator' retrieved from /home/growlt245/.local/lib/python3.10/site-packages/airflow/example_dags/example_python_operator.py
[2024-07-19T09:26:17.628+0530] {logging_mixin.py:188} INFO - [2024-07-19T09:26:17.628+0530] {dag.py:3089} INFO - Sync 1 DAGs
[2024-07-19T09:26:17.634+0530] {logging_mixin.py:188} INFO - [2024-07-19T09:26:17.634+0530] {dag.py:3947} INFO - Setting next_dagrun for example_python_operator to None, run_after=None
[2024-07-19T09:26:17.644+0530] {processor.py:183} INFO - Processing /home/growlt245/.local/lib/python3.10/site-packages/airflow/example_dags/example_python_operator.py took 0.053 seconds
[2024-07-19T09:26:48.246+0530] {processor.py:161} INFO - Started process (PID=169183) to work on /home/growlt245/.local/lib/python3.10/site-packages/airflow/example_dags/example_python_operator.py
[2024-07-19T09:26:48.248+0530] {processor.py:830} INFO - Processing file /home/growlt245/.local/lib/python3.10/site-packages/airflow/example_dags/example_python_operator.py for tasks to queue
[2024-07-19T09:26:48.249+0530] {logging_mixin.py:188} INFO - [2024-07-19T09:26:48.249+0530] {dagbag.py:545} INFO - Filling up the DagBag from /home/growlt245/.local/lib/python3.10/site-packages/airflow/example_dags/example_python_operator.py
[2024-07-19T09:26:48.255+0530] {processor.py:840} INFO - DAG(s) 'example_python_operator' retrieved from /home/growlt245/.local/lib/python3.10/site-packages/airflow/example_dags/example_python_operator.py
[2024-07-19T09:26:48.264+0530] {logging_mixin.py:188} INFO - [2024-07-19T09:26:48.264+0530] {dag.py:3089} INFO - Sync 1 DAGs
[2024-07-19T09:26:48.269+0530] {logging_mixin.py:188} INFO - [2024-07-19T09:26:48.269+0530] {dag.py:3947} INFO - Setting next_dagrun for example_python_operator to None, run_after=None
[2024-07-19T09:26:48.278+0530] {processor.py:183} INFO - Processing /home/growlt245/.local/lib/python3.10/site-packages/airflow/example_dags/example_python_operator.py took 0.036 seconds
[2024-07-19T09:27:33.485+0530] {processor.py:161} INFO - Started process (PID=169336) to work on /home/growlt245/.local/lib/python3.10/site-packages/airflow/example_dags/example_python_operator.py
[2024-07-19T09:27:33.488+0530] {processor.py:830} INFO - Processing file /home/growlt245/.local/lib/python3.10/site-packages/airflow/example_dags/example_python_operator.py for tasks to queue
[2024-07-19T09:27:33.489+0530] {logging_mixin.py:188} INFO - [2024-07-19T09:27:33.489+0530] {dagbag.py:545} INFO - Filling up the DagBag from /home/growlt245/.local/lib/python3.10/site-packages/airflow/example_dags/example_python_operator.py
[2024-07-19T09:27:33.495+0530] {processor.py:840} INFO - DAG(s) 'example_python_operator' retrieved from /home/growlt245/.local/lib/python3.10/site-packages/airflow/example_dags/example_python_operator.py
[2024-07-19T09:27:33.503+0530] {logging_mixin.py:188} INFO - [2024-07-19T09:27:33.503+0530] {dag.py:3089} INFO - Sync 1 DAGs
[2024-07-19T09:27:33.509+0530] {logging_mixin.py:188} INFO - [2024-07-19T09:27:33.508+0530] {dag.py:3947} INFO - Setting next_dagrun for example_python_operator to None, run_after=None
[2024-07-19T09:27:33.517+0530] {processor.py:183} INFO - Processing /home/growlt245/.local/lib/python3.10/site-packages/airflow/example_dags/example_python_operator.py took 0.036 seconds
[2024-07-19T09:28:06.630+0530] {processor.py:161} INFO - Started process (PID=169578) to work on /home/growlt245/.local/lib/python3.10/site-packages/airflow/example_dags/example_python_operator.py
[2024-07-19T09:28:06.633+0530] {processor.py:830} INFO - Processing file /home/growlt245/.local/lib/python3.10/site-packages/airflow/example_dags/example_python_operator.py for tasks to queue
[2024-07-19T09:28:06.634+0530] {logging_mixin.py:188} INFO - [2024-07-19T09:28:06.634+0530] {dagbag.py:545} INFO - Filling up the DagBag from /home/growlt245/.local/lib/python3.10/site-packages/airflow/example_dags/example_python_operator.py
[2024-07-19T09:28:06.640+0530] {processor.py:840} INFO - DAG(s) 'example_python_operator' retrieved from /home/growlt245/.local/lib/python3.10/site-packages/airflow/example_dags/example_python_operator.py
[2024-07-19T09:28:06.649+0530] {logging_mixin.py:188} INFO - [2024-07-19T09:28:06.648+0530] {dag.py:3089} INFO - Sync 1 DAGs
[2024-07-19T09:28:06.654+0530] {logging_mixin.py:188} INFO - [2024-07-19T09:28:06.654+0530] {dag.py:3947} INFO - Setting next_dagrun for example_python_operator to None, run_after=None
[2024-07-19T09:28:06.663+0530] {processor.py:183} INFO - Processing /home/growlt245/.local/lib/python3.10/site-packages/airflow/example_dags/example_python_operator.py took 0.037 seconds
