[2024-07-19T08:59:07.486+0530] {processor.py:161} INFO - Started process (PID=156439) to work on /home/growlt245/.local/lib/python3.10/site-packages/airflow/example_dags/example_complex.py
[2024-07-19T08:59:07.486+0530] {processor.py:830} INFO - Processing file /home/growlt245/.local/lib/python3.10/site-packages/airflow/example_dags/example_complex.py for tasks to queue
[2024-07-19T08:59:07.487+0530] {logging_mixin.py:188} INFO - [2024-07-19T08:59:07.487+0530] {dagbag.py:545} INFO - Filling up the DagBag from /home/growlt245/.local/lib/python3.10/site-packages/airflow/example_dags/example_complex.py
[2024-07-19T08:59:07.498+0530] {processor.py:840} INFO - DAG(s) 'example_complex' retrieved from /home/growlt245/.local/lib/python3.10/site-packages/airflow/example_dags/example_complex.py
[2024-07-19T08:59:07.510+0530] {logging_mixin.py:188} INFO - [2024-07-19T08:59:07.510+0530] {dag.py:3089} INFO - Sync 1 DAGs
[2024-07-19T08:59:07.516+0530] {logging_mixin.py:188} INFO - [2024-07-19T08:59:07.516+0530] {dag.py:3947} INFO - Setting next_dagrun for example_complex to None, run_after=None
[2024-07-19T08:59:07.526+0530] {processor.py:183} INFO - Processing /home/growlt245/.local/lib/python3.10/site-packages/airflow/example_dags/example_complex.py took 0.045 seconds
[2024-07-19T09:15:37.165+0530] {processor.py:161} INFO - Started process (PID=164296) to work on /home/growlt245/.local/lib/python3.10/site-packages/airflow/example_dags/example_complex.py
[2024-07-19T09:15:37.168+0530] {processor.py:830} INFO - Processing file /home/growlt245/.local/lib/python3.10/site-packages/airflow/example_dags/example_complex.py for tasks to queue
[2024-07-19T09:15:37.169+0530] {logging_mixin.py:188} INFO - [2024-07-19T09:15:37.169+0530] {dagbag.py:545} INFO - Filling up the DagBag from /home/growlt245/.local/lib/python3.10/site-packages/airflow/example_dags/example_complex.py
[2024-07-19T09:15:37.177+0530] {processor.py:840} INFO - DAG(s) 'example_complex' retrieved from /home/growlt245/.local/lib/python3.10/site-packages/airflow/example_dags/example_complex.py
[2024-07-19T09:15:37.189+0530] {logging_mixin.py:188} INFO - [2024-07-19T09:15:37.189+0530] {dag.py:3089} INFO - Sync 1 DAGs
[2024-07-19T09:15:37.194+0530] {logging_mixin.py:188} INFO - [2024-07-19T09:15:37.194+0530] {dag.py:3947} INFO - Setting next_dagrun for example_complex to None, run_after=None
[2024-07-19T09:15:37.205+0530] {processor.py:183} INFO - Processing /home/growlt245/.local/lib/python3.10/site-packages/airflow/example_dags/example_complex.py took 0.045 seconds
[2024-07-19T09:16:25.227+0530] {processor.py:161} INFO - Started process (PID=164447) to work on /home/growlt245/.local/lib/python3.10/site-packages/airflow/example_dags/example_complex.py
[2024-07-19T09:16:25.228+0530] {processor.py:830} INFO - Processing file /home/growlt245/.local/lib/python3.10/site-packages/airflow/example_dags/example_complex.py for tasks to queue
[2024-07-19T09:16:25.229+0530] {logging_mixin.py:188} INFO - [2024-07-19T09:16:25.229+0530] {dagbag.py:545} INFO - Filling up the DagBag from /home/growlt245/.local/lib/python3.10/site-packages/airflow/example_dags/example_complex.py
[2024-07-19T09:16:25.237+0530] {processor.py:840} INFO - DAG(s) 'example_complex' retrieved from /home/growlt245/.local/lib/python3.10/site-packages/airflow/example_dags/example_complex.py
[2024-07-19T09:16:25.250+0530] {logging_mixin.py:188} INFO - [2024-07-19T09:16:25.250+0530] {dag.py:3089} INFO - Sync 1 DAGs
[2024-07-19T09:16:25.255+0530] {logging_mixin.py:188} INFO - [2024-07-19T09:16:25.255+0530] {dag.py:3947} INFO - Setting next_dagrun for example_complex to None, run_after=None
[2024-07-19T09:16:25.265+0530] {processor.py:183} INFO - Processing /home/growlt245/.local/lib/python3.10/site-packages/airflow/example_dags/example_complex.py took 0.041 seconds
[2024-07-19T09:17:13.495+0530] {processor.py:161} INFO - Started process (PID=165197) to work on /home/growlt245/.local/lib/python3.10/site-packages/airflow/example_dags/example_complex.py
[2024-07-19T09:17:13.498+0530] {processor.py:830} INFO - Processing file /home/growlt245/.local/lib/python3.10/site-packages/airflow/example_dags/example_complex.py for tasks to queue
[2024-07-19T09:17:13.499+0530] {logging_mixin.py:188} INFO - [2024-07-19T09:17:13.499+0530] {dagbag.py:545} INFO - Filling up the DagBag from /home/growlt245/.local/lib/python3.10/site-packages/airflow/example_dags/example_complex.py
[2024-07-19T09:17:13.505+0530] {processor.py:840} INFO - DAG(s) 'example_complex' retrieved from /home/growlt245/.local/lib/python3.10/site-packages/airflow/example_dags/example_complex.py
[2024-07-19T09:17:13.519+0530] {logging_mixin.py:188} INFO - [2024-07-19T09:17:13.519+0530] {dag.py:3089} INFO - Sync 1 DAGs
[2024-07-19T09:17:13.524+0530] {logging_mixin.py:188} INFO - [2024-07-19T09:17:13.524+0530] {dag.py:3947} INFO - Setting next_dagrun for example_complex to None, run_after=None
[2024-07-19T09:17:13.534+0530] {processor.py:183} INFO - Processing /home/growlt245/.local/lib/python3.10/site-packages/airflow/example_dags/example_complex.py took 0.042 seconds
[2024-07-19T09:18:04.874+0530] {processor.py:161} INFO - Started process (PID=165385) to work on /home/growlt245/.local/lib/python3.10/site-packages/airflow/example_dags/example_complex.py
[2024-07-19T09:18:04.876+0530] {processor.py:830} INFO - Processing file /home/growlt245/.local/lib/python3.10/site-packages/airflow/example_dags/example_complex.py for tasks to queue
[2024-07-19T09:18:04.878+0530] {logging_mixin.py:188} INFO - [2024-07-19T09:18:04.877+0530] {dagbag.py:545} INFO - Filling up the DagBag from /home/growlt245/.local/lib/python3.10/site-packages/airflow/example_dags/example_complex.py
[2024-07-19T09:18:04.886+0530] {processor.py:840} INFO - DAG(s) 'example_complex' retrieved from /home/growlt245/.local/lib/python3.10/site-packages/airflow/example_dags/example_complex.py
[2024-07-19T09:18:04.899+0530] {logging_mixin.py:188} INFO - [2024-07-19T09:18:04.899+0530] {dag.py:3089} INFO - Sync 1 DAGs
[2024-07-19T09:18:04.904+0530] {logging_mixin.py:188} INFO - [2024-07-19T09:18:04.904+0530] {dag.py:3947} INFO - Setting next_dagrun for example_complex to None, run_after=None
[2024-07-19T09:18:04.914+0530] {processor.py:183} INFO - Processing /home/growlt245/.local/lib/python3.10/site-packages/airflow/example_dags/example_complex.py took 0.043 seconds
[2024-07-19T09:19:01.335+0530] {processor.py:161} INFO - Started process (PID=166343) to work on /home/growlt245/.local/lib/python3.10/site-packages/airflow/example_dags/example_complex.py
[2024-07-19T09:19:01.337+0530] {processor.py:830} INFO - Processing file /home/growlt245/.local/lib/python3.10/site-packages/airflow/example_dags/example_complex.py for tasks to queue
[2024-07-19T09:19:01.339+0530] {logging_mixin.py:188} INFO - [2024-07-19T09:19:01.338+0530] {dagbag.py:545} INFO - Filling up the DagBag from /home/growlt245/.local/lib/python3.10/site-packages/airflow/example_dags/example_complex.py
[2024-07-19T09:19:01.345+0530] {processor.py:840} INFO - DAG(s) 'example_complex' retrieved from /home/growlt245/.local/lib/python3.10/site-packages/airflow/example_dags/example_complex.py
[2024-07-19T09:19:01.356+0530] {logging_mixin.py:188} INFO - [2024-07-19T09:19:01.356+0530] {dag.py:3089} INFO - Sync 1 DAGs
[2024-07-19T09:19:01.362+0530] {logging_mixin.py:188} INFO - [2024-07-19T09:19:01.362+0530] {dag.py:3947} INFO - Setting next_dagrun for example_complex to None, run_after=None
[2024-07-19T09:19:01.370+0530] {processor.py:183} INFO - Processing /home/growlt245/.local/lib/python3.10/site-packages/airflow/example_dags/example_complex.py took 0.038 seconds
[2024-07-19T09:19:46.790+0530] {processor.py:161} INFO - Started process (PID=166566) to work on /home/growlt245/.local/lib/python3.10/site-packages/airflow/example_dags/example_complex.py
[2024-07-19T09:19:46.792+0530] {processor.py:830} INFO - Processing file /home/growlt245/.local/lib/python3.10/site-packages/airflow/example_dags/example_complex.py for tasks to queue
[2024-07-19T09:19:46.794+0530] {logging_mixin.py:188} INFO - [2024-07-19T09:19:46.794+0530] {dagbag.py:545} INFO - Filling up the DagBag from /home/growlt245/.local/lib/python3.10/site-packages/airflow/example_dags/example_complex.py
[2024-07-19T09:19:46.803+0530] {processor.py:840} INFO - DAG(s) 'example_complex' retrieved from /home/growlt245/.local/lib/python3.10/site-packages/airflow/example_dags/example_complex.py
[2024-07-19T09:19:46.815+0530] {logging_mixin.py:188} INFO - [2024-07-19T09:19:46.815+0530] {dag.py:3089} INFO - Sync 1 DAGs
[2024-07-19T09:19:46.821+0530] {logging_mixin.py:188} INFO - [2024-07-19T09:19:46.820+0530] {dag.py:3947} INFO - Setting next_dagrun for example_complex to None, run_after=None
[2024-07-19T09:19:46.830+0530] {processor.py:183} INFO - Processing /home/growlt245/.local/lib/python3.10/site-packages/airflow/example_dags/example_complex.py took 0.047 seconds
[2024-07-19T09:20:30.050+0530] {processor.py:161} INFO - Started process (PID=166818) to work on /home/growlt245/.local/lib/python3.10/site-packages/airflow/example_dags/example_complex.py
[2024-07-19T09:20:30.052+0530] {processor.py:830} INFO - Processing file /home/growlt245/.local/lib/python3.10/site-packages/airflow/example_dags/example_complex.py for tasks to queue
[2024-07-19T09:20:30.054+0530] {logging_mixin.py:188} INFO - [2024-07-19T09:20:30.054+0530] {dagbag.py:545} INFO - Filling up the DagBag from /home/growlt245/.local/lib/python3.10/site-packages/airflow/example_dags/example_complex.py
[2024-07-19T09:20:30.064+0530] {processor.py:840} INFO - DAG(s) 'example_complex' retrieved from /home/growlt245/.local/lib/python3.10/site-packages/airflow/example_dags/example_complex.py
[2024-07-19T09:20:30.076+0530] {logging_mixin.py:188} INFO - [2024-07-19T09:20:30.076+0530] {dag.py:3089} INFO - Sync 1 DAGs
[2024-07-19T09:20:30.081+0530] {logging_mixin.py:188} INFO - [2024-07-19T09:20:30.081+0530] {dag.py:3947} INFO - Setting next_dagrun for example_complex to None, run_after=None
[2024-07-19T09:20:30.092+0530] {processor.py:183} INFO - Processing /home/growlt245/.local/lib/python3.10/site-packages/airflow/example_dags/example_complex.py took 0.047 seconds
[2024-07-19T09:21:15.382+0530] {processor.py:161} INFO - Started process (PID=167157) to work on /home/growlt245/.local/lib/python3.10/site-packages/airflow/example_dags/example_complex.py
[2024-07-19T09:21:15.385+0530] {processor.py:830} INFO - Processing file /home/growlt245/.local/lib/python3.10/site-packages/airflow/example_dags/example_complex.py for tasks to queue
[2024-07-19T09:21:15.387+0530] {logging_mixin.py:188} INFO - [2024-07-19T09:21:15.386+0530] {dagbag.py:545} INFO - Filling up the DagBag from /home/growlt245/.local/lib/python3.10/site-packages/airflow/example_dags/example_complex.py
[2024-07-19T09:21:15.394+0530] {processor.py:840} INFO - DAG(s) 'example_complex' retrieved from /home/growlt245/.local/lib/python3.10/site-packages/airflow/example_dags/example_complex.py
[2024-07-19T09:21:15.407+0530] {logging_mixin.py:188} INFO - [2024-07-19T09:21:15.407+0530] {dag.py:3089} INFO - Sync 1 DAGs
[2024-07-19T09:21:15.412+0530] {logging_mixin.py:188} INFO - [2024-07-19T09:21:15.412+0530] {dag.py:3947} INFO - Setting next_dagrun for example_complex to None, run_after=None
[2024-07-19T09:21:15.421+0530] {processor.py:183} INFO - Processing /home/growlt245/.local/lib/python3.10/site-packages/airflow/example_dags/example_complex.py took 0.043 seconds
[2024-07-19T09:22:08.834+0530] {processor.py:161} INFO - Started process (PID=167549) to work on /home/growlt245/.local/lib/python3.10/site-packages/airflow/example_dags/example_complex.py
[2024-07-19T09:22:08.837+0530] {processor.py:830} INFO - Processing file /home/growlt245/.local/lib/python3.10/site-packages/airflow/example_dags/example_complex.py for tasks to queue
[2024-07-19T09:22:08.839+0530] {logging_mixin.py:188} INFO - [2024-07-19T09:22:08.838+0530] {dagbag.py:545} INFO - Filling up the DagBag from /home/growlt245/.local/lib/python3.10/site-packages/airflow/example_dags/example_complex.py
[2024-07-19T09:22:08.846+0530] {processor.py:840} INFO - DAG(s) 'example_complex' retrieved from /home/growlt245/.local/lib/python3.10/site-packages/airflow/example_dags/example_complex.py
[2024-07-19T09:22:08.859+0530] {logging_mixin.py:188} INFO - [2024-07-19T09:22:08.859+0530] {dag.py:3089} INFO - Sync 1 DAGs
[2024-07-19T09:22:08.864+0530] {logging_mixin.py:188} INFO - [2024-07-19T09:22:08.864+0530] {dag.py:3947} INFO - Setting next_dagrun for example_complex to None, run_after=None
[2024-07-19T09:22:08.875+0530] {processor.py:183} INFO - Processing /home/growlt245/.local/lib/python3.10/site-packages/airflow/example_dags/example_complex.py took 0.044 seconds
[2024-07-19T09:23:01.033+0530] {processor.py:161} INFO - Started process (PID=167895) to work on /home/growlt245/.local/lib/python3.10/site-packages/airflow/example_dags/example_complex.py
[2024-07-19T09:23:01.036+0530] {processor.py:830} INFO - Processing file /home/growlt245/.local/lib/python3.10/site-packages/airflow/example_dags/example_complex.py for tasks to queue
[2024-07-19T09:23:01.037+0530] {logging_mixin.py:188} INFO - [2024-07-19T09:23:01.037+0530] {dagbag.py:545} INFO - Filling up the DagBag from /home/growlt245/.local/lib/python3.10/site-packages/airflow/example_dags/example_complex.py
[2024-07-19T09:23:01.043+0530] {processor.py:840} INFO - DAG(s) 'example_complex' retrieved from /home/growlt245/.local/lib/python3.10/site-packages/airflow/example_dags/example_complex.py
[2024-07-19T09:23:01.055+0530] {logging_mixin.py:188} INFO - [2024-07-19T09:23:01.055+0530] {dag.py:3089} INFO - Sync 1 DAGs
[2024-07-19T09:23:01.060+0530] {logging_mixin.py:188} INFO - [2024-07-19T09:23:01.060+0530] {dag.py:3947} INFO - Setting next_dagrun for example_complex to None, run_after=None
[2024-07-19T09:23:01.070+0530] {processor.py:183} INFO - Processing /home/growlt245/.local/lib/python3.10/site-packages/airflow/example_dags/example_complex.py took 0.041 seconds
[2024-07-19T09:23:45.608+0530] {processor.py:161} INFO - Started process (PID=168127) to work on /home/growlt245/.local/lib/python3.10/site-packages/airflow/example_dags/example_complex.py
[2024-07-19T09:23:45.609+0530] {processor.py:830} INFO - Processing file /home/growlt245/.local/lib/python3.10/site-packages/airflow/example_dags/example_complex.py for tasks to queue
[2024-07-19T09:23:45.611+0530] {logging_mixin.py:188} INFO - [2024-07-19T09:23:45.611+0530] {dagbag.py:545} INFO - Filling up the DagBag from /home/growlt245/.local/lib/python3.10/site-packages/airflow/example_dags/example_complex.py
[2024-07-19T09:23:45.620+0530] {processor.py:840} INFO - DAG(s) 'example_complex' retrieved from /home/growlt245/.local/lib/python3.10/site-packages/airflow/example_dags/example_complex.py
[2024-07-19T09:23:45.632+0530] {logging_mixin.py:188} INFO - [2024-07-19T09:23:45.631+0530] {dag.py:3089} INFO - Sync 1 DAGs
[2024-07-19T09:23:45.637+0530] {logging_mixin.py:188} INFO - [2024-07-19T09:23:45.637+0530] {dag.py:3947} INFO - Setting next_dagrun for example_complex to None, run_after=None
[2024-07-19T09:23:45.649+0530] {processor.py:183} INFO - Processing /home/growlt245/.local/lib/python3.10/site-packages/airflow/example_dags/example_complex.py took 0.047 seconds
[2024-07-19T09:24:31.820+0530] {processor.py:161} INFO - Started process (PID=168328) to work on /home/growlt245/.local/lib/python3.10/site-packages/airflow/example_dags/example_complex.py
[2024-07-19T09:24:31.822+0530] {processor.py:830} INFO - Processing file /home/growlt245/.local/lib/python3.10/site-packages/airflow/example_dags/example_complex.py for tasks to queue
[2024-07-19T09:24:31.823+0530] {logging_mixin.py:188} INFO - [2024-07-19T09:24:31.823+0530] {dagbag.py:545} INFO - Filling up the DagBag from /home/growlt245/.local/lib/python3.10/site-packages/airflow/example_dags/example_complex.py
[2024-07-19T09:24:31.829+0530] {processor.py:840} INFO - DAG(s) 'example_complex' retrieved from /home/growlt245/.local/lib/python3.10/site-packages/airflow/example_dags/example_complex.py
[2024-07-19T09:24:31.841+0530] {logging_mixin.py:188} INFO - [2024-07-19T09:24:31.841+0530] {dag.py:3089} INFO - Sync 1 DAGs
[2024-07-19T09:24:31.846+0530] {logging_mixin.py:188} INFO - [2024-07-19T09:24:31.846+0530] {dag.py:3947} INFO - Setting next_dagrun for example_complex to None, run_after=None
[2024-07-19T09:24:31.855+0530] {processor.py:183} INFO - Processing /home/growlt245/.local/lib/python3.10/site-packages/airflow/example_dags/example_complex.py took 0.039 seconds
[2024-07-19T09:25:19.406+0530] {processor.py:161} INFO - Started process (PID=168591) to work on /home/growlt245/.local/lib/python3.10/site-packages/airflow/example_dags/example_complex.py
[2024-07-19T09:25:19.409+0530] {processor.py:830} INFO - Processing file /home/growlt245/.local/lib/python3.10/site-packages/airflow/example_dags/example_complex.py for tasks to queue
[2024-07-19T09:25:19.411+0530] {logging_mixin.py:188} INFO - [2024-07-19T09:25:19.411+0530] {dagbag.py:545} INFO - Filling up the DagBag from /home/growlt245/.local/lib/python3.10/site-packages/airflow/example_dags/example_complex.py
[2024-07-19T09:25:19.420+0530] {processor.py:840} INFO - DAG(s) 'example_complex' retrieved from /home/growlt245/.local/lib/python3.10/site-packages/airflow/example_dags/example_complex.py
[2024-07-19T09:25:19.433+0530] {logging_mixin.py:188} INFO - [2024-07-19T09:25:19.433+0530] {dag.py:3089} INFO - Sync 1 DAGs
[2024-07-19T09:25:19.438+0530] {logging_mixin.py:188} INFO - [2024-07-19T09:25:19.438+0530] {dag.py:3947} INFO - Setting next_dagrun for example_complex to None, run_after=None
[2024-07-19T09:25:19.450+0530] {processor.py:183} INFO - Processing /home/growlt245/.local/lib/python3.10/site-packages/airflow/example_dags/example_complex.py took 0.048 seconds
[2024-07-19T09:26:09.607+0530] {processor.py:161} INFO - Started process (PID=168927) to work on /home/growlt245/.local/lib/python3.10/site-packages/airflow/example_dags/example_complex.py
[2024-07-19T09:26:09.610+0530] {processor.py:830} INFO - Processing file /home/growlt245/.local/lib/python3.10/site-packages/airflow/example_dags/example_complex.py for tasks to queue
[2024-07-19T09:26:09.613+0530] {logging_mixin.py:188} INFO - [2024-07-19T09:26:09.613+0530] {dagbag.py:545} INFO - Filling up the DagBag from /home/growlt245/.local/lib/python3.10/site-packages/airflow/example_dags/example_complex.py
[2024-07-19T09:26:09.623+0530] {processor.py:840} INFO - DAG(s) 'example_complex' retrieved from /home/growlt245/.local/lib/python3.10/site-packages/airflow/example_dags/example_complex.py
[2024-07-19T09:26:09.637+0530] {logging_mixin.py:188} INFO - [2024-07-19T09:26:09.636+0530] {dag.py:3089} INFO - Sync 1 DAGs
[2024-07-19T09:26:09.643+0530] {logging_mixin.py:188} INFO - [2024-07-19T09:26:09.643+0530] {dag.py:3947} INFO - Setting next_dagrun for example_complex to None, run_after=None
[2024-07-19T09:26:09.654+0530] {processor.py:183} INFO - Processing /home/growlt245/.local/lib/python3.10/site-packages/airflow/example_dags/example_complex.py took 0.054 seconds
[2024-07-19T09:26:55.951+0530] {processor.py:161} INFO - Started process (PID=169229) to work on /home/growlt245/.local/lib/python3.10/site-packages/airflow/example_dags/example_complex.py
[2024-07-19T09:26:55.954+0530] {processor.py:830} INFO - Processing file /home/growlt245/.local/lib/python3.10/site-packages/airflow/example_dags/example_complex.py for tasks to queue
[2024-07-19T09:26:55.957+0530] {logging_mixin.py:188} INFO - [2024-07-19T09:26:55.956+0530] {dagbag.py:545} INFO - Filling up the DagBag from /home/growlt245/.local/lib/python3.10/site-packages/airflow/example_dags/example_complex.py
[2024-07-19T09:26:55.971+0530] {processor.py:840} INFO - DAG(s) 'example_complex' retrieved from /home/growlt245/.local/lib/python3.10/site-packages/airflow/example_dags/example_complex.py
[2024-07-19T09:26:55.986+0530] {logging_mixin.py:188} INFO - [2024-07-19T09:26:55.986+0530] {dag.py:3089} INFO - Sync 1 DAGs
[2024-07-19T09:26:55.993+0530] {logging_mixin.py:188} INFO - [2024-07-19T09:26:55.993+0530] {dag.py:3947} INFO - Setting next_dagrun for example_complex to None, run_after=None
[2024-07-19T09:26:56.005+0530] {processor.py:183} INFO - Processing /home/growlt245/.local/lib/python3.10/site-packages/airflow/example_dags/example_complex.py took 0.061 seconds
[2024-07-19T09:27:42.483+0530] {processor.py:161} INFO - Started process (PID=169412) to work on /home/growlt245/.local/lib/python3.10/site-packages/airflow/example_dags/example_complex.py
[2024-07-19T09:27:42.485+0530] {processor.py:830} INFO - Processing file /home/growlt245/.local/lib/python3.10/site-packages/airflow/example_dags/example_complex.py for tasks to queue
[2024-07-19T09:27:42.487+0530] {logging_mixin.py:188} INFO - [2024-07-19T09:27:42.487+0530] {dagbag.py:545} INFO - Filling up the DagBag from /home/growlt245/.local/lib/python3.10/site-packages/airflow/example_dags/example_complex.py
[2024-07-19T09:27:42.493+0530] {processor.py:840} INFO - DAG(s) 'example_complex' retrieved from /home/growlt245/.local/lib/python3.10/site-packages/airflow/example_dags/example_complex.py
[2024-07-19T09:27:42.505+0530] {logging_mixin.py:188} INFO - [2024-07-19T09:27:42.505+0530] {dag.py:3089} INFO - Sync 1 DAGs
[2024-07-19T09:27:42.510+0530] {logging_mixin.py:188} INFO - [2024-07-19T09:27:42.510+0530] {dag.py:3947} INFO - Setting next_dagrun for example_complex to None, run_after=None
[2024-07-19T09:27:42.522+0530] {processor.py:183} INFO - Processing /home/growlt245/.local/lib/python3.10/site-packages/airflow/example_dags/example_complex.py took 0.044 seconds
[2024-07-19T09:28:28.500+0530] {processor.py:161} INFO - Started process (PID=169786) to work on /home/growlt245/.local/lib/python3.10/site-packages/airflow/example_dags/example_complex.py
[2024-07-19T09:28:28.502+0530] {processor.py:830} INFO - Processing file /home/growlt245/.local/lib/python3.10/site-packages/airflow/example_dags/example_complex.py for tasks to queue
[2024-07-19T09:28:28.504+0530] {logging_mixin.py:188} INFO - [2024-07-19T09:28:28.503+0530] {dagbag.py:545} INFO - Filling up the DagBag from /home/growlt245/.local/lib/python3.10/site-packages/airflow/example_dags/example_complex.py
[2024-07-19T09:28:28.509+0530] {processor.py:840} INFO - DAG(s) 'example_complex' retrieved from /home/growlt245/.local/lib/python3.10/site-packages/airflow/example_dags/example_complex.py
[2024-07-19T09:28:28.523+0530] {logging_mixin.py:188} INFO - [2024-07-19T09:28:28.523+0530] {dag.py:3089} INFO - Sync 1 DAGs
[2024-07-19T09:28:28.528+0530] {logging_mixin.py:188} INFO - [2024-07-19T09:28:28.528+0530] {dag.py:3947} INFO - Setting next_dagrun for example_complex to None, run_after=None
[2024-07-19T09:28:28.538+0530] {processor.py:183} INFO - Processing /home/growlt245/.local/lib/python3.10/site-packages/airflow/example_dags/example_complex.py took 0.041 seconds
