[2024-07-19T08:55:20.548+0530] {processor.py:161} INFO - Started process (PID=154867) to work on /home/growlt245/.local/lib/python3.10/site-packages/airflow/example_dags/example_task_group_decorator.py
[2024-07-19T08:55:20.549+0530] {processor.py:830} INFO - Processing file /home/growlt245/.local/lib/python3.10/site-packages/airflow/example_dags/example_task_group_decorator.py for tasks to queue
[2024-07-19T08:55:20.550+0530] {logging_mixin.py:188} INFO - [2024-07-19T08:55:20.550+0530] {dagbag.py:545} INFO - Filling up the DagBag from /home/growlt245/.local/lib/python3.10/site-packages/airflow/example_dags/example_task_group_decorator.py
[2024-07-19T08:55:20.559+0530] {processor.py:840} INFO - DAG(s) 'example_task_group_decorator' retrieved from /home/growlt245/.local/lib/python3.10/site-packages/airflow/example_dags/example_task_group_decorator.py
[2024-07-19T08:55:20.570+0530] {logging_mixin.py:188} INFO - [2024-07-19T08:55:20.570+0530] {dag.py:3089} INFO - Sync 1 DAGs
[2024-07-19T08:55:20.579+0530] {logging_mixin.py:188} INFO - [2024-07-19T08:55:20.579+0530] {dag.py:3947} INFO - Setting next_dagrun for example_task_group_decorator to 2024-07-18 00:00:00+00:00, run_after=2024-07-19 00:00:00+00:00
[2024-07-19T08:55:20.590+0530] {processor.py:183} INFO - Processing /home/growlt245/.local/lib/python3.10/site-packages/airflow/example_dags/example_task_group_decorator.py took 0.044 seconds
[2024-07-19T09:01:56.327+0530] {processor.py:161} INFO - Started process (PID=157624) to work on /home/growlt245/.local/lib/python3.10/site-packages/airflow/example_dags/example_task_group_decorator.py
[2024-07-19T09:01:56.328+0530] {processor.py:830} INFO - Processing file /home/growlt245/.local/lib/python3.10/site-packages/airflow/example_dags/example_task_group_decorator.py for tasks to queue
[2024-07-19T09:01:56.331+0530] {logging_mixin.py:188} INFO - [2024-07-19T09:01:56.330+0530] {dagbag.py:545} INFO - Filling up the DagBag from /home/growlt245/.local/lib/python3.10/site-packages/airflow/example_dags/example_task_group_decorator.py
[2024-07-19T09:01:56.342+0530] {processor.py:840} INFO - DAG(s) 'example_task_group_decorator' retrieved from /home/growlt245/.local/lib/python3.10/site-packages/airflow/example_dags/example_task_group_decorator.py
[2024-07-19T09:01:56.352+0530] {logging_mixin.py:188} INFO - [2024-07-19T09:01:56.352+0530] {dag.py:3089} INFO - Sync 1 DAGs
[2024-07-19T09:01:56.360+0530] {logging_mixin.py:188} INFO - [2024-07-19T09:01:56.360+0530] {dag.py:3947} INFO - Setting next_dagrun for example_task_group_decorator to 2024-07-18 00:00:00+00:00, run_after=2024-07-19 00:00:00+00:00
[2024-07-19T09:01:56.370+0530] {processor.py:183} INFO - Processing /home/growlt245/.local/lib/python3.10/site-packages/airflow/example_dags/example_task_group_decorator.py took 0.050 seconds
[2024-07-19T09:06:24.423+0530] {processor.py:161} INFO - Started process (PID=159956) to work on /home/growlt245/.local/lib/python3.10/site-packages/airflow/example_dags/example_task_group_decorator.py
[2024-07-19T09:06:24.426+0530] {processor.py:830} INFO - Processing file /home/growlt245/.local/lib/python3.10/site-packages/airflow/example_dags/example_task_group_decorator.py for tasks to queue
[2024-07-19T09:06:24.426+0530] {logging_mixin.py:188} INFO - [2024-07-19T09:06:24.426+0530] {dagbag.py:545} INFO - Filling up the DagBag from /home/growlt245/.local/lib/python3.10/site-packages/airflow/example_dags/example_task_group_decorator.py
[2024-07-19T09:06:24.434+0530] {processor.py:840} INFO - DAG(s) 'example_task_group_decorator' retrieved from /home/growlt245/.local/lib/python3.10/site-packages/airflow/example_dags/example_task_group_decorator.py
[2024-07-19T09:06:24.446+0530] {logging_mixin.py:188} INFO - [2024-07-19T09:06:24.446+0530] {dag.py:3089} INFO - Sync 1 DAGs
[2024-07-19T09:06:24.455+0530] {logging_mixin.py:188} INFO - [2024-07-19T09:06:24.455+0530] {dag.py:3947} INFO - Setting next_dagrun for example_task_group_decorator to 2024-07-18 00:00:00+00:00, run_after=2024-07-19 00:00:00+00:00
[2024-07-19T09:06:24.465+0530] {processor.py:183} INFO - Processing /home/growlt245/.local/lib/python3.10/site-packages/airflow/example_dags/example_task_group_decorator.py took 0.046 seconds
[2024-07-19T09:09:20.161+0530] {processor.py:161} INFO - Started process (PID=161270) to work on /home/growlt245/.local/lib/python3.10/site-packages/airflow/example_dags/example_task_group_decorator.py
[2024-07-19T09:09:20.162+0530] {processor.py:830} INFO - Processing file /home/growlt245/.local/lib/python3.10/site-packages/airflow/example_dags/example_task_group_decorator.py for tasks to queue
[2024-07-19T09:09:20.164+0530] {logging_mixin.py:188} INFO - [2024-07-19T09:09:20.163+0530] {dagbag.py:545} INFO - Filling up the DagBag from /home/growlt245/.local/lib/python3.10/site-packages/airflow/example_dags/example_task_group_decorator.py
[2024-07-19T09:09:20.176+0530] {processor.py:840} INFO - DAG(s) 'example_task_group_decorator' retrieved from /home/growlt245/.local/lib/python3.10/site-packages/airflow/example_dags/example_task_group_decorator.py
[2024-07-19T09:09:20.189+0530] {logging_mixin.py:188} INFO - [2024-07-19T09:09:20.189+0530] {dag.py:3089} INFO - Sync 1 DAGs
[2024-07-19T09:09:20.198+0530] {logging_mixin.py:188} INFO - [2024-07-19T09:09:20.197+0530] {dag.py:3947} INFO - Setting next_dagrun for example_task_group_decorator to 2024-07-18 00:00:00+00:00, run_after=2024-07-19 00:00:00+00:00
[2024-07-19T09:09:20.208+0530] {processor.py:183} INFO - Processing /home/growlt245/.local/lib/python3.10/site-packages/airflow/example_dags/example_task_group_decorator.py took 0.051 seconds
[2024-07-19T09:15:52.429+0530] {processor.py:161} INFO - Started process (PID=164351) to work on /home/growlt245/.local/lib/python3.10/site-packages/airflow/example_dags/example_task_group_decorator.py
[2024-07-19T09:15:52.432+0530] {processor.py:830} INFO - Processing file /home/growlt245/.local/lib/python3.10/site-packages/airflow/example_dags/example_task_group_decorator.py for tasks to queue
[2024-07-19T09:15:52.434+0530] {logging_mixin.py:188} INFO - [2024-07-19T09:15:52.433+0530] {dagbag.py:545} INFO - Filling up the DagBag from /home/growlt245/.local/lib/python3.10/site-packages/airflow/example_dags/example_task_group_decorator.py
[2024-07-19T09:15:52.444+0530] {processor.py:840} INFO - DAG(s) 'example_task_group_decorator' retrieved from /home/growlt245/.local/lib/python3.10/site-packages/airflow/example_dags/example_task_group_decorator.py
[2024-07-19T09:15:52.455+0530] {logging_mixin.py:188} INFO - [2024-07-19T09:15:52.455+0530] {dag.py:3089} INFO - Sync 1 DAGs
[2024-07-19T09:15:52.465+0530] {logging_mixin.py:188} INFO - [2024-07-19T09:15:52.465+0530] {dag.py:3947} INFO - Setting next_dagrun for example_task_group_decorator to 2024-07-18 00:00:00+00:00, run_after=2024-07-19 00:00:00+00:00
[2024-07-19T09:15:52.476+0530] {processor.py:183} INFO - Processing /home/growlt245/.local/lib/python3.10/site-packages/airflow/example_dags/example_task_group_decorator.py took 0.053 seconds
[2024-07-19T09:16:32.668+0530] {processor.py:161} INFO - Started process (PID=164489) to work on /home/growlt245/.local/lib/python3.10/site-packages/airflow/example_dags/example_task_group_decorator.py
[2024-07-19T09:16:32.672+0530] {processor.py:830} INFO - Processing file /home/growlt245/.local/lib/python3.10/site-packages/airflow/example_dags/example_task_group_decorator.py for tasks to queue
[2024-07-19T09:16:32.673+0530] {logging_mixin.py:188} INFO - [2024-07-19T09:16:32.673+0530] {dagbag.py:545} INFO - Filling up the DagBag from /home/growlt245/.local/lib/python3.10/site-packages/airflow/example_dags/example_task_group_decorator.py
[2024-07-19T09:16:32.688+0530] {processor.py:840} INFO - DAG(s) 'example_task_group_decorator' retrieved from /home/growlt245/.local/lib/python3.10/site-packages/airflow/example_dags/example_task_group_decorator.py
[2024-07-19T09:16:32.705+0530] {logging_mixin.py:188} INFO - [2024-07-19T09:16:32.704+0530] {dag.py:3089} INFO - Sync 1 DAGs
[2024-07-19T09:16:32.715+0530] {logging_mixin.py:188} INFO - [2024-07-19T09:16:32.715+0530] {dag.py:3947} INFO - Setting next_dagrun for example_task_group_decorator to 2024-07-18 00:00:00+00:00, run_after=2024-07-19 00:00:00+00:00
[2024-07-19T09:16:32.732+0530] {processor.py:183} INFO - Processing /home/growlt245/.local/lib/python3.10/site-packages/airflow/example_dags/example_task_group_decorator.py took 0.072 seconds
[2024-07-19T09:17:04.471+0530] {processor.py:161} INFO - Started process (PID=165166) to work on /home/growlt245/.local/lib/python3.10/site-packages/airflow/example_dags/example_task_group_decorator.py
[2024-07-19T09:17:04.473+0530] {processor.py:830} INFO - Processing file /home/growlt245/.local/lib/python3.10/site-packages/airflow/example_dags/example_task_group_decorator.py for tasks to queue
[2024-07-19T09:17:04.475+0530] {logging_mixin.py:188} INFO - [2024-07-19T09:17:04.474+0530] {dagbag.py:545} INFO - Filling up the DagBag from /home/growlt245/.local/lib/python3.10/site-packages/airflow/example_dags/example_task_group_decorator.py
[2024-07-19T09:17:04.484+0530] {processor.py:840} INFO - DAG(s) 'example_task_group_decorator' retrieved from /home/growlt245/.local/lib/python3.10/site-packages/airflow/example_dags/example_task_group_decorator.py
[2024-07-19T09:17:04.494+0530] {logging_mixin.py:188} INFO - [2024-07-19T09:17:04.494+0530] {dag.py:3089} INFO - Sync 1 DAGs
[2024-07-19T09:17:04.505+0530] {logging_mixin.py:188} INFO - [2024-07-19T09:17:04.505+0530] {dag.py:3947} INFO - Setting next_dagrun for example_task_group_decorator to 2024-07-18 00:00:00+00:00, run_after=2024-07-19 00:00:00+00:00
[2024-07-19T09:17:04.516+0530] {processor.py:183} INFO - Processing /home/growlt245/.local/lib/python3.10/site-packages/airflow/example_dags/example_task_group_decorator.py took 0.051 seconds
[2024-07-19T09:17:37.863+0530] {processor.py:161} INFO - Started process (PID=165322) to work on /home/growlt245/.local/lib/python3.10/site-packages/airflow/example_dags/example_task_group_decorator.py
[2024-07-19T09:17:37.864+0530] {processor.py:830} INFO - Processing file /home/growlt245/.local/lib/python3.10/site-packages/airflow/example_dags/example_task_group_decorator.py for tasks to queue
[2024-07-19T09:17:37.865+0530] {logging_mixin.py:188} INFO - [2024-07-19T09:17:37.865+0530] {dagbag.py:545} INFO - Filling up the DagBag from /home/growlt245/.local/lib/python3.10/site-packages/airflow/example_dags/example_task_group_decorator.py
[2024-07-19T09:17:37.873+0530] {processor.py:840} INFO - DAG(s) 'example_task_group_decorator' retrieved from /home/growlt245/.local/lib/python3.10/site-packages/airflow/example_dags/example_task_group_decorator.py
[2024-07-19T09:17:37.882+0530] {logging_mixin.py:188} INFO - [2024-07-19T09:17:37.881+0530] {dag.py:3089} INFO - Sync 1 DAGs
[2024-07-19T09:17:37.890+0530] {logging_mixin.py:188} INFO - [2024-07-19T09:17:37.890+0530] {dag.py:3947} INFO - Setting next_dagrun for example_task_group_decorator to 2024-07-18 00:00:00+00:00, run_after=2024-07-19 00:00:00+00:00
[2024-07-19T09:17:37.900+0530] {processor.py:183} INFO - Processing /home/growlt245/.local/lib/python3.10/site-packages/airflow/example_dags/example_task_group_decorator.py took 0.042 seconds
[2024-07-19T09:18:13.359+0530] {processor.py:161} INFO - Started process (PID=165461) to work on /home/growlt245/.local/lib/python3.10/site-packages/airflow/example_dags/example_task_group_decorator.py
[2024-07-19T09:18:13.361+0530] {processor.py:830} INFO - Processing file /home/growlt245/.local/lib/python3.10/site-packages/airflow/example_dags/example_task_group_decorator.py for tasks to queue
[2024-07-19T09:18:13.362+0530] {logging_mixin.py:188} INFO - [2024-07-19T09:18:13.362+0530] {dagbag.py:545} INFO - Filling up the DagBag from /home/growlt245/.local/lib/python3.10/site-packages/airflow/example_dags/example_task_group_decorator.py
[2024-07-19T09:18:13.369+0530] {processor.py:840} INFO - DAG(s) 'example_task_group_decorator' retrieved from /home/growlt245/.local/lib/python3.10/site-packages/airflow/example_dags/example_task_group_decorator.py
[2024-07-19T09:18:13.378+0530] {logging_mixin.py:188} INFO - [2024-07-19T09:18:13.378+0530] {dag.py:3089} INFO - Sync 1 DAGs
[2024-07-19T09:18:13.387+0530] {logging_mixin.py:188} INFO - [2024-07-19T09:18:13.387+0530] {dag.py:3947} INFO - Setting next_dagrun for example_task_group_decorator to 2024-07-18 00:00:00+00:00, run_after=2024-07-19 00:00:00+00:00
[2024-07-19T09:18:13.396+0530] {processor.py:183} INFO - Processing /home/growlt245/.local/lib/python3.10/site-packages/airflow/example_dags/example_task_group_decorator.py took 0.040 seconds
[2024-07-19T09:18:51.257+0530] {processor.py:161} INFO - Started process (PID=166275) to work on /home/growlt245/.local/lib/python3.10/site-packages/airflow/example_dags/example_task_group_decorator.py
[2024-07-19T09:18:51.258+0530] {processor.py:830} INFO - Processing file /home/growlt245/.local/lib/python3.10/site-packages/airflow/example_dags/example_task_group_decorator.py for tasks to queue
[2024-07-19T09:18:51.259+0530] {logging_mixin.py:188} INFO - [2024-07-19T09:18:51.259+0530] {dagbag.py:545} INFO - Filling up the DagBag from /home/growlt245/.local/lib/python3.10/site-packages/airflow/example_dags/example_task_group_decorator.py
[2024-07-19T09:18:51.267+0530] {processor.py:840} INFO - DAG(s) 'example_task_group_decorator' retrieved from /home/growlt245/.local/lib/python3.10/site-packages/airflow/example_dags/example_task_group_decorator.py
[2024-07-19T09:18:51.276+0530] {logging_mixin.py:188} INFO - [2024-07-19T09:18:51.275+0530] {dag.py:3089} INFO - Sync 1 DAGs
[2024-07-19T09:18:51.284+0530] {logging_mixin.py:188} INFO - [2024-07-19T09:18:51.284+0530] {dag.py:3947} INFO - Setting next_dagrun for example_task_group_decorator to 2024-07-18 00:00:00+00:00, run_after=2024-07-19 00:00:00+00:00
[2024-07-19T09:18:51.293+0530] {processor.py:183} INFO - Processing /home/growlt245/.local/lib/python3.10/site-packages/airflow/example_dags/example_task_group_decorator.py took 0.039 seconds
[2024-07-19T09:19:24.584+0530] {processor.py:161} INFO - Started process (PID=166452) to work on /home/growlt245/.local/lib/python3.10/site-packages/airflow/example_dags/example_task_group_decorator.py
[2024-07-19T09:19:24.587+0530] {processor.py:830} INFO - Processing file /home/growlt245/.local/lib/python3.10/site-packages/airflow/example_dags/example_task_group_decorator.py for tasks to queue
[2024-07-19T09:19:24.588+0530] {logging_mixin.py:188} INFO - [2024-07-19T09:19:24.588+0530] {dagbag.py:545} INFO - Filling up the DagBag from /home/growlt245/.local/lib/python3.10/site-packages/airflow/example_dags/example_task_group_decorator.py
[2024-07-19T09:19:24.610+0530] {processor.py:840} INFO - DAG(s) 'example_task_group_decorator' retrieved from /home/growlt245/.local/lib/python3.10/site-packages/airflow/example_dags/example_task_group_decorator.py
[2024-07-19T09:19:24.624+0530] {logging_mixin.py:188} INFO - [2024-07-19T09:19:24.624+0530] {dag.py:3089} INFO - Sync 1 DAGs
[2024-07-19T09:19:24.634+0530] {logging_mixin.py:188} INFO - [2024-07-19T09:19:24.634+0530] {dag.py:3947} INFO - Setting next_dagrun for example_task_group_decorator to 2024-07-18 00:00:00+00:00, run_after=2024-07-19 00:00:00+00:00
[2024-07-19T09:19:24.645+0530] {processor.py:183} INFO - Processing /home/growlt245/.local/lib/python3.10/site-packages/airflow/example_dags/example_task_group_decorator.py took 0.068 seconds
[2024-07-19T09:20:09.415+0530] {processor.py:161} INFO - Started process (PID=166676) to work on /home/growlt245/.local/lib/python3.10/site-packages/airflow/example_dags/example_task_group_decorator.py
[2024-07-19T09:20:09.418+0530] {processor.py:830} INFO - Processing file /home/growlt245/.local/lib/python3.10/site-packages/airflow/example_dags/example_task_group_decorator.py for tasks to queue
[2024-07-19T09:20:09.420+0530] {logging_mixin.py:188} INFO - [2024-07-19T09:20:09.420+0530] {dagbag.py:545} INFO - Filling up the DagBag from /home/growlt245/.local/lib/python3.10/site-packages/airflow/example_dags/example_task_group_decorator.py
[2024-07-19T09:20:09.430+0530] {processor.py:840} INFO - DAG(s) 'example_task_group_decorator' retrieved from /home/growlt245/.local/lib/python3.10/site-packages/airflow/example_dags/example_task_group_decorator.py
[2024-07-19T09:20:09.440+0530] {logging_mixin.py:188} INFO - [2024-07-19T09:20:09.440+0530] {dag.py:3089} INFO - Sync 1 DAGs
[2024-07-19T09:20:09.449+0530] {logging_mixin.py:188} INFO - [2024-07-19T09:20:09.449+0530] {dag.py:3947} INFO - Setting next_dagrun for example_task_group_decorator to 2024-07-18 00:00:00+00:00, run_after=2024-07-19 00:00:00+00:00
[2024-07-19T09:20:09.460+0530] {processor.py:183} INFO - Processing /home/growlt245/.local/lib/python3.10/site-packages/airflow/example_dags/example_task_group_decorator.py took 0.050 seconds
[2024-07-19T09:20:52.254+0530] {processor.py:161} INFO - Started process (PID=167042) to work on /home/growlt245/.local/lib/python3.10/site-packages/airflow/example_dags/example_task_group_decorator.py
[2024-07-19T09:20:52.257+0530] {processor.py:830} INFO - Processing file /home/growlt245/.local/lib/python3.10/site-packages/airflow/example_dags/example_task_group_decorator.py for tasks to queue
[2024-07-19T09:20:52.259+0530] {logging_mixin.py:188} INFO - [2024-07-19T09:20:52.258+0530] {dagbag.py:545} INFO - Filling up the DagBag from /home/growlt245/.local/lib/python3.10/site-packages/airflow/example_dags/example_task_group_decorator.py
[2024-07-19T09:20:52.270+0530] {processor.py:840} INFO - DAG(s) 'example_task_group_decorator' retrieved from /home/growlt245/.local/lib/python3.10/site-packages/airflow/example_dags/example_task_group_decorator.py
[2024-07-19T09:20:52.279+0530] {logging_mixin.py:188} INFO - [2024-07-19T09:20:52.279+0530] {dag.py:3089} INFO - Sync 1 DAGs
[2024-07-19T09:20:52.288+0530] {logging_mixin.py:188} INFO - [2024-07-19T09:20:52.288+0530] {dag.py:3947} INFO - Setting next_dagrun for example_task_group_decorator to 2024-07-18 00:00:00+00:00, run_after=2024-07-19 00:00:00+00:00
[2024-07-19T09:20:52.298+0530] {processor.py:183} INFO - Processing /home/growlt245/.local/lib/python3.10/site-packages/airflow/example_dags/example_task_group_decorator.py took 0.050 seconds
