[2024-07-19T08:57:17.817+0530] {processor.py:161} INFO - Started process (PID=155614) to work on /home/growlt245/.local/lib/python3.10/site-packages/airflow/example_dags/example_kubernetes_executor.py
[2024-07-19T08:57:17.817+0530] {processor.py:830} INFO - Processing file /home/growlt245/.local/lib/python3.10/site-packages/airflow/example_dags/example_kubernetes_executor.py for tasks to queue
[2024-07-19T08:57:17.818+0530] {logging_mixin.py:188} INFO - [2024-07-19T08:57:17.818+0530] {dagbag.py:545} INFO - Filling up the DagBag from /home/growlt245/.local/lib/python3.10/site-packages/airflow/example_dags/example_kubernetes_executor.py
[2024-07-19T08:57:17.827+0530] {processor.py:840} INFO - DAG(s) 'example_kubernetes_executor' retrieved from /home/growlt245/.local/lib/python3.10/site-packages/airflow/example_dags/example_kubernetes_executor.py
[2024-07-19T08:57:17.839+0530] {logging_mixin.py:188} INFO - [2024-07-19T08:57:17.839+0530] {dag.py:3089} INFO - Sync 1 DAGs
[2024-07-19T08:57:17.844+0530] {logging_mixin.py:188} INFO - [2024-07-19T08:57:17.844+0530] {dag.py:3947} INFO - Setting next_dagrun for example_kubernetes_executor to None, run_after=None
[2024-07-19T08:57:17.854+0530] {processor.py:183} INFO - Processing /home/growlt245/.local/lib/python3.10/site-packages/airflow/example_dags/example_kubernetes_executor.py took 0.041 seconds
[2024-07-19T09:15:28.326+0530] {processor.py:161} INFO - Started process (PID=164268) to work on /home/growlt245/.local/lib/python3.10/site-packages/airflow/example_dags/example_kubernetes_executor.py
[2024-07-19T09:15:28.327+0530] {processor.py:830} INFO - Processing file /home/growlt245/.local/lib/python3.10/site-packages/airflow/example_dags/example_kubernetes_executor.py for tasks to queue
[2024-07-19T09:15:28.329+0530] {logging_mixin.py:188} INFO - [2024-07-19T09:15:28.329+0530] {dagbag.py:545} INFO - Filling up the DagBag from /home/growlt245/.local/lib/python3.10/site-packages/airflow/example_dags/example_kubernetes_executor.py
[2024-07-19T09:15:28.338+0530] {processor.py:840} INFO - DAG(s) 'example_kubernetes_executor' retrieved from /home/growlt245/.local/lib/python3.10/site-packages/airflow/example_dags/example_kubernetes_executor.py
[2024-07-19T09:15:28.349+0530] {logging_mixin.py:188} INFO - [2024-07-19T09:15:28.349+0530] {dag.py:3089} INFO - Sync 1 DAGs
[2024-07-19T09:15:28.355+0530] {logging_mixin.py:188} INFO - [2024-07-19T09:15:28.354+0530] {dag.py:3947} INFO - Setting next_dagrun for example_kubernetes_executor to None, run_after=None
[2024-07-19T09:15:28.364+0530] {processor.py:183} INFO - Processing /home/growlt245/.local/lib/python3.10/site-packages/airflow/example_dags/example_kubernetes_executor.py took 0.046 seconds
[2024-07-19T09:16:17.559+0530] {processor.py:161} INFO - Started process (PID=164433) to work on /home/growlt245/.local/lib/python3.10/site-packages/airflow/example_dags/example_kubernetes_executor.py
[2024-07-19T09:16:17.562+0530] {processor.py:830} INFO - Processing file /home/growlt245/.local/lib/python3.10/site-packages/airflow/example_dags/example_kubernetes_executor.py for tasks to queue
[2024-07-19T09:16:17.563+0530] {logging_mixin.py:188} INFO - [2024-07-19T09:16:17.563+0530] {dagbag.py:545} INFO - Filling up the DagBag from /home/growlt245/.local/lib/python3.10/site-packages/airflow/example_dags/example_kubernetes_executor.py
[2024-07-19T09:16:17.572+0530] {processor.py:840} INFO - DAG(s) 'example_kubernetes_executor' retrieved from /home/growlt245/.local/lib/python3.10/site-packages/airflow/example_dags/example_kubernetes_executor.py
[2024-07-19T09:16:17.585+0530] {logging_mixin.py:188} INFO - [2024-07-19T09:16:17.585+0530] {dag.py:3089} INFO - Sync 1 DAGs
[2024-07-19T09:16:17.592+0530] {logging_mixin.py:188} INFO - [2024-07-19T09:16:17.591+0530] {dag.py:3947} INFO - Setting next_dagrun for example_kubernetes_executor to None, run_after=None
[2024-07-19T09:16:17.605+0530] {processor.py:183} INFO - Processing /home/growlt245/.local/lib/python3.10/site-packages/airflow/example_dags/example_kubernetes_executor.py took 0.050 seconds
[2024-07-19T09:17:02.724+0530] {processor.py:161} INFO - Started process (PID=165160) to work on /home/growlt245/.local/lib/python3.10/site-packages/airflow/example_dags/example_kubernetes_executor.py
[2024-07-19T09:17:02.727+0530] {processor.py:830} INFO - Processing file /home/growlt245/.local/lib/python3.10/site-packages/airflow/example_dags/example_kubernetes_executor.py for tasks to queue
[2024-07-19T09:17:02.728+0530] {logging_mixin.py:188} INFO - [2024-07-19T09:17:02.728+0530] {dagbag.py:545} INFO - Filling up the DagBag from /home/growlt245/.local/lib/python3.10/site-packages/airflow/example_dags/example_kubernetes_executor.py
[2024-07-19T09:17:02.735+0530] {processor.py:840} INFO - DAG(s) 'example_kubernetes_executor' retrieved from /home/growlt245/.local/lib/python3.10/site-packages/airflow/example_dags/example_kubernetes_executor.py
[2024-07-19T09:17:02.746+0530] {logging_mixin.py:188} INFO - [2024-07-19T09:17:02.745+0530] {dag.py:3089} INFO - Sync 1 DAGs
[2024-07-19T09:17:02.751+0530] {logging_mixin.py:188} INFO - [2024-07-19T09:17:02.751+0530] {dag.py:3947} INFO - Setting next_dagrun for example_kubernetes_executor to None, run_after=None
[2024-07-19T09:17:02.760+0530] {processor.py:183} INFO - Processing /home/growlt245/.local/lib/python3.10/site-packages/airflow/example_dags/example_kubernetes_executor.py took 0.039 seconds
[2024-07-19T09:17:51.834+0530] {processor.py:161} INFO - Started process (PID=165351) to work on /home/growlt245/.local/lib/python3.10/site-packages/airflow/example_dags/example_kubernetes_executor.py
[2024-07-19T09:17:51.836+0530] {processor.py:830} INFO - Processing file /home/growlt245/.local/lib/python3.10/site-packages/airflow/example_dags/example_kubernetes_executor.py for tasks to queue
[2024-07-19T09:17:51.838+0530] {logging_mixin.py:188} INFO - [2024-07-19T09:17:51.837+0530] {dagbag.py:545} INFO - Filling up the DagBag from /home/growlt245/.local/lib/python3.10/site-packages/airflow/example_dags/example_kubernetes_executor.py
[2024-07-19T09:17:51.845+0530] {processor.py:840} INFO - DAG(s) 'example_kubernetes_executor' retrieved from /home/growlt245/.local/lib/python3.10/site-packages/airflow/example_dags/example_kubernetes_executor.py
[2024-07-19T09:17:51.858+0530] {logging_mixin.py:188} INFO - [2024-07-19T09:17:51.858+0530] {dag.py:3089} INFO - Sync 1 DAGs
[2024-07-19T09:17:51.865+0530] {logging_mixin.py:188} INFO - [2024-07-19T09:17:51.865+0530] {dag.py:3947} INFO - Setting next_dagrun for example_kubernetes_executor to None, run_after=None
[2024-07-19T09:17:51.876+0530] {processor.py:183} INFO - Processing /home/growlt245/.local/lib/python3.10/site-packages/airflow/example_dags/example_kubernetes_executor.py took 0.047 seconds
[2024-07-19T09:18:46.176+0530] {processor.py:161} INFO - Started process (PID=166266) to work on /home/growlt245/.local/lib/python3.10/site-packages/airflow/example_dags/example_kubernetes_executor.py
[2024-07-19T09:18:46.178+0530] {processor.py:830} INFO - Processing file /home/growlt245/.local/lib/python3.10/site-packages/airflow/example_dags/example_kubernetes_executor.py for tasks to queue
[2024-07-19T09:18:46.179+0530] {logging_mixin.py:188} INFO - [2024-07-19T09:18:46.179+0530] {dagbag.py:545} INFO - Filling up the DagBag from /home/growlt245/.local/lib/python3.10/site-packages/airflow/example_dags/example_kubernetes_executor.py
[2024-07-19T09:18:46.189+0530] {processor.py:840} INFO - DAG(s) 'example_kubernetes_executor' retrieved from /home/growlt245/.local/lib/python3.10/site-packages/airflow/example_dags/example_kubernetes_executor.py
[2024-07-19T09:18:46.200+0530] {logging_mixin.py:188} INFO - [2024-07-19T09:18:46.200+0530] {dag.py:3089} INFO - Sync 1 DAGs
[2024-07-19T09:18:46.205+0530] {logging_mixin.py:188} INFO - [2024-07-19T09:18:46.205+0530] {dag.py:3947} INFO - Setting next_dagrun for example_kubernetes_executor to None, run_after=None
[2024-07-19T09:18:46.215+0530] {processor.py:183} INFO - Processing /home/growlt245/.local/lib/python3.10/site-packages/airflow/example_dags/example_kubernetes_executor.py took 0.042 seconds
[2024-07-19T09:19:34.177+0530] {processor.py:161} INFO - Started process (PID=166497) to work on /home/growlt245/.local/lib/python3.10/site-packages/airflow/example_dags/example_kubernetes_executor.py
[2024-07-19T09:19:34.180+0530] {processor.py:830} INFO - Processing file /home/growlt245/.local/lib/python3.10/site-packages/airflow/example_dags/example_kubernetes_executor.py for tasks to queue
[2024-07-19T09:19:34.181+0530] {logging_mixin.py:188} INFO - [2024-07-19T09:19:34.181+0530] {dagbag.py:545} INFO - Filling up the DagBag from /home/growlt245/.local/lib/python3.10/site-packages/airflow/example_dags/example_kubernetes_executor.py
[2024-07-19T09:19:34.189+0530] {processor.py:840} INFO - DAG(s) 'example_kubernetes_executor' retrieved from /home/growlt245/.local/lib/python3.10/site-packages/airflow/example_dags/example_kubernetes_executor.py
[2024-07-19T09:19:34.200+0530] {logging_mixin.py:188} INFO - [2024-07-19T09:19:34.200+0530] {dag.py:3089} INFO - Sync 1 DAGs
[2024-07-19T09:19:34.205+0530] {logging_mixin.py:188} INFO - [2024-07-19T09:19:34.205+0530] {dag.py:3947} INFO - Setting next_dagrun for example_kubernetes_executor to None, run_after=None
[2024-07-19T09:19:34.215+0530] {processor.py:183} INFO - Processing /home/growlt245/.local/lib/python3.10/site-packages/airflow/example_dags/example_kubernetes_executor.py took 0.042 seconds
[2024-07-19T09:20:18.408+0530] {processor.py:161} INFO - Started process (PID=166728) to work on /home/growlt245/.local/lib/python3.10/site-packages/airflow/example_dags/example_kubernetes_executor.py
[2024-07-19T09:20:18.411+0530] {processor.py:830} INFO - Processing file /home/growlt245/.local/lib/python3.10/site-packages/airflow/example_dags/example_kubernetes_executor.py for tasks to queue
[2024-07-19T09:20:18.412+0530] {logging_mixin.py:188} INFO - [2024-07-19T09:20:18.412+0530] {dagbag.py:545} INFO - Filling up the DagBag from /home/growlt245/.local/lib/python3.10/site-packages/airflow/example_dags/example_kubernetes_executor.py
[2024-07-19T09:20:18.422+0530] {processor.py:840} INFO - DAG(s) 'example_kubernetes_executor' retrieved from /home/growlt245/.local/lib/python3.10/site-packages/airflow/example_dags/example_kubernetes_executor.py
[2024-07-19T09:20:18.433+0530] {logging_mixin.py:188} INFO - [2024-07-19T09:20:18.433+0530] {dag.py:3089} INFO - Sync 1 DAGs
[2024-07-19T09:20:18.438+0530] {logging_mixin.py:188} INFO - [2024-07-19T09:20:18.438+0530] {dag.py:3947} INFO - Setting next_dagrun for example_kubernetes_executor to None, run_after=None
[2024-07-19T09:20:18.447+0530] {processor.py:183} INFO - Processing /home/growlt245/.local/lib/python3.10/site-packages/airflow/example_dags/example_kubernetes_executor.py took 0.042 seconds
[2024-07-19T09:21:02.332+0530] {processor.py:161} INFO - Started process (PID=167104) to work on /home/growlt245/.local/lib/python3.10/site-packages/airflow/example_dags/example_kubernetes_executor.py
[2024-07-19T09:21:02.334+0530] {processor.py:830} INFO - Processing file /home/growlt245/.local/lib/python3.10/site-packages/airflow/example_dags/example_kubernetes_executor.py for tasks to queue
[2024-07-19T09:21:02.335+0530] {logging_mixin.py:188} INFO - [2024-07-19T09:21:02.335+0530] {dagbag.py:545} INFO - Filling up the DagBag from /home/growlt245/.local/lib/python3.10/site-packages/airflow/example_dags/example_kubernetes_executor.py
[2024-07-19T09:21:02.343+0530] {processor.py:840} INFO - DAG(s) 'example_kubernetes_executor' retrieved from /home/growlt245/.local/lib/python3.10/site-packages/airflow/example_dags/example_kubernetes_executor.py
[2024-07-19T09:21:02.353+0530] {logging_mixin.py:188} INFO - [2024-07-19T09:21:02.353+0530] {dag.py:3089} INFO - Sync 1 DAGs
[2024-07-19T09:21:02.359+0530] {logging_mixin.py:188} INFO - [2024-07-19T09:21:02.359+0530] {dag.py:3947} INFO - Setting next_dagrun for example_kubernetes_executor to None, run_after=None
[2024-07-19T09:21:02.368+0530] {processor.py:183} INFO - Processing /home/growlt245/.local/lib/python3.10/site-packages/airflow/example_dags/example_kubernetes_executor.py took 0.041 seconds
[2024-07-19T09:21:53.705+0530] {processor.py:161} INFO - Started process (PID=167458) to work on /home/growlt245/.local/lib/python3.10/site-packages/airflow/example_dags/example_kubernetes_executor.py
[2024-07-19T09:21:53.706+0530] {processor.py:830} INFO - Processing file /home/growlt245/.local/lib/python3.10/site-packages/airflow/example_dags/example_kubernetes_executor.py for tasks to queue
[2024-07-19T09:21:53.708+0530] {logging_mixin.py:188} INFO - [2024-07-19T09:21:53.707+0530] {dagbag.py:545} INFO - Filling up the DagBag from /home/growlt245/.local/lib/python3.10/site-packages/airflow/example_dags/example_kubernetes_executor.py
[2024-07-19T09:21:53.715+0530] {processor.py:840} INFO - DAG(s) 'example_kubernetes_executor' retrieved from /home/growlt245/.local/lib/python3.10/site-packages/airflow/example_dags/example_kubernetes_executor.py
[2024-07-19T09:21:53.725+0530] {logging_mixin.py:188} INFO - [2024-07-19T09:21:53.725+0530] {dag.py:3089} INFO - Sync 1 DAGs
[2024-07-19T09:21:53.731+0530] {logging_mixin.py:188} INFO - [2024-07-19T09:21:53.730+0530] {dag.py:3947} INFO - Setting next_dagrun for example_kubernetes_executor to None, run_after=None
[2024-07-19T09:21:53.740+0530] {processor.py:183} INFO - Processing /home/growlt245/.local/lib/python3.10/site-packages/airflow/example_dags/example_kubernetes_executor.py took 0.039 seconds
[2024-07-19T09:22:47.648+0530] {processor.py:161} INFO - Started process (PID=167867) to work on /home/growlt245/.local/lib/python3.10/site-packages/airflow/example_dags/example_kubernetes_executor.py
[2024-07-19T09:22:47.651+0530] {processor.py:830} INFO - Processing file /home/growlt245/.local/lib/python3.10/site-packages/airflow/example_dags/example_kubernetes_executor.py for tasks to queue
[2024-07-19T09:22:47.652+0530] {logging_mixin.py:188} INFO - [2024-07-19T09:22:47.652+0530] {dagbag.py:545} INFO - Filling up the DagBag from /home/growlt245/.local/lib/python3.10/site-packages/airflow/example_dags/example_kubernetes_executor.py
[2024-07-19T09:22:47.661+0530] {processor.py:840} INFO - DAG(s) 'example_kubernetes_executor' retrieved from /home/growlt245/.local/lib/python3.10/site-packages/airflow/example_dags/example_kubernetes_executor.py
[2024-07-19T09:22:47.672+0530] {logging_mixin.py:188} INFO - [2024-07-19T09:22:47.671+0530] {dag.py:3089} INFO - Sync 1 DAGs
[2024-07-19T09:22:47.677+0530] {logging_mixin.py:188} INFO - [2024-07-19T09:22:47.677+0530] {dag.py:3947} INFO - Setting next_dagrun for example_kubernetes_executor to None, run_after=None
[2024-07-19T09:22:47.690+0530] {processor.py:183} INFO - Processing /home/growlt245/.local/lib/python3.10/site-packages/airflow/example_dags/example_kubernetes_executor.py took 0.046 seconds
[2024-07-19T09:23:32.454+0530] {processor.py:161} INFO - Started process (PID=168096) to work on /home/growlt245/.local/lib/python3.10/site-packages/airflow/example_dags/example_kubernetes_executor.py
[2024-07-19T09:23:32.456+0530] {processor.py:830} INFO - Processing file /home/growlt245/.local/lib/python3.10/site-packages/airflow/example_dags/example_kubernetes_executor.py for tasks to queue
[2024-07-19T09:23:32.457+0530] {logging_mixin.py:188} INFO - [2024-07-19T09:23:32.457+0530] {dagbag.py:545} INFO - Filling up the DagBag from /home/growlt245/.local/lib/python3.10/site-packages/airflow/example_dags/example_kubernetes_executor.py
[2024-07-19T09:23:32.464+0530] {processor.py:840} INFO - DAG(s) 'example_kubernetes_executor' retrieved from /home/growlt245/.local/lib/python3.10/site-packages/airflow/example_dags/example_kubernetes_executor.py
[2024-07-19T09:23:32.475+0530] {logging_mixin.py:188} INFO - [2024-07-19T09:23:32.475+0530] {dag.py:3089} INFO - Sync 1 DAGs
[2024-07-19T09:23:32.480+0530] {logging_mixin.py:188} INFO - [2024-07-19T09:23:32.480+0530] {dag.py:3947} INFO - Setting next_dagrun for example_kubernetes_executor to None, run_after=None
[2024-07-19T09:23:32.489+0530] {processor.py:183} INFO - Processing /home/growlt245/.local/lib/python3.10/site-packages/airflow/example_dags/example_kubernetes_executor.py took 0.039 seconds
[2024-07-19T09:24:18.902+0530] {processor.py:161} INFO - Started process (PID=168238) to work on /home/growlt245/.local/lib/python3.10/site-packages/airflow/example_dags/example_kubernetes_executor.py
[2024-07-19T09:24:18.905+0530] {processor.py:830} INFO - Processing file /home/growlt245/.local/lib/python3.10/site-packages/airflow/example_dags/example_kubernetes_executor.py for tasks to queue
[2024-07-19T09:24:18.906+0530] {logging_mixin.py:188} INFO - [2024-07-19T09:24:18.906+0530] {dagbag.py:545} INFO - Filling up the DagBag from /home/growlt245/.local/lib/python3.10/site-packages/airflow/example_dags/example_kubernetes_executor.py
[2024-07-19T09:24:18.918+0530] {processor.py:840} INFO - DAG(s) 'example_kubernetes_executor' retrieved from /home/growlt245/.local/lib/python3.10/site-packages/airflow/example_dags/example_kubernetes_executor.py
[2024-07-19T09:24:18.937+0530] {logging_mixin.py:188} INFO - [2024-07-19T09:24:18.937+0530] {dag.py:3089} INFO - Sync 1 DAGs
[2024-07-19T09:24:18.944+0530] {logging_mixin.py:188} INFO - [2024-07-19T09:24:18.943+0530] {dag.py:3947} INFO - Setting next_dagrun for example_kubernetes_executor to None, run_after=None
[2024-07-19T09:24:18.954+0530] {processor.py:183} INFO - Processing /home/growlt245/.local/lib/python3.10/site-packages/airflow/example_dags/example_kubernetes_executor.py took 0.059 seconds
[2024-07-19T09:25:06.108+0530] {processor.py:161} INFO - Started process (PID=168507) to work on /home/growlt245/.local/lib/python3.10/site-packages/airflow/example_dags/example_kubernetes_executor.py
[2024-07-19T09:25:06.110+0530] {processor.py:830} INFO - Processing file /home/growlt245/.local/lib/python3.10/site-packages/airflow/example_dags/example_kubernetes_executor.py for tasks to queue
[2024-07-19T09:25:06.112+0530] {logging_mixin.py:188} INFO - [2024-07-19T09:25:06.111+0530] {dagbag.py:545} INFO - Filling up the DagBag from /home/growlt245/.local/lib/python3.10/site-packages/airflow/example_dags/example_kubernetes_executor.py
[2024-07-19T09:25:06.118+0530] {processor.py:840} INFO - DAG(s) 'example_kubernetes_executor' retrieved from /home/growlt245/.local/lib/python3.10/site-packages/airflow/example_dags/example_kubernetes_executor.py
[2024-07-19T09:25:06.128+0530] {logging_mixin.py:188} INFO - [2024-07-19T09:25:06.128+0530] {dag.py:3089} INFO - Sync 1 DAGs
[2024-07-19T09:25:06.134+0530] {logging_mixin.py:188} INFO - [2024-07-19T09:25:06.133+0530] {dag.py:3947} INFO - Setting next_dagrun for example_kubernetes_executor to None, run_after=None
[2024-07-19T09:25:06.142+0530] {processor.py:183} INFO - Processing /home/growlt245/.local/lib/python3.10/site-packages/airflow/example_dags/example_kubernetes_executor.py took 0.039 seconds
[2024-07-19T09:25:56.673+0530] {processor.py:161} INFO - Started process (PID=168889) to work on /home/growlt245/.local/lib/python3.10/site-packages/airflow/example_dags/example_kubernetes_executor.py
[2024-07-19T09:25:56.674+0530] {processor.py:830} INFO - Processing file /home/growlt245/.local/lib/python3.10/site-packages/airflow/example_dags/example_kubernetes_executor.py for tasks to queue
[2024-07-19T09:25:56.675+0530] {logging_mixin.py:188} INFO - [2024-07-19T09:25:56.675+0530] {dagbag.py:545} INFO - Filling up the DagBag from /home/growlt245/.local/lib/python3.10/site-packages/airflow/example_dags/example_kubernetes_executor.py
[2024-07-19T09:25:56.685+0530] {processor.py:840} INFO - DAG(s) 'example_kubernetes_executor' retrieved from /home/growlt245/.local/lib/python3.10/site-packages/airflow/example_dags/example_kubernetes_executor.py
[2024-07-19T09:25:56.695+0530] {logging_mixin.py:188} INFO - [2024-07-19T09:25:56.695+0530] {dag.py:3089} INFO - Sync 1 DAGs
[2024-07-19T09:25:56.700+0530] {logging_mixin.py:188} INFO - [2024-07-19T09:25:56.700+0530] {dag.py:3947} INFO - Setting next_dagrun for example_kubernetes_executor to None, run_after=None
[2024-07-19T09:25:56.710+0530] {processor.py:183} INFO - Processing /home/growlt245/.local/lib/python3.10/site-packages/airflow/example_dags/example_kubernetes_executor.py took 0.040 seconds
[2024-07-19T09:26:42.784+0530] {processor.py:161} INFO - Started process (PID=169153) to work on /home/growlt245/.local/lib/python3.10/site-packages/airflow/example_dags/example_kubernetes_executor.py
[2024-07-19T09:26:42.786+0530] {processor.py:830} INFO - Processing file /home/growlt245/.local/lib/python3.10/site-packages/airflow/example_dags/example_kubernetes_executor.py for tasks to queue
[2024-07-19T09:26:42.788+0530] {logging_mixin.py:188} INFO - [2024-07-19T09:26:42.787+0530] {dagbag.py:545} INFO - Filling up the DagBag from /home/growlt245/.local/lib/python3.10/site-packages/airflow/example_dags/example_kubernetes_executor.py
[2024-07-19T09:26:42.796+0530] {processor.py:840} INFO - DAG(s) 'example_kubernetes_executor' retrieved from /home/growlt245/.local/lib/python3.10/site-packages/airflow/example_dags/example_kubernetes_executor.py
[2024-07-19T09:26:42.806+0530] {logging_mixin.py:188} INFO - [2024-07-19T09:26:42.806+0530] {dag.py:3089} INFO - Sync 1 DAGs
[2024-07-19T09:26:42.811+0530] {logging_mixin.py:188} INFO - [2024-07-19T09:26:42.811+0530] {dag.py:3947} INFO - Setting next_dagrun for example_kubernetes_executor to None, run_after=None
[2024-07-19T09:26:42.821+0530] {processor.py:183} INFO - Processing /home/growlt245/.local/lib/python3.10/site-packages/airflow/example_dags/example_kubernetes_executor.py took 0.042 seconds
[2024-07-19T09:27:29.131+0530] {processor.py:161} INFO - Started process (PID=169321) to work on /home/growlt245/.local/lib/python3.10/site-packages/airflow/example_dags/example_kubernetes_executor.py
[2024-07-19T09:27:29.134+0530] {processor.py:830} INFO - Processing file /home/growlt245/.local/lib/python3.10/site-packages/airflow/example_dags/example_kubernetes_executor.py for tasks to queue
[2024-07-19T09:27:29.135+0530] {logging_mixin.py:188} INFO - [2024-07-19T09:27:29.135+0530] {dagbag.py:545} INFO - Filling up the DagBag from /home/growlt245/.local/lib/python3.10/site-packages/airflow/example_dags/example_kubernetes_executor.py
[2024-07-19T09:27:29.143+0530] {processor.py:840} INFO - DAG(s) 'example_kubernetes_executor' retrieved from /home/growlt245/.local/lib/python3.10/site-packages/airflow/example_dags/example_kubernetes_executor.py
[2024-07-19T09:27:29.153+0530] {logging_mixin.py:188} INFO - [2024-07-19T09:27:29.153+0530] {dag.py:3089} INFO - Sync 1 DAGs
[2024-07-19T09:27:29.158+0530] {logging_mixin.py:188} INFO - [2024-07-19T09:27:29.158+0530] {dag.py:3947} INFO - Setting next_dagrun for example_kubernetes_executor to None, run_after=None
[2024-07-19T09:27:29.167+0530] {processor.py:183} INFO - Processing /home/growlt245/.local/lib/python3.10/site-packages/airflow/example_dags/example_kubernetes_executor.py took 0.039 seconds
[2024-07-19T09:28:16.493+0530] {processor.py:161} INFO - Started process (PID=169713) to work on /home/growlt245/.local/lib/python3.10/site-packages/airflow/example_dags/example_kubernetes_executor.py
[2024-07-19T09:28:16.495+0530] {processor.py:830} INFO - Processing file /home/growlt245/.local/lib/python3.10/site-packages/airflow/example_dags/example_kubernetes_executor.py for tasks to queue
[2024-07-19T09:28:16.497+0530] {logging_mixin.py:188} INFO - [2024-07-19T09:28:16.496+0530] {dagbag.py:545} INFO - Filling up the DagBag from /home/growlt245/.local/lib/python3.10/site-packages/airflow/example_dags/example_kubernetes_executor.py
[2024-07-19T09:28:16.507+0530] {processor.py:840} INFO - DAG(s) 'example_kubernetes_executor' retrieved from /home/growlt245/.local/lib/python3.10/site-packages/airflow/example_dags/example_kubernetes_executor.py
[2024-07-19T09:28:16.518+0530] {logging_mixin.py:188} INFO - [2024-07-19T09:28:16.517+0530] {dag.py:3089} INFO - Sync 1 DAGs
[2024-07-19T09:28:16.523+0530] {logging_mixin.py:188} INFO - [2024-07-19T09:28:16.523+0530] {dag.py:3947} INFO - Setting next_dagrun for example_kubernetes_executor to None, run_after=None
[2024-07-19T09:28:16.533+0530] {processor.py:183} INFO - Processing /home/growlt245/.local/lib/python3.10/site-packages/airflow/example_dags/example_kubernetes_executor.py took 0.043 seconds
