[2024-07-19T08:56:08.203+0530] {processor.py:161} INFO - Started process (PID=155115) to work on /home/growlt245/.local/lib/python3.10/site-packages/airflow/example_dags/example_short_circuit_decorator.py
[2024-07-19T08:56:08.204+0530] {processor.py:830} INFO - Processing file /home/growlt245/.local/lib/python3.10/site-packages/airflow/example_dags/example_short_circuit_decorator.py for tasks to queue
[2024-07-19T08:56:08.205+0530] {logging_mixin.py:188} INFO - [2024-07-19T08:56:08.205+0530] {dagbag.py:545} INFO - Filling up the DagBag from /home/growlt245/.local/lib/python3.10/site-packages/airflow/example_dags/example_short_circuit_decorator.py
[2024-07-19T08:56:08.210+0530] {processor.py:840} INFO - DAG(s) 'example_short_circuit_decorator' retrieved from /home/growlt245/.local/lib/python3.10/site-packages/airflow/example_dags/example_short_circuit_decorator.py
[2024-07-19T08:56:08.221+0530] {logging_mixin.py:188} INFO - [2024-07-19T08:56:08.221+0530] {dag.py:3089} INFO - Sync 1 DAGs
[2024-07-19T08:56:08.233+0530] {logging_mixin.py:188} INFO - [2024-07-19T08:56:08.233+0530] {dag.py:3947} INFO - Setting next_dagrun for example_short_circuit_decorator to 2024-07-18 00:00:00+00:00, run_after=2024-07-19 00:00:00+00:00
[2024-07-19T08:56:08.251+0530] {processor.py:183} INFO - Processing /home/growlt245/.local/lib/python3.10/site-packages/airflow/example_dags/example_short_circuit_decorator.py took 0.053 seconds
[2024-07-19T09:06:03.268+0530] {processor.py:161} INFO - Started process (PID=159391) to work on /home/growlt245/.local/lib/python3.10/site-packages/airflow/example_dags/example_short_circuit_decorator.py
[2024-07-19T09:06:03.271+0530] {processor.py:830} INFO - Processing file /home/growlt245/.local/lib/python3.10/site-packages/airflow/example_dags/example_short_circuit_decorator.py for tasks to queue
[2024-07-19T09:06:03.273+0530] {logging_mixin.py:188} INFO - [2024-07-19T09:06:03.272+0530] {dagbag.py:545} INFO - Filling up the DagBag from /home/growlt245/.local/lib/python3.10/site-packages/airflow/example_dags/example_short_circuit_decorator.py
[2024-07-19T09:06:03.281+0530] {processor.py:840} INFO - DAG(s) 'example_short_circuit_decorator' retrieved from /home/growlt245/.local/lib/python3.10/site-packages/airflow/example_dags/example_short_circuit_decorator.py
[2024-07-19T09:06:03.291+0530] {logging_mixin.py:188} INFO - [2024-07-19T09:06:03.291+0530] {dag.py:3089} INFO - Sync 1 DAGs
[2024-07-19T09:06:03.299+0530] {logging_mixin.py:188} INFO - [2024-07-19T09:06:03.299+0530] {dag.py:3947} INFO - Setting next_dagrun for example_short_circuit_decorator to 2024-07-18 00:00:00+00:00, run_after=2024-07-19 00:00:00+00:00
[2024-07-19T09:06:03.310+0530] {processor.py:183} INFO - Processing /home/growlt245/.local/lib/python3.10/site-packages/airflow/example_dags/example_short_circuit_decorator.py took 0.048 seconds
[2024-07-19T09:14:56.107+0530] {processor.py:161} INFO - Started process (PID=164082) to work on /home/growlt245/.local/lib/python3.10/site-packages/airflow/example_dags/example_short_circuit_decorator.py
[2024-07-19T09:14:56.108+0530] {processor.py:830} INFO - Processing file /home/growlt245/.local/lib/python3.10/site-packages/airflow/example_dags/example_short_circuit_decorator.py for tasks to queue
[2024-07-19T09:14:56.109+0530] {logging_mixin.py:188} INFO - [2024-07-19T09:14:56.108+0530] {dagbag.py:545} INFO - Filling up the DagBag from /home/growlt245/.local/lib/python3.10/site-packages/airflow/example_dags/example_short_circuit_decorator.py
[2024-07-19T09:14:56.113+0530] {processor.py:840} INFO - DAG(s) 'example_short_circuit_decorator' retrieved from /home/growlt245/.local/lib/python3.10/site-packages/airflow/example_dags/example_short_circuit_decorator.py
[2024-07-19T09:14:56.123+0530] {logging_mixin.py:188} INFO - [2024-07-19T09:14:56.123+0530] {dag.py:3089} INFO - Sync 1 DAGs
[2024-07-19T09:14:56.132+0530] {logging_mixin.py:188} INFO - [2024-07-19T09:14:56.131+0530] {dag.py:3947} INFO - Setting next_dagrun for example_short_circuit_decorator to 2024-07-18 00:00:00+00:00, run_after=2024-07-19 00:00:00+00:00
[2024-07-19T09:14:56.141+0530] {processor.py:183} INFO - Processing /home/growlt245/.local/lib/python3.10/site-packages/airflow/example_dags/example_short_circuit_decorator.py took 0.038 seconds
[2024-07-19T09:16:12.170+0530] {processor.py:161} INFO - Started process (PID=164402) to work on /home/growlt245/.local/lib/python3.10/site-packages/airflow/example_dags/example_short_circuit_decorator.py
[2024-07-19T09:16:12.171+0530] {processor.py:830} INFO - Processing file /home/growlt245/.local/lib/python3.10/site-packages/airflow/example_dags/example_short_circuit_decorator.py for tasks to queue
[2024-07-19T09:16:12.173+0530] {logging_mixin.py:188} INFO - [2024-07-19T09:16:12.172+0530] {dagbag.py:545} INFO - Filling up the DagBag from /home/growlt245/.local/lib/python3.10/site-packages/airflow/example_dags/example_short_circuit_decorator.py
[2024-07-19T09:16:12.177+0530] {processor.py:840} INFO - DAG(s) 'example_short_circuit_decorator' retrieved from /home/growlt245/.local/lib/python3.10/site-packages/airflow/example_dags/example_short_circuit_decorator.py
[2024-07-19T09:16:12.190+0530] {logging_mixin.py:188} INFO - [2024-07-19T09:16:12.190+0530] {dag.py:3089} INFO - Sync 1 DAGs
[2024-07-19T09:16:12.205+0530] {logging_mixin.py:188} INFO - [2024-07-19T09:16:12.205+0530] {dag.py:3947} INFO - Setting next_dagrun for example_short_circuit_decorator to 2024-07-18 00:00:00+00:00, run_after=2024-07-19 00:00:00+00:00
[2024-07-19T09:16:12.224+0530] {processor.py:183} INFO - Processing /home/growlt245/.local/lib/python3.10/site-packages/airflow/example_dags/example_short_circuit_decorator.py took 0.057 seconds
[2024-07-19T09:16:58.392+0530] {processor.py:161} INFO - Started process (PID=165141) to work on /home/growlt245/.local/lib/python3.10/site-packages/airflow/example_dags/example_short_circuit_decorator.py
[2024-07-19T09:16:58.393+0530] {processor.py:830} INFO - Processing file /home/growlt245/.local/lib/python3.10/site-packages/airflow/example_dags/example_short_circuit_decorator.py for tasks to queue
[2024-07-19T09:16:58.394+0530] {logging_mixin.py:188} INFO - [2024-07-19T09:16:58.394+0530] {dagbag.py:545} INFO - Filling up the DagBag from /home/growlt245/.local/lib/python3.10/site-packages/airflow/example_dags/example_short_circuit_decorator.py
[2024-07-19T09:16:58.401+0530] {processor.py:840} INFO - DAG(s) 'example_short_circuit_decorator' retrieved from /home/growlt245/.local/lib/python3.10/site-packages/airflow/example_dags/example_short_circuit_decorator.py
[2024-07-19T09:16:58.416+0530] {logging_mixin.py:188} INFO - [2024-07-19T09:16:58.416+0530] {dag.py:3089} INFO - Sync 1 DAGs
[2024-07-19T09:16:58.426+0530] {logging_mixin.py:188} INFO - [2024-07-19T09:16:58.426+0530] {dag.py:3947} INFO - Setting next_dagrun for example_short_circuit_decorator to 2024-07-18 00:00:00+00:00, run_after=2024-07-19 00:00:00+00:00
[2024-07-19T09:16:58.441+0530] {processor.py:183} INFO - Processing /home/growlt245/.local/lib/python3.10/site-packages/airflow/example_dags/example_short_circuit_decorator.py took 0.053 seconds
[2024-07-19T09:17:46.909+0530] {processor.py:161} INFO - Started process (PID=165341) to work on /home/growlt245/.local/lib/python3.10/site-packages/airflow/example_dags/example_short_circuit_decorator.py
[2024-07-19T09:17:46.910+0530] {processor.py:830} INFO - Processing file /home/growlt245/.local/lib/python3.10/site-packages/airflow/example_dags/example_short_circuit_decorator.py for tasks to queue
[2024-07-19T09:17:46.911+0530] {logging_mixin.py:188} INFO - [2024-07-19T09:17:46.911+0530] {dagbag.py:545} INFO - Filling up the DagBag from /home/growlt245/.local/lib/python3.10/site-packages/airflow/example_dags/example_short_circuit_decorator.py
[2024-07-19T09:17:46.916+0530] {processor.py:840} INFO - DAG(s) 'example_short_circuit_decorator' retrieved from /home/growlt245/.local/lib/python3.10/site-packages/airflow/example_dags/example_short_circuit_decorator.py
[2024-07-19T09:17:46.928+0530] {logging_mixin.py:188} INFO - [2024-07-19T09:17:46.927+0530] {dag.py:3089} INFO - Sync 1 DAGs
[2024-07-19T09:17:46.936+0530] {logging_mixin.py:188} INFO - [2024-07-19T09:17:46.936+0530] {dag.py:3947} INFO - Setting next_dagrun for example_short_circuit_decorator to 2024-07-18 00:00:00+00:00, run_after=2024-07-19 00:00:00+00:00
[2024-07-19T09:17:46.945+0530] {processor.py:183} INFO - Processing /home/growlt245/.local/lib/python3.10/site-packages/airflow/example_dags/example_short_circuit_decorator.py took 0.041 seconds
[2024-07-19T09:18:41.137+0530] {processor.py:161} INFO - Started process (PID=166234) to work on /home/growlt245/.local/lib/python3.10/site-packages/airflow/example_dags/example_short_circuit_decorator.py
[2024-07-19T09:18:41.140+0530] {processor.py:830} INFO - Processing file /home/growlt245/.local/lib/python3.10/site-packages/airflow/example_dags/example_short_circuit_decorator.py for tasks to queue
[2024-07-19T09:18:41.142+0530] {logging_mixin.py:188} INFO - [2024-07-19T09:18:41.141+0530] {dagbag.py:545} INFO - Filling up the DagBag from /home/growlt245/.local/lib/python3.10/site-packages/airflow/example_dags/example_short_circuit_decorator.py
[2024-07-19T09:18:41.149+0530] {processor.py:840} INFO - DAG(s) 'example_short_circuit_decorator' retrieved from /home/growlt245/.local/lib/python3.10/site-packages/airflow/example_dags/example_short_circuit_decorator.py
[2024-07-19T09:18:41.158+0530] {logging_mixin.py:188} INFO - [2024-07-19T09:18:41.158+0530] {dag.py:3089} INFO - Sync 1 DAGs
[2024-07-19T09:18:41.167+0530] {logging_mixin.py:188} INFO - [2024-07-19T09:18:41.166+0530] {dag.py:3947} INFO - Setting next_dagrun for example_short_circuit_decorator to 2024-07-18 00:00:00+00:00, run_after=2024-07-19 00:00:00+00:00
[2024-07-19T09:18:41.177+0530] {processor.py:183} INFO - Processing /home/growlt245/.local/lib/python3.10/site-packages/airflow/example_dags/example_short_circuit_decorator.py took 0.045 seconds
[2024-07-19T09:19:29.629+0530] {processor.py:161} INFO - Started process (PID=166484) to work on /home/growlt245/.local/lib/python3.10/site-packages/airflow/example_dags/example_short_circuit_decorator.py
[2024-07-19T09:19:29.631+0530] {processor.py:830} INFO - Processing file /home/growlt245/.local/lib/python3.10/site-packages/airflow/example_dags/example_short_circuit_decorator.py for tasks to queue
[2024-07-19T09:19:29.632+0530] {logging_mixin.py:188} INFO - [2024-07-19T09:19:29.632+0530] {dagbag.py:545} INFO - Filling up the DagBag from /home/growlt245/.local/lib/python3.10/site-packages/airflow/example_dags/example_short_circuit_decorator.py
[2024-07-19T09:19:29.637+0530] {processor.py:840} INFO - DAG(s) 'example_short_circuit_decorator' retrieved from /home/growlt245/.local/lib/python3.10/site-packages/airflow/example_dags/example_short_circuit_decorator.py
[2024-07-19T09:19:29.647+0530] {logging_mixin.py:188} INFO - [2024-07-19T09:19:29.647+0530] {dag.py:3089} INFO - Sync 1 DAGs
[2024-07-19T09:19:29.655+0530] {logging_mixin.py:188} INFO - [2024-07-19T09:19:29.655+0530] {dag.py:3947} INFO - Setting next_dagrun for example_short_circuit_decorator to 2024-07-18 00:00:00+00:00, run_after=2024-07-19 00:00:00+00:00
[2024-07-19T09:19:29.665+0530] {processor.py:183} INFO - Processing /home/growlt245/.local/lib/python3.10/site-packages/airflow/example_dags/example_short_circuit_decorator.py took 0.040 seconds
[2024-07-19T09:20:14.944+0530] {processor.py:161} INFO - Started process (PID=166709) to work on /home/growlt245/.local/lib/python3.10/site-packages/airflow/example_dags/example_short_circuit_decorator.py
[2024-07-19T09:20:14.947+0530] {processor.py:830} INFO - Processing file /home/growlt245/.local/lib/python3.10/site-packages/airflow/example_dags/example_short_circuit_decorator.py for tasks to queue
[2024-07-19T09:20:14.948+0530] {logging_mixin.py:188} INFO - [2024-07-19T09:20:14.948+0530] {dagbag.py:545} INFO - Filling up the DagBag from /home/growlt245/.local/lib/python3.10/site-packages/airflow/example_dags/example_short_circuit_decorator.py
[2024-07-19T09:20:14.958+0530] {processor.py:840} INFO - DAG(s) 'example_short_circuit_decorator' retrieved from /home/growlt245/.local/lib/python3.10/site-packages/airflow/example_dags/example_short_circuit_decorator.py
[2024-07-19T09:20:14.969+0530] {logging_mixin.py:188} INFO - [2024-07-19T09:20:14.968+0530] {dag.py:3089} INFO - Sync 1 DAGs
[2024-07-19T09:20:14.977+0530] {logging_mixin.py:188} INFO - [2024-07-19T09:20:14.977+0530] {dag.py:3947} INFO - Setting next_dagrun for example_short_circuit_decorator to 2024-07-18 00:00:00+00:00, run_after=2024-07-19 00:00:00+00:00
[2024-07-19T09:20:14.986+0530] {processor.py:183} INFO - Processing /home/growlt245/.local/lib/python3.10/site-packages/airflow/example_dags/example_short_circuit_decorator.py took 0.045 seconds
[2024-07-19T09:20:57.508+0530] {processor.py:161} INFO - Started process (PID=167092) to work on /home/growlt245/.local/lib/python3.10/site-packages/airflow/example_dags/example_short_circuit_decorator.py
[2024-07-19T09:20:57.511+0530] {processor.py:830} INFO - Processing file /home/growlt245/.local/lib/python3.10/site-packages/airflow/example_dags/example_short_circuit_decorator.py for tasks to queue
[2024-07-19T09:20:57.512+0530] {logging_mixin.py:188} INFO - [2024-07-19T09:20:57.511+0530] {dagbag.py:545} INFO - Filling up the DagBag from /home/growlt245/.local/lib/python3.10/site-packages/airflow/example_dags/example_short_circuit_decorator.py
[2024-07-19T09:20:57.518+0530] {processor.py:840} INFO - DAG(s) 'example_short_circuit_decorator' retrieved from /home/growlt245/.local/lib/python3.10/site-packages/airflow/example_dags/example_short_circuit_decorator.py
[2024-07-19T09:20:57.527+0530] {logging_mixin.py:188} INFO - [2024-07-19T09:20:57.527+0530] {dag.py:3089} INFO - Sync 1 DAGs
[2024-07-19T09:20:57.538+0530] {logging_mixin.py:188} INFO - [2024-07-19T09:20:57.538+0530] {dag.py:3947} INFO - Setting next_dagrun for example_short_circuit_decorator to 2024-07-18 00:00:00+00:00, run_after=2024-07-19 00:00:00+00:00
[2024-07-19T09:20:57.550+0530] {processor.py:183} INFO - Processing /home/growlt245/.local/lib/python3.10/site-packages/airflow/example_dags/example_short_circuit_decorator.py took 0.045 seconds
