[2024-07-19T09:00:32.358+0530] {processor.py:161} INFO - Started process (PID=156997) to work on /home/growlt245/.local/lib/python3.10/site-packages/airflow/example_dags/example_branch_datetime_operator.py
[2024-07-19T09:00:32.360+0530] {processor.py:830} INFO - Processing file /home/growlt245/.local/lib/python3.10/site-packages/airflow/example_dags/example_branch_datetime_operator.py for tasks to queue
[2024-07-19T09:00:32.362+0530] {logging_mixin.py:188} INFO - [2024-07-19T09:00:32.361+0530] {dagbag.py:545} INFO - Filling up the DagBag from /home/growlt245/.local/lib/python3.10/site-packages/airflow/example_dags/example_branch_datetime_operator.py
[2024-07-19T09:00:32.374+0530] {processor.py:840} INFO - DAG(s) 'example_branch_datetime_operator_3', 'example_branch_datetime_operator', 'example_branch_datetime_operator_2' retrieved from /home/growlt245/.local/lib/python3.10/site-packages/airflow/example_dags/example_branch_datetime_operator.py
[2024-07-19T09:00:32.390+0530] {logging_mixin.py:188} INFO - [2024-07-19T09:00:32.389+0530] {dag.py:3089} INFO - Sync 3 DAGs
[2024-07-19T09:00:32.400+0530] {logging_mixin.py:188} INFO - [2024-07-19T09:00:32.400+0530] {dag.py:3947} INFO - Setting next_dagrun for example_branch_datetime_operator to 2024-07-18 00:00:00+00:00, run_after=2024-07-19 00:00:00+00:00
[2024-07-19T09:00:32.403+0530] {logging_mixin.py:188} INFO - [2024-07-19T09:00:32.403+0530] {dag.py:3947} INFO - Setting next_dagrun for example_branch_datetime_operator_2 to 2024-07-18 00:00:00+00:00, run_after=2024-07-19 00:00:00+00:00
[2024-07-19T09:00:32.404+0530] {logging_mixin.py:188} INFO - [2024-07-19T09:00:32.404+0530] {dag.py:3947} INFO - Setting next_dagrun for example_branch_datetime_operator_3 to 2024-07-18 00:00:00+00:00, run_after=2024-07-19 00:00:00+00:00
[2024-07-19T09:00:32.415+0530] {processor.py:183} INFO - Processing /home/growlt245/.local/lib/python3.10/site-packages/airflow/example_dags/example_branch_datetime_operator.py took 0.063 seconds
[2024-07-19T09:15:44.842+0530] {processor.py:161} INFO - Started process (PID=164323) to work on /home/growlt245/.local/lib/python3.10/site-packages/airflow/example_dags/example_branch_datetime_operator.py
[2024-07-19T09:15:44.844+0530] {processor.py:830} INFO - Processing file /home/growlt245/.local/lib/python3.10/site-packages/airflow/example_dags/example_branch_datetime_operator.py for tasks to queue
[2024-07-19T09:15:44.846+0530] {logging_mixin.py:188} INFO - [2024-07-19T09:15:44.846+0530] {dagbag.py:545} INFO - Filling up the DagBag from /home/growlt245/.local/lib/python3.10/site-packages/airflow/example_dags/example_branch_datetime_operator.py
[2024-07-19T09:15:44.853+0530] {processor.py:840} INFO - DAG(s) 'example_branch_datetime_operator_3', 'example_branch_datetime_operator_2', 'example_branch_datetime_operator' retrieved from /home/growlt245/.local/lib/python3.10/site-packages/airflow/example_dags/example_branch_datetime_operator.py
[2024-07-19T09:15:44.863+0530] {logging_mixin.py:188} INFO - [2024-07-19T09:15:44.863+0530] {dag.py:3089} INFO - Sync 3 DAGs
[2024-07-19T09:15:44.873+0530] {logging_mixin.py:188} INFO - [2024-07-19T09:15:44.873+0530] {dag.py:3947} INFO - Setting next_dagrun for example_branch_datetime_operator to 2024-07-18 00:00:00+00:00, run_after=2024-07-19 00:00:00+00:00
[2024-07-19T09:15:44.875+0530] {logging_mixin.py:188} INFO - [2024-07-19T09:15:44.875+0530] {dag.py:3947} INFO - Setting next_dagrun for example_branch_datetime_operator_2 to 2024-07-18 00:00:00+00:00, run_after=2024-07-19 00:00:00+00:00
[2024-07-19T09:15:44.876+0530] {logging_mixin.py:188} INFO - [2024-07-19T09:15:44.876+0530] {dag.py:3947} INFO - Setting next_dagrun for example_branch_datetime_operator_3 to 2024-07-18 00:00:00+00:00, run_after=2024-07-19 00:00:00+00:00
[2024-07-19T09:15:44.886+0530] {processor.py:183} INFO - Processing /home/growlt245/.local/lib/python3.10/site-packages/airflow/example_dags/example_branch_datetime_operator.py took 0.051 seconds
[2024-07-19T09:16:31.284+0530] {processor.py:161} INFO - Started process (PID=164474) to work on /home/growlt245/.local/lib/python3.10/site-packages/airflow/example_dags/example_branch_datetime_operator.py
[2024-07-19T09:16:31.286+0530] {processor.py:830} INFO - Processing file /home/growlt245/.local/lib/python3.10/site-packages/airflow/example_dags/example_branch_datetime_operator.py for tasks to queue
[2024-07-19T09:16:31.287+0530] {logging_mixin.py:188} INFO - [2024-07-19T09:16:31.286+0530] {dagbag.py:545} INFO - Filling up the DagBag from /home/growlt245/.local/lib/python3.10/site-packages/airflow/example_dags/example_branch_datetime_operator.py
[2024-07-19T09:16:31.292+0530] {processor.py:840} INFO - DAG(s) 'example_branch_datetime_operator', 'example_branch_datetime_operator_3', 'example_branch_datetime_operator_2' retrieved from /home/growlt245/.local/lib/python3.10/site-packages/airflow/example_dags/example_branch_datetime_operator.py
[2024-07-19T09:16:31.304+0530] {logging_mixin.py:188} INFO - [2024-07-19T09:16:31.304+0530] {dag.py:3089} INFO - Sync 3 DAGs
[2024-07-19T09:16:31.315+0530] {logging_mixin.py:188} INFO - [2024-07-19T09:16:31.315+0530] {dag.py:3947} INFO - Setting next_dagrun for example_branch_datetime_operator to 2024-07-18 00:00:00+00:00, run_after=2024-07-19 00:00:00+00:00
[2024-07-19T09:16:31.317+0530] {logging_mixin.py:188} INFO - [2024-07-19T09:16:31.317+0530] {dag.py:3947} INFO - Setting next_dagrun for example_branch_datetime_operator_2 to 2024-07-18 00:00:00+00:00, run_after=2024-07-19 00:00:00+00:00
[2024-07-19T09:16:31.319+0530] {logging_mixin.py:188} INFO - [2024-07-19T09:16:31.319+0530] {dag.py:3947} INFO - Setting next_dagrun for example_branch_datetime_operator_3 to 2024-07-18 00:00:00+00:00, run_after=2024-07-19 00:00:00+00:00
[2024-07-19T09:16:31.329+0530] {processor.py:183} INFO - Processing /home/growlt245/.local/lib/python3.10/site-packages/airflow/example_dags/example_branch_datetime_operator.py took 0.048 seconds
[2024-07-19T09:17:19.574+0530] {processor.py:161} INFO - Started process (PID=165227) to work on /home/growlt245/.local/lib/python3.10/site-packages/airflow/example_dags/example_branch_datetime_operator.py
[2024-07-19T09:17:19.575+0530] {processor.py:830} INFO - Processing file /home/growlt245/.local/lib/python3.10/site-packages/airflow/example_dags/example_branch_datetime_operator.py for tasks to queue
[2024-07-19T09:17:19.576+0530] {logging_mixin.py:188} INFO - [2024-07-19T09:17:19.576+0530] {dagbag.py:545} INFO - Filling up the DagBag from /home/growlt245/.local/lib/python3.10/site-packages/airflow/example_dags/example_branch_datetime_operator.py
[2024-07-19T09:17:19.586+0530] {processor.py:840} INFO - DAG(s) 'example_branch_datetime_operator', 'example_branch_datetime_operator_2', 'example_branch_datetime_operator_3' retrieved from /home/growlt245/.local/lib/python3.10/site-packages/airflow/example_dags/example_branch_datetime_operator.py
[2024-07-19T09:17:19.599+0530] {logging_mixin.py:188} INFO - [2024-07-19T09:17:19.599+0530] {dag.py:3089} INFO - Sync 3 DAGs
[2024-07-19T09:17:19.609+0530] {logging_mixin.py:188} INFO - [2024-07-19T09:17:19.609+0530] {dag.py:3947} INFO - Setting next_dagrun for example_branch_datetime_operator to 2024-07-18 00:00:00+00:00, run_after=2024-07-19 00:00:00+00:00
[2024-07-19T09:17:19.611+0530] {logging_mixin.py:188} INFO - [2024-07-19T09:17:19.611+0530] {dag.py:3947} INFO - Setting next_dagrun for example_branch_datetime_operator_2 to 2024-07-18 00:00:00+00:00, run_after=2024-07-19 00:00:00+00:00
[2024-07-19T09:17:19.612+0530] {logging_mixin.py:188} INFO - [2024-07-19T09:17:19.612+0530] {dag.py:3947} INFO - Setting next_dagrun for example_branch_datetime_operator_3 to 2024-07-18 00:00:00+00:00, run_after=2024-07-19 00:00:00+00:00
[2024-07-19T09:17:19.622+0530] {processor.py:183} INFO - Processing /home/growlt245/.local/lib/python3.10/site-packages/airflow/example_dags/example_branch_datetime_operator.py took 0.052 seconds
[2024-07-19T09:18:11.971+0530] {processor.py:161} INFO - Started process (PID=165458) to work on /home/growlt245/.local/lib/python3.10/site-packages/airflow/example_dags/example_branch_datetime_operator.py
[2024-07-19T09:18:11.974+0530] {processor.py:830} INFO - Processing file /home/growlt245/.local/lib/python3.10/site-packages/airflow/example_dags/example_branch_datetime_operator.py for tasks to queue
[2024-07-19T09:18:11.975+0530] {logging_mixin.py:188} INFO - [2024-07-19T09:18:11.975+0530] {dagbag.py:545} INFO - Filling up the DagBag from /home/growlt245/.local/lib/python3.10/site-packages/airflow/example_dags/example_branch_datetime_operator.py
[2024-07-19T09:18:11.982+0530] {processor.py:840} INFO - DAG(s) 'example_branch_datetime_operator', 'example_branch_datetime_operator_2', 'example_branch_datetime_operator_3' retrieved from /home/growlt245/.local/lib/python3.10/site-packages/airflow/example_dags/example_branch_datetime_operator.py
[2024-07-19T09:18:11.991+0530] {logging_mixin.py:188} INFO - [2024-07-19T09:18:11.991+0530] {dag.py:3089} INFO - Sync 3 DAGs
[2024-07-19T09:18:12.000+0530] {logging_mixin.py:188} INFO - [2024-07-19T09:18:12.000+0530] {dag.py:3947} INFO - Setting next_dagrun for example_branch_datetime_operator to 2024-07-18 00:00:00+00:00, run_after=2024-07-19 00:00:00+00:00
[2024-07-19T09:18:12.003+0530] {logging_mixin.py:188} INFO - [2024-07-19T09:18:12.003+0530] {dag.py:3947} INFO - Setting next_dagrun for example_branch_datetime_operator_2 to 2024-07-18 00:00:00+00:00, run_after=2024-07-19 00:00:00+00:00
[2024-07-19T09:18:12.004+0530] {logging_mixin.py:188} INFO - [2024-07-19T09:18:12.004+0530] {dag.py:3947} INFO - Setting next_dagrun for example_branch_datetime_operator_3 to 2024-07-18 00:00:00+00:00, run_after=2024-07-19 00:00:00+00:00
[2024-07-19T09:18:12.013+0530] {processor.py:183} INFO - Processing /home/growlt245/.local/lib/python3.10/site-packages/airflow/example_dags/example_branch_datetime_operator.py took 0.046 seconds
[2024-07-19T09:19:07.388+0530] {processor.py:161} INFO - Started process (PID=166410) to work on /home/growlt245/.local/lib/python3.10/site-packages/airflow/example_dags/example_branch_datetime_operator.py
[2024-07-19T09:19:07.390+0530] {processor.py:830} INFO - Processing file /home/growlt245/.local/lib/python3.10/site-packages/airflow/example_dags/example_branch_datetime_operator.py for tasks to queue
[2024-07-19T09:19:07.392+0530] {logging_mixin.py:188} INFO - [2024-07-19T09:19:07.392+0530] {dagbag.py:545} INFO - Filling up the DagBag from /home/growlt245/.local/lib/python3.10/site-packages/airflow/example_dags/example_branch_datetime_operator.py
[2024-07-19T09:19:07.402+0530] {processor.py:840} INFO - DAG(s) 'example_branch_datetime_operator_2', 'example_branch_datetime_operator_3', 'example_branch_datetime_operator' retrieved from /home/growlt245/.local/lib/python3.10/site-packages/airflow/example_dags/example_branch_datetime_operator.py
[2024-07-19T09:19:07.413+0530] {logging_mixin.py:188} INFO - [2024-07-19T09:19:07.413+0530] {dag.py:3089} INFO - Sync 3 DAGs
[2024-07-19T09:19:07.422+0530] {logging_mixin.py:188} INFO - [2024-07-19T09:19:07.422+0530] {dag.py:3947} INFO - Setting next_dagrun for example_branch_datetime_operator to 2024-07-18 00:00:00+00:00, run_after=2024-07-19 00:00:00+00:00
[2024-07-19T09:19:07.424+0530] {logging_mixin.py:188} INFO - [2024-07-19T09:19:07.424+0530] {dag.py:3947} INFO - Setting next_dagrun for example_branch_datetime_operator_2 to 2024-07-18 00:00:00+00:00, run_after=2024-07-19 00:00:00+00:00
[2024-07-19T09:19:07.425+0530] {logging_mixin.py:188} INFO - [2024-07-19T09:19:07.425+0530] {dag.py:3947} INFO - Setting next_dagrun for example_branch_datetime_operator_3 to 2024-07-18 00:00:00+00:00, run_after=2024-07-19 00:00:00+00:00
[2024-07-19T09:19:07.435+0530] {processor.py:183} INFO - Processing /home/growlt245/.local/lib/python3.10/site-packages/airflow/example_dags/example_branch_datetime_operator.py took 0.051 seconds
[2024-07-19T09:19:51.831+0530] {processor.py:161} INFO - Started process (PID=166589) to work on /home/growlt245/.local/lib/python3.10/site-packages/airflow/example_dags/example_branch_datetime_operator.py
[2024-07-19T09:19:51.834+0530] {processor.py:830} INFO - Processing file /home/growlt245/.local/lib/python3.10/site-packages/airflow/example_dags/example_branch_datetime_operator.py for tasks to queue
[2024-07-19T09:19:51.835+0530] {logging_mixin.py:188} INFO - [2024-07-19T09:19:51.835+0530] {dagbag.py:545} INFO - Filling up the DagBag from /home/growlt245/.local/lib/python3.10/site-packages/airflow/example_dags/example_branch_datetime_operator.py
[2024-07-19T09:19:51.841+0530] {processor.py:840} INFO - DAG(s) 'example_branch_datetime_operator_2', 'example_branch_datetime_operator', 'example_branch_datetime_operator_3' retrieved from /home/growlt245/.local/lib/python3.10/site-packages/airflow/example_dags/example_branch_datetime_operator.py
[2024-07-19T09:19:51.851+0530] {logging_mixin.py:188} INFO - [2024-07-19T09:19:51.850+0530] {dag.py:3089} INFO - Sync 3 DAGs
[2024-07-19T09:19:51.860+0530] {logging_mixin.py:188} INFO - [2024-07-19T09:19:51.860+0530] {dag.py:3947} INFO - Setting next_dagrun for example_branch_datetime_operator to 2024-07-18 00:00:00+00:00, run_after=2024-07-19 00:00:00+00:00
[2024-07-19T09:19:51.862+0530] {logging_mixin.py:188} INFO - [2024-07-19T09:19:51.862+0530] {dag.py:3947} INFO - Setting next_dagrun for example_branch_datetime_operator_2 to 2024-07-18 00:00:00+00:00, run_after=2024-07-19 00:00:00+00:00
[2024-07-19T09:19:51.863+0530] {logging_mixin.py:188} INFO - [2024-07-19T09:19:51.863+0530] {dag.py:3947} INFO - Setting next_dagrun for example_branch_datetime_operator_3 to 2024-07-18 00:00:00+00:00, run_after=2024-07-19 00:00:00+00:00
[2024-07-19T09:19:51.872+0530] {processor.py:183} INFO - Processing /home/growlt245/.local/lib/python3.10/site-packages/airflow/example_dags/example_branch_datetime_operator.py took 0.045 seconds
[2024-07-19T09:20:36.122+0530] {processor.py:161} INFO - Started process (PID=166906) to work on /home/growlt245/.local/lib/python3.10/site-packages/airflow/example_dags/example_branch_datetime_operator.py
[2024-07-19T09:20:36.123+0530] {processor.py:830} INFO - Processing file /home/growlt245/.local/lib/python3.10/site-packages/airflow/example_dags/example_branch_datetime_operator.py for tasks to queue
[2024-07-19T09:20:36.124+0530] {logging_mixin.py:188} INFO - [2024-07-19T09:20:36.124+0530] {dagbag.py:545} INFO - Filling up the DagBag from /home/growlt245/.local/lib/python3.10/site-packages/airflow/example_dags/example_branch_datetime_operator.py
[2024-07-19T09:20:36.130+0530] {processor.py:840} INFO - DAG(s) 'example_branch_datetime_operator_3', 'example_branch_datetime_operator', 'example_branch_datetime_operator_2' retrieved from /home/growlt245/.local/lib/python3.10/site-packages/airflow/example_dags/example_branch_datetime_operator.py
[2024-07-19T09:20:36.140+0530] {logging_mixin.py:188} INFO - [2024-07-19T09:20:36.140+0530] {dag.py:3089} INFO - Sync 3 DAGs
[2024-07-19T09:20:36.149+0530] {logging_mixin.py:188} INFO - [2024-07-19T09:20:36.149+0530] {dag.py:3947} INFO - Setting next_dagrun for example_branch_datetime_operator to 2024-07-18 00:00:00+00:00, run_after=2024-07-19 00:00:00+00:00
[2024-07-19T09:20:36.151+0530] {logging_mixin.py:188} INFO - [2024-07-19T09:20:36.151+0530] {dag.py:3947} INFO - Setting next_dagrun for example_branch_datetime_operator_2 to 2024-07-18 00:00:00+00:00, run_after=2024-07-19 00:00:00+00:00
[2024-07-19T09:20:36.152+0530] {logging_mixin.py:188} INFO - [2024-07-19T09:20:36.152+0530] {dag.py:3947} INFO - Setting next_dagrun for example_branch_datetime_operator_3 to 2024-07-18 00:00:00+00:00, run_after=2024-07-19 00:00:00+00:00
[2024-07-19T09:20:36.161+0530] {processor.py:183} INFO - Processing /home/growlt245/.local/lib/python3.10/site-packages/airflow/example_dags/example_branch_datetime_operator.py took 0.043 seconds
[2024-07-19T09:21:21.456+0530] {processor.py:161} INFO - Started process (PID=167203) to work on /home/growlt245/.local/lib/python3.10/site-packages/airflow/example_dags/example_branch_datetime_operator.py
[2024-07-19T09:21:21.459+0530] {processor.py:830} INFO - Processing file /home/growlt245/.local/lib/python3.10/site-packages/airflow/example_dags/example_branch_datetime_operator.py for tasks to queue
[2024-07-19T09:21:21.461+0530] {logging_mixin.py:188} INFO - [2024-07-19T09:21:21.460+0530] {dagbag.py:545} INFO - Filling up the DagBag from /home/growlt245/.local/lib/python3.10/site-packages/airflow/example_dags/example_branch_datetime_operator.py
[2024-07-19T09:21:21.470+0530] {processor.py:840} INFO - DAG(s) 'example_branch_datetime_operator_2', 'example_branch_datetime_operator_3', 'example_branch_datetime_operator' retrieved from /home/growlt245/.local/lib/python3.10/site-packages/airflow/example_dags/example_branch_datetime_operator.py
[2024-07-19T09:21:21.480+0530] {logging_mixin.py:188} INFO - [2024-07-19T09:21:21.480+0530] {dag.py:3089} INFO - Sync 3 DAGs
[2024-07-19T09:21:21.489+0530] {logging_mixin.py:188} INFO - [2024-07-19T09:21:21.489+0530] {dag.py:3947} INFO - Setting next_dagrun for example_branch_datetime_operator to 2024-07-18 00:00:00+00:00, run_after=2024-07-19 00:00:00+00:00
[2024-07-19T09:21:21.491+0530] {logging_mixin.py:188} INFO - [2024-07-19T09:21:21.491+0530] {dag.py:3947} INFO - Setting next_dagrun for example_branch_datetime_operator_2 to 2024-07-18 00:00:00+00:00, run_after=2024-07-19 00:00:00+00:00
[2024-07-19T09:21:21.492+0530] {logging_mixin.py:188} INFO - [2024-07-19T09:21:21.492+0530] {dag.py:3947} INFO - Setting next_dagrun for example_branch_datetime_operator_3 to 2024-07-18 00:00:00+00:00, run_after=2024-07-19 00:00:00+00:00
[2024-07-19T09:21:21.501+0530] {processor.py:183} INFO - Processing /home/growlt245/.local/lib/python3.10/site-packages/airflow/example_dags/example_branch_datetime_operator.py took 0.051 seconds
[2024-07-19T09:22:15.815+0530] {processor.py:161} INFO - Started process (PID=167583) to work on /home/growlt245/.local/lib/python3.10/site-packages/airflow/example_dags/example_branch_datetime_operator.py
[2024-07-19T09:22:15.818+0530] {processor.py:830} INFO - Processing file /home/growlt245/.local/lib/python3.10/site-packages/airflow/example_dags/example_branch_datetime_operator.py for tasks to queue
[2024-07-19T09:22:15.820+0530] {logging_mixin.py:188} INFO - [2024-07-19T09:22:15.819+0530] {dagbag.py:545} INFO - Filling up the DagBag from /home/growlt245/.local/lib/python3.10/site-packages/airflow/example_dags/example_branch_datetime_operator.py
[2024-07-19T09:22:15.827+0530] {processor.py:840} INFO - DAG(s) 'example_branch_datetime_operator_3', 'example_branch_datetime_operator', 'example_branch_datetime_operator_2' retrieved from /home/growlt245/.local/lib/python3.10/site-packages/airflow/example_dags/example_branch_datetime_operator.py
[2024-07-19T09:22:15.838+0530] {logging_mixin.py:188} INFO - [2024-07-19T09:22:15.837+0530] {dag.py:3089} INFO - Sync 3 DAGs
[2024-07-19T09:22:15.848+0530] {logging_mixin.py:188} INFO - [2024-07-19T09:22:15.848+0530] {dag.py:3947} INFO - Setting next_dagrun for example_branch_datetime_operator to 2024-07-18 00:00:00+00:00, run_after=2024-07-19 00:00:00+00:00
[2024-07-19T09:22:15.851+0530] {logging_mixin.py:188} INFO - [2024-07-19T09:22:15.850+0530] {dag.py:3947} INFO - Setting next_dagrun for example_branch_datetime_operator_2 to 2024-07-18 00:00:00+00:00, run_after=2024-07-19 00:00:00+00:00
[2024-07-19T09:22:15.852+0530] {logging_mixin.py:188} INFO - [2024-07-19T09:22:15.851+0530] {dag.py:3947} INFO - Setting next_dagrun for example_branch_datetime_operator_3 to 2024-07-18 00:00:00+00:00, run_after=2024-07-19 00:00:00+00:00
[2024-07-19T09:22:15.861+0530] {processor.py:183} INFO - Processing /home/growlt245/.local/lib/python3.10/site-packages/airflow/example_dags/example_branch_datetime_operator.py took 0.051 seconds
[2024-07-19T09:23:06.254+0530] {processor.py:161} INFO - Started process (PID=167923) to work on /home/growlt245/.local/lib/python3.10/site-packages/airflow/example_dags/example_branch_datetime_operator.py
[2024-07-19T09:23:06.257+0530] {processor.py:830} INFO - Processing file /home/growlt245/.local/lib/python3.10/site-packages/airflow/example_dags/example_branch_datetime_operator.py for tasks to queue
[2024-07-19T09:23:06.258+0530] {logging_mixin.py:188} INFO - [2024-07-19T09:23:06.258+0530] {dagbag.py:545} INFO - Filling up the DagBag from /home/growlt245/.local/lib/python3.10/site-packages/airflow/example_dags/example_branch_datetime_operator.py
[2024-07-19T09:23:06.264+0530] {processor.py:840} INFO - DAG(s) 'example_branch_datetime_operator_3', 'example_branch_datetime_operator', 'example_branch_datetime_operator_2' retrieved from /home/growlt245/.local/lib/python3.10/site-packages/airflow/example_dags/example_branch_datetime_operator.py
[2024-07-19T09:23:06.275+0530] {logging_mixin.py:188} INFO - [2024-07-19T09:23:06.275+0530] {dag.py:3089} INFO - Sync 3 DAGs
[2024-07-19T09:23:06.284+0530] {logging_mixin.py:188} INFO - [2024-07-19T09:23:06.284+0530] {dag.py:3947} INFO - Setting next_dagrun for example_branch_datetime_operator to 2024-07-18 00:00:00+00:00, run_after=2024-07-19 00:00:00+00:00
[2024-07-19T09:23:06.286+0530] {logging_mixin.py:188} INFO - [2024-07-19T09:23:06.286+0530] {dag.py:3947} INFO - Setting next_dagrun for example_branch_datetime_operator_2 to 2024-07-18 00:00:00+00:00, run_after=2024-07-19 00:00:00+00:00
[2024-07-19T09:23:06.287+0530] {logging_mixin.py:188} INFO - [2024-07-19T09:23:06.287+0530] {dag.py:3947} INFO - Setting next_dagrun for example_branch_datetime_operator_3 to 2024-07-18 00:00:00+00:00, run_after=2024-07-19 00:00:00+00:00
[2024-07-19T09:23:06.296+0530] {processor.py:183} INFO - Processing /home/growlt245/.local/lib/python3.10/site-packages/airflow/example_dags/example_branch_datetime_operator.py took 0.045 seconds
[2024-07-19T09:23:51.187+0530] {processor.py:161} INFO - Started process (PID=168148) to work on /home/growlt245/.local/lib/python3.10/site-packages/airflow/example_dags/example_branch_datetime_operator.py
[2024-07-19T09:23:51.190+0530] {processor.py:830} INFO - Processing file /home/growlt245/.local/lib/python3.10/site-packages/airflow/example_dags/example_branch_datetime_operator.py for tasks to queue
[2024-07-19T09:23:51.192+0530] {logging_mixin.py:188} INFO - [2024-07-19T09:23:51.192+0530] {dagbag.py:545} INFO - Filling up the DagBag from /home/growlt245/.local/lib/python3.10/site-packages/airflow/example_dags/example_branch_datetime_operator.py
[2024-07-19T09:23:51.203+0530] {processor.py:840} INFO - DAG(s) 'example_branch_datetime_operator_3', 'example_branch_datetime_operator_2', 'example_branch_datetime_operator' retrieved from /home/growlt245/.local/lib/python3.10/site-packages/airflow/example_dags/example_branch_datetime_operator.py
[2024-07-19T09:23:51.233+0530] {logging_mixin.py:188} INFO - [2024-07-19T09:23:51.233+0530] {dag.py:3089} INFO - Sync 3 DAGs
[2024-07-19T09:23:51.252+0530] {logging_mixin.py:188} INFO - [2024-07-19T09:23:51.251+0530] {dag.py:3947} INFO - Setting next_dagrun for example_branch_datetime_operator to 2024-07-18 00:00:00+00:00, run_after=2024-07-19 00:00:00+00:00
[2024-07-19T09:23:51.254+0530] {logging_mixin.py:188} INFO - [2024-07-19T09:23:51.254+0530] {dag.py:3947} INFO - Setting next_dagrun for example_branch_datetime_operator_2 to 2024-07-18 00:00:00+00:00, run_after=2024-07-19 00:00:00+00:00
[2024-07-19T09:23:51.255+0530] {logging_mixin.py:188} INFO - [2024-07-19T09:23:51.255+0530] {dag.py:3947} INFO - Setting next_dagrun for example_branch_datetime_operator_3 to 2024-07-18 00:00:00+00:00, run_after=2024-07-19 00:00:00+00:00
[2024-07-19T09:23:51.264+0530] {processor.py:183} INFO - Processing /home/growlt245/.local/lib/python3.10/site-packages/airflow/example_dags/example_branch_datetime_operator.py took 0.082 seconds
[2024-07-19T09:24:37.886+0530] {processor.py:161} INFO - Started process (PID=168391) to work on /home/growlt245/.local/lib/python3.10/site-packages/airflow/example_dags/example_branch_datetime_operator.py
[2024-07-19T09:24:37.889+0530] {processor.py:830} INFO - Processing file /home/growlt245/.local/lib/python3.10/site-packages/airflow/example_dags/example_branch_datetime_operator.py for tasks to queue
[2024-07-19T09:24:37.890+0530] {logging_mixin.py:188} INFO - [2024-07-19T09:24:37.890+0530] {dagbag.py:545} INFO - Filling up the DagBag from /home/growlt245/.local/lib/python3.10/site-packages/airflow/example_dags/example_branch_datetime_operator.py
[2024-07-19T09:24:37.899+0530] {processor.py:840} INFO - DAG(s) 'example_branch_datetime_operator', 'example_branch_datetime_operator_2', 'example_branch_datetime_operator_3' retrieved from /home/growlt245/.local/lib/python3.10/site-packages/airflow/example_dags/example_branch_datetime_operator.py
[2024-07-19T09:24:37.909+0530] {logging_mixin.py:188} INFO - [2024-07-19T09:24:37.908+0530] {dag.py:3089} INFO - Sync 3 DAGs
[2024-07-19T09:24:37.918+0530] {logging_mixin.py:188} INFO - [2024-07-19T09:24:37.918+0530] {dag.py:3947} INFO - Setting next_dagrun for example_branch_datetime_operator to 2024-07-18 00:00:00+00:00, run_after=2024-07-19 00:00:00+00:00
[2024-07-19T09:24:37.921+0530] {logging_mixin.py:188} INFO - [2024-07-19T09:24:37.920+0530] {dag.py:3947} INFO - Setting next_dagrun for example_branch_datetime_operator_2 to 2024-07-18 00:00:00+00:00, run_after=2024-07-19 00:00:00+00:00
[2024-07-19T09:24:37.921+0530] {logging_mixin.py:188} INFO - [2024-07-19T09:24:37.921+0530] {dag.py:3947} INFO - Setting next_dagrun for example_branch_datetime_operator_3 to 2024-07-18 00:00:00+00:00, run_after=2024-07-19 00:00:00+00:00
[2024-07-19T09:24:37.933+0530] {processor.py:183} INFO - Processing /home/growlt245/.local/lib/python3.10/site-packages/airflow/example_dags/example_branch_datetime_operator.py took 0.051 seconds
