[2024-07-19T08:57:05.686+0530] {processor.py:161} INFO - Started process (PID=155524) to work on /home/growlt245/.local/lib/python3.10/site-packages/airflow/example_dags/example_skip_dag.py
[2024-07-19T08:57:05.687+0530] {processor.py:830} INFO - Processing file /home/growlt245/.local/lib/python3.10/site-packages/airflow/example_dags/example_skip_dag.py for tasks to queue
[2024-07-19T08:57:05.688+0530] {logging_mixin.py:188} INFO - [2024-07-19T08:57:05.688+0530] {dagbag.py:545} INFO - Filling up the DagBag from /home/growlt245/.local/lib/python3.10/site-packages/airflow/example_dags/example_skip_dag.py
[2024-07-19T08:57:05.693+0530] {processor.py:840} INFO - DAG(s) 'example_skip_dag' retrieved from /home/growlt245/.local/lib/python3.10/site-packages/airflow/example_dags/example_skip_dag.py
[2024-07-19T08:57:05.703+0530] {logging_mixin.py:188} INFO - [2024-07-19T08:57:05.703+0530] {dag.py:3089} INFO - Sync 1 DAGs
[2024-07-19T08:57:05.713+0530] {logging_mixin.py:188} INFO - [2024-07-19T08:57:05.712+0530] {dag.py:3947} INFO - Setting next_dagrun for example_skip_dag to 2024-07-18 00:00:00+00:00, run_after=2024-07-19 00:00:00+00:00
[2024-07-19T08:57:05.722+0530] {processor.py:183} INFO - Processing /home/growlt245/.local/lib/python3.10/site-packages/airflow/example_dags/example_skip_dag.py took 0.040 seconds
[2024-07-19T09:15:27.163+0530] {processor.py:161} INFO - Started process (PID=164258) to work on /home/growlt245/.local/lib/python3.10/site-packages/airflow/example_dags/example_skip_dag.py
[2024-07-19T09:15:27.164+0530] {processor.py:830} INFO - Processing file /home/growlt245/.local/lib/python3.10/site-packages/airflow/example_dags/example_skip_dag.py for tasks to queue
[2024-07-19T09:15:27.166+0530] {logging_mixin.py:188} INFO - [2024-07-19T09:15:27.165+0530] {dagbag.py:545} INFO - Filling up the DagBag from /home/growlt245/.local/lib/python3.10/site-packages/airflow/example_dags/example_skip_dag.py
[2024-07-19T09:15:27.170+0530] {processor.py:840} INFO - DAG(s) 'example_skip_dag' retrieved from /home/growlt245/.local/lib/python3.10/site-packages/airflow/example_dags/example_skip_dag.py
[2024-07-19T09:15:27.180+0530] {logging_mixin.py:188} INFO - [2024-07-19T09:15:27.180+0530] {dag.py:3089} INFO - Sync 1 DAGs
[2024-07-19T09:15:27.189+0530] {logging_mixin.py:188} INFO - [2024-07-19T09:15:27.189+0530] {dag.py:3947} INFO - Setting next_dagrun for example_skip_dag to 2024-07-18 00:00:00+00:00, run_after=2024-07-19 00:00:00+00:00
[2024-07-19T09:15:27.199+0530] {processor.py:183} INFO - Processing /home/growlt245/.local/lib/python3.10/site-packages/airflow/example_dags/example_skip_dag.py took 0.042 seconds
[2024-07-19T09:16:16.607+0530] {processor.py:161} INFO - Started process (PID=164432) to work on /home/growlt245/.local/lib/python3.10/site-packages/airflow/example_dags/example_skip_dag.py
[2024-07-19T09:16:16.608+0530] {processor.py:830} INFO - Processing file /home/growlt245/.local/lib/python3.10/site-packages/airflow/example_dags/example_skip_dag.py for tasks to queue
[2024-07-19T09:16:16.610+0530] {logging_mixin.py:188} INFO - [2024-07-19T09:16:16.609+0530] {dagbag.py:545} INFO - Filling up the DagBag from /home/growlt245/.local/lib/python3.10/site-packages/airflow/example_dags/example_skip_dag.py
[2024-07-19T09:16:16.615+0530] {processor.py:840} INFO - DAG(s) 'example_skip_dag' retrieved from /home/growlt245/.local/lib/python3.10/site-packages/airflow/example_dags/example_skip_dag.py
[2024-07-19T09:16:16.624+0530] {logging_mixin.py:188} INFO - [2024-07-19T09:16:16.624+0530] {dag.py:3089} INFO - Sync 1 DAGs
[2024-07-19T09:16:16.636+0530] {logging_mixin.py:188} INFO - [2024-07-19T09:16:16.635+0530] {dag.py:3947} INFO - Setting next_dagrun for example_skip_dag to 2024-07-18 00:00:00+00:00, run_after=2024-07-19 00:00:00+00:00
[2024-07-19T09:16:16.647+0530] {processor.py:183} INFO - Processing /home/growlt245/.local/lib/python3.10/site-packages/airflow/example_dags/example_skip_dag.py took 0.044 seconds
[2024-07-19T09:17:01.695+0530] {processor.py:161} INFO - Started process (PID=165157) to work on /home/growlt245/.local/lib/python3.10/site-packages/airflow/example_dags/example_skip_dag.py
[2024-07-19T09:17:01.698+0530] {processor.py:830} INFO - Processing file /home/growlt245/.local/lib/python3.10/site-packages/airflow/example_dags/example_skip_dag.py for tasks to queue
[2024-07-19T09:17:01.699+0530] {logging_mixin.py:188} INFO - [2024-07-19T09:17:01.699+0530] {dagbag.py:545} INFO - Filling up the DagBag from /home/growlt245/.local/lib/python3.10/site-packages/airflow/example_dags/example_skip_dag.py
[2024-07-19T09:17:01.703+0530] {processor.py:840} INFO - DAG(s) 'example_skip_dag' retrieved from /home/growlt245/.local/lib/python3.10/site-packages/airflow/example_dags/example_skip_dag.py
[2024-07-19T09:17:01.712+0530] {logging_mixin.py:188} INFO - [2024-07-19T09:17:01.712+0530] {dag.py:3089} INFO - Sync 1 DAGs
[2024-07-19T09:17:01.722+0530] {logging_mixin.py:188} INFO - [2024-07-19T09:17:01.721+0530] {dag.py:3947} INFO - Setting next_dagrun for example_skip_dag to 2024-07-18 00:00:00+00:00, run_after=2024-07-19 00:00:00+00:00
[2024-07-19T09:17:01.731+0530] {processor.py:183} INFO - Processing /home/growlt245/.local/lib/python3.10/site-packages/airflow/example_dags/example_skip_dag.py took 0.041 seconds
[2024-07-19T09:17:50.799+0530] {processor.py:161} INFO - Started process (PID=165348) to work on /home/growlt245/.local/lib/python3.10/site-packages/airflow/example_dags/example_skip_dag.py
[2024-07-19T09:17:50.802+0530] {processor.py:830} INFO - Processing file /home/growlt245/.local/lib/python3.10/site-packages/airflow/example_dags/example_skip_dag.py for tasks to queue
[2024-07-19T09:17:50.803+0530] {logging_mixin.py:188} INFO - [2024-07-19T09:17:50.803+0530] {dagbag.py:545} INFO - Filling up the DagBag from /home/growlt245/.local/lib/python3.10/site-packages/airflow/example_dags/example_skip_dag.py
[2024-07-19T09:17:50.807+0530] {processor.py:840} INFO - DAG(s) 'example_skip_dag' retrieved from /home/growlt245/.local/lib/python3.10/site-packages/airflow/example_dags/example_skip_dag.py
[2024-07-19T09:17:50.815+0530] {logging_mixin.py:188} INFO - [2024-07-19T09:17:50.815+0530] {dag.py:3089} INFO - Sync 1 DAGs
[2024-07-19T09:17:50.823+0530] {logging_mixin.py:188} INFO - [2024-07-19T09:17:50.823+0530] {dag.py:3947} INFO - Setting next_dagrun for example_skip_dag to 2024-07-18 00:00:00+00:00, run_after=2024-07-19 00:00:00+00:00
[2024-07-19T09:17:50.833+0530] {processor.py:183} INFO - Processing /home/growlt245/.local/lib/python3.10/site-packages/airflow/example_dags/example_skip_dag.py took 0.037 seconds
[2024-07-19T09:18:45.148+0530] {processor.py:161} INFO - Started process (PID=166261) to work on /home/growlt245/.local/lib/python3.10/site-packages/airflow/example_dags/example_skip_dag.py
[2024-07-19T09:18:45.151+0530] {processor.py:830} INFO - Processing file /home/growlt245/.local/lib/python3.10/site-packages/airflow/example_dags/example_skip_dag.py for tasks to queue
[2024-07-19T09:18:45.152+0530] {logging_mixin.py:188} INFO - [2024-07-19T09:18:45.152+0530] {dagbag.py:545} INFO - Filling up the DagBag from /home/growlt245/.local/lib/python3.10/site-packages/airflow/example_dags/example_skip_dag.py
[2024-07-19T09:18:45.157+0530] {processor.py:840} INFO - DAG(s) 'example_skip_dag' retrieved from /home/growlt245/.local/lib/python3.10/site-packages/airflow/example_dags/example_skip_dag.py
[2024-07-19T09:18:45.165+0530] {logging_mixin.py:188} INFO - [2024-07-19T09:18:45.165+0530] {dag.py:3089} INFO - Sync 1 DAGs
[2024-07-19T09:18:45.174+0530] {logging_mixin.py:188} INFO - [2024-07-19T09:18:45.174+0530] {dag.py:3947} INFO - Setting next_dagrun for example_skip_dag to 2024-07-18 00:00:00+00:00, run_after=2024-07-19 00:00:00+00:00
[2024-07-19T09:18:45.183+0530] {processor.py:183} INFO - Processing /home/growlt245/.local/lib/python3.10/site-packages/airflow/example_dags/example_skip_dag.py took 0.038 seconds
[2024-07-19T09:19:33.143+0530] {processor.py:161} INFO - Started process (PID=166494) to work on /home/growlt245/.local/lib/python3.10/site-packages/airflow/example_dags/example_skip_dag.py
[2024-07-19T09:19:33.146+0530] {processor.py:830} INFO - Processing file /home/growlt245/.local/lib/python3.10/site-packages/airflow/example_dags/example_skip_dag.py for tasks to queue
[2024-07-19T09:19:33.146+0530] {logging_mixin.py:188} INFO - [2024-07-19T09:19:33.146+0530] {dagbag.py:545} INFO - Filling up the DagBag from /home/growlt245/.local/lib/python3.10/site-packages/airflow/example_dags/example_skip_dag.py
[2024-07-19T09:19:33.151+0530] {processor.py:840} INFO - DAG(s) 'example_skip_dag' retrieved from /home/growlt245/.local/lib/python3.10/site-packages/airflow/example_dags/example_skip_dag.py
[2024-07-19T09:19:33.160+0530] {logging_mixin.py:188} INFO - [2024-07-19T09:19:33.160+0530] {dag.py:3089} INFO - Sync 1 DAGs
[2024-07-19T09:19:33.169+0530] {logging_mixin.py:188} INFO - [2024-07-19T09:19:33.169+0530] {dag.py:3947} INFO - Setting next_dagrun for example_skip_dag to 2024-07-18 00:00:00+00:00, run_after=2024-07-19 00:00:00+00:00
[2024-07-19T09:19:33.179+0530] {processor.py:183} INFO - Processing /home/growlt245/.local/lib/python3.10/site-packages/airflow/example_dags/example_skip_dag.py took 0.039 seconds
[2024-07-19T09:20:18.236+0530] {processor.py:161} INFO - Started process (PID=166727) to work on /home/growlt245/.local/lib/python3.10/site-packages/airflow/example_dags/example_skip_dag.py
[2024-07-19T09:20:18.237+0530] {processor.py:830} INFO - Processing file /home/growlt245/.local/lib/python3.10/site-packages/airflow/example_dags/example_skip_dag.py for tasks to queue
[2024-07-19T09:20:18.239+0530] {logging_mixin.py:188} INFO - [2024-07-19T09:20:18.238+0530] {dagbag.py:545} INFO - Filling up the DagBag from /home/growlt245/.local/lib/python3.10/site-packages/airflow/example_dags/example_skip_dag.py
[2024-07-19T09:20:18.244+0530] {processor.py:840} INFO - DAG(s) 'example_skip_dag' retrieved from /home/growlt245/.local/lib/python3.10/site-packages/airflow/example_dags/example_skip_dag.py
[2024-07-19T09:20:18.253+0530] {logging_mixin.py:188} INFO - [2024-07-19T09:20:18.253+0530] {dag.py:3089} INFO - Sync 1 DAGs
[2024-07-19T09:20:18.262+0530] {logging_mixin.py:188} INFO - [2024-07-19T09:20:18.262+0530] {dag.py:3947} INFO - Setting next_dagrun for example_skip_dag to 2024-07-18 00:00:00+00:00, run_after=2024-07-19 00:00:00+00:00
[2024-07-19T09:20:18.270+0530] {processor.py:183} INFO - Processing /home/growlt245/.local/lib/python3.10/site-packages/airflow/example_dags/example_skip_dag.py took 0.038 seconds
[2024-07-19T09:21:01.300+0530] {processor.py:161} INFO - Started process (PID=167103) to work on /home/growlt245/.local/lib/python3.10/site-packages/airflow/example_dags/example_skip_dag.py
[2024-07-19T09:21:01.302+0530] {processor.py:830} INFO - Processing file /home/growlt245/.local/lib/python3.10/site-packages/airflow/example_dags/example_skip_dag.py for tasks to queue
[2024-07-19T09:21:01.303+0530] {logging_mixin.py:188} INFO - [2024-07-19T09:21:01.302+0530] {dagbag.py:545} INFO - Filling up the DagBag from /home/growlt245/.local/lib/python3.10/site-packages/airflow/example_dags/example_skip_dag.py
[2024-07-19T09:21:01.307+0530] {processor.py:840} INFO - DAG(s) 'example_skip_dag' retrieved from /home/growlt245/.local/lib/python3.10/site-packages/airflow/example_dags/example_skip_dag.py
[2024-07-19T09:21:01.314+0530] {logging_mixin.py:188} INFO - [2024-07-19T09:21:01.314+0530] {dag.py:3089} INFO - Sync 1 DAGs
[2024-07-19T09:21:01.326+0530] {logging_mixin.py:188} INFO - [2024-07-19T09:21:01.326+0530] {dag.py:3947} INFO - Setting next_dagrun for example_skip_dag to 2024-07-18 00:00:00+00:00, run_after=2024-07-19 00:00:00+00:00
[2024-07-19T09:21:01.338+0530] {processor.py:183} INFO - Processing /home/growlt245/.local/lib/python3.10/site-packages/airflow/example_dags/example_skip_dag.py took 0.043 seconds
[2024-07-19T09:21:52.676+0530] {processor.py:161} INFO - Started process (PID=167447) to work on /home/growlt245/.local/lib/python3.10/site-packages/airflow/example_dags/example_skip_dag.py
[2024-07-19T09:21:52.679+0530] {processor.py:830} INFO - Processing file /home/growlt245/.local/lib/python3.10/site-packages/airflow/example_dags/example_skip_dag.py for tasks to queue
[2024-07-19T09:21:52.681+0530] {logging_mixin.py:188} INFO - [2024-07-19T09:21:52.680+0530] {dagbag.py:545} INFO - Filling up the DagBag from /home/growlt245/.local/lib/python3.10/site-packages/airflow/example_dags/example_skip_dag.py
[2024-07-19T09:21:52.687+0530] {processor.py:840} INFO - DAG(s) 'example_skip_dag' retrieved from /home/growlt245/.local/lib/python3.10/site-packages/airflow/example_dags/example_skip_dag.py
[2024-07-19T09:21:52.696+0530] {logging_mixin.py:188} INFO - [2024-07-19T09:21:52.696+0530] {dag.py:3089} INFO - Sync 1 DAGs
[2024-07-19T09:21:52.704+0530] {logging_mixin.py:188} INFO - [2024-07-19T09:21:52.704+0530] {dag.py:3947} INFO - Setting next_dagrun for example_skip_dag to 2024-07-18 00:00:00+00:00, run_after=2024-07-19 00:00:00+00:00
[2024-07-19T09:21:52.714+0530] {processor.py:183} INFO - Processing /home/growlt245/.local/lib/python3.10/site-packages/airflow/example_dags/example_skip_dag.py took 0.043 seconds
[2024-07-19T09:22:47.167+0530] {processor.py:161} INFO - Started process (PID=167865) to work on /home/growlt245/.local/lib/python3.10/site-packages/airflow/example_dags/example_skip_dag.py
[2024-07-19T09:22:47.169+0530] {processor.py:830} INFO - Processing file /home/growlt245/.local/lib/python3.10/site-packages/airflow/example_dags/example_skip_dag.py for tasks to queue
[2024-07-19T09:22:47.170+0530] {logging_mixin.py:188} INFO - [2024-07-19T09:22:47.170+0530] {dagbag.py:545} INFO - Filling up the DagBag from /home/growlt245/.local/lib/python3.10/site-packages/airflow/example_dags/example_skip_dag.py
[2024-07-19T09:22:47.174+0530] {processor.py:840} INFO - DAG(s) 'example_skip_dag' retrieved from /home/growlt245/.local/lib/python3.10/site-packages/airflow/example_dags/example_skip_dag.py
[2024-07-19T09:22:47.182+0530] {logging_mixin.py:188} INFO - [2024-07-19T09:22:47.182+0530] {dag.py:3089} INFO - Sync 1 DAGs
[2024-07-19T09:22:47.192+0530] {logging_mixin.py:188} INFO - [2024-07-19T09:22:47.192+0530] {dag.py:3947} INFO - Setting next_dagrun for example_skip_dag to 2024-07-18 00:00:00+00:00, run_after=2024-07-19 00:00:00+00:00
[2024-07-19T09:22:47.202+0530] {processor.py:183} INFO - Processing /home/growlt245/.local/lib/python3.10/site-packages/airflow/example_dags/example_skip_dag.py took 0.039 seconds
[2024-07-19T09:23:31.416+0530] {processor.py:161} INFO - Started process (PID=168095) to work on /home/growlt245/.local/lib/python3.10/site-packages/airflow/example_dags/example_skip_dag.py
[2024-07-19T09:23:31.418+0530] {processor.py:830} INFO - Processing file /home/growlt245/.local/lib/python3.10/site-packages/airflow/example_dags/example_skip_dag.py for tasks to queue
[2024-07-19T09:23:31.420+0530] {logging_mixin.py:188} INFO - [2024-07-19T09:23:31.419+0530] {dagbag.py:545} INFO - Filling up the DagBag from /home/growlt245/.local/lib/python3.10/site-packages/airflow/example_dags/example_skip_dag.py
[2024-07-19T09:23:31.426+0530] {processor.py:840} INFO - DAG(s) 'example_skip_dag' retrieved from /home/growlt245/.local/lib/python3.10/site-packages/airflow/example_dags/example_skip_dag.py
[2024-07-19T09:23:31.436+0530] {logging_mixin.py:188} INFO - [2024-07-19T09:23:31.436+0530] {dag.py:3089} INFO - Sync 1 DAGs
[2024-07-19T09:23:31.446+0530] {logging_mixin.py:188} INFO - [2024-07-19T09:23:31.446+0530] {dag.py:3947} INFO - Setting next_dagrun for example_skip_dag to 2024-07-18 00:00:00+00:00, run_after=2024-07-19 00:00:00+00:00
[2024-07-19T09:23:31.455+0530] {processor.py:183} INFO - Processing /home/growlt245/.local/lib/python3.10/site-packages/airflow/example_dags/example_skip_dag.py took 0.044 seconds
[2024-07-19T09:24:17.868+0530] {processor.py:161} INFO - Started process (PID=168228) to work on /home/growlt245/.local/lib/python3.10/site-packages/airflow/example_dags/example_skip_dag.py
[2024-07-19T09:24:17.870+0530] {processor.py:830} INFO - Processing file /home/growlt245/.local/lib/python3.10/site-packages/airflow/example_dags/example_skip_dag.py for tasks to queue
[2024-07-19T09:24:17.871+0530] {logging_mixin.py:188} INFO - [2024-07-19T09:24:17.870+0530] {dagbag.py:545} INFO - Filling up the DagBag from /home/growlt245/.local/lib/python3.10/site-packages/airflow/example_dags/example_skip_dag.py
[2024-07-19T09:24:17.875+0530] {processor.py:840} INFO - DAG(s) 'example_skip_dag' retrieved from /home/growlt245/.local/lib/python3.10/site-packages/airflow/example_dags/example_skip_dag.py
[2024-07-19T09:24:17.886+0530] {logging_mixin.py:188} INFO - [2024-07-19T09:24:17.885+0530] {dag.py:3089} INFO - Sync 1 DAGs
[2024-07-19T09:24:17.894+0530] {logging_mixin.py:188} INFO - [2024-07-19T09:24:17.894+0530] {dag.py:3947} INFO - Setting next_dagrun for example_skip_dag to 2024-07-18 00:00:00+00:00, run_after=2024-07-19 00:00:00+00:00
[2024-07-19T09:24:17.904+0530] {processor.py:183} INFO - Processing /home/growlt245/.local/lib/python3.10/site-packages/airflow/example_dags/example_skip_dag.py took 0.039 seconds
[2024-07-19T09:25:05.075+0530] {processor.py:161} INFO - Started process (PID=168503) to work on /home/growlt245/.local/lib/python3.10/site-packages/airflow/example_dags/example_skip_dag.py
[2024-07-19T09:25:05.077+0530] {processor.py:830} INFO - Processing file /home/growlt245/.local/lib/python3.10/site-packages/airflow/example_dags/example_skip_dag.py for tasks to queue
[2024-07-19T09:25:05.079+0530] {logging_mixin.py:188} INFO - [2024-07-19T09:25:05.079+0530] {dagbag.py:545} INFO - Filling up the DagBag from /home/growlt245/.local/lib/python3.10/site-packages/airflow/example_dags/example_skip_dag.py
[2024-07-19T09:25:05.084+0530] {processor.py:840} INFO - DAG(s) 'example_skip_dag' retrieved from /home/growlt245/.local/lib/python3.10/site-packages/airflow/example_dags/example_skip_dag.py
[2024-07-19T09:25:05.092+0530] {logging_mixin.py:188} INFO - [2024-07-19T09:25:05.092+0530] {dag.py:3089} INFO - Sync 1 DAGs
[2024-07-19T09:25:05.102+0530] {logging_mixin.py:188} INFO - [2024-07-19T09:25:05.102+0530] {dag.py:3947} INFO - Setting next_dagrun for example_skip_dag to 2024-07-18 00:00:00+00:00, run_after=2024-07-19 00:00:00+00:00
[2024-07-19T09:25:05.113+0530] {processor.py:183} INFO - Processing /home/growlt245/.local/lib/python3.10/site-packages/airflow/example_dags/example_skip_dag.py took 0.043 seconds
[2024-07-19T09:25:56.561+0530] {processor.py:161} INFO - Started process (PID=168888) to work on /home/growlt245/.local/lib/python3.10/site-packages/airflow/example_dags/example_skip_dag.py
[2024-07-19T09:25:56.564+0530] {processor.py:830} INFO - Processing file /home/growlt245/.local/lib/python3.10/site-packages/airflow/example_dags/example_skip_dag.py for tasks to queue
[2024-07-19T09:25:56.565+0530] {logging_mixin.py:188} INFO - [2024-07-19T09:25:56.565+0530] {dagbag.py:545} INFO - Filling up the DagBag from /home/growlt245/.local/lib/python3.10/site-packages/airflow/example_dags/example_skip_dag.py
[2024-07-19T09:25:56.569+0530] {processor.py:840} INFO - DAG(s) 'example_skip_dag' retrieved from /home/growlt245/.local/lib/python3.10/site-packages/airflow/example_dags/example_skip_dag.py
[2024-07-19T09:25:56.579+0530] {logging_mixin.py:188} INFO - [2024-07-19T09:25:56.579+0530] {dag.py:3089} INFO - Sync 1 DAGs
[2024-07-19T09:25:56.588+0530] {logging_mixin.py:188} INFO - [2024-07-19T09:25:56.588+0530] {dag.py:3947} INFO - Setting next_dagrun for example_skip_dag to 2024-07-18 00:00:00+00:00, run_after=2024-07-19 00:00:00+00:00
[2024-07-19T09:25:56.597+0530] {processor.py:183} INFO - Processing /home/growlt245/.local/lib/python3.10/site-packages/airflow/example_dags/example_skip_dag.py took 0.040 seconds
[2024-07-19T09:26:42.003+0530] {processor.py:161} INFO - Started process (PID=169152) to work on /home/growlt245/.local/lib/python3.10/site-packages/airflow/example_dags/example_skip_dag.py
[2024-07-19T09:26:42.005+0530] {processor.py:830} INFO - Processing file /home/growlt245/.local/lib/python3.10/site-packages/airflow/example_dags/example_skip_dag.py for tasks to queue
[2024-07-19T09:26:42.006+0530] {logging_mixin.py:188} INFO - [2024-07-19T09:26:42.006+0530] {dagbag.py:545} INFO - Filling up the DagBag from /home/growlt245/.local/lib/python3.10/site-packages/airflow/example_dags/example_skip_dag.py
[2024-07-19T09:26:42.011+0530] {processor.py:840} INFO - DAG(s) 'example_skip_dag' retrieved from /home/growlt245/.local/lib/python3.10/site-packages/airflow/example_dags/example_skip_dag.py
[2024-07-19T09:26:42.021+0530] {logging_mixin.py:188} INFO - [2024-07-19T09:26:42.021+0530] {dag.py:3089} INFO - Sync 1 DAGs
[2024-07-19T09:26:42.029+0530] {logging_mixin.py:188} INFO - [2024-07-19T09:26:42.029+0530] {dag.py:3947} INFO - Setting next_dagrun for example_skip_dag to 2024-07-18 00:00:00+00:00, run_after=2024-07-19 00:00:00+00:00
[2024-07-19T09:26:42.038+0530] {processor.py:183} INFO - Processing /home/growlt245/.local/lib/python3.10/site-packages/airflow/example_dags/example_skip_dag.py took 0.039 seconds
[2024-07-19T09:27:28.100+0530] {processor.py:161} INFO - Started process (PID=169320) to work on /home/growlt245/.local/lib/python3.10/site-packages/airflow/example_dags/example_skip_dag.py
[2024-07-19T09:27:28.103+0530] {processor.py:830} INFO - Processing file /home/growlt245/.local/lib/python3.10/site-packages/airflow/example_dags/example_skip_dag.py for tasks to queue
[2024-07-19T09:27:28.104+0530] {logging_mixin.py:188} INFO - [2024-07-19T09:27:28.104+0530] {dagbag.py:545} INFO - Filling up the DagBag from /home/growlt245/.local/lib/python3.10/site-packages/airflow/example_dags/example_skip_dag.py
[2024-07-19T09:27:28.109+0530] {processor.py:840} INFO - DAG(s) 'example_skip_dag' retrieved from /home/growlt245/.local/lib/python3.10/site-packages/airflow/example_dags/example_skip_dag.py
[2024-07-19T09:27:28.119+0530] {logging_mixin.py:188} INFO - [2024-07-19T09:27:28.119+0530] {dag.py:3089} INFO - Sync 1 DAGs
[2024-07-19T09:27:28.128+0530] {logging_mixin.py:188} INFO - [2024-07-19T09:27:28.128+0530] {dag.py:3947} INFO - Setting next_dagrun for example_skip_dag to 2024-07-18 00:00:00+00:00, run_after=2024-07-19 00:00:00+00:00
[2024-07-19T09:27:28.136+0530] {processor.py:183} INFO - Processing /home/growlt245/.local/lib/python3.10/site-packages/airflow/example_dags/example_skip_dag.py took 0.039 seconds
[2024-07-19T09:28:15.464+0530] {processor.py:161} INFO - Started process (PID=169709) to work on /home/growlt245/.local/lib/python3.10/site-packages/airflow/example_dags/example_skip_dag.py
[2024-07-19T09:28:15.466+0530] {processor.py:830} INFO - Processing file /home/growlt245/.local/lib/python3.10/site-packages/airflow/example_dags/example_skip_dag.py for tasks to queue
[2024-07-19T09:28:15.467+0530] {logging_mixin.py:188} INFO - [2024-07-19T09:28:15.467+0530] {dagbag.py:545} INFO - Filling up the DagBag from /home/growlt245/.local/lib/python3.10/site-packages/airflow/example_dags/example_skip_dag.py
[2024-07-19T09:28:15.470+0530] {processor.py:840} INFO - DAG(s) 'example_skip_dag' retrieved from /home/growlt245/.local/lib/python3.10/site-packages/airflow/example_dags/example_skip_dag.py
[2024-07-19T09:28:15.480+0530] {logging_mixin.py:188} INFO - [2024-07-19T09:28:15.480+0530] {dag.py:3089} INFO - Sync 1 DAGs
[2024-07-19T09:28:15.489+0530] {logging_mixin.py:188} INFO - [2024-07-19T09:28:15.489+0530] {dag.py:3947} INFO - Setting next_dagrun for example_skip_dag to 2024-07-18 00:00:00+00:00, run_after=2024-07-19 00:00:00+00:00
[2024-07-19T09:28:15.498+0530] {processor.py:183} INFO - Processing /home/growlt245/.local/lib/python3.10/site-packages/airflow/example_dags/example_skip_dag.py took 0.037 seconds
