[2024-07-19T09:01:20.343+0530] {processor.py:161} INFO - Started process (PID=157392) to work on /home/growlt245/.local/lib/python3.10/site-packages/airflow/example_dags/example_branch_operator.py
[2024-07-19T09:01:20.344+0530] {processor.py:830} INFO - Processing file /home/growlt245/.local/lib/python3.10/site-packages/airflow/example_dags/example_branch_operator.py for tasks to queue
[2024-07-19T09:01:20.345+0530] {logging_mixin.py:188} INFO - [2024-07-19T09:01:20.345+0530] {dagbag.py:545} INFO - Filling up the DagBag from /home/growlt245/.local/lib/python3.10/site-packages/airflow/example_dags/example_branch_operator.py
[2024-07-19T09:01:20.354+0530] {processor.py:840} INFO - DAG(s) 'example_branch_operator' retrieved from /home/growlt245/.local/lib/python3.10/site-packages/airflow/example_dags/example_branch_operator.py
[2024-07-19T09:01:20.405+0530] {logging_mixin.py:188} INFO - [2024-07-19T09:01:20.405+0530] {dag.py:3089} INFO - Sync 1 DAGs
[2024-07-19T09:01:20.415+0530] {logging_mixin.py:188} INFO - [2024-07-19T09:01:20.415+0530] {dag.py:3947} INFO - Setting next_dagrun for example_branch_operator to 2024-07-18 00:00:00+00:00, run_after=2024-07-19 00:00:00+00:00
[2024-07-19T09:01:20.427+0530] {processor.py:183} INFO - Processing /home/growlt245/.local/lib/python3.10/site-packages/airflow/example_dags/example_branch_operator.py took 0.089 seconds
[2024-07-19T09:15:47.679+0530] {processor.py:161} INFO - Started process (PID=164330) to work on /home/growlt245/.local/lib/python3.10/site-packages/airflow/example_dags/example_branch_operator.py
[2024-07-19T09:15:47.682+0530] {processor.py:830} INFO - Processing file /home/growlt245/.local/lib/python3.10/site-packages/airflow/example_dags/example_branch_operator.py for tasks to queue
[2024-07-19T09:15:47.683+0530] {logging_mixin.py:188} INFO - [2024-07-19T09:15:47.683+0530] {dagbag.py:545} INFO - Filling up the DagBag from /home/growlt245/.local/lib/python3.10/site-packages/airflow/example_dags/example_branch_operator.py
[2024-07-19T09:15:47.692+0530] {processor.py:840} INFO - DAG(s) 'example_branch_operator' retrieved from /home/growlt245/.local/lib/python3.10/site-packages/airflow/example_dags/example_branch_operator.py
[2024-07-19T09:15:47.738+0530] {logging_mixin.py:188} INFO - [2024-07-19T09:15:47.738+0530] {dag.py:3089} INFO - Sync 1 DAGs
[2024-07-19T09:15:47.748+0530] {logging_mixin.py:188} INFO - [2024-07-19T09:15:47.747+0530] {dag.py:3947} INFO - Setting next_dagrun for example_branch_operator to 2024-07-18 00:00:00+00:00, run_after=2024-07-19 00:00:00+00:00
[2024-07-19T09:15:47.759+0530] {processor.py:183} INFO - Processing /home/growlt245/.local/lib/python3.10/site-packages/airflow/example_dags/example_branch_operator.py took 0.085 seconds
[2024-07-19T09:16:46.396+0530] {processor.py:161} INFO - Started process (PID=164536) to work on /home/growlt245/.local/lib/python3.10/site-packages/airflow/example_dags/example_branch_operator.py
[2024-07-19T09:16:46.398+0530] {processor.py:830} INFO - Processing file /home/growlt245/.local/lib/python3.10/site-packages/airflow/example_dags/example_branch_operator.py for tasks to queue
[2024-07-19T09:16:46.400+0530] {logging_mixin.py:188} INFO - [2024-07-19T09:16:46.399+0530] {dagbag.py:545} INFO - Filling up the DagBag from /home/growlt245/.local/lib/python3.10/site-packages/airflow/example_dags/example_branch_operator.py
[2024-07-19T09:16:46.409+0530] {processor.py:840} INFO - DAG(s) 'example_branch_operator' retrieved from /home/growlt245/.local/lib/python3.10/site-packages/airflow/example_dags/example_branch_operator.py
[2024-07-19T09:16:46.421+0530] {logging_mixin.py:188} INFO - [2024-07-19T09:16:46.421+0530] {dag.py:3089} INFO - Sync 1 DAGs
[2024-07-19T09:16:46.430+0530] {logging_mixin.py:188} INFO - [2024-07-19T09:16:46.430+0530] {dag.py:3947} INFO - Setting next_dagrun for example_branch_operator to 2024-07-18 00:00:00+00:00, run_after=2024-07-19 00:00:00+00:00
[2024-07-19T09:16:46.441+0530] {processor.py:183} INFO - Processing /home/growlt245/.local/lib/python3.10/site-packages/airflow/example_dags/example_branch_operator.py took 0.049 seconds
[2024-07-19T09:17:35.700+0530] {processor.py:161} INFO - Started process (PID=165296) to work on /home/growlt245/.local/lib/python3.10/site-packages/airflow/example_dags/example_branch_operator.py
[2024-07-19T09:17:35.703+0530] {processor.py:830} INFO - Processing file /home/growlt245/.local/lib/python3.10/site-packages/airflow/example_dags/example_branch_operator.py for tasks to queue
[2024-07-19T09:17:35.704+0530] {logging_mixin.py:188} INFO - [2024-07-19T09:17:35.704+0530] {dagbag.py:545} INFO - Filling up the DagBag from /home/growlt245/.local/lib/python3.10/site-packages/airflow/example_dags/example_branch_operator.py
[2024-07-19T09:17:35.716+0530] {processor.py:840} INFO - DAG(s) 'example_branch_operator' retrieved from /home/growlt245/.local/lib/python3.10/site-packages/airflow/example_dags/example_branch_operator.py
[2024-07-19T09:17:35.727+0530] {logging_mixin.py:188} INFO - [2024-07-19T09:17:35.727+0530] {dag.py:3089} INFO - Sync 1 DAGs
[2024-07-19T09:17:35.736+0530] {logging_mixin.py:188} INFO - [2024-07-19T09:17:35.736+0530] {dag.py:3947} INFO - Setting next_dagrun for example_branch_operator to 2024-07-18 00:00:00+00:00, run_after=2024-07-19 00:00:00+00:00
[2024-07-19T09:17:35.746+0530] {processor.py:183} INFO - Processing /home/growlt245/.local/lib/python3.10/site-packages/airflow/example_dags/example_branch_operator.py took 0.051 seconds
[2024-07-19T09:18:29.018+0530] {processor.py:161} INFO - Started process (PID=166169) to work on /home/growlt245/.local/lib/python3.10/site-packages/airflow/example_dags/example_branch_operator.py
[2024-07-19T09:18:29.021+0530] {processor.py:830} INFO - Processing file /home/growlt245/.local/lib/python3.10/site-packages/airflow/example_dags/example_branch_operator.py for tasks to queue
[2024-07-19T09:18:29.022+0530] {logging_mixin.py:188} INFO - [2024-07-19T09:18:29.022+0530] {dagbag.py:545} INFO - Filling up the DagBag from /home/growlt245/.local/lib/python3.10/site-packages/airflow/example_dags/example_branch_operator.py
[2024-07-19T09:18:29.040+0530] {processor.py:840} INFO - DAG(s) 'example_branch_operator' retrieved from /home/growlt245/.local/lib/python3.10/site-packages/airflow/example_dags/example_branch_operator.py
[2024-07-19T09:18:29.054+0530] {logging_mixin.py:188} INFO - [2024-07-19T09:18:29.054+0530] {dag.py:3089} INFO - Sync 1 DAGs
[2024-07-19T09:18:29.068+0530] {logging_mixin.py:188} INFO - [2024-07-19T09:18:29.068+0530] {dag.py:3947} INFO - Setting next_dagrun for example_branch_operator to 2024-07-18 00:00:00+00:00, run_after=2024-07-19 00:00:00+00:00
[2024-07-19T09:18:29.082+0530] {processor.py:183} INFO - Processing /home/growlt245/.local/lib/python3.10/site-packages/airflow/example_dags/example_branch_operator.py took 0.070 seconds
[2024-07-19T09:19:21.594+0530] {processor.py:161} INFO - Started process (PID=166447) to work on /home/growlt245/.local/lib/python3.10/site-packages/airflow/example_dags/example_branch_operator.py
[2024-07-19T09:19:21.596+0530] {processor.py:830} INFO - Processing file /home/growlt245/.local/lib/python3.10/site-packages/airflow/example_dags/example_branch_operator.py for tasks to queue
[2024-07-19T09:19:21.597+0530] {logging_mixin.py:188} INFO - [2024-07-19T09:19:21.597+0530] {dagbag.py:545} INFO - Filling up the DagBag from /home/growlt245/.local/lib/python3.10/site-packages/airflow/example_dags/example_branch_operator.py
[2024-07-19T09:19:21.607+0530] {processor.py:840} INFO - DAG(s) 'example_branch_operator' retrieved from /home/growlt245/.local/lib/python3.10/site-packages/airflow/example_dags/example_branch_operator.py
[2024-07-19T09:19:21.617+0530] {logging_mixin.py:188} INFO - [2024-07-19T09:19:21.617+0530] {dag.py:3089} INFO - Sync 1 DAGs
[2024-07-19T09:19:21.627+0530] {logging_mixin.py:188} INFO - [2024-07-19T09:19:21.626+0530] {dag.py:3947} INFO - Setting next_dagrun for example_branch_operator to 2024-07-18 00:00:00+00:00, run_after=2024-07-19 00:00:00+00:00
[2024-07-19T09:19:21.636+0530] {processor.py:183} INFO - Processing /home/growlt245/.local/lib/python3.10/site-packages/airflow/example_dags/example_branch_operator.py took 0.046 seconds
[2024-07-19T09:20:06.939+0530] {processor.py:161} INFO - Started process (PID=166671) to work on /home/growlt245/.local/lib/python3.10/site-packages/airflow/example_dags/example_branch_operator.py
[2024-07-19T09:20:06.942+0530] {processor.py:830} INFO - Processing file /home/growlt245/.local/lib/python3.10/site-packages/airflow/example_dags/example_branch_operator.py for tasks to queue
[2024-07-19T09:20:06.943+0530] {logging_mixin.py:188} INFO - [2024-07-19T09:20:06.943+0530] {dagbag.py:545} INFO - Filling up the DagBag from /home/growlt245/.local/lib/python3.10/site-packages/airflow/example_dags/example_branch_operator.py
[2024-07-19T09:20:06.952+0530] {processor.py:840} INFO - DAG(s) 'example_branch_operator' retrieved from /home/growlt245/.local/lib/python3.10/site-packages/airflow/example_dags/example_branch_operator.py
[2024-07-19T09:20:06.963+0530] {logging_mixin.py:188} INFO - [2024-07-19T09:20:06.962+0530] {dag.py:3089} INFO - Sync 1 DAGs
[2024-07-19T09:20:06.972+0530] {logging_mixin.py:188} INFO - [2024-07-19T09:20:06.971+0530] {dag.py:3947} INFO - Setting next_dagrun for example_branch_operator to 2024-07-18 00:00:00+00:00, run_after=2024-07-19 00:00:00+00:00
[2024-07-19T09:20:06.982+0530] {processor.py:183} INFO - Processing /home/growlt245/.local/lib/python3.10/site-packages/airflow/example_dags/example_branch_operator.py took 0.047 seconds
[2024-07-19T09:20:50.193+0530] {processor.py:161} INFO - Started process (PID=167039) to work on /home/growlt245/.local/lib/python3.10/site-packages/airflow/example_dags/example_branch_operator.py
[2024-07-19T09:20:50.196+0530] {processor.py:830} INFO - Processing file /home/growlt245/.local/lib/python3.10/site-packages/airflow/example_dags/example_branch_operator.py for tasks to queue
[2024-07-19T09:20:50.197+0530] {logging_mixin.py:188} INFO - [2024-07-19T09:20:50.197+0530] {dagbag.py:545} INFO - Filling up the DagBag from /home/growlt245/.local/lib/python3.10/site-packages/airflow/example_dags/example_branch_operator.py
[2024-07-19T09:20:50.207+0530] {processor.py:840} INFO - DAG(s) 'example_branch_operator' retrieved from /home/growlt245/.local/lib/python3.10/site-packages/airflow/example_dags/example_branch_operator.py
[2024-07-19T09:20:50.217+0530] {logging_mixin.py:188} INFO - [2024-07-19T09:20:50.217+0530] {dag.py:3089} INFO - Sync 1 DAGs
[2024-07-19T09:20:50.226+0530] {logging_mixin.py:188} INFO - [2024-07-19T09:20:50.226+0530] {dag.py:3947} INFO - Setting next_dagrun for example_branch_operator to 2024-07-18 00:00:00+00:00, run_after=2024-07-19 00:00:00+00:00
[2024-07-19T09:20:50.235+0530] {processor.py:183} INFO - Processing /home/growlt245/.local/lib/python3.10/site-packages/airflow/example_dags/example_branch_operator.py took 0.045 seconds
[2024-07-19T09:21:38.727+0530] {processor.py:161} INFO - Started process (PID=167376) to work on /home/growlt245/.local/lib/python3.10/site-packages/airflow/example_dags/example_branch_operator.py
[2024-07-19T09:21:38.728+0530] {processor.py:830} INFO - Processing file /home/growlt245/.local/lib/python3.10/site-packages/airflow/example_dags/example_branch_operator.py for tasks to queue
[2024-07-19T09:21:38.729+0530] {logging_mixin.py:188} INFO - [2024-07-19T09:21:38.729+0530] {dagbag.py:545} INFO - Filling up the DagBag from /home/growlt245/.local/lib/python3.10/site-packages/airflow/example_dags/example_branch_operator.py
[2024-07-19T09:21:38.738+0530] {processor.py:840} INFO - DAG(s) 'example_branch_operator' retrieved from /home/growlt245/.local/lib/python3.10/site-packages/airflow/example_dags/example_branch_operator.py
[2024-07-19T09:21:38.748+0530] {logging_mixin.py:188} INFO - [2024-07-19T09:21:38.748+0530] {dag.py:3089} INFO - Sync 1 DAGs
[2024-07-19T09:21:38.757+0530] {logging_mixin.py:188} INFO - [2024-07-19T09:21:38.757+0530] {dag.py:3947} INFO - Setting next_dagrun for example_branch_operator to 2024-07-18 00:00:00+00:00, run_after=2024-07-19 00:00:00+00:00
[2024-07-19T09:21:38.767+0530] {processor.py:183} INFO - Processing /home/growlt245/.local/lib/python3.10/site-packages/airflow/example_dags/example_branch_operator.py took 0.045 seconds
[2024-07-19T09:22:33.646+0530] {processor.py:161} INFO - Started process (PID=167665) to work on /home/growlt245/.local/lib/python3.10/site-packages/airflow/example_dags/example_branch_operator.py
[2024-07-19T09:22:33.648+0530] {processor.py:830} INFO - Processing file /home/growlt245/.local/lib/python3.10/site-packages/airflow/example_dags/example_branch_operator.py for tasks to queue
[2024-07-19T09:22:33.650+0530] {logging_mixin.py:188} INFO - [2024-07-19T09:22:33.650+0530] {dagbag.py:545} INFO - Filling up the DagBag from /home/growlt245/.local/lib/python3.10/site-packages/airflow/example_dags/example_branch_operator.py
[2024-07-19T09:22:33.666+0530] {processor.py:840} INFO - DAG(s) 'example_branch_operator' retrieved from /home/growlt245/.local/lib/python3.10/site-packages/airflow/example_dags/example_branch_operator.py
[2024-07-19T09:22:33.677+0530] {logging_mixin.py:188} INFO - [2024-07-19T09:22:33.677+0530] {dag.py:3089} INFO - Sync 1 DAGs
[2024-07-19T09:22:33.686+0530] {logging_mixin.py:188} INFO - [2024-07-19T09:22:33.686+0530] {dag.py:3947} INFO - Setting next_dagrun for example_branch_operator to 2024-07-18 00:00:00+00:00, run_after=2024-07-19 00:00:00+00:00
[2024-07-19T09:22:33.695+0530] {processor.py:183} INFO - Processing /home/growlt245/.local/lib/python3.10/site-packages/airflow/example_dags/example_branch_operator.py took 0.053 seconds
[2024-07-19T09:23:21.106+0530] {processor.py:161} INFO - Started process (PID=168037) to work on /home/growlt245/.local/lib/python3.10/site-packages/airflow/example_dags/example_branch_operator.py
[2024-07-19T09:23:21.108+0530] {processor.py:830} INFO - Processing file /home/growlt245/.local/lib/python3.10/site-packages/airflow/example_dags/example_branch_operator.py for tasks to queue
[2024-07-19T09:23:21.109+0530] {logging_mixin.py:188} INFO - [2024-07-19T09:23:21.109+0530] {dagbag.py:545} INFO - Filling up the DagBag from /home/growlt245/.local/lib/python3.10/site-packages/airflow/example_dags/example_branch_operator.py
[2024-07-19T09:23:21.122+0530] {processor.py:840} INFO - DAG(s) 'example_branch_operator' retrieved from /home/growlt245/.local/lib/python3.10/site-packages/airflow/example_dags/example_branch_operator.py
[2024-07-19T09:23:21.133+0530] {logging_mixin.py:188} INFO - [2024-07-19T09:23:21.133+0530] {dag.py:3089} INFO - Sync 1 DAGs
[2024-07-19T09:23:21.142+0530] {logging_mixin.py:188} INFO - [2024-07-19T09:23:21.142+0530] {dag.py:3947} INFO - Setting next_dagrun for example_branch_operator to 2024-07-18 00:00:00+00:00, run_after=2024-07-19 00:00:00+00:00
[2024-07-19T09:23:21.153+0530] {processor.py:183} INFO - Processing /home/growlt245/.local/lib/python3.10/site-packages/airflow/example_dags/example_branch_operator.py took 0.051 seconds
[2024-07-19T09:24:06.636+0530] {processor.py:161} INFO - Started process (PID=168194) to work on /home/growlt245/.local/lib/python3.10/site-packages/airflow/example_dags/example_branch_operator.py
[2024-07-19T09:24:06.639+0530] {processor.py:830} INFO - Processing file /home/growlt245/.local/lib/python3.10/site-packages/airflow/example_dags/example_branch_operator.py for tasks to queue
[2024-07-19T09:24:06.640+0530] {logging_mixin.py:188} INFO - [2024-07-19T09:24:06.639+0530] {dagbag.py:545} INFO - Filling up the DagBag from /home/growlt245/.local/lib/python3.10/site-packages/airflow/example_dags/example_branch_operator.py
[2024-07-19T09:24:06.650+0530] {processor.py:840} INFO - DAG(s) 'example_branch_operator' retrieved from /home/growlt245/.local/lib/python3.10/site-packages/airflow/example_dags/example_branch_operator.py
[2024-07-19T09:24:06.660+0530] {logging_mixin.py:188} INFO - [2024-07-19T09:24:06.660+0530] {dag.py:3089} INFO - Sync 1 DAGs
[2024-07-19T09:24:06.669+0530] {logging_mixin.py:188} INFO - [2024-07-19T09:24:06.669+0530] {dag.py:3947} INFO - Setting next_dagrun for example_branch_operator to 2024-07-18 00:00:00+00:00, run_after=2024-07-19 00:00:00+00:00
[2024-07-19T09:24:06.681+0530] {processor.py:183} INFO - Processing /home/growlt245/.local/lib/python3.10/site-packages/airflow/example_dags/example_branch_operator.py took 0.048 seconds
[2024-07-19T09:24:52.999+0530] {processor.py:161} INFO - Started process (PID=168448) to work on /home/growlt245/.local/lib/python3.10/site-packages/airflow/example_dags/example_branch_operator.py
[2024-07-19T09:24:53.002+0530] {processor.py:830} INFO - Processing file /home/growlt245/.local/lib/python3.10/site-packages/airflow/example_dags/example_branch_operator.py for tasks to queue
[2024-07-19T09:24:53.005+0530] {logging_mixin.py:188} INFO - [2024-07-19T09:24:53.004+0530] {dagbag.py:545} INFO - Filling up the DagBag from /home/growlt245/.local/lib/python3.10/site-packages/airflow/example_dags/example_branch_operator.py
[2024-07-19T09:24:53.021+0530] {processor.py:840} INFO - DAG(s) 'example_branch_operator' retrieved from /home/growlt245/.local/lib/python3.10/site-packages/airflow/example_dags/example_branch_operator.py
[2024-07-19T09:24:53.040+0530] {logging_mixin.py:188} INFO - [2024-07-19T09:24:53.040+0530] {dag.py:3089} INFO - Sync 1 DAGs
[2024-07-19T09:24:53.051+0530] {logging_mixin.py:188} INFO - [2024-07-19T09:24:53.051+0530] {dag.py:3947} INFO - Setting next_dagrun for example_branch_operator to 2024-07-18 00:00:00+00:00, run_after=2024-07-19 00:00:00+00:00
[2024-07-19T09:24:53.061+0530] {processor.py:183} INFO - Processing /home/growlt245/.local/lib/python3.10/site-packages/airflow/example_dags/example_branch_operator.py took 0.065 seconds
[2024-07-19T09:25:43.382+0530] {processor.py:161} INFO - Started process (PID=168861) to work on /home/growlt245/.local/lib/python3.10/site-packages/airflow/example_dags/example_branch_operator.py
[2024-07-19T09:25:43.384+0530] {processor.py:830} INFO - Processing file /home/growlt245/.local/lib/python3.10/site-packages/airflow/example_dags/example_branch_operator.py for tasks to queue
[2024-07-19T09:25:43.386+0530] {logging_mixin.py:188} INFO - [2024-07-19T09:25:43.385+0530] {dagbag.py:545} INFO - Filling up the DagBag from /home/growlt245/.local/lib/python3.10/site-packages/airflow/example_dags/example_branch_operator.py
[2024-07-19T09:25:43.399+0530] {processor.py:840} INFO - DAG(s) 'example_branch_operator' retrieved from /home/growlt245/.local/lib/python3.10/site-packages/airflow/example_dags/example_branch_operator.py
[2024-07-19T09:25:43.410+0530] {logging_mixin.py:188} INFO - [2024-07-19T09:25:43.410+0530] {dag.py:3089} INFO - Sync 1 DAGs
[2024-07-19T09:25:43.419+0530] {logging_mixin.py:188} INFO - [2024-07-19T09:25:43.419+0530] {dag.py:3947} INFO - Setting next_dagrun for example_branch_operator to 2024-07-18 00:00:00+00:00, run_after=2024-07-19 00:00:00+00:00
[2024-07-19T09:25:43.429+0530] {processor.py:183} INFO - Processing /home/growlt245/.local/lib/python3.10/site-packages/airflow/example_dags/example_branch_operator.py took 0.050 seconds
[2024-07-19T09:26:30.880+0530] {processor.py:161} INFO - Started process (PID=169001) to work on /home/growlt245/.local/lib/python3.10/site-packages/airflow/example_dags/example_branch_operator.py
[2024-07-19T09:26:30.882+0530] {processor.py:830} INFO - Processing file /home/growlt245/.local/lib/python3.10/site-packages/airflow/example_dags/example_branch_operator.py for tasks to queue
[2024-07-19T09:26:30.884+0530] {logging_mixin.py:188} INFO - [2024-07-19T09:26:30.883+0530] {dagbag.py:545} INFO - Filling up the DagBag from /home/growlt245/.local/lib/python3.10/site-packages/airflow/example_dags/example_branch_operator.py
[2024-07-19T09:26:30.893+0530] {processor.py:840} INFO - DAG(s) 'example_branch_operator' retrieved from /home/growlt245/.local/lib/python3.10/site-packages/airflow/example_dags/example_branch_operator.py
[2024-07-19T09:26:30.904+0530] {logging_mixin.py:188} INFO - [2024-07-19T09:26:30.904+0530] {dag.py:3089} INFO - Sync 1 DAGs
[2024-07-19T09:26:30.913+0530] {logging_mixin.py:188} INFO - [2024-07-19T09:26:30.913+0530] {dag.py:3947} INFO - Setting next_dagrun for example_branch_operator to 2024-07-18 00:00:00+00:00, run_after=2024-07-19 00:00:00+00:00
[2024-07-19T09:26:30.922+0530] {processor.py:183} INFO - Processing /home/growlt245/.local/lib/python3.10/site-packages/airflow/example_dags/example_branch_operator.py took 0.045 seconds
[2024-07-19T09:27:16.080+0530] {processor.py:161} INFO - Started process (PID=169281) to work on /home/growlt245/.local/lib/python3.10/site-packages/airflow/example_dags/example_branch_operator.py
[2024-07-19T09:27:16.083+0530] {processor.py:830} INFO - Processing file /home/growlt245/.local/lib/python3.10/site-packages/airflow/example_dags/example_branch_operator.py for tasks to queue
[2024-07-19T09:27:16.084+0530] {logging_mixin.py:188} INFO - [2024-07-19T09:27:16.084+0530] {dagbag.py:545} INFO - Filling up the DagBag from /home/growlt245/.local/lib/python3.10/site-packages/airflow/example_dags/example_branch_operator.py
[2024-07-19T09:27:16.095+0530] {processor.py:840} INFO - DAG(s) 'example_branch_operator' retrieved from /home/growlt245/.local/lib/python3.10/site-packages/airflow/example_dags/example_branch_operator.py
[2024-07-19T09:27:16.106+0530] {logging_mixin.py:188} INFO - [2024-07-19T09:27:16.106+0530] {dag.py:3089} INFO - Sync 1 DAGs
[2024-07-19T09:27:16.115+0530] {logging_mixin.py:188} INFO - [2024-07-19T09:27:16.115+0530] {dag.py:3947} INFO - Setting next_dagrun for example_branch_operator to 2024-07-18 00:00:00+00:00, run_after=2024-07-19 00:00:00+00:00
[2024-07-19T09:27:16.126+0530] {processor.py:183} INFO - Processing /home/growlt245/.local/lib/python3.10/site-packages/airflow/example_dags/example_branch_operator.py took 0.051 seconds
[2024-07-19T09:28:04.577+0530] {processor.py:161} INFO - Started process (PID=169561) to work on /home/growlt245/.local/lib/python3.10/site-packages/airflow/example_dags/example_branch_operator.py
[2024-07-19T09:28:04.580+0530] {processor.py:830} INFO - Processing file /home/growlt245/.local/lib/python3.10/site-packages/airflow/example_dags/example_branch_operator.py for tasks to queue
[2024-07-19T09:28:04.581+0530] {logging_mixin.py:188} INFO - [2024-07-19T09:28:04.581+0530] {dagbag.py:545} INFO - Filling up the DagBag from /home/growlt245/.local/lib/python3.10/site-packages/airflow/example_dags/example_branch_operator.py
[2024-07-19T09:28:04.590+0530] {processor.py:840} INFO - DAG(s) 'example_branch_operator' retrieved from /home/growlt245/.local/lib/python3.10/site-packages/airflow/example_dags/example_branch_operator.py
[2024-07-19T09:28:04.600+0530] {logging_mixin.py:188} INFO - [2024-07-19T09:28:04.600+0530] {dag.py:3089} INFO - Sync 1 DAGs
[2024-07-19T09:28:04.609+0530] {logging_mixin.py:188} INFO - [2024-07-19T09:28:04.609+0530] {dag.py:3947} INFO - Setting next_dagrun for example_branch_operator to 2024-07-18 00:00:00+00:00, run_after=2024-07-19 00:00:00+00:00
[2024-07-19T09:28:04.618+0530] {processor.py:183} INFO - Processing /home/growlt245/.local/lib/python3.10/site-packages/airflow/example_dags/example_branch_operator.py took 0.045 seconds
