[2024-07-19T08:56:27.769+0530] {processor.py:161} INFO - Started process (PID=155223) to work on /home/growlt245/.local/lib/python3.10/site-packages/airflow/example_dags/example_setup_teardown_taskflow.py
[2024-07-19T08:56:27.769+0530] {processor.py:830} INFO - Processing file /home/growlt245/.local/lib/python3.10/site-packages/airflow/example_dags/example_setup_teardown_taskflow.py for tasks to queue
[2024-07-19T08:56:27.770+0530] {logging_mixin.py:188} INFO - [2024-07-19T08:56:27.770+0530] {dagbag.py:545} INFO - Filling up the DagBag from /home/growlt245/.local/lib/python3.10/site-packages/airflow/example_dags/example_setup_teardown_taskflow.py
[2024-07-19T08:56:27.774+0530] {processor.py:840} INFO - DAG(s) 'example_setup_teardown_taskflow' retrieved from /home/growlt245/.local/lib/python3.10/site-packages/airflow/example_dags/example_setup_teardown_taskflow.py
[2024-07-19T08:56:27.785+0530] {logging_mixin.py:188} INFO - [2024-07-19T08:56:27.785+0530] {dag.py:3089} INFO - Sync 1 DAGs
[2024-07-19T08:56:27.794+0530] {logging_mixin.py:188} INFO - [2024-07-19T08:56:27.794+0530] {dag.py:3947} INFO - Setting next_dagrun for example_setup_teardown_taskflow to 2024-07-18 00:00:00+00:00, run_after=2024-07-19 00:00:00+00:00
[2024-07-19T08:56:27.805+0530] {processor.py:183} INFO - Processing /home/growlt245/.local/lib/python3.10/site-packages/airflow/example_dags/example_setup_teardown_taskflow.py took 0.040 seconds
[2024-07-19T09:06:04.409+0530] {processor.py:161} INFO - Started process (PID=159394) to work on /home/growlt245/.local/lib/python3.10/site-packages/airflow/example_dags/example_setup_teardown_taskflow.py
[2024-07-19T09:06:04.412+0530] {processor.py:830} INFO - Processing file /home/growlt245/.local/lib/python3.10/site-packages/airflow/example_dags/example_setup_teardown_taskflow.py for tasks to queue
[2024-07-19T09:06:04.414+0530] {logging_mixin.py:188} INFO - [2024-07-19T09:06:04.414+0530] {dagbag.py:545} INFO - Filling up the DagBag from /home/growlt245/.local/lib/python3.10/site-packages/airflow/example_dags/example_setup_teardown_taskflow.py
[2024-07-19T09:06:04.424+0530] {processor.py:840} INFO - DAG(s) 'example_setup_teardown_taskflow' retrieved from /home/growlt245/.local/lib/python3.10/site-packages/airflow/example_dags/example_setup_teardown_taskflow.py
[2024-07-19T09:06:04.433+0530] {logging_mixin.py:188} INFO - [2024-07-19T09:06:04.433+0530] {dag.py:3089} INFO - Sync 1 DAGs
[2024-07-19T09:06:04.441+0530] {logging_mixin.py:188} INFO - [2024-07-19T09:06:04.441+0530] {dag.py:3947} INFO - Setting next_dagrun for example_setup_teardown_taskflow to 2024-07-18 00:00:00+00:00, run_after=2024-07-19 00:00:00+00:00
[2024-07-19T09:06:04.451+0530] {processor.py:183} INFO - Processing /home/growlt245/.local/lib/python3.10/site-packages/airflow/example_dags/example_setup_teardown_taskflow.py took 0.048 seconds
[2024-07-19T09:14:57.277+0530] {processor.py:161} INFO - Started process (PID=164085) to work on /home/growlt245/.local/lib/python3.10/site-packages/airflow/example_dags/example_setup_teardown_taskflow.py
[2024-07-19T09:14:57.280+0530] {processor.py:830} INFO - Processing file /home/growlt245/.local/lib/python3.10/site-packages/airflow/example_dags/example_setup_teardown_taskflow.py for tasks to queue
[2024-07-19T09:14:57.282+0530] {logging_mixin.py:188} INFO - [2024-07-19T09:14:57.282+0530] {dagbag.py:545} INFO - Filling up the DagBag from /home/growlt245/.local/lib/python3.10/site-packages/airflow/example_dags/example_setup_teardown_taskflow.py
[2024-07-19T09:14:57.293+0530] {processor.py:840} INFO - DAG(s) 'example_setup_teardown_taskflow' retrieved from /home/growlt245/.local/lib/python3.10/site-packages/airflow/example_dags/example_setup_teardown_taskflow.py
[2024-07-19T09:14:57.306+0530] {logging_mixin.py:188} INFO - [2024-07-19T09:14:57.306+0530] {dag.py:3089} INFO - Sync 1 DAGs
[2024-07-19T09:14:57.318+0530] {logging_mixin.py:188} INFO - [2024-07-19T09:14:57.318+0530] {dag.py:3947} INFO - Setting next_dagrun for example_setup_teardown_taskflow to 2024-07-18 00:00:00+00:00, run_after=2024-07-19 00:00:00+00:00
[2024-07-19T09:14:57.329+0530] {processor.py:183} INFO - Processing /home/growlt245/.local/lib/python3.10/site-packages/airflow/example_dags/example_setup_teardown_taskflow.py took 0.059 seconds
[2024-07-19T09:16:13.092+0530] {processor.py:161} INFO - Started process (PID=164405) to work on /home/growlt245/.local/lib/python3.10/site-packages/airflow/example_dags/example_setup_teardown_taskflow.py
[2024-07-19T09:16:13.093+0530] {processor.py:830} INFO - Processing file /home/growlt245/.local/lib/python3.10/site-packages/airflow/example_dags/example_setup_teardown_taskflow.py for tasks to queue
[2024-07-19T09:16:13.094+0530] {logging_mixin.py:188} INFO - [2024-07-19T09:16:13.094+0530] {dagbag.py:545} INFO - Filling up the DagBag from /home/growlt245/.local/lib/python3.10/site-packages/airflow/example_dags/example_setup_teardown_taskflow.py
[2024-07-19T09:16:13.101+0530] {processor.py:840} INFO - DAG(s) 'example_setup_teardown_taskflow' retrieved from /home/growlt245/.local/lib/python3.10/site-packages/airflow/example_dags/example_setup_teardown_taskflow.py
[2024-07-19T09:16:13.120+0530] {logging_mixin.py:188} INFO - [2024-07-19T09:16:13.119+0530] {dag.py:3089} INFO - Sync 1 DAGs
[2024-07-19T09:16:13.132+0530] {logging_mixin.py:188} INFO - [2024-07-19T09:16:13.132+0530] {dag.py:3947} INFO - Setting next_dagrun for example_setup_teardown_taskflow to 2024-07-18 00:00:00+00:00, run_after=2024-07-19 00:00:00+00:00
[2024-07-19T09:16:13.147+0530] {processor.py:183} INFO - Processing /home/growlt245/.local/lib/python3.10/site-packages/airflow/example_dags/example_setup_teardown_taskflow.py took 0.063 seconds
[2024-07-19T09:16:59.439+0530] {processor.py:161} INFO - Started process (PID=165146) to work on /home/growlt245/.local/lib/python3.10/site-packages/airflow/example_dags/example_setup_teardown_taskflow.py
[2024-07-19T09:16:59.442+0530] {processor.py:830} INFO - Processing file /home/growlt245/.local/lib/python3.10/site-packages/airflow/example_dags/example_setup_teardown_taskflow.py for tasks to queue
[2024-07-19T09:16:59.444+0530] {logging_mixin.py:188} INFO - [2024-07-19T09:16:59.444+0530] {dagbag.py:545} INFO - Filling up the DagBag from /home/growlt245/.local/lib/python3.10/site-packages/airflow/example_dags/example_setup_teardown_taskflow.py
[2024-07-19T09:16:59.452+0530] {processor.py:840} INFO - DAG(s) 'example_setup_teardown_taskflow' retrieved from /home/growlt245/.local/lib/python3.10/site-packages/airflow/example_dags/example_setup_teardown_taskflow.py
[2024-07-19T09:16:59.460+0530] {logging_mixin.py:188} INFO - [2024-07-19T09:16:59.460+0530] {dag.py:3089} INFO - Sync 1 DAGs
[2024-07-19T09:16:59.471+0530] {logging_mixin.py:188} INFO - [2024-07-19T09:16:59.471+0530] {dag.py:3947} INFO - Setting next_dagrun for example_setup_teardown_taskflow to 2024-07-18 00:00:00+00:00, run_after=2024-07-19 00:00:00+00:00
[2024-07-19T09:16:59.482+0530] {processor.py:183} INFO - Processing /home/growlt245/.local/lib/python3.10/site-packages/airflow/example_dags/example_setup_teardown_taskflow.py took 0.050 seconds
[2024-07-19T09:17:47.890+0530] {processor.py:161} INFO - Started process (PID=165342) to work on /home/growlt245/.local/lib/python3.10/site-packages/airflow/example_dags/example_setup_teardown_taskflow.py
[2024-07-19T09:17:47.890+0530] {processor.py:830} INFO - Processing file /home/growlt245/.local/lib/python3.10/site-packages/airflow/example_dags/example_setup_teardown_taskflow.py for tasks to queue
[2024-07-19T09:17:47.891+0530] {logging_mixin.py:188} INFO - [2024-07-19T09:17:47.891+0530] {dagbag.py:545} INFO - Filling up the DagBag from /home/growlt245/.local/lib/python3.10/site-packages/airflow/example_dags/example_setup_teardown_taskflow.py
[2024-07-19T09:17:47.895+0530] {processor.py:840} INFO - DAG(s) 'example_setup_teardown_taskflow' retrieved from /home/growlt245/.local/lib/python3.10/site-packages/airflow/example_dags/example_setup_teardown_taskflow.py
[2024-07-19T09:17:47.903+0530] {logging_mixin.py:188} INFO - [2024-07-19T09:17:47.903+0530] {dag.py:3089} INFO - Sync 1 DAGs
[2024-07-19T09:17:47.911+0530] {logging_mixin.py:188} INFO - [2024-07-19T09:17:47.911+0530] {dag.py:3947} INFO - Setting next_dagrun for example_setup_teardown_taskflow to 2024-07-18 00:00:00+00:00, run_after=2024-07-19 00:00:00+00:00
[2024-07-19T09:17:47.920+0530] {processor.py:183} INFO - Processing /home/growlt245/.local/lib/python3.10/site-packages/airflow/example_dags/example_setup_teardown_taskflow.py took 0.033 seconds
[2024-07-19T09:18:42.167+0530] {processor.py:161} INFO - Started process (PID=166236) to work on /home/growlt245/.local/lib/python3.10/site-packages/airflow/example_dags/example_setup_teardown_taskflow.py
[2024-07-19T09:18:42.168+0530] {processor.py:830} INFO - Processing file /home/growlt245/.local/lib/python3.10/site-packages/airflow/example_dags/example_setup_teardown_taskflow.py for tasks to queue
[2024-07-19T09:18:42.169+0530] {logging_mixin.py:188} INFO - [2024-07-19T09:18:42.169+0530] {dagbag.py:545} INFO - Filling up the DagBag from /home/growlt245/.local/lib/python3.10/site-packages/airflow/example_dags/example_setup_teardown_taskflow.py
[2024-07-19T09:18:42.173+0530] {processor.py:840} INFO - DAG(s) 'example_setup_teardown_taskflow' retrieved from /home/growlt245/.local/lib/python3.10/site-packages/airflow/example_dags/example_setup_teardown_taskflow.py
[2024-07-19T09:18:42.181+0530] {logging_mixin.py:188} INFO - [2024-07-19T09:18:42.181+0530] {dag.py:3089} INFO - Sync 1 DAGs
[2024-07-19T09:18:42.189+0530] {logging_mixin.py:188} INFO - [2024-07-19T09:18:42.189+0530] {dag.py:3947} INFO - Setting next_dagrun for example_setup_teardown_taskflow to 2024-07-18 00:00:00+00:00, run_after=2024-07-19 00:00:00+00:00
[2024-07-19T09:18:42.198+0530] {processor.py:183} INFO - Processing /home/growlt245/.local/lib/python3.10/site-packages/airflow/example_dags/example_setup_teardown_taskflow.py took 0.036 seconds
[2024-07-19T09:19:30.663+0530] {processor.py:161} INFO - Started process (PID=166486) to work on /home/growlt245/.local/lib/python3.10/site-packages/airflow/example_dags/example_setup_teardown_taskflow.py
[2024-07-19T09:19:30.666+0530] {processor.py:830} INFO - Processing file /home/growlt245/.local/lib/python3.10/site-packages/airflow/example_dags/example_setup_teardown_taskflow.py for tasks to queue
[2024-07-19T09:19:30.668+0530] {logging_mixin.py:188} INFO - [2024-07-19T09:19:30.667+0530] {dagbag.py:545} INFO - Filling up the DagBag from /home/growlt245/.local/lib/python3.10/site-packages/airflow/example_dags/example_setup_teardown_taskflow.py
[2024-07-19T09:19:30.676+0530] {processor.py:840} INFO - DAG(s) 'example_setup_teardown_taskflow' retrieved from /home/growlt245/.local/lib/python3.10/site-packages/airflow/example_dags/example_setup_teardown_taskflow.py
[2024-07-19T09:19:30.684+0530] {logging_mixin.py:188} INFO - [2024-07-19T09:19:30.684+0530] {dag.py:3089} INFO - Sync 1 DAGs
[2024-07-19T09:19:30.693+0530] {logging_mixin.py:188} INFO - [2024-07-19T09:19:30.693+0530] {dag.py:3947} INFO - Setting next_dagrun for example_setup_teardown_taskflow to 2024-07-18 00:00:00+00:00, run_after=2024-07-19 00:00:00+00:00
[2024-07-19T09:19:30.702+0530] {processor.py:183} INFO - Processing /home/growlt245/.local/lib/python3.10/site-packages/airflow/example_dags/example_setup_teardown_taskflow.py took 0.045 seconds
[2024-07-19T09:20:15.988+0530] {processor.py:161} INFO - Started process (PID=166711) to work on /home/growlt245/.local/lib/python3.10/site-packages/airflow/example_dags/example_setup_teardown_taskflow.py
[2024-07-19T09:20:15.991+0530] {processor.py:830} INFO - Processing file /home/growlt245/.local/lib/python3.10/site-packages/airflow/example_dags/example_setup_teardown_taskflow.py for tasks to queue
[2024-07-19T09:20:15.993+0530] {logging_mixin.py:188} INFO - [2024-07-19T09:20:15.993+0530] {dagbag.py:545} INFO - Filling up the DagBag from /home/growlt245/.local/lib/python3.10/site-packages/airflow/example_dags/example_setup_teardown_taskflow.py
[2024-07-19T09:20:16.004+0530] {processor.py:840} INFO - DAG(s) 'example_setup_teardown_taskflow' retrieved from /home/growlt245/.local/lib/python3.10/site-packages/airflow/example_dags/example_setup_teardown_taskflow.py
[2024-07-19T09:20:16.016+0530] {logging_mixin.py:188} INFO - [2024-07-19T09:20:16.015+0530] {dag.py:3089} INFO - Sync 1 DAGs
[2024-07-19T09:20:16.025+0530] {logging_mixin.py:188} INFO - [2024-07-19T09:20:16.025+0530] {dag.py:3947} INFO - Setting next_dagrun for example_setup_teardown_taskflow to 2024-07-18 00:00:00+00:00, run_after=2024-07-19 00:00:00+00:00
[2024-07-19T09:20:16.035+0530] {processor.py:183} INFO - Processing /home/growlt245/.local/lib/python3.10/site-packages/airflow/example_dags/example_setup_teardown_taskflow.py took 0.052 seconds
[2024-07-19T09:20:58.543+0530] {processor.py:161} INFO - Started process (PID=167095) to work on /home/growlt245/.local/lib/python3.10/site-packages/airflow/example_dags/example_setup_teardown_taskflow.py
[2024-07-19T09:20:58.546+0530] {processor.py:830} INFO - Processing file /home/growlt245/.local/lib/python3.10/site-packages/airflow/example_dags/example_setup_teardown_taskflow.py for tasks to queue
[2024-07-19T09:20:58.548+0530] {logging_mixin.py:188} INFO - [2024-07-19T09:20:58.547+0530] {dagbag.py:545} INFO - Filling up the DagBag from /home/growlt245/.local/lib/python3.10/site-packages/airflow/example_dags/example_setup_teardown_taskflow.py
[2024-07-19T09:20:58.556+0530] {processor.py:840} INFO - DAG(s) 'example_setup_teardown_taskflow' retrieved from /home/growlt245/.local/lib/python3.10/site-packages/airflow/example_dags/example_setup_teardown_taskflow.py
[2024-07-19T09:20:58.569+0530] {logging_mixin.py:188} INFO - [2024-07-19T09:20:58.569+0530] {dag.py:3089} INFO - Sync 1 DAGs
[2024-07-19T09:20:58.580+0530] {logging_mixin.py:188} INFO - [2024-07-19T09:20:58.580+0530] {dag.py:3947} INFO - Setting next_dagrun for example_setup_teardown_taskflow to 2024-07-18 00:00:00+00:00, run_after=2024-07-19 00:00:00+00:00
[2024-07-19T09:20:58.592+0530] {processor.py:183} INFO - Processing /home/growlt245/.local/lib/python3.10/site-packages/airflow/example_dags/example_setup_teardown_taskflow.py took 0.055 seconds
