[2024-07-19T08:58:06.515+0530] {processor.py:161} INFO - Started process (PID=155931) to work on /home/growlt245/.local/lib/python3.10/site-packages/airflow/example_dags/example_external_task_marker_dag.py
[2024-07-19T08:58:06.516+0530] {processor.py:830} INFO - Processing file /home/growlt245/.local/lib/python3.10/site-packages/airflow/example_dags/example_external_task_marker_dag.py for tasks to queue
[2024-07-19T08:58:06.517+0530] {logging_mixin.py:188} INFO - [2024-07-19T08:58:06.516+0530] {dagbag.py:545} INFO - Filling up the DagBag from /home/growlt245/.local/lib/python3.10/site-packages/airflow/example_dags/example_external_task_marker_dag.py
[2024-07-19T08:58:06.519+0530] {processor.py:840} INFO - DAG(s) 'example_external_task_marker_child', 'example_external_task_marker_parent' retrieved from /home/growlt245/.local/lib/python3.10/site-packages/airflow/example_dags/example_external_task_marker_dag.py
[2024-07-19T08:58:06.528+0530] {logging_mixin.py:188} INFO - [2024-07-19T08:58:06.528+0530] {dag.py:3089} INFO - Sync 2 DAGs
[2024-07-19T08:58:06.533+0530] {logging_mixin.py:188} INFO - [2024-07-19T08:58:06.533+0530] {dag.py:3947} INFO - Setting next_dagrun for example_external_task_marker_child to None, run_after=None
[2024-07-19T08:58:06.535+0530] {logging_mixin.py:188} INFO - [2024-07-19T08:58:06.535+0530] {dag.py:3947} INFO - Setting next_dagrun for example_external_task_marker_parent to None, run_after=None
[2024-07-19T08:58:06.543+0530] {processor.py:183} INFO - Processing /home/growlt245/.local/lib/python3.10/site-packages/airflow/example_dags/example_external_task_marker_dag.py took 0.032 seconds
[2024-07-19T09:15:32.157+0530] {processor.py:161} INFO - Started process (PID=164286) to work on /home/growlt245/.local/lib/python3.10/site-packages/airflow/example_dags/example_external_task_marker_dag.py
[2024-07-19T09:15:32.158+0530] {processor.py:830} INFO - Processing file /home/growlt245/.local/lib/python3.10/site-packages/airflow/example_dags/example_external_task_marker_dag.py for tasks to queue
[2024-07-19T09:15:32.160+0530] {logging_mixin.py:188} INFO - [2024-07-19T09:15:32.160+0530] {dagbag.py:545} INFO - Filling up the DagBag from /home/growlt245/.local/lib/python3.10/site-packages/airflow/example_dags/example_external_task_marker_dag.py
[2024-07-19T09:15:32.166+0530] {processor.py:840} INFO - DAG(s) 'example_external_task_marker_parent', 'example_external_task_marker_child' retrieved from /home/growlt245/.local/lib/python3.10/site-packages/airflow/example_dags/example_external_task_marker_dag.py
[2024-07-19T09:15:32.199+0530] {logging_mixin.py:188} INFO - [2024-07-19T09:15:32.198+0530] {dag.py:3089} INFO - Sync 2 DAGs
[2024-07-19T09:15:32.212+0530] {logging_mixin.py:188} INFO - [2024-07-19T09:15:32.211+0530] {dag.py:3947} INFO - Setting next_dagrun for example_external_task_marker_child to None, run_after=None
[2024-07-19T09:15:32.217+0530] {logging_mixin.py:188} INFO - [2024-07-19T09:15:32.216+0530] {dag.py:3947} INFO - Setting next_dagrun for example_external_task_marker_parent to None, run_after=None
[2024-07-19T09:15:32.240+0530] {processor.py:183} INFO - Processing /home/growlt245/.local/lib/python3.10/site-packages/airflow/example_dags/example_external_task_marker_dag.py took 0.086 seconds
[2024-07-19T09:16:20.731+0530] {processor.py:161} INFO - Started process (PID=164439) to work on /home/growlt245/.local/lib/python3.10/site-packages/airflow/example_dags/example_external_task_marker_dag.py
[2024-07-19T09:16:20.734+0530] {processor.py:830} INFO - Processing file /home/growlt245/.local/lib/python3.10/site-packages/airflow/example_dags/example_external_task_marker_dag.py for tasks to queue
[2024-07-19T09:16:20.736+0530] {logging_mixin.py:188} INFO - [2024-07-19T09:16:20.736+0530] {dagbag.py:545} INFO - Filling up the DagBag from /home/growlt245/.local/lib/python3.10/site-packages/airflow/example_dags/example_external_task_marker_dag.py
[2024-07-19T09:16:20.743+0530] {processor.py:840} INFO - DAG(s) 'example_external_task_marker_parent', 'example_external_task_marker_child' retrieved from /home/growlt245/.local/lib/python3.10/site-packages/airflow/example_dags/example_external_task_marker_dag.py
[2024-07-19T09:16:20.753+0530] {logging_mixin.py:188} INFO - [2024-07-19T09:16:20.753+0530] {dag.py:3089} INFO - Sync 2 DAGs
[2024-07-19T09:16:20.759+0530] {logging_mixin.py:188} INFO - [2024-07-19T09:16:20.759+0530] {dag.py:3947} INFO - Setting next_dagrun for example_external_task_marker_child to None, run_after=None
[2024-07-19T09:16:20.760+0530] {logging_mixin.py:188} INFO - [2024-07-19T09:16:20.760+0530] {dag.py:3947} INFO - Setting next_dagrun for example_external_task_marker_parent to None, run_after=None
[2024-07-19T09:16:20.769+0530] {processor.py:183} INFO - Processing /home/growlt245/.local/lib/python3.10/site-packages/airflow/example_dags/example_external_task_marker_dag.py took 0.043 seconds
[2024-07-19T09:17:08.465+0530] {processor.py:161} INFO - Started process (PID=165181) to work on /home/growlt245/.local/lib/python3.10/site-packages/airflow/example_dags/example_external_task_marker_dag.py
[2024-07-19T09:17:08.467+0530] {processor.py:830} INFO - Processing file /home/growlt245/.local/lib/python3.10/site-packages/airflow/example_dags/example_external_task_marker_dag.py for tasks to queue
[2024-07-19T09:17:08.468+0530] {logging_mixin.py:188} INFO - [2024-07-19T09:17:08.468+0530] {dagbag.py:545} INFO - Filling up the DagBag from /home/growlt245/.local/lib/python3.10/site-packages/airflow/example_dags/example_external_task_marker_dag.py
[2024-07-19T09:17:08.472+0530] {processor.py:840} INFO - DAG(s) 'example_external_task_marker_child', 'example_external_task_marker_parent' retrieved from /home/growlt245/.local/lib/python3.10/site-packages/airflow/example_dags/example_external_task_marker_dag.py
[2024-07-19T09:17:08.481+0530] {logging_mixin.py:188} INFO - [2024-07-19T09:17:08.481+0530] {dag.py:3089} INFO - Sync 2 DAGs
[2024-07-19T09:17:08.487+0530] {logging_mixin.py:188} INFO - [2024-07-19T09:17:08.487+0530] {dag.py:3947} INFO - Setting next_dagrun for example_external_task_marker_child to None, run_after=None
[2024-07-19T09:17:08.489+0530] {logging_mixin.py:188} INFO - [2024-07-19T09:17:08.488+0530] {dag.py:3947} INFO - Setting next_dagrun for example_external_task_marker_parent to None, run_after=None
[2024-07-19T09:17:08.499+0530] {processor.py:183} INFO - Processing /home/growlt245/.local/lib/python3.10/site-packages/airflow/example_dags/example_external_task_marker_dag.py took 0.037 seconds
[2024-07-19T09:17:59.844+0530] {processor.py:161} INFO - Started process (PID=165377) to work on /home/growlt245/.local/lib/python3.10/site-packages/airflow/example_dags/example_external_task_marker_dag.py
[2024-07-19T09:17:59.846+0530] {processor.py:830} INFO - Processing file /home/growlt245/.local/lib/python3.10/site-packages/airflow/example_dags/example_external_task_marker_dag.py for tasks to queue
[2024-07-19T09:17:59.847+0530] {logging_mixin.py:188} INFO - [2024-07-19T09:17:59.847+0530] {dagbag.py:545} INFO - Filling up the DagBag from /home/growlt245/.local/lib/python3.10/site-packages/airflow/example_dags/example_external_task_marker_dag.py
[2024-07-19T09:17:59.851+0530] {processor.py:840} INFO - DAG(s) 'example_external_task_marker_parent', 'example_external_task_marker_child' retrieved from /home/growlt245/.local/lib/python3.10/site-packages/airflow/example_dags/example_external_task_marker_dag.py
[2024-07-19T09:17:59.861+0530] {logging_mixin.py:188} INFO - [2024-07-19T09:17:59.861+0530] {dag.py:3089} INFO - Sync 2 DAGs
[2024-07-19T09:17:59.866+0530] {logging_mixin.py:188} INFO - [2024-07-19T09:17:59.866+0530] {dag.py:3947} INFO - Setting next_dagrun for example_external_task_marker_child to None, run_after=None
[2024-07-19T09:17:59.868+0530] {logging_mixin.py:188} INFO - [2024-07-19T09:17:59.868+0530] {dag.py:3947} INFO - Setting next_dagrun for example_external_task_marker_parent to None, run_after=None
[2024-07-19T09:17:59.875+0530] {processor.py:183} INFO - Processing /home/growlt245/.local/lib/python3.10/site-packages/airflow/example_dags/example_external_task_marker_dag.py took 0.035 seconds
[2024-07-19T09:18:49.195+0530] {processor.py:161} INFO - Started process (PID=166272) to work on /home/growlt245/.local/lib/python3.10/site-packages/airflow/example_dags/example_external_task_marker_dag.py
[2024-07-19T09:18:49.195+0530] {processor.py:830} INFO - Processing file /home/growlt245/.local/lib/python3.10/site-packages/airflow/example_dags/example_external_task_marker_dag.py for tasks to queue
[2024-07-19T09:18:49.197+0530] {logging_mixin.py:188} INFO - [2024-07-19T09:18:49.196+0530] {dagbag.py:545} INFO - Filling up the DagBag from /home/growlt245/.local/lib/python3.10/site-packages/airflow/example_dags/example_external_task_marker_dag.py
[2024-07-19T09:18:49.200+0530] {processor.py:840} INFO - DAG(s) 'example_external_task_marker_child', 'example_external_task_marker_parent' retrieved from /home/growlt245/.local/lib/python3.10/site-packages/airflow/example_dags/example_external_task_marker_dag.py
[2024-07-19T09:18:49.213+0530] {logging_mixin.py:188} INFO - [2024-07-19T09:18:49.212+0530] {dag.py:3089} INFO - Sync 2 DAGs
[2024-07-19T09:18:49.218+0530] {logging_mixin.py:188} INFO - [2024-07-19T09:18:49.218+0530] {dag.py:3947} INFO - Setting next_dagrun for example_external_task_marker_child to None, run_after=None
[2024-07-19T09:18:49.219+0530] {logging_mixin.py:188} INFO - [2024-07-19T09:18:49.219+0530] {dag.py:3947} INFO - Setting next_dagrun for example_external_task_marker_parent to None, run_after=None
[2024-07-19T09:18:49.228+0530] {processor.py:183} INFO - Processing /home/growlt245/.local/lib/python3.10/site-packages/airflow/example_dags/example_external_task_marker_dag.py took 0.036 seconds
[2024-07-19T09:19:37.755+0530] {processor.py:161} INFO - Started process (PID=166539) to work on /home/growlt245/.local/lib/python3.10/site-packages/airflow/example_dags/example_external_task_marker_dag.py
[2024-07-19T09:19:37.757+0530] {processor.py:830} INFO - Processing file /home/growlt245/.local/lib/python3.10/site-packages/airflow/example_dags/example_external_task_marker_dag.py for tasks to queue
[2024-07-19T09:19:37.759+0530] {logging_mixin.py:188} INFO - [2024-07-19T09:19:37.759+0530] {dagbag.py:545} INFO - Filling up the DagBag from /home/growlt245/.local/lib/python3.10/site-packages/airflow/example_dags/example_external_task_marker_dag.py
[2024-07-19T09:19:37.764+0530] {processor.py:840} INFO - DAG(s) 'example_external_task_marker_parent', 'example_external_task_marker_child' retrieved from /home/growlt245/.local/lib/python3.10/site-packages/airflow/example_dags/example_external_task_marker_dag.py
[2024-07-19T09:19:37.775+0530] {logging_mixin.py:188} INFO - [2024-07-19T09:19:37.775+0530] {dag.py:3089} INFO - Sync 2 DAGs
[2024-07-19T09:19:37.781+0530] {logging_mixin.py:188} INFO - [2024-07-19T09:19:37.780+0530] {dag.py:3947} INFO - Setting next_dagrun for example_external_task_marker_child to None, run_after=None
[2024-07-19T09:19:37.782+0530] {logging_mixin.py:188} INFO - [2024-07-19T09:19:37.782+0530] {dag.py:3947} INFO - Setting next_dagrun for example_external_task_marker_parent to None, run_after=None
[2024-07-19T09:19:37.790+0530] {processor.py:183} INFO - Processing /home/growlt245/.local/lib/python3.10/site-packages/airflow/example_dags/example_external_task_marker_dag.py took 0.039 seconds
[2024-07-19T09:20:21.822+0530] {processor.py:161} INFO - Started process (PID=166762) to work on /home/growlt245/.local/lib/python3.10/site-packages/airflow/example_dags/example_external_task_marker_dag.py
[2024-07-19T09:20:21.825+0530] {processor.py:830} INFO - Processing file /home/growlt245/.local/lib/python3.10/site-packages/airflow/example_dags/example_external_task_marker_dag.py for tasks to queue
[2024-07-19T09:20:21.828+0530] {logging_mixin.py:188} INFO - [2024-07-19T09:20:21.827+0530] {dagbag.py:545} INFO - Filling up the DagBag from /home/growlt245/.local/lib/python3.10/site-packages/airflow/example_dags/example_external_task_marker_dag.py
[2024-07-19T09:20:21.834+0530] {processor.py:840} INFO - DAG(s) 'example_external_task_marker_parent', 'example_external_task_marker_child' retrieved from /home/growlt245/.local/lib/python3.10/site-packages/airflow/example_dags/example_external_task_marker_dag.py
[2024-07-19T09:20:21.845+0530] {logging_mixin.py:188} INFO - [2024-07-19T09:20:21.844+0530] {dag.py:3089} INFO - Sync 2 DAGs
[2024-07-19T09:20:21.850+0530] {logging_mixin.py:188} INFO - [2024-07-19T09:20:21.850+0530] {dag.py:3947} INFO - Setting next_dagrun for example_external_task_marker_child to None, run_after=None
[2024-07-19T09:20:21.851+0530] {logging_mixin.py:188} INFO - [2024-07-19T09:20:21.851+0530] {dag.py:3947} INFO - Setting next_dagrun for example_external_task_marker_parent to None, run_after=None
[2024-07-19T09:20:21.862+0530] {processor.py:183} INFO - Processing /home/growlt245/.local/lib/python3.10/site-packages/airflow/example_dags/example_external_task_marker_dag.py took 0.044 seconds
[2024-07-19T09:21:05.296+0530] {processor.py:161} INFO - Started process (PID=167113) to work on /home/growlt245/.local/lib/python3.10/site-packages/airflow/example_dags/example_external_task_marker_dag.py
[2024-07-19T09:21:05.297+0530] {processor.py:830} INFO - Processing file /home/growlt245/.local/lib/python3.10/site-packages/airflow/example_dags/example_external_task_marker_dag.py for tasks to queue
[2024-07-19T09:21:05.298+0530] {logging_mixin.py:188} INFO - [2024-07-19T09:21:05.298+0530] {dagbag.py:545} INFO - Filling up the DagBag from /home/growlt245/.local/lib/python3.10/site-packages/airflow/example_dags/example_external_task_marker_dag.py
[2024-07-19T09:21:05.302+0530] {processor.py:840} INFO - DAG(s) 'example_external_task_marker_parent', 'example_external_task_marker_child' retrieved from /home/growlt245/.local/lib/python3.10/site-packages/airflow/example_dags/example_external_task_marker_dag.py
[2024-07-19T09:21:05.311+0530] {logging_mixin.py:188} INFO - [2024-07-19T09:21:05.311+0530] {dag.py:3089} INFO - Sync 2 DAGs
[2024-07-19T09:21:05.318+0530] {logging_mixin.py:188} INFO - [2024-07-19T09:21:05.318+0530] {dag.py:3947} INFO - Setting next_dagrun for example_external_task_marker_child to None, run_after=None
[2024-07-19T09:21:05.321+0530] {logging_mixin.py:188} INFO - [2024-07-19T09:21:05.321+0530] {dag.py:3947} INFO - Setting next_dagrun for example_external_task_marker_parent to None, run_after=None
[2024-07-19T09:21:05.335+0530] {processor.py:183} INFO - Processing /home/growlt245/.local/lib/python3.10/site-packages/airflow/example_dags/example_external_task_marker_dag.py took 0.043 seconds
