[2024-07-19T08:56:53.570+0530] {processor.py:161} INFO - Started process (PID=155424) to work on /home/growlt245/.local/lib/python3.10/site-packages/airflow/example_dags/example_python_decorator.py
[2024-07-19T08:56:53.571+0530] {processor.py:830} INFO - Processing file /home/growlt245/.local/lib/python3.10/site-packages/airflow/example_dags/example_python_decorator.py for tasks to queue
[2024-07-19T08:56:53.572+0530] {logging_mixin.py:188} INFO - [2024-07-19T08:56:53.571+0530] {dagbag.py:545} INFO - Filling up the DagBag from /home/growlt245/.local/lib/python3.10/site-packages/airflow/example_dags/example_python_decorator.py
[2024-07-19T08:56:53.579+0530] {processor.py:840} INFO - DAG(s) 'example_python_decorator' retrieved from /home/growlt245/.local/lib/python3.10/site-packages/airflow/example_dags/example_python_decorator.py
[2024-07-19T08:56:53.629+0530] {logging_mixin.py:188} INFO - [2024-07-19T08:56:53.629+0530] {dag.py:3089} INFO - Sync 1 DAGs
[2024-07-19T08:56:53.634+0530] {logging_mixin.py:188} INFO - [2024-07-19T08:56:53.634+0530] {dag.py:3947} INFO - Setting next_dagrun for example_python_decorator to None, run_after=None
[2024-07-19T08:56:53.644+0530] {processor.py:183} INFO - Processing /home/growlt245/.local/lib/python3.10/site-packages/airflow/example_dags/example_python_decorator.py took 0.078 seconds
[2024-07-19T09:15:16.147+0530] {processor.py:161} INFO - Started process (PID=164194) to work on /home/growlt245/.local/lib/python3.10/site-packages/airflow/example_dags/example_python_decorator.py
[2024-07-19T09:15:16.148+0530] {processor.py:830} INFO - Processing file /home/growlt245/.local/lib/python3.10/site-packages/airflow/example_dags/example_python_decorator.py for tasks to queue
[2024-07-19T09:15:16.150+0530] {logging_mixin.py:188} INFO - [2024-07-19T09:15:16.150+0530] {dagbag.py:545} INFO - Filling up the DagBag from /home/growlt245/.local/lib/python3.10/site-packages/airflow/example_dags/example_python_decorator.py
[2024-07-19T09:15:16.165+0530] {processor.py:840} INFO - DAG(s) 'example_python_decorator' retrieved from /home/growlt245/.local/lib/python3.10/site-packages/airflow/example_dags/example_python_decorator.py
[2024-07-19T09:15:16.241+0530] {logging_mixin.py:188} INFO - [2024-07-19T09:15:16.241+0530] {dag.py:3089} INFO - Sync 1 DAGs
[2024-07-19T09:15:16.246+0530] {logging_mixin.py:188} INFO - [2024-07-19T09:15:16.246+0530] {dag.py:3947} INFO - Setting next_dagrun for example_python_decorator to None, run_after=None
[2024-07-19T09:15:16.259+0530] {processor.py:183} INFO - Processing /home/growlt245/.local/lib/python3.10/site-packages/airflow/example_dags/example_python_decorator.py took 0.116 seconds
[2024-07-19T09:16:15.170+0530] {processor.py:161} INFO - Started process (PID=164408) to work on /home/growlt245/.local/lib/python3.10/site-packages/airflow/example_dags/example_python_decorator.py
[2024-07-19T09:16:15.173+0530] {processor.py:830} INFO - Processing file /home/growlt245/.local/lib/python3.10/site-packages/airflow/example_dags/example_python_decorator.py for tasks to queue
[2024-07-19T09:16:15.174+0530] {logging_mixin.py:188} INFO - [2024-07-19T09:16:15.174+0530] {dagbag.py:545} INFO - Filling up the DagBag from /home/growlt245/.local/lib/python3.10/site-packages/airflow/example_dags/example_python_decorator.py
[2024-07-19T09:16:15.183+0530] {processor.py:840} INFO - DAG(s) 'example_python_decorator' retrieved from /home/growlt245/.local/lib/python3.10/site-packages/airflow/example_dags/example_python_decorator.py
[2024-07-19T09:16:15.191+0530] {logging_mixin.py:188} INFO - [2024-07-19T09:16:15.191+0530] {dag.py:3089} INFO - Sync 1 DAGs
[2024-07-19T09:16:15.196+0530] {logging_mixin.py:188} INFO - [2024-07-19T09:16:15.196+0530] {dag.py:3947} INFO - Setting next_dagrun for example_python_decorator to None, run_after=None
[2024-07-19T09:16:15.206+0530] {processor.py:183} INFO - Processing /home/growlt245/.local/lib/python3.10/site-packages/airflow/example_dags/example_python_decorator.py took 0.039 seconds
[2024-07-19T09:17:01.497+0530] {processor.py:161} INFO - Started process (PID=165155) to work on /home/growlt245/.local/lib/python3.10/site-packages/airflow/example_dags/example_python_decorator.py
[2024-07-19T09:17:01.499+0530] {processor.py:830} INFO - Processing file /home/growlt245/.local/lib/python3.10/site-packages/airflow/example_dags/example_python_decorator.py for tasks to queue
[2024-07-19T09:17:01.500+0530] {logging_mixin.py:188} INFO - [2024-07-19T09:17:01.500+0530] {dagbag.py:545} INFO - Filling up the DagBag from /home/growlt245/.local/lib/python3.10/site-packages/airflow/example_dags/example_python_decorator.py
[2024-07-19T09:17:01.509+0530] {processor.py:840} INFO - DAG(s) 'example_python_decorator' retrieved from /home/growlt245/.local/lib/python3.10/site-packages/airflow/example_dags/example_python_decorator.py
[2024-07-19T09:17:01.519+0530] {logging_mixin.py:188} INFO - [2024-07-19T09:17:01.519+0530] {dag.py:3089} INFO - Sync 1 DAGs
[2024-07-19T09:17:01.525+0530] {logging_mixin.py:188} INFO - [2024-07-19T09:17:01.524+0530] {dag.py:3947} INFO - Setting next_dagrun for example_python_decorator to None, run_after=None
[2024-07-19T09:17:01.537+0530] {processor.py:183} INFO - Processing /home/growlt245/.local/lib/python3.10/site-packages/airflow/example_dags/example_python_decorator.py took 0.044 seconds
[2024-07-19T09:17:49.769+0530] {processor.py:161} INFO - Started process (PID=165347) to work on /home/growlt245/.local/lib/python3.10/site-packages/airflow/example_dags/example_python_decorator.py
[2024-07-19T09:17:49.771+0530] {processor.py:830} INFO - Processing file /home/growlt245/.local/lib/python3.10/site-packages/airflow/example_dags/example_python_decorator.py for tasks to queue
[2024-07-19T09:17:49.772+0530] {logging_mixin.py:188} INFO - [2024-07-19T09:17:49.772+0530] {dagbag.py:545} INFO - Filling up the DagBag from /home/growlt245/.local/lib/python3.10/site-packages/airflow/example_dags/example_python_decorator.py
[2024-07-19T09:17:49.783+0530] {processor.py:840} INFO - DAG(s) 'example_python_decorator' retrieved from /home/growlt245/.local/lib/python3.10/site-packages/airflow/example_dags/example_python_decorator.py
[2024-07-19T09:17:49.791+0530] {logging_mixin.py:188} INFO - [2024-07-19T09:17:49.791+0530] {dag.py:3089} INFO - Sync 1 DAGs
[2024-07-19T09:17:49.796+0530] {logging_mixin.py:188} INFO - [2024-07-19T09:17:49.796+0530] {dag.py:3947} INFO - Setting next_dagrun for example_python_decorator to None, run_after=None
[2024-07-19T09:17:49.806+0530] {processor.py:183} INFO - Processing /home/growlt245/.local/lib/python3.10/site-packages/airflow/example_dags/example_python_decorator.py took 0.040 seconds
[2024-07-19T09:18:44.115+0530] {processor.py:161} INFO - Started process (PID=166251) to work on /home/growlt245/.local/lib/python3.10/site-packages/airflow/example_dags/example_python_decorator.py
[2024-07-19T09:18:44.118+0530] {processor.py:830} INFO - Processing file /home/growlt245/.local/lib/python3.10/site-packages/airflow/example_dags/example_python_decorator.py for tasks to queue
[2024-07-19T09:18:44.121+0530] {logging_mixin.py:188} INFO - [2024-07-19T09:18:44.120+0530] {dagbag.py:545} INFO - Filling up the DagBag from /home/growlt245/.local/lib/python3.10/site-packages/airflow/example_dags/example_python_decorator.py
[2024-07-19T09:18:44.134+0530] {processor.py:840} INFO - DAG(s) 'example_python_decorator' retrieved from /home/growlt245/.local/lib/python3.10/site-packages/airflow/example_dags/example_python_decorator.py
[2024-07-19T09:18:44.145+0530] {logging_mixin.py:188} INFO - [2024-07-19T09:18:44.145+0530] {dag.py:3089} INFO - Sync 1 DAGs
[2024-07-19T09:18:44.150+0530] {logging_mixin.py:188} INFO - [2024-07-19T09:18:44.150+0530] {dag.py:3947} INFO - Setting next_dagrun for example_python_decorator to None, run_after=None
[2024-07-19T09:18:44.159+0530] {processor.py:183} INFO - Processing /home/growlt245/.local/lib/python3.10/site-packages/airflow/example_dags/example_python_decorator.py took 0.048 seconds
[2024-07-19T09:19:32.116+0530] {processor.py:161} INFO - Started process (PID=166491) to work on /home/growlt245/.local/lib/python3.10/site-packages/airflow/example_dags/example_python_decorator.py
[2024-07-19T09:19:32.118+0530] {processor.py:830} INFO - Processing file /home/growlt245/.local/lib/python3.10/site-packages/airflow/example_dags/example_python_decorator.py for tasks to queue
[2024-07-19T09:19:32.119+0530] {logging_mixin.py:188} INFO - [2024-07-19T09:19:32.119+0530] {dagbag.py:545} INFO - Filling up the DagBag from /home/growlt245/.local/lib/python3.10/site-packages/airflow/example_dags/example_python_decorator.py
[2024-07-19T09:19:32.127+0530] {processor.py:840} INFO - DAG(s) 'example_python_decorator' retrieved from /home/growlt245/.local/lib/python3.10/site-packages/airflow/example_dags/example_python_decorator.py
[2024-07-19T09:19:32.136+0530] {logging_mixin.py:188} INFO - [2024-07-19T09:19:32.136+0530] {dag.py:3089} INFO - Sync 1 DAGs
[2024-07-19T09:19:32.142+0530] {logging_mixin.py:188} INFO - [2024-07-19T09:19:32.142+0530] {dag.py:3947} INFO - Setting next_dagrun for example_python_decorator to None, run_after=None
[2024-07-19T09:19:32.152+0530] {processor.py:183} INFO - Processing /home/growlt245/.local/lib/python3.10/site-packages/airflow/example_dags/example_python_decorator.py took 0.040 seconds
[2024-07-19T09:20:17.207+0530] {processor.py:161} INFO - Started process (PID=166723) to work on /home/growlt245/.local/lib/python3.10/site-packages/airflow/example_dags/example_python_decorator.py
[2024-07-19T09:20:17.207+0530] {processor.py:830} INFO - Processing file /home/growlt245/.local/lib/python3.10/site-packages/airflow/example_dags/example_python_decorator.py for tasks to queue
[2024-07-19T09:20:17.208+0530] {logging_mixin.py:188} INFO - [2024-07-19T09:20:17.208+0530] {dagbag.py:545} INFO - Filling up the DagBag from /home/growlt245/.local/lib/python3.10/site-packages/airflow/example_dags/example_python_decorator.py
[2024-07-19T09:20:17.215+0530] {processor.py:840} INFO - DAG(s) 'example_python_decorator' retrieved from /home/growlt245/.local/lib/python3.10/site-packages/airflow/example_dags/example_python_decorator.py
[2024-07-19T09:20:17.224+0530] {logging_mixin.py:188} INFO - [2024-07-19T09:20:17.223+0530] {dag.py:3089} INFO - Sync 1 DAGs
[2024-07-19T09:20:17.229+0530] {logging_mixin.py:188} INFO - [2024-07-19T09:20:17.229+0530] {dag.py:3947} INFO - Setting next_dagrun for example_python_decorator to None, run_after=None
[2024-07-19T09:20:17.238+0530] {processor.py:183} INFO - Processing /home/growlt245/.local/lib/python3.10/site-packages/airflow/example_dags/example_python_decorator.py took 0.035 seconds
[2024-07-19T09:21:00.263+0530] {processor.py:161} INFO - Started process (PID=167101) to work on /home/growlt245/.local/lib/python3.10/site-packages/airflow/example_dags/example_python_decorator.py
[2024-07-19T09:21:00.265+0530] {processor.py:830} INFO - Processing file /home/growlt245/.local/lib/python3.10/site-packages/airflow/example_dags/example_python_decorator.py for tasks to queue
[2024-07-19T09:21:00.266+0530] {logging_mixin.py:188} INFO - [2024-07-19T09:21:00.266+0530] {dagbag.py:545} INFO - Filling up the DagBag from /home/growlt245/.local/lib/python3.10/site-packages/airflow/example_dags/example_python_decorator.py
[2024-07-19T09:21:00.276+0530] {processor.py:840} INFO - DAG(s) 'example_python_decorator' retrieved from /home/growlt245/.local/lib/python3.10/site-packages/airflow/example_dags/example_python_decorator.py
[2024-07-19T09:21:00.285+0530] {logging_mixin.py:188} INFO - [2024-07-19T09:21:00.285+0530] {dag.py:3089} INFO - Sync 1 DAGs
[2024-07-19T09:21:00.290+0530] {logging_mixin.py:188} INFO - [2024-07-19T09:21:00.290+0530] {dag.py:3947} INFO - Setting next_dagrun for example_python_decorator to None, run_after=None
[2024-07-19T09:21:00.300+0530] {processor.py:183} INFO - Processing /home/growlt245/.local/lib/python3.10/site-packages/airflow/example_dags/example_python_decorator.py took 0.043 seconds
