[2024-07-19T08:57:54.634+0530] {processor.py:161} INFO - Started process (PID=155850) to work on /home/growlt245/.local/lib/python3.10/site-packages/airflow/example_dags/example_dynamic_task_mapping.py
[2024-07-19T08:57:54.634+0530] {processor.py:830} INFO - Processing file /home/growlt245/.local/lib/python3.10/site-packages/airflow/example_dags/example_dynamic_task_mapping.py for tasks to queue
[2024-07-19T08:57:54.636+0530] {logging_mixin.py:188} INFO - [2024-07-19T08:57:54.635+0530] {dagbag.py:545} INFO - Filling up the DagBag from /home/growlt245/.local/lib/python3.10/site-packages/airflow/example_dags/example_dynamic_task_mapping.py
[2024-07-19T08:57:54.641+0530] {processor.py:840} INFO - DAG(s) 'example_dynamic_task_mapping' retrieved from /home/growlt245/.local/lib/python3.10/site-packages/airflow/example_dags/example_dynamic_task_mapping.py
[2024-07-19T08:57:54.651+0530] {logging_mixin.py:188} INFO - [2024-07-19T08:57:54.651+0530] {dag.py:3089} INFO - Sync 1 DAGs
[2024-07-19T08:57:54.660+0530] {logging_mixin.py:188} INFO - [2024-07-19T08:57:54.660+0530] {dag.py:3947} INFO - Setting next_dagrun for example_dynamic_task_mapping to 2022-03-04 00:00:00+00:00, run_after=2022-03-05 00:00:00+00:00
[2024-07-19T08:57:54.669+0530] {processor.py:183} INFO - Processing /home/growlt245/.local/lib/python3.10/site-packages/airflow/example_dags/example_dynamic_task_mapping.py took 0.040 seconds
[2024-07-19T09:15:31.145+0530] {processor.py:161} INFO - Started process (PID=164285) to work on /home/growlt245/.local/lib/python3.10/site-packages/airflow/example_dags/example_dynamic_task_mapping.py
[2024-07-19T09:15:31.148+0530] {processor.py:830} INFO - Processing file /home/growlt245/.local/lib/python3.10/site-packages/airflow/example_dags/example_dynamic_task_mapping.py for tasks to queue
[2024-07-19T09:15:31.149+0530] {logging_mixin.py:188} INFO - [2024-07-19T09:15:31.149+0530] {dagbag.py:545} INFO - Filling up the DagBag from /home/growlt245/.local/lib/python3.10/site-packages/airflow/example_dags/example_dynamic_task_mapping.py
[2024-07-19T09:15:31.155+0530] {processor.py:840} INFO - DAG(s) 'example_dynamic_task_mapping' retrieved from /home/growlt245/.local/lib/python3.10/site-packages/airflow/example_dags/example_dynamic_task_mapping.py
[2024-07-19T09:15:31.166+0530] {logging_mixin.py:188} INFO - [2024-07-19T09:15:31.166+0530] {dag.py:3089} INFO - Sync 1 DAGs
[2024-07-19T09:15:31.176+0530] {logging_mixin.py:188} INFO - [2024-07-19T09:15:31.176+0530] {dag.py:3947} INFO - Setting next_dagrun for example_dynamic_task_mapping to 2022-03-04 00:00:00+00:00, run_after=2022-03-05 00:00:00+00:00
[2024-07-19T09:15:31.196+0530] {processor.py:183} INFO - Processing /home/growlt245/.local/lib/python3.10/site-packages/airflow/example_dags/example_dynamic_task_mapping.py took 0.055 seconds
[2024-07-19T09:16:20.197+0530] {processor.py:161} INFO - Started process (PID=164437) to work on /home/growlt245/.local/lib/python3.10/site-packages/airflow/example_dags/example_dynamic_task_mapping.py
[2024-07-19T09:16:20.200+0530] {processor.py:830} INFO - Processing file /home/growlt245/.local/lib/python3.10/site-packages/airflow/example_dags/example_dynamic_task_mapping.py for tasks to queue
[2024-07-19T09:16:20.201+0530] {logging_mixin.py:188} INFO - [2024-07-19T09:16:20.201+0530] {dagbag.py:545} INFO - Filling up the DagBag from /home/growlt245/.local/lib/python3.10/site-packages/airflow/example_dags/example_dynamic_task_mapping.py
[2024-07-19T09:16:20.205+0530] {processor.py:840} INFO - DAG(s) 'example_dynamic_task_mapping' retrieved from /home/growlt245/.local/lib/python3.10/site-packages/airflow/example_dags/example_dynamic_task_mapping.py
[2024-07-19T09:16:20.214+0530] {logging_mixin.py:188} INFO - [2024-07-19T09:16:20.214+0530] {dag.py:3089} INFO - Sync 1 DAGs
[2024-07-19T09:16:20.227+0530] {logging_mixin.py:188} INFO - [2024-07-19T09:16:20.226+0530] {dag.py:3947} INFO - Setting next_dagrun for example_dynamic_task_mapping to 2022-03-04 00:00:00+00:00, run_after=2022-03-05 00:00:00+00:00
[2024-07-19T09:16:20.238+0530] {processor.py:183} INFO - Processing /home/growlt245/.local/lib/python3.10/site-packages/airflow/example_dags/example_dynamic_task_mapping.py took 0.044 seconds
[2024-07-19T09:17:07.695+0530] {processor.py:161} INFO - Started process (PID=165178) to work on /home/growlt245/.local/lib/python3.10/site-packages/airflow/example_dags/example_dynamic_task_mapping.py
[2024-07-19T09:17:07.697+0530] {processor.py:830} INFO - Processing file /home/growlt245/.local/lib/python3.10/site-packages/airflow/example_dags/example_dynamic_task_mapping.py for tasks to queue
[2024-07-19T09:17:07.699+0530] {logging_mixin.py:188} INFO - [2024-07-19T09:17:07.699+0530] {dagbag.py:545} INFO - Filling up the DagBag from /home/growlt245/.local/lib/python3.10/site-packages/airflow/example_dags/example_dynamic_task_mapping.py
[2024-07-19T09:17:07.705+0530] {processor.py:840} INFO - DAG(s) 'example_dynamic_task_mapping' retrieved from /home/growlt245/.local/lib/python3.10/site-packages/airflow/example_dags/example_dynamic_task_mapping.py
[2024-07-19T09:17:07.717+0530] {logging_mixin.py:188} INFO - [2024-07-19T09:17:07.717+0530] {dag.py:3089} INFO - Sync 1 DAGs
[2024-07-19T09:17:07.728+0530] {logging_mixin.py:188} INFO - [2024-07-19T09:17:07.727+0530] {dag.py:3947} INFO - Setting next_dagrun for example_dynamic_task_mapping to 2022-03-04 00:00:00+00:00, run_after=2022-03-05 00:00:00+00:00
[2024-07-19T09:17:07.740+0530] {processor.py:183} INFO - Processing /home/growlt245/.local/lib/python3.10/site-packages/airflow/example_dags/example_dynamic_task_mapping.py took 0.050 seconds
[2024-07-19T09:17:54.808+0530] {processor.py:161} INFO - Started process (PID=165356) to work on /home/growlt245/.local/lib/python3.10/site-packages/airflow/example_dags/example_dynamic_task_mapping.py
[2024-07-19T09:17:54.810+0530] {processor.py:830} INFO - Processing file /home/growlt245/.local/lib/python3.10/site-packages/airflow/example_dags/example_dynamic_task_mapping.py for tasks to queue
[2024-07-19T09:17:54.811+0530] {logging_mixin.py:188} INFO - [2024-07-19T09:17:54.811+0530] {dagbag.py:545} INFO - Filling up the DagBag from /home/growlt245/.local/lib/python3.10/site-packages/airflow/example_dags/example_dynamic_task_mapping.py
[2024-07-19T09:17:54.816+0530] {processor.py:840} INFO - DAG(s) 'example_dynamic_task_mapping' retrieved from /home/growlt245/.local/lib/python3.10/site-packages/airflow/example_dags/example_dynamic_task_mapping.py
[2024-07-19T09:17:54.825+0530] {logging_mixin.py:188} INFO - [2024-07-19T09:17:54.825+0530] {dag.py:3089} INFO - Sync 1 DAGs
[2024-07-19T09:17:54.834+0530] {logging_mixin.py:188} INFO - [2024-07-19T09:17:54.834+0530] {dag.py:3947} INFO - Setting next_dagrun for example_dynamic_task_mapping to 2022-03-04 00:00:00+00:00, run_after=2022-03-05 00:00:00+00:00
[2024-07-19T09:17:54.842+0530] {processor.py:183} INFO - Processing /home/growlt245/.local/lib/python3.10/site-packages/airflow/example_dags/example_dynamic_task_mapping.py took 0.037 seconds
[2024-07-19T09:18:49.085+0530] {processor.py:161} INFO - Started process (PID=166270) to work on /home/growlt245/.local/lib/python3.10/site-packages/airflow/example_dags/example_dynamic_task_mapping.py
[2024-07-19T09:18:49.086+0530] {processor.py:830} INFO - Processing file /home/growlt245/.local/lib/python3.10/site-packages/airflow/example_dags/example_dynamic_task_mapping.py for tasks to queue
[2024-07-19T09:18:49.087+0530] {logging_mixin.py:188} INFO - [2024-07-19T09:18:49.086+0530] {dagbag.py:545} INFO - Filling up the DagBag from /home/growlt245/.local/lib/python3.10/site-packages/airflow/example_dags/example_dynamic_task_mapping.py
[2024-07-19T09:18:49.090+0530] {processor.py:840} INFO - DAG(s) 'example_dynamic_task_mapping' retrieved from /home/growlt245/.local/lib/python3.10/site-packages/airflow/example_dags/example_dynamic_task_mapping.py
[2024-07-19T09:18:49.098+0530] {logging_mixin.py:188} INFO - [2024-07-19T09:18:49.098+0530] {dag.py:3089} INFO - Sync 1 DAGs
[2024-07-19T09:18:49.106+0530] {logging_mixin.py:188} INFO - [2024-07-19T09:18:49.106+0530] {dag.py:3947} INFO - Setting next_dagrun for example_dynamic_task_mapping to 2022-03-04 00:00:00+00:00, run_after=2022-03-05 00:00:00+00:00
[2024-07-19T09:18:49.115+0530] {processor.py:183} INFO - Processing /home/growlt245/.local/lib/python3.10/site-packages/airflow/example_dags/example_dynamic_task_mapping.py took 0.034 seconds
[2024-07-19T09:19:36.723+0530] {processor.py:161} INFO - Started process (PID=166515) to work on /home/growlt245/.local/lib/python3.10/site-packages/airflow/example_dags/example_dynamic_task_mapping.py
[2024-07-19T09:19:36.725+0530] {processor.py:830} INFO - Processing file /home/growlt245/.local/lib/python3.10/site-packages/airflow/example_dags/example_dynamic_task_mapping.py for tasks to queue
[2024-07-19T09:19:36.726+0530] {logging_mixin.py:188} INFO - [2024-07-19T09:19:36.726+0530] {dagbag.py:545} INFO - Filling up the DagBag from /home/growlt245/.local/lib/python3.10/site-packages/airflow/example_dags/example_dynamic_task_mapping.py
[2024-07-19T09:19:36.731+0530] {processor.py:840} INFO - DAG(s) 'example_dynamic_task_mapping' retrieved from /home/growlt245/.local/lib/python3.10/site-packages/airflow/example_dags/example_dynamic_task_mapping.py
[2024-07-19T09:19:36.738+0530] {logging_mixin.py:188} INFO - [2024-07-19T09:19:36.738+0530] {dag.py:3089} INFO - Sync 1 DAGs
[2024-07-19T09:19:36.752+0530] {logging_mixin.py:188} INFO - [2024-07-19T09:19:36.752+0530] {dag.py:3947} INFO - Setting next_dagrun for example_dynamic_task_mapping to 2022-03-04 00:00:00+00:00, run_after=2022-03-05 00:00:00+00:00
[2024-07-19T09:19:36.772+0530] {processor.py:183} INFO - Processing /home/growlt245/.local/lib/python3.10/site-packages/airflow/example_dags/example_dynamic_task_mapping.py took 0.054 seconds
[2024-07-19T09:20:20.798+0530] {processor.py:161} INFO - Started process (PID=166748) to work on /home/growlt245/.local/lib/python3.10/site-packages/airflow/example_dags/example_dynamic_task_mapping.py
[2024-07-19T09:20:20.800+0530] {processor.py:830} INFO - Processing file /home/growlt245/.local/lib/python3.10/site-packages/airflow/example_dags/example_dynamic_task_mapping.py for tasks to queue
[2024-07-19T09:20:20.802+0530] {logging_mixin.py:188} INFO - [2024-07-19T09:20:20.802+0530] {dagbag.py:545} INFO - Filling up the DagBag from /home/growlt245/.local/lib/python3.10/site-packages/airflow/example_dags/example_dynamic_task_mapping.py
[2024-07-19T09:20:20.807+0530] {processor.py:840} INFO - DAG(s) 'example_dynamic_task_mapping' retrieved from /home/growlt245/.local/lib/python3.10/site-packages/airflow/example_dags/example_dynamic_task_mapping.py
[2024-07-19T09:20:20.815+0530] {logging_mixin.py:188} INFO - [2024-07-19T09:20:20.814+0530] {dag.py:3089} INFO - Sync 1 DAGs
[2024-07-19T09:20:20.823+0530] {logging_mixin.py:188} INFO - [2024-07-19T09:20:20.823+0530] {dag.py:3947} INFO - Setting next_dagrun for example_dynamic_task_mapping to 2022-03-04 00:00:00+00:00, run_after=2022-03-05 00:00:00+00:00
[2024-07-19T09:20:20.832+0530] {processor.py:183} INFO - Processing /home/growlt245/.local/lib/python3.10/site-packages/airflow/example_dags/example_dynamic_task_mapping.py took 0.040 seconds
[2024-07-19T09:21:04.497+0530] {processor.py:161} INFO - Started process (PID=167110) to work on /home/growlt245/.local/lib/python3.10/site-packages/airflow/example_dags/example_dynamic_task_mapping.py
[2024-07-19T09:21:04.500+0530] {processor.py:830} INFO - Processing file /home/growlt245/.local/lib/python3.10/site-packages/airflow/example_dags/example_dynamic_task_mapping.py for tasks to queue
[2024-07-19T09:21:04.501+0530] {logging_mixin.py:188} INFO - [2024-07-19T09:21:04.500+0530] {dagbag.py:545} INFO - Filling up the DagBag from /home/growlt245/.local/lib/python3.10/site-packages/airflow/example_dags/example_dynamic_task_mapping.py
[2024-07-19T09:21:04.504+0530] {processor.py:840} INFO - DAG(s) 'example_dynamic_task_mapping' retrieved from /home/growlt245/.local/lib/python3.10/site-packages/airflow/example_dags/example_dynamic_task_mapping.py
[2024-07-19T09:21:04.511+0530] {logging_mixin.py:188} INFO - [2024-07-19T09:21:04.511+0530] {dag.py:3089} INFO - Sync 1 DAGs
[2024-07-19T09:21:04.520+0530] {logging_mixin.py:188} INFO - [2024-07-19T09:21:04.520+0530] {dag.py:3947} INFO - Setting next_dagrun for example_dynamic_task_mapping to 2022-03-04 00:00:00+00:00, run_after=2022-03-05 00:00:00+00:00
[2024-07-19T09:21:04.529+0530] {processor.py:183} INFO - Processing /home/growlt245/.local/lib/python3.10/site-packages/airflow/example_dags/example_dynamic_task_mapping.py took 0.034 seconds
[2024-07-19T09:21:56.504+0530] {processor.py:161} INFO - Started process (PID=167466) to work on /home/growlt245/.local/lib/python3.10/site-packages/airflow/example_dags/example_dynamic_task_mapping.py
[2024-07-19T09:21:56.507+0530] {processor.py:830} INFO - Processing file /home/growlt245/.local/lib/python3.10/site-packages/airflow/example_dags/example_dynamic_task_mapping.py for tasks to queue
[2024-07-19T09:21:56.509+0530] {logging_mixin.py:188} INFO - [2024-07-19T09:21:56.508+0530] {dagbag.py:545} INFO - Filling up the DagBag from /home/growlt245/.local/lib/python3.10/site-packages/airflow/example_dags/example_dynamic_task_mapping.py
[2024-07-19T09:21:56.515+0530] {processor.py:840} INFO - DAG(s) 'example_dynamic_task_mapping' retrieved from /home/growlt245/.local/lib/python3.10/site-packages/airflow/example_dags/example_dynamic_task_mapping.py
[2024-07-19T09:21:56.524+0530] {logging_mixin.py:188} INFO - [2024-07-19T09:21:56.523+0530] {dag.py:3089} INFO - Sync 1 DAGs
[2024-07-19T09:21:56.532+0530] {logging_mixin.py:188} INFO - [2024-07-19T09:21:56.532+0530] {dag.py:3947} INFO - Setting next_dagrun for example_dynamic_task_mapping to 2022-03-04 00:00:00+00:00, run_after=2022-03-05 00:00:00+00:00
[2024-07-19T09:21:56.541+0530] {processor.py:183} INFO - Processing /home/growlt245/.local/lib/python3.10/site-packages/airflow/example_dags/example_dynamic_task_mapping.py took 0.042 seconds
[2024-07-19T09:22:49.984+0530] {processor.py:161} INFO - Started process (PID=167873) to work on /home/growlt245/.local/lib/python3.10/site-packages/airflow/example_dags/example_dynamic_task_mapping.py
[2024-07-19T09:22:49.986+0530] {processor.py:830} INFO - Processing file /home/growlt245/.local/lib/python3.10/site-packages/airflow/example_dags/example_dynamic_task_mapping.py for tasks to queue
[2024-07-19T09:22:49.987+0530] {logging_mixin.py:188} INFO - [2024-07-19T09:22:49.987+0530] {dagbag.py:545} INFO - Filling up the DagBag from /home/growlt245/.local/lib/python3.10/site-packages/airflow/example_dags/example_dynamic_task_mapping.py
[2024-07-19T09:22:49.991+0530] {processor.py:840} INFO - DAG(s) 'example_dynamic_task_mapping' retrieved from /home/growlt245/.local/lib/python3.10/site-packages/airflow/example_dags/example_dynamic_task_mapping.py
[2024-07-19T09:22:49.999+0530] {logging_mixin.py:188} INFO - [2024-07-19T09:22:49.998+0530] {dag.py:3089} INFO - Sync 1 DAGs
[2024-07-19T09:22:50.008+0530] {logging_mixin.py:188} INFO - [2024-07-19T09:22:50.007+0530] {dag.py:3947} INFO - Setting next_dagrun for example_dynamic_task_mapping to 2022-03-04 00:00:00+00:00, run_after=2022-03-05 00:00:00+00:00
[2024-07-19T09:22:50.017+0530] {processor.py:183} INFO - Processing /home/growlt245/.local/lib/python3.10/site-packages/airflow/example_dags/example_dynamic_task_mapping.py took 0.037 seconds
[2024-07-19T09:23:34.803+0530] {processor.py:161} INFO - Started process (PID=168102) to work on /home/growlt245/.local/lib/python3.10/site-packages/airflow/example_dags/example_dynamic_task_mapping.py
[2024-07-19T09:23:34.806+0530] {processor.py:830} INFO - Processing file /home/growlt245/.local/lib/python3.10/site-packages/airflow/example_dags/example_dynamic_task_mapping.py for tasks to queue
[2024-07-19T09:23:34.807+0530] {logging_mixin.py:188} INFO - [2024-07-19T09:23:34.807+0530] {dagbag.py:545} INFO - Filling up the DagBag from /home/growlt245/.local/lib/python3.10/site-packages/airflow/example_dags/example_dynamic_task_mapping.py
[2024-07-19T09:23:34.812+0530] {processor.py:840} INFO - DAG(s) 'example_dynamic_task_mapping' retrieved from /home/growlt245/.local/lib/python3.10/site-packages/airflow/example_dags/example_dynamic_task_mapping.py
[2024-07-19T09:23:34.820+0530] {logging_mixin.py:188} INFO - [2024-07-19T09:23:34.819+0530] {dag.py:3089} INFO - Sync 1 DAGs
[2024-07-19T09:23:34.828+0530] {logging_mixin.py:188} INFO - [2024-07-19T09:23:34.828+0530] {dag.py:3947} INFO - Setting next_dagrun for example_dynamic_task_mapping to 2022-03-04 00:00:00+00:00, run_after=2022-03-05 00:00:00+00:00
[2024-07-19T09:23:34.837+0530] {processor.py:183} INFO - Processing /home/growlt245/.local/lib/python3.10/site-packages/airflow/example_dags/example_dynamic_task_mapping.py took 0.037 seconds
[2024-07-19T09:24:20.855+0530] {processor.py:161} INFO - Started process (PID=168248) to work on /home/growlt245/.local/lib/python3.10/site-packages/airflow/example_dags/example_dynamic_task_mapping.py
[2024-07-19T09:24:20.858+0530] {processor.py:830} INFO - Processing file /home/growlt245/.local/lib/python3.10/site-packages/airflow/example_dags/example_dynamic_task_mapping.py for tasks to queue
[2024-07-19T09:24:20.859+0530] {logging_mixin.py:188} INFO - [2024-07-19T09:24:20.859+0530] {dagbag.py:545} INFO - Filling up the DagBag from /home/growlt245/.local/lib/python3.10/site-packages/airflow/example_dags/example_dynamic_task_mapping.py
[2024-07-19T09:24:20.864+0530] {processor.py:840} INFO - DAG(s) 'example_dynamic_task_mapping' retrieved from /home/growlt245/.local/lib/python3.10/site-packages/airflow/example_dags/example_dynamic_task_mapping.py
[2024-07-19T09:24:20.873+0530] {logging_mixin.py:188} INFO - [2024-07-19T09:24:20.873+0530] {dag.py:3089} INFO - Sync 1 DAGs
[2024-07-19T09:24:20.882+0530] {logging_mixin.py:188} INFO - [2024-07-19T09:24:20.882+0530] {dag.py:3947} INFO - Setting next_dagrun for example_dynamic_task_mapping to 2022-03-04 00:00:00+00:00, run_after=2022-03-05 00:00:00+00:00
[2024-07-19T09:24:20.891+0530] {processor.py:183} INFO - Processing /home/growlt245/.local/lib/python3.10/site-packages/airflow/example_dags/example_dynamic_task_mapping.py took 0.039 seconds
