[2024-07-19T08:58:31.180+0530] {processor.py:161} INFO - Started process (PID=156085) to work on /home/growlt245/.local/lib/python3.10/site-packages/airflow/example_dags/example_trigger_controller_dag.py
[2024-07-19T08:58:31.180+0530] {processor.py:830} INFO - Processing file /home/growlt245/.local/lib/python3.10/site-packages/airflow/example_dags/example_trigger_controller_dag.py for tasks to queue
[2024-07-19T08:58:31.181+0530] {logging_mixin.py:188} INFO - [2024-07-19T08:58:31.181+0530] {dagbag.py:545} INFO - Filling up the DagBag from /home/growlt245/.local/lib/python3.10/site-packages/airflow/example_dags/example_trigger_controller_dag.py
[2024-07-19T08:58:31.184+0530] {processor.py:840} INFO - DAG(s) 'example_trigger_controller_dag' retrieved from /home/growlt245/.local/lib/python3.10/site-packages/airflow/example_dags/example_trigger_controller_dag.py
[2024-07-19T08:58:31.193+0530] {logging_mixin.py:188} INFO - [2024-07-19T08:58:31.193+0530] {dag.py:3089} INFO - Sync 1 DAGs
[2024-07-19T08:58:31.204+0530] {logging_mixin.py:188} INFO - [2024-07-19T08:58:31.204+0530] {dag.py:3947} INFO - Setting next_dagrun for example_trigger_controller_dag to 2021-01-01 00:00:00+00:00, run_after=2021-01-01 00:00:00+00:00
[2024-07-19T08:58:31.219+0530] {processor.py:183} INFO - Processing /home/growlt245/.local/lib/python3.10/site-packages/airflow/example_dags/example_trigger_controller_dag.py took 0.043 seconds
[2024-07-19T09:15:34.452+0530] {processor.py:161} INFO - Started process (PID=164291) to work on /home/growlt245/.local/lib/python3.10/site-packages/airflow/example_dags/example_trigger_controller_dag.py
[2024-07-19T09:15:34.465+0530] {processor.py:830} INFO - Processing file /home/growlt245/.local/lib/python3.10/site-packages/airflow/example_dags/example_trigger_controller_dag.py for tasks to queue
[2024-07-19T09:15:34.466+0530] {logging_mixin.py:188} INFO - [2024-07-19T09:15:34.466+0530] {dagbag.py:545} INFO - Filling up the DagBag from /home/growlt245/.local/lib/python3.10/site-packages/airflow/example_dags/example_trigger_controller_dag.py
[2024-07-19T09:15:34.470+0530] {processor.py:840} INFO - DAG(s) 'example_trigger_controller_dag' retrieved from /home/growlt245/.local/lib/python3.10/site-packages/airflow/example_dags/example_trigger_controller_dag.py
[2024-07-19T09:15:34.480+0530] {logging_mixin.py:188} INFO - [2024-07-19T09:15:34.479+0530] {dag.py:3089} INFO - Sync 1 DAGs
[2024-07-19T09:15:34.491+0530] {logging_mixin.py:188} INFO - [2024-07-19T09:15:34.490+0530] {dag.py:3947} INFO - Setting next_dagrun for example_trigger_controller_dag to 2021-01-01 00:00:00+00:00, run_after=2021-01-01 00:00:00+00:00
[2024-07-19T09:15:34.502+0530] {processor.py:183} INFO - Processing /home/growlt245/.local/lib/python3.10/site-packages/airflow/example_dags/example_trigger_controller_dag.py took 0.054 seconds
[2024-07-19T09:16:22.786+0530] {processor.py:161} INFO - Started process (PID=164442) to work on /home/growlt245/.local/lib/python3.10/site-packages/airflow/example_dags/example_trigger_controller_dag.py
[2024-07-19T09:16:22.789+0530] {processor.py:830} INFO - Processing file /home/growlt245/.local/lib/python3.10/site-packages/airflow/example_dags/example_trigger_controller_dag.py for tasks to queue
[2024-07-19T09:16:22.790+0530] {logging_mixin.py:188} INFO - [2024-07-19T09:16:22.790+0530] {dagbag.py:545} INFO - Filling up the DagBag from /home/growlt245/.local/lib/python3.10/site-packages/airflow/example_dags/example_trigger_controller_dag.py
[2024-07-19T09:16:22.793+0530] {processor.py:840} INFO - DAG(s) 'example_trigger_controller_dag' retrieved from /home/growlt245/.local/lib/python3.10/site-packages/airflow/example_dags/example_trigger_controller_dag.py
[2024-07-19T09:16:22.800+0530] {logging_mixin.py:188} INFO - [2024-07-19T09:16:22.800+0530] {dag.py:3089} INFO - Sync 1 DAGs
[2024-07-19T09:16:22.808+0530] {logging_mixin.py:188} INFO - [2024-07-19T09:16:22.808+0530] {dag.py:3947} INFO - Setting next_dagrun for example_trigger_controller_dag to 2021-01-01 00:00:00+00:00, run_after=2021-01-01 00:00:00+00:00
[2024-07-19T09:16:22.817+0530] {processor.py:183} INFO - Processing /home/growlt245/.local/lib/python3.10/site-packages/airflow/example_dags/example_trigger_controller_dag.py took 0.035 seconds
[2024-07-19T09:17:10.531+0530] {processor.py:161} INFO - Started process (PID=165188) to work on /home/growlt245/.local/lib/python3.10/site-packages/airflow/example_dags/example_trigger_controller_dag.py
[2024-07-19T09:17:10.533+0530] {processor.py:830} INFO - Processing file /home/growlt245/.local/lib/python3.10/site-packages/airflow/example_dags/example_trigger_controller_dag.py for tasks to queue
[2024-07-19T09:17:10.534+0530] {logging_mixin.py:188} INFO - [2024-07-19T09:17:10.534+0530] {dagbag.py:545} INFO - Filling up the DagBag from /home/growlt245/.local/lib/python3.10/site-packages/airflow/example_dags/example_trigger_controller_dag.py
[2024-07-19T09:17:10.536+0530] {processor.py:840} INFO - DAG(s) 'example_trigger_controller_dag' retrieved from /home/growlt245/.local/lib/python3.10/site-packages/airflow/example_dags/example_trigger_controller_dag.py
[2024-07-19T09:17:10.544+0530] {logging_mixin.py:188} INFO - [2024-07-19T09:17:10.544+0530] {dag.py:3089} INFO - Sync 1 DAGs
[2024-07-19T09:17:10.554+0530] {logging_mixin.py:188} INFO - [2024-07-19T09:17:10.553+0530] {dag.py:3947} INFO - Setting next_dagrun for example_trigger_controller_dag to 2021-01-01 00:00:00+00:00, run_after=2021-01-01 00:00:00+00:00
[2024-07-19T09:17:10.563+0530] {processor.py:183} INFO - Processing /home/growlt245/.local/lib/python3.10/site-packages/airflow/example_dags/example_trigger_controller_dag.py took 0.038 seconds
[2024-07-19T09:18:01.913+0530] {processor.py:161} INFO - Started process (PID=165380) to work on /home/growlt245/.local/lib/python3.10/site-packages/airflow/example_dags/example_trigger_controller_dag.py
[2024-07-19T09:18:01.916+0530] {processor.py:830} INFO - Processing file /home/growlt245/.local/lib/python3.10/site-packages/airflow/example_dags/example_trigger_controller_dag.py for tasks to queue
[2024-07-19T09:18:01.917+0530] {logging_mixin.py:188} INFO - [2024-07-19T09:18:01.917+0530] {dagbag.py:545} INFO - Filling up the DagBag from /home/growlt245/.local/lib/python3.10/site-packages/airflow/example_dags/example_trigger_controller_dag.py
[2024-07-19T09:18:01.921+0530] {processor.py:840} INFO - DAG(s) 'example_trigger_controller_dag' retrieved from /home/growlt245/.local/lib/python3.10/site-packages/airflow/example_dags/example_trigger_controller_dag.py
[2024-07-19T09:18:01.929+0530] {logging_mixin.py:188} INFO - [2024-07-19T09:18:01.929+0530] {dag.py:3089} INFO - Sync 1 DAGs
[2024-07-19T09:18:01.937+0530] {logging_mixin.py:188} INFO - [2024-07-19T09:18:01.937+0530] {dag.py:3947} INFO - Setting next_dagrun for example_trigger_controller_dag to 2021-01-01 00:00:00+00:00, run_after=2021-01-01 00:00:00+00:00
[2024-07-19T09:18:01.946+0530] {processor.py:183} INFO - Processing /home/growlt245/.local/lib/python3.10/site-packages/airflow/example_dags/example_trigger_controller_dag.py took 0.037 seconds
[2024-07-19T09:18:59.110+0530] {processor.py:161} INFO - Started process (PID=166338) to work on /home/growlt245/.local/lib/python3.10/site-packages/airflow/example_dags/example_trigger_controller_dag.py
[2024-07-19T09:18:59.112+0530] {processor.py:830} INFO - Processing file /home/growlt245/.local/lib/python3.10/site-packages/airflow/example_dags/example_trigger_controller_dag.py for tasks to queue
[2024-07-19T09:18:59.114+0530] {logging_mixin.py:188} INFO - [2024-07-19T09:18:59.114+0530] {dagbag.py:545} INFO - Filling up the DagBag from /home/growlt245/.local/lib/python3.10/site-packages/airflow/example_dags/example_trigger_controller_dag.py
[2024-07-19T09:18:59.119+0530] {processor.py:840} INFO - DAG(s) 'example_trigger_controller_dag' retrieved from /home/growlt245/.local/lib/python3.10/site-packages/airflow/example_dags/example_trigger_controller_dag.py
[2024-07-19T09:18:59.128+0530] {logging_mixin.py:188} INFO - [2024-07-19T09:18:59.128+0530] {dag.py:3089} INFO - Sync 1 DAGs
[2024-07-19T09:18:59.136+0530] {logging_mixin.py:188} INFO - [2024-07-19T09:18:59.136+0530] {dag.py:3947} INFO - Setting next_dagrun for example_trigger_controller_dag to 2021-01-01 00:00:00+00:00, run_after=2021-01-01 00:00:00+00:00
[2024-07-19T09:18:59.145+0530] {processor.py:183} INFO - Processing /home/growlt245/.local/lib/python3.10/site-packages/airflow/example_dags/example_trigger_controller_dag.py took 0.040 seconds
[2024-07-19T09:19:43.803+0530] {processor.py:161} INFO - Started process (PID=166552) to work on /home/growlt245/.local/lib/python3.10/site-packages/airflow/example_dags/example_trigger_controller_dag.py
[2024-07-19T09:19:43.806+0530] {processor.py:830} INFO - Processing file /home/growlt245/.local/lib/python3.10/site-packages/airflow/example_dags/example_trigger_controller_dag.py for tasks to queue
[2024-07-19T09:19:43.807+0530] {logging_mixin.py:188} INFO - [2024-07-19T09:19:43.807+0530] {dagbag.py:545} INFO - Filling up the DagBag from /home/growlt245/.local/lib/python3.10/site-packages/airflow/example_dags/example_trigger_controller_dag.py
[2024-07-19T09:19:43.811+0530] {processor.py:840} INFO - DAG(s) 'example_trigger_controller_dag' retrieved from /home/growlt245/.local/lib/python3.10/site-packages/airflow/example_dags/example_trigger_controller_dag.py
[2024-07-19T09:19:43.821+0530] {logging_mixin.py:188} INFO - [2024-07-19T09:19:43.821+0530] {dag.py:3089} INFO - Sync 1 DAGs
[2024-07-19T09:19:43.830+0530] {logging_mixin.py:188} INFO - [2024-07-19T09:19:43.830+0530] {dag.py:3947} INFO - Setting next_dagrun for example_trigger_controller_dag to 2021-01-01 00:00:00+00:00, run_after=2021-01-01 00:00:00+00:00
[2024-07-19T09:19:43.839+0530] {processor.py:183} INFO - Processing /home/growlt245/.local/lib/python3.10/site-packages/airflow/example_dags/example_trigger_controller_dag.py took 0.038 seconds
[2024-07-19T09:20:28.095+0530] {processor.py:161} INFO - Started process (PID=166801) to work on /home/growlt245/.local/lib/python3.10/site-packages/airflow/example_dags/example_trigger_controller_dag.py
[2024-07-19T09:20:28.098+0530] {processor.py:830} INFO - Processing file /home/growlt245/.local/lib/python3.10/site-packages/airflow/example_dags/example_trigger_controller_dag.py for tasks to queue
[2024-07-19T09:20:28.099+0530] {logging_mixin.py:188} INFO - [2024-07-19T09:20:28.099+0530] {dagbag.py:545} INFO - Filling up the DagBag from /home/growlt245/.local/lib/python3.10/site-packages/airflow/example_dags/example_trigger_controller_dag.py
[2024-07-19T09:20:28.102+0530] {processor.py:840} INFO - DAG(s) 'example_trigger_controller_dag' retrieved from /home/growlt245/.local/lib/python3.10/site-packages/airflow/example_dags/example_trigger_controller_dag.py
[2024-07-19T09:20:28.109+0530] {logging_mixin.py:188} INFO - [2024-07-19T09:20:28.109+0530] {dag.py:3089} INFO - Sync 1 DAGs
[2024-07-19T09:20:28.117+0530] {logging_mixin.py:188} INFO - [2024-07-19T09:20:28.117+0530] {dag.py:3947} INFO - Setting next_dagrun for example_trigger_controller_dag to 2021-01-01 00:00:00+00:00, run_after=2021-01-01 00:00:00+00:00
[2024-07-19T09:20:28.129+0530] {processor.py:183} INFO - Processing /home/growlt245/.local/lib/python3.10/site-packages/airflow/example_dags/example_trigger_controller_dag.py took 0.037 seconds
[2024-07-19T09:21:12.404+0530] {processor.py:161} INFO - Started process (PID=167140) to work on /home/growlt245/.local/lib/python3.10/site-packages/airflow/example_dags/example_trigger_controller_dag.py
[2024-07-19T09:21:12.406+0530] {processor.py:830} INFO - Processing file /home/growlt245/.local/lib/python3.10/site-packages/airflow/example_dags/example_trigger_controller_dag.py for tasks to queue
[2024-07-19T09:21:12.407+0530] {logging_mixin.py:188} INFO - [2024-07-19T09:21:12.407+0530] {dagbag.py:545} INFO - Filling up the DagBag from /home/growlt245/.local/lib/python3.10/site-packages/airflow/example_dags/example_trigger_controller_dag.py
[2024-07-19T09:21:12.411+0530] {processor.py:840} INFO - DAG(s) 'example_trigger_controller_dag' retrieved from /home/growlt245/.local/lib/python3.10/site-packages/airflow/example_dags/example_trigger_controller_dag.py
[2024-07-19T09:21:12.421+0530] {logging_mixin.py:188} INFO - [2024-07-19T09:21:12.421+0530] {dag.py:3089} INFO - Sync 1 DAGs
[2024-07-19T09:21:12.430+0530] {logging_mixin.py:188} INFO - [2024-07-19T09:21:12.430+0530] {dag.py:3947} INFO - Setting next_dagrun for example_trigger_controller_dag to 2021-01-01 00:00:00+00:00, run_after=2021-01-01 00:00:00+00:00
[2024-07-19T09:21:12.439+0530] {processor.py:183} INFO - Processing /home/growlt245/.local/lib/python3.10/site-packages/airflow/example_dags/example_trigger_controller_dag.py took 0.038 seconds
