[2024-07-19T08:58:55.539+0530] {processor.py:161} INFO - Started process (PID=156335) to work on /home/growlt245/.local/lib/python3.10/site-packages/airflow/example_dags/example_sensor_decorator.py
[2024-07-19T08:58:55.540+0530] {processor.py:830} INFO - Processing file /home/growlt245/.local/lib/python3.10/site-packages/airflow/example_dags/example_sensor_decorator.py for tasks to queue
[2024-07-19T08:58:55.542+0530] {logging_mixin.py:188} INFO - [2024-07-19T08:58:55.541+0530] {dagbag.py:545} INFO - Filling up the DagBag from /home/growlt245/.local/lib/python3.10/site-packages/airflow/example_dags/example_sensor_decorator.py
[2024-07-19T08:58:55.546+0530] {processor.py:840} INFO - DAG(s) 'example_sensor_decorator' retrieved from /home/growlt245/.local/lib/python3.10/site-packages/airflow/example_dags/example_sensor_decorator.py
[2024-07-19T08:58:55.553+0530] {logging_mixin.py:188} INFO - [2024-07-19T08:58:55.553+0530] {dag.py:3089} INFO - Sync 1 DAGs
[2024-07-19T08:58:55.558+0530] {logging_mixin.py:188} INFO - [2024-07-19T08:58:55.558+0530] {dag.py:3947} INFO - Setting next_dagrun for example_sensor_decorator to None, run_after=None
[2024-07-19T08:58:55.569+0530] {processor.py:183} INFO - Processing /home/growlt245/.local/lib/python3.10/site-packages/airflow/example_dags/example_sensor_decorator.py took 0.035 seconds
[2024-07-19T09:15:36.746+0530] {processor.py:161} INFO - Started process (PID=164295) to work on /home/growlt245/.local/lib/python3.10/site-packages/airflow/example_dags/example_sensor_decorator.py
[2024-07-19T09:15:36.747+0530] {processor.py:830} INFO - Processing file /home/growlt245/.local/lib/python3.10/site-packages/airflow/example_dags/example_sensor_decorator.py for tasks to queue
[2024-07-19T09:15:36.749+0530] {logging_mixin.py:188} INFO - [2024-07-19T09:15:36.748+0530] {dagbag.py:545} INFO - Filling up the DagBag from /home/growlt245/.local/lib/python3.10/site-packages/airflow/example_dags/example_sensor_decorator.py
[2024-07-19T09:15:36.754+0530] {processor.py:840} INFO - DAG(s) 'example_sensor_decorator' retrieved from /home/growlt245/.local/lib/python3.10/site-packages/airflow/example_dags/example_sensor_decorator.py
[2024-07-19T09:15:36.762+0530] {logging_mixin.py:188} INFO - [2024-07-19T09:15:36.762+0530] {dag.py:3089} INFO - Sync 1 DAGs
[2024-07-19T09:15:36.767+0530] {logging_mixin.py:188} INFO - [2024-07-19T09:15:36.767+0530] {dag.py:3947} INFO - Setting next_dagrun for example_sensor_decorator to None, run_after=None
[2024-07-19T09:15:36.777+0530] {processor.py:183} INFO - Processing /home/growlt245/.local/lib/python3.10/site-packages/airflow/example_dags/example_sensor_decorator.py took 0.036 seconds
[2024-07-19T09:16:24.205+0530] {processor.py:161} INFO - Started process (PID=164444) to work on /home/growlt245/.local/lib/python3.10/site-packages/airflow/example_dags/example_sensor_decorator.py
[2024-07-19T09:16:24.207+0530] {processor.py:830} INFO - Processing file /home/growlt245/.local/lib/python3.10/site-packages/airflow/example_dags/example_sensor_decorator.py for tasks to queue
[2024-07-19T09:16:24.209+0530] {logging_mixin.py:188} INFO - [2024-07-19T09:16:24.208+0530] {dagbag.py:545} INFO - Filling up the DagBag from /home/growlt245/.local/lib/python3.10/site-packages/airflow/example_dags/example_sensor_decorator.py
[2024-07-19T09:16:24.213+0530] {processor.py:840} INFO - DAG(s) 'example_sensor_decorator' retrieved from /home/growlt245/.local/lib/python3.10/site-packages/airflow/example_dags/example_sensor_decorator.py
[2024-07-19T09:16:24.222+0530] {logging_mixin.py:188} INFO - [2024-07-19T09:16:24.222+0530] {dag.py:3089} INFO - Sync 1 DAGs
[2024-07-19T09:16:24.228+0530] {logging_mixin.py:188} INFO - [2024-07-19T09:16:24.228+0530] {dag.py:3947} INFO - Setting next_dagrun for example_sensor_decorator to None, run_after=None
[2024-07-19T09:16:24.238+0530] {processor.py:183} INFO - Processing /home/growlt245/.local/lib/python3.10/site-packages/airflow/example_dags/example_sensor_decorator.py took 0.040 seconds
[2024-07-19T09:17:12.594+0530] {processor.py:161} INFO - Started process (PID=165195) to work on /home/growlt245/.local/lib/python3.10/site-packages/airflow/example_dags/example_sensor_decorator.py
[2024-07-19T09:17:12.596+0530] {processor.py:830} INFO - Processing file /home/growlt245/.local/lib/python3.10/site-packages/airflow/example_dags/example_sensor_decorator.py for tasks to queue
[2024-07-19T09:17:12.597+0530] {logging_mixin.py:188} INFO - [2024-07-19T09:17:12.597+0530] {dagbag.py:545} INFO - Filling up the DagBag from /home/growlt245/.local/lib/python3.10/site-packages/airflow/example_dags/example_sensor_decorator.py
[2024-07-19T09:17:12.600+0530] {processor.py:840} INFO - DAG(s) 'example_sensor_decorator' retrieved from /home/growlt245/.local/lib/python3.10/site-packages/airflow/example_dags/example_sensor_decorator.py
[2024-07-19T09:17:12.608+0530] {logging_mixin.py:188} INFO - [2024-07-19T09:17:12.608+0530] {dag.py:3089} INFO - Sync 1 DAGs
[2024-07-19T09:17:12.613+0530] {logging_mixin.py:188} INFO - [2024-07-19T09:17:12.613+0530] {dag.py:3947} INFO - Setting next_dagrun for example_sensor_decorator to None, run_after=None
[2024-07-19T09:17:12.623+0530] {processor.py:183} INFO - Processing /home/growlt245/.local/lib/python3.10/site-packages/airflow/example_dags/example_sensor_decorator.py took 0.031 seconds
[2024-07-19T09:18:03.847+0530] {processor.py:161} INFO - Started process (PID=165383) to work on /home/growlt245/.local/lib/python3.10/site-packages/airflow/example_dags/example_sensor_decorator.py
[2024-07-19T09:18:03.850+0530] {processor.py:830} INFO - Processing file /home/growlt245/.local/lib/python3.10/site-packages/airflow/example_dags/example_sensor_decorator.py for tasks to queue
[2024-07-19T09:18:03.852+0530] {logging_mixin.py:188} INFO - [2024-07-19T09:18:03.852+0530] {dagbag.py:545} INFO - Filling up the DagBag from /home/growlt245/.local/lib/python3.10/site-packages/airflow/example_dags/example_sensor_decorator.py
[2024-07-19T09:18:03.858+0530] {processor.py:840} INFO - DAG(s) 'example_sensor_decorator' retrieved from /home/growlt245/.local/lib/python3.10/site-packages/airflow/example_dags/example_sensor_decorator.py
[2024-07-19T09:18:03.870+0530] {logging_mixin.py:188} INFO - [2024-07-19T09:18:03.870+0530] {dag.py:3089} INFO - Sync 1 DAGs
[2024-07-19T09:18:03.879+0530] {logging_mixin.py:188} INFO - [2024-07-19T09:18:03.878+0530] {dag.py:3947} INFO - Setting next_dagrun for example_sensor_decorator to None, run_after=None
[2024-07-19T09:18:03.888+0530] {processor.py:183} INFO - Processing /home/growlt245/.local/lib/python3.10/site-packages/airflow/example_dags/example_sensor_decorator.py took 0.046 seconds
[2024-07-19T09:19:00.307+0530] {processor.py:161} INFO - Started process (PID=166341) to work on /home/growlt245/.local/lib/python3.10/site-packages/airflow/example_dags/example_sensor_decorator.py
[2024-07-19T09:19:00.309+0530] {processor.py:830} INFO - Processing file /home/growlt245/.local/lib/python3.10/site-packages/airflow/example_dags/example_sensor_decorator.py for tasks to queue
[2024-07-19T09:19:00.311+0530] {logging_mixin.py:188} INFO - [2024-07-19T09:19:00.310+0530] {dagbag.py:545} INFO - Filling up the DagBag from /home/growlt245/.local/lib/python3.10/site-packages/airflow/example_dags/example_sensor_decorator.py
[2024-07-19T09:19:00.316+0530] {processor.py:840} INFO - DAG(s) 'example_sensor_decorator' retrieved from /home/growlt245/.local/lib/python3.10/site-packages/airflow/example_dags/example_sensor_decorator.py
[2024-07-19T09:19:00.323+0530] {logging_mixin.py:188} INFO - [2024-07-19T09:19:00.323+0530] {dag.py:3089} INFO - Sync 1 DAGs
[2024-07-19T09:19:00.329+0530] {logging_mixin.py:188} INFO - [2024-07-19T09:19:00.329+0530] {dag.py:3947} INFO - Setting next_dagrun for example_sensor_decorator to None, run_after=None
[2024-07-19T09:19:00.338+0530] {processor.py:183} INFO - Processing /home/growlt245/.local/lib/python3.10/site-packages/airflow/example_dags/example_sensor_decorator.py took 0.037 seconds
[2024-07-19T09:19:45.757+0530] {processor.py:161} INFO - Started process (PID=166556) to work on /home/growlt245/.local/lib/python3.10/site-packages/airflow/example_dags/example_sensor_decorator.py
[2024-07-19T09:19:45.760+0530] {processor.py:830} INFO - Processing file /home/growlt245/.local/lib/python3.10/site-packages/airflow/example_dags/example_sensor_decorator.py for tasks to queue
[2024-07-19T09:19:45.762+0530] {logging_mixin.py:188} INFO - [2024-07-19T09:19:45.762+0530] {dagbag.py:545} INFO - Filling up the DagBag from /home/growlt245/.local/lib/python3.10/site-packages/airflow/example_dags/example_sensor_decorator.py
[2024-07-19T09:19:45.768+0530] {processor.py:840} INFO - DAG(s) 'example_sensor_decorator' retrieved from /home/growlt245/.local/lib/python3.10/site-packages/airflow/example_dags/example_sensor_decorator.py
[2024-07-19T09:19:45.778+0530] {logging_mixin.py:188} INFO - [2024-07-19T09:19:45.777+0530] {dag.py:3089} INFO - Sync 1 DAGs
[2024-07-19T09:19:45.783+0530] {logging_mixin.py:188} INFO - [2024-07-19T09:19:45.782+0530] {dag.py:3947} INFO - Setting next_dagrun for example_sensor_decorator to None, run_after=None
[2024-07-19T09:19:45.792+0530] {processor.py:183} INFO - Processing /home/growlt245/.local/lib/python3.10/site-packages/airflow/example_dags/example_sensor_decorator.py took 0.039 seconds
[2024-07-19T09:20:29.472+0530] {processor.py:161} INFO - Started process (PID=166814) to work on /home/growlt245/.local/lib/python3.10/site-packages/airflow/example_dags/example_sensor_decorator.py
[2024-07-19T09:20:29.474+0530] {processor.py:830} INFO - Processing file /home/growlt245/.local/lib/python3.10/site-packages/airflow/example_dags/example_sensor_decorator.py for tasks to queue
[2024-07-19T09:20:29.477+0530] {logging_mixin.py:188} INFO - [2024-07-19T09:20:29.476+0530] {dagbag.py:545} INFO - Filling up the DagBag from /home/growlt245/.local/lib/python3.10/site-packages/airflow/example_dags/example_sensor_decorator.py
[2024-07-19T09:20:29.484+0530] {processor.py:840} INFO - DAG(s) 'example_sensor_decorator' retrieved from /home/growlt245/.local/lib/python3.10/site-packages/airflow/example_dags/example_sensor_decorator.py
[2024-07-19T09:20:29.498+0530] {logging_mixin.py:188} INFO - [2024-07-19T09:20:29.497+0530] {dag.py:3089} INFO - Sync 1 DAGs
[2024-07-19T09:20:29.505+0530] {logging_mixin.py:188} INFO - [2024-07-19T09:20:29.504+0530] {dag.py:3947} INFO - Setting next_dagrun for example_sensor_decorator to None, run_after=None
[2024-07-19T09:20:29.514+0530] {processor.py:183} INFO - Processing /home/growlt245/.local/lib/python3.10/site-packages/airflow/example_dags/example_sensor_decorator.py took 0.048 seconds
[2024-07-19T09:21:14.465+0530] {processor.py:161} INFO - Started process (PID=167155) to work on /home/growlt245/.local/lib/python3.10/site-packages/airflow/example_dags/example_sensor_decorator.py
[2024-07-19T09:21:14.467+0530] {processor.py:830} INFO - Processing file /home/growlt245/.local/lib/python3.10/site-packages/airflow/example_dags/example_sensor_decorator.py for tasks to queue
[2024-07-19T09:21:14.468+0530] {logging_mixin.py:188} INFO - [2024-07-19T09:21:14.468+0530] {dagbag.py:545} INFO - Filling up the DagBag from /home/growlt245/.local/lib/python3.10/site-packages/airflow/example_dags/example_sensor_decorator.py
[2024-07-19T09:21:14.473+0530] {processor.py:840} INFO - DAG(s) 'example_sensor_decorator' retrieved from /home/growlt245/.local/lib/python3.10/site-packages/airflow/example_dags/example_sensor_decorator.py
[2024-07-19T09:21:14.480+0530] {logging_mixin.py:188} INFO - [2024-07-19T09:21:14.480+0530] {dag.py:3089} INFO - Sync 1 DAGs
[2024-07-19T09:21:14.485+0530] {logging_mixin.py:188} INFO - [2024-07-19T09:21:14.485+0530] {dag.py:3947} INFO - Setting next_dagrun for example_sensor_decorator to None, run_after=None
[2024-07-19T09:21:14.496+0530] {processor.py:183} INFO - Processing /home/growlt245/.local/lib/python3.10/site-packages/airflow/example_dags/example_sensor_decorator.py took 0.034 seconds
[2024-07-19T09:22:07.822+0530] {processor.py:161} INFO - Started process (PID=167542) to work on /home/growlt245/.local/lib/python3.10/site-packages/airflow/example_dags/example_sensor_decorator.py
[2024-07-19T09:22:07.826+0530] {processor.py:830} INFO - Processing file /home/growlt245/.local/lib/python3.10/site-packages/airflow/example_dags/example_sensor_decorator.py for tasks to queue
[2024-07-19T09:22:07.828+0530] {logging_mixin.py:188} INFO - [2024-07-19T09:22:07.827+0530] {dagbag.py:545} INFO - Filling up the DagBag from /home/growlt245/.local/lib/python3.10/site-packages/airflow/example_dags/example_sensor_decorator.py
[2024-07-19T09:22:07.834+0530] {processor.py:840} INFO - DAG(s) 'example_sensor_decorator' retrieved from /home/growlt245/.local/lib/python3.10/site-packages/airflow/example_dags/example_sensor_decorator.py
[2024-07-19T09:22:07.845+0530] {logging_mixin.py:188} INFO - [2024-07-19T09:22:07.845+0530] {dag.py:3089} INFO - Sync 1 DAGs
[2024-07-19T09:22:07.851+0530] {logging_mixin.py:188} INFO - [2024-07-19T09:22:07.851+0530] {dag.py:3947} INFO - Setting next_dagrun for example_sensor_decorator to None, run_after=None
[2024-07-19T09:22:07.867+0530] {processor.py:183} INFO - Processing /home/growlt245/.local/lib/python3.10/site-packages/airflow/example_dags/example_sensor_decorator.py took 0.051 seconds
[2024-07-19T09:23:00.002+0530] {processor.py:161} INFO - Started process (PID=167894) to work on /home/growlt245/.local/lib/python3.10/site-packages/airflow/example_dags/example_sensor_decorator.py
[2024-07-19T09:23:00.004+0530] {processor.py:830} INFO - Processing file /home/growlt245/.local/lib/python3.10/site-packages/airflow/example_dags/example_sensor_decorator.py for tasks to queue
[2024-07-19T09:23:00.006+0530] {logging_mixin.py:188} INFO - [2024-07-19T09:23:00.006+0530] {dagbag.py:545} INFO - Filling up the DagBag from /home/growlt245/.local/lib/python3.10/site-packages/airflow/example_dags/example_sensor_decorator.py
[2024-07-19T09:23:00.010+0530] {processor.py:840} INFO - DAG(s) 'example_sensor_decorator' retrieved from /home/growlt245/.local/lib/python3.10/site-packages/airflow/example_dags/example_sensor_decorator.py
[2024-07-19T09:23:00.019+0530] {logging_mixin.py:188} INFO - [2024-07-19T09:23:00.018+0530] {dag.py:3089} INFO - Sync 1 DAGs
[2024-07-19T09:23:00.024+0530] {logging_mixin.py:188} INFO - [2024-07-19T09:23:00.023+0530] {dag.py:3947} INFO - Setting next_dagrun for example_sensor_decorator to None, run_after=None
[2024-07-19T09:23:00.033+0530] {processor.py:183} INFO - Processing /home/growlt245/.local/lib/python3.10/site-packages/airflow/example_dags/example_sensor_decorator.py took 0.035 seconds
[2024-07-19T09:23:44.579+0530] {processor.py:161} INFO - Started process (PID=168125) to work on /home/growlt245/.local/lib/python3.10/site-packages/airflow/example_dags/example_sensor_decorator.py
[2024-07-19T09:23:44.582+0530] {processor.py:830} INFO - Processing file /home/growlt245/.local/lib/python3.10/site-packages/airflow/example_dags/example_sensor_decorator.py for tasks to queue
[2024-07-19T09:23:44.583+0530] {logging_mixin.py:188} INFO - [2024-07-19T09:23:44.583+0530] {dagbag.py:545} INFO - Filling up the DagBag from /home/growlt245/.local/lib/python3.10/site-packages/airflow/example_dags/example_sensor_decorator.py
[2024-07-19T09:23:44.589+0530] {processor.py:840} INFO - DAG(s) 'example_sensor_decorator' retrieved from /home/growlt245/.local/lib/python3.10/site-packages/airflow/example_dags/example_sensor_decorator.py
[2024-07-19T09:23:44.598+0530] {logging_mixin.py:188} INFO - [2024-07-19T09:23:44.598+0530] {dag.py:3089} INFO - Sync 1 DAGs
[2024-07-19T09:23:44.603+0530] {logging_mixin.py:188} INFO - [2024-07-19T09:23:44.603+0530] {dag.py:3947} INFO - Setting next_dagrun for example_sensor_decorator to None, run_after=None
[2024-07-19T09:23:44.613+0530] {processor.py:183} INFO - Processing /home/growlt245/.local/lib/python3.10/site-packages/airflow/example_dags/example_sensor_decorator.py took 0.037 seconds
[2024-07-19T09:24:31.314+0530] {processor.py:161} INFO - Started process (PID=168312) to work on /home/growlt245/.local/lib/python3.10/site-packages/airflow/example_dags/example_sensor_decorator.py
[2024-07-19T09:24:31.317+0530] {processor.py:830} INFO - Processing file /home/growlt245/.local/lib/python3.10/site-packages/airflow/example_dags/example_sensor_decorator.py for tasks to queue
[2024-07-19T09:24:31.318+0530] {logging_mixin.py:188} INFO - [2024-07-19T09:24:31.318+0530] {dagbag.py:545} INFO - Filling up the DagBag from /home/growlt245/.local/lib/python3.10/site-packages/airflow/example_dags/example_sensor_decorator.py
[2024-07-19T09:24:31.323+0530] {processor.py:840} INFO - DAG(s) 'example_sensor_decorator' retrieved from /home/growlt245/.local/lib/python3.10/site-packages/airflow/example_dags/example_sensor_decorator.py
[2024-07-19T09:24:31.332+0530] {logging_mixin.py:188} INFO - [2024-07-19T09:24:31.332+0530] {dag.py:3089} INFO - Sync 1 DAGs
[2024-07-19T09:24:31.337+0530] {logging_mixin.py:188} INFO - [2024-07-19T09:24:31.337+0530] {dag.py:3947} INFO - Setting next_dagrun for example_sensor_decorator to None, run_after=None
[2024-07-19T09:24:31.346+0530] {processor.py:183} INFO - Processing /home/growlt245/.local/lib/python3.10/site-packages/airflow/example_dags/example_sensor_decorator.py took 0.038 seconds
