[2024-07-19T08:55:25.200+0530] {processor.py:161} INFO - Started process (PID=154874) to work on /home/growlt245/.local/lib/python3.10/site-packages/airflow/example_dags/example_dynamic_task_mapping_with_no_taskflow_operators.py
[2024-07-19T08:55:25.201+0530] {processor.py:830} INFO - Processing file /home/growlt245/.local/lib/python3.10/site-packages/airflow/example_dags/example_dynamic_task_mapping_with_no_taskflow_operators.py for tasks to queue
[2024-07-19T08:55:25.203+0530] {logging_mixin.py:188} INFO - [2024-07-19T08:55:25.202+0530] {dagbag.py:545} INFO - Filling up the DagBag from /home/growlt245/.local/lib/python3.10/site-packages/airflow/example_dags/example_dynamic_task_mapping_with_no_taskflow_operators.py
[2024-07-19T08:55:25.211+0530] {processor.py:840} INFO - DAG(s) 'example_dynamic_task_mapping_with_no_taskflow_operators' retrieved from /home/growlt245/.local/lib/python3.10/site-packages/airflow/example_dags/example_dynamic_task_mapping_with_no_taskflow_operators.py
[2024-07-19T08:55:25.222+0530] {logging_mixin.py:188} INFO - [2024-07-19T08:55:25.222+0530] {dag.py:3089} INFO - Sync 1 DAGs
[2024-07-19T08:55:25.231+0530] {logging_mixin.py:188} INFO - [2024-07-19T08:55:25.230+0530] {dag.py:3947} INFO - Setting next_dagrun for example_dynamic_task_mapping_with_no_taskflow_operators to 2024-07-18 00:00:00+00:00, run_after=2024-07-19 00:00:00+00:00
[2024-07-19T08:55:25.241+0530] {processor.py:183} INFO - Processing /home/growlt245/.local/lib/python3.10/site-packages/airflow/example_dags/example_dynamic_task_mapping_with_no_taskflow_operators.py took 0.047 seconds
[2024-07-19T09:02:44.688+0530] {processor.py:161} INFO - Started process (PID=157962) to work on /home/growlt245/.local/lib/python3.10/site-packages/airflow/example_dags/example_dynamic_task_mapping_with_no_taskflow_operators.py
[2024-07-19T09:02:44.690+0530] {processor.py:830} INFO - Processing file /home/growlt245/.local/lib/python3.10/site-packages/airflow/example_dags/example_dynamic_task_mapping_with_no_taskflow_operators.py for tasks to queue
[2024-07-19T09:02:44.692+0530] {logging_mixin.py:188} INFO - [2024-07-19T09:02:44.691+0530] {dagbag.py:545} INFO - Filling up the DagBag from /home/growlt245/.local/lib/python3.10/site-packages/airflow/example_dags/example_dynamic_task_mapping_with_no_taskflow_operators.py
[2024-07-19T09:02:44.697+0530] {processor.py:840} INFO - DAG(s) 'example_dynamic_task_mapping_with_no_taskflow_operators' retrieved from /home/growlt245/.local/lib/python3.10/site-packages/airflow/example_dags/example_dynamic_task_mapping_with_no_taskflow_operators.py
[2024-07-19T09:02:44.706+0530] {logging_mixin.py:188} INFO - [2024-07-19T09:02:44.706+0530] {dag.py:3089} INFO - Sync 1 DAGs
[2024-07-19T09:02:44.716+0530] {logging_mixin.py:188} INFO - [2024-07-19T09:02:44.716+0530] {dag.py:3947} INFO - Setting next_dagrun for example_dynamic_task_mapping_with_no_taskflow_operators to 2024-07-18 00:00:00+00:00, run_after=2024-07-19 00:00:00+00:00
[2024-07-19T09:02:44.726+0530] {processor.py:183} INFO - Processing /home/growlt245/.local/lib/python3.10/site-packages/airflow/example_dags/example_dynamic_task_mapping_with_no_taskflow_operators.py took 0.043 seconds
[2024-07-19T09:06:29.076+0530] {processor.py:161} INFO - Started process (PID=159966) to work on /home/growlt245/.local/lib/python3.10/site-packages/airflow/example_dags/example_dynamic_task_mapping_with_no_taskflow_operators.py
[2024-07-19T09:06:29.079+0530] {processor.py:830} INFO - Processing file /home/growlt245/.local/lib/python3.10/site-packages/airflow/example_dags/example_dynamic_task_mapping_with_no_taskflow_operators.py for tasks to queue
[2024-07-19T09:06:29.081+0530] {logging_mixin.py:188} INFO - [2024-07-19T09:06:29.081+0530] {dagbag.py:545} INFO - Filling up the DagBag from /home/growlt245/.local/lib/python3.10/site-packages/airflow/example_dags/example_dynamic_task_mapping_with_no_taskflow_operators.py
[2024-07-19T09:06:29.088+0530] {processor.py:840} INFO - DAG(s) 'example_dynamic_task_mapping_with_no_taskflow_operators' retrieved from /home/growlt245/.local/lib/python3.10/site-packages/airflow/example_dags/example_dynamic_task_mapping_with_no_taskflow_operators.py
[2024-07-19T09:06:29.097+0530] {logging_mixin.py:188} INFO - [2024-07-19T09:06:29.096+0530] {dag.py:3089} INFO - Sync 1 DAGs
[2024-07-19T09:06:29.105+0530] {logging_mixin.py:188} INFO - [2024-07-19T09:06:29.105+0530] {dag.py:3947} INFO - Setting next_dagrun for example_dynamic_task_mapping_with_no_taskflow_operators to 2024-07-18 00:00:00+00:00, run_after=2024-07-19 00:00:00+00:00
[2024-07-19T09:06:29.115+0530] {processor.py:183} INFO - Processing /home/growlt245/.local/lib/python3.10/site-packages/airflow/example_dags/example_dynamic_task_mapping_with_no_taskflow_operators.py took 0.045 seconds
[2024-07-19T09:10:52.027+0530] {processor.py:161} INFO - Started process (PID=162871) to work on /home/growlt245/.local/lib/python3.10/site-packages/airflow/example_dags/example_dynamic_task_mapping_with_no_taskflow_operators.py
[2024-07-19T09:10:52.029+0530] {processor.py:830} INFO - Processing file /home/growlt245/.local/lib/python3.10/site-packages/airflow/example_dags/example_dynamic_task_mapping_with_no_taskflow_operators.py for tasks to queue
[2024-07-19T09:10:52.031+0530] {logging_mixin.py:188} INFO - [2024-07-19T09:10:52.030+0530] {dagbag.py:545} INFO - Filling up the DagBag from /home/growlt245/.local/lib/python3.10/site-packages/airflow/example_dags/example_dynamic_task_mapping_with_no_taskflow_operators.py
[2024-07-19T09:10:52.038+0530] {processor.py:840} INFO - DAG(s) 'example_dynamic_task_mapping_with_no_taskflow_operators' retrieved from /home/growlt245/.local/lib/python3.10/site-packages/airflow/example_dags/example_dynamic_task_mapping_with_no_taskflow_operators.py
[2024-07-19T09:10:52.048+0530] {logging_mixin.py:188} INFO - [2024-07-19T09:10:52.048+0530] {dag.py:3089} INFO - Sync 1 DAGs
[2024-07-19T09:10:52.057+0530] {logging_mixin.py:188} INFO - [2024-07-19T09:10:52.057+0530] {dag.py:3947} INFO - Setting next_dagrun for example_dynamic_task_mapping_with_no_taskflow_operators to 2024-07-18 00:00:00+00:00, run_after=2024-07-19 00:00:00+00:00
[2024-07-19T09:10:52.067+0530] {processor.py:183} INFO - Processing /home/growlt245/.local/lib/python3.10/site-packages/airflow/example_dags/example_dynamic_task_mapping_with_no_taskflow_operators.py took 0.046 seconds
[2024-07-19T09:15:56.113+0530] {processor.py:161} INFO - Started process (PID=164357) to work on /home/growlt245/.local/lib/python3.10/site-packages/airflow/example_dags/example_dynamic_task_mapping_with_no_taskflow_operators.py
[2024-07-19T09:15:56.116+0530] {processor.py:830} INFO - Processing file /home/growlt245/.local/lib/python3.10/site-packages/airflow/example_dags/example_dynamic_task_mapping_with_no_taskflow_operators.py for tasks to queue
[2024-07-19T09:15:56.118+0530] {logging_mixin.py:188} INFO - [2024-07-19T09:15:56.117+0530] {dagbag.py:545} INFO - Filling up the DagBag from /home/growlt245/.local/lib/python3.10/site-packages/airflow/example_dags/example_dynamic_task_mapping_with_no_taskflow_operators.py
[2024-07-19T09:15:56.122+0530] {processor.py:840} INFO - DAG(s) 'example_dynamic_task_mapping_with_no_taskflow_operators' retrieved from /home/growlt245/.local/lib/python3.10/site-packages/airflow/example_dags/example_dynamic_task_mapping_with_no_taskflow_operators.py
[2024-07-19T09:15:56.128+0530] {logging_mixin.py:188} INFO - [2024-07-19T09:15:56.128+0530] {dag.py:3089} INFO - Sync 1 DAGs
[2024-07-19T09:15:56.138+0530] {logging_mixin.py:188} INFO - [2024-07-19T09:15:56.137+0530] {dag.py:3947} INFO - Setting next_dagrun for example_dynamic_task_mapping_with_no_taskflow_operators to 2024-07-18 00:00:00+00:00, run_after=2024-07-19 00:00:00+00:00
[2024-07-19T09:15:56.146+0530] {processor.py:183} INFO - Processing /home/growlt245/.local/lib/python3.10/site-packages/airflow/example_dags/example_dynamic_task_mapping_with_no_taskflow_operators.py took 0.038 seconds
[2024-07-19T09:16:36.326+0530] {processor.py:161} INFO - Started process (PID=164519) to work on /home/growlt245/.local/lib/python3.10/site-packages/airflow/example_dags/example_dynamic_task_mapping_with_no_taskflow_operators.py
[2024-07-19T09:16:36.328+0530] {processor.py:830} INFO - Processing file /home/growlt245/.local/lib/python3.10/site-packages/airflow/example_dags/example_dynamic_task_mapping_with_no_taskflow_operators.py for tasks to queue
[2024-07-19T09:16:36.329+0530] {logging_mixin.py:188} INFO - [2024-07-19T09:16:36.329+0530] {dagbag.py:545} INFO - Filling up the DagBag from /home/growlt245/.local/lib/python3.10/site-packages/airflow/example_dags/example_dynamic_task_mapping_with_no_taskflow_operators.py
[2024-07-19T09:16:36.333+0530] {processor.py:840} INFO - DAG(s) 'example_dynamic_task_mapping_with_no_taskflow_operators' retrieved from /home/growlt245/.local/lib/python3.10/site-packages/airflow/example_dags/example_dynamic_task_mapping_with_no_taskflow_operators.py
[2024-07-19T09:16:36.341+0530] {logging_mixin.py:188} INFO - [2024-07-19T09:16:36.341+0530] {dag.py:3089} INFO - Sync 1 DAGs
[2024-07-19T09:16:36.350+0530] {logging_mixin.py:188} INFO - [2024-07-19T09:16:36.350+0530] {dag.py:3947} INFO - Setting next_dagrun for example_dynamic_task_mapping_with_no_taskflow_operators to 2024-07-18 00:00:00+00:00, run_after=2024-07-19 00:00:00+00:00
[2024-07-19T09:16:36.360+0530] {processor.py:183} INFO - Processing /home/growlt245/.local/lib/python3.10/site-packages/airflow/example_dags/example_dynamic_task_mapping_with_no_taskflow_operators.py took 0.038 seconds
[2024-07-19T09:17:23.572+0530] {processor.py:161} INFO - Started process (PID=165248) to work on /home/growlt245/.local/lib/python3.10/site-packages/airflow/example_dags/example_dynamic_task_mapping_with_no_taskflow_operators.py
[2024-07-19T09:17:23.573+0530] {processor.py:830} INFO - Processing file /home/growlt245/.local/lib/python3.10/site-packages/airflow/example_dags/example_dynamic_task_mapping_with_no_taskflow_operators.py for tasks to queue
[2024-07-19T09:17:23.573+0530] {logging_mixin.py:188} INFO - [2024-07-19T09:17:23.573+0530] {dagbag.py:545} INFO - Filling up the DagBag from /home/growlt245/.local/lib/python3.10/site-packages/airflow/example_dags/example_dynamic_task_mapping_with_no_taskflow_operators.py
[2024-07-19T09:17:23.577+0530] {processor.py:840} INFO - DAG(s) 'example_dynamic_task_mapping_with_no_taskflow_operators' retrieved from /home/growlt245/.local/lib/python3.10/site-packages/airflow/example_dags/example_dynamic_task_mapping_with_no_taskflow_operators.py
[2024-07-19T09:17:23.585+0530] {logging_mixin.py:188} INFO - [2024-07-19T09:17:23.585+0530] {dag.py:3089} INFO - Sync 1 DAGs
[2024-07-19T09:17:23.594+0530] {logging_mixin.py:188} INFO - [2024-07-19T09:17:23.593+0530] {dag.py:3947} INFO - Setting next_dagrun for example_dynamic_task_mapping_with_no_taskflow_operators to 2024-07-18 00:00:00+00:00, run_after=2024-07-19 00:00:00+00:00
[2024-07-19T09:17:23.603+0530] {processor.py:183} INFO - Processing /home/growlt245/.local/lib/python3.10/site-packages/airflow/example_dags/example_dynamic_task_mapping_with_no_taskflow_operators.py took 0.035 seconds
[2024-07-19T09:17:57.334+0530] {processor.py:161} INFO - Started process (PID=165373) to work on /home/growlt245/.local/lib/python3.10/site-packages/airflow/example_dags/example_dynamic_task_mapping_with_no_taskflow_operators.py
[2024-07-19T09:17:57.337+0530] {processor.py:830} INFO - Processing file /home/growlt245/.local/lib/python3.10/site-packages/airflow/example_dags/example_dynamic_task_mapping_with_no_taskflow_operators.py for tasks to queue
[2024-07-19T09:17:57.338+0530] {logging_mixin.py:188} INFO - [2024-07-19T09:17:57.337+0530] {dagbag.py:545} INFO - Filling up the DagBag from /home/growlt245/.local/lib/python3.10/site-packages/airflow/example_dags/example_dynamic_task_mapping_with_no_taskflow_operators.py
[2024-07-19T09:17:57.342+0530] {processor.py:840} INFO - DAG(s) 'example_dynamic_task_mapping_with_no_taskflow_operators' retrieved from /home/growlt245/.local/lib/python3.10/site-packages/airflow/example_dags/example_dynamic_task_mapping_with_no_taskflow_operators.py
[2024-07-19T09:17:57.349+0530] {logging_mixin.py:188} INFO - [2024-07-19T09:17:57.349+0530] {dag.py:3089} INFO - Sync 1 DAGs
[2024-07-19T09:17:57.357+0530] {logging_mixin.py:188} INFO - [2024-07-19T09:17:57.357+0530] {dag.py:3947} INFO - Setting next_dagrun for example_dynamic_task_mapping_with_no_taskflow_operators to 2024-07-18 00:00:00+00:00, run_after=2024-07-19 00:00:00+00:00
[2024-07-19T09:17:57.366+0530] {processor.py:183} INFO - Processing /home/growlt245/.local/lib/python3.10/site-packages/airflow/example_dags/example_dynamic_task_mapping_with_no_taskflow_operators.py took 0.037 seconds
[2024-07-19T09:18:34.041+0530] {processor.py:161} INFO - Started process (PID=166220) to work on /home/growlt245/.local/lib/python3.10/site-packages/airflow/example_dags/example_dynamic_task_mapping_with_no_taskflow_operators.py
[2024-07-19T09:18:34.042+0530] {processor.py:830} INFO - Processing file /home/growlt245/.local/lib/python3.10/site-packages/airflow/example_dags/example_dynamic_task_mapping_with_no_taskflow_operators.py for tasks to queue
[2024-07-19T09:18:34.043+0530] {logging_mixin.py:188} INFO - [2024-07-19T09:18:34.043+0530] {dagbag.py:545} INFO - Filling up the DagBag from /home/growlt245/.local/lib/python3.10/site-packages/airflow/example_dags/example_dynamic_task_mapping_with_no_taskflow_operators.py
[2024-07-19T09:18:34.047+0530] {processor.py:840} INFO - DAG(s) 'example_dynamic_task_mapping_with_no_taskflow_operators' retrieved from /home/growlt245/.local/lib/python3.10/site-packages/airflow/example_dags/example_dynamic_task_mapping_with_no_taskflow_operators.py
[2024-07-19T09:18:34.054+0530] {logging_mixin.py:188} INFO - [2024-07-19T09:18:34.054+0530] {dag.py:3089} INFO - Sync 1 DAGs
[2024-07-19T09:18:34.063+0530] {logging_mixin.py:188} INFO - [2024-07-19T09:18:34.063+0530] {dag.py:3947} INFO - Setting next_dagrun for example_dynamic_task_mapping_with_no_taskflow_operators to 2024-07-18 00:00:00+00:00, run_after=2024-07-19 00:00:00+00:00
[2024-07-19T09:18:34.073+0530] {processor.py:183} INFO - Processing /home/growlt245/.local/lib/python3.10/site-packages/airflow/example_dags/example_dynamic_task_mapping_with_no_taskflow_operators.py took 0.036 seconds
[2024-07-19T09:19:10.511+0530] {processor.py:161} INFO - Started process (PID=166428) to work on /home/growlt245/.local/lib/python3.10/site-packages/airflow/example_dags/example_dynamic_task_mapping_with_no_taskflow_operators.py
[2024-07-19T09:19:10.514+0530] {processor.py:830} INFO - Processing file /home/growlt245/.local/lib/python3.10/site-packages/airflow/example_dags/example_dynamic_task_mapping_with_no_taskflow_operators.py for tasks to queue
[2024-07-19T09:19:10.516+0530] {logging_mixin.py:188} INFO - [2024-07-19T09:19:10.516+0530] {dagbag.py:545} INFO - Filling up the DagBag from /home/growlt245/.local/lib/python3.10/site-packages/airflow/example_dags/example_dynamic_task_mapping_with_no_taskflow_operators.py
[2024-07-19T09:19:10.523+0530] {processor.py:840} INFO - DAG(s) 'example_dynamic_task_mapping_with_no_taskflow_operators' retrieved from /home/growlt245/.local/lib/python3.10/site-packages/airflow/example_dags/example_dynamic_task_mapping_with_no_taskflow_operators.py
[2024-07-19T09:19:10.531+0530] {logging_mixin.py:188} INFO - [2024-07-19T09:19:10.531+0530] {dag.py:3089} INFO - Sync 1 DAGs
[2024-07-19T09:19:10.539+0530] {logging_mixin.py:188} INFO - [2024-07-19T09:19:10.539+0530] {dag.py:3947} INFO - Setting next_dagrun for example_dynamic_task_mapping_with_no_taskflow_operators to 2024-07-18 00:00:00+00:00, run_after=2024-07-19 00:00:00+00:00
[2024-07-19T09:19:10.548+0530] {processor.py:183} INFO - Processing /home/growlt245/.local/lib/python3.10/site-packages/airflow/example_dags/example_dynamic_task_mapping_with_no_taskflow_operators.py took 0.042 seconds
[2024-07-19T09:19:55.834+0530] {processor.py:161} INFO - Started process (PID=166611) to work on /home/growlt245/.local/lib/python3.10/site-packages/airflow/example_dags/example_dynamic_task_mapping_with_no_taskflow_operators.py
[2024-07-19T09:19:55.837+0530] {processor.py:830} INFO - Processing file /home/growlt245/.local/lib/python3.10/site-packages/airflow/example_dags/example_dynamic_task_mapping_with_no_taskflow_operators.py for tasks to queue
[2024-07-19T09:19:55.838+0530] {logging_mixin.py:188} INFO - [2024-07-19T09:19:55.837+0530] {dagbag.py:545} INFO - Filling up the DagBag from /home/growlt245/.local/lib/python3.10/site-packages/airflow/example_dags/example_dynamic_task_mapping_with_no_taskflow_operators.py
[2024-07-19T09:19:55.842+0530] {processor.py:840} INFO - DAG(s) 'example_dynamic_task_mapping_with_no_taskflow_operators' retrieved from /home/growlt245/.local/lib/python3.10/site-packages/airflow/example_dags/example_dynamic_task_mapping_with_no_taskflow_operators.py
[2024-07-19T09:19:55.849+0530] {logging_mixin.py:188} INFO - [2024-07-19T09:19:55.849+0530] {dag.py:3089} INFO - Sync 1 DAGs
[2024-07-19T09:19:55.857+0530] {logging_mixin.py:188} INFO - [2024-07-19T09:19:55.857+0530] {dag.py:3947} INFO - Setting next_dagrun for example_dynamic_task_mapping_with_no_taskflow_operators to 2024-07-18 00:00:00+00:00, run_after=2024-07-19 00:00:00+00:00
[2024-07-19T09:19:55.866+0530] {processor.py:183} INFO - Processing /home/growlt245/.local/lib/python3.10/site-packages/airflow/example_dags/example_dynamic_task_mapping_with_no_taskflow_operators.py took 0.035 seconds
[2024-07-19T09:20:39.521+0530] {processor.py:161} INFO - Started process (PID=166974) to work on /home/growlt245/.local/lib/python3.10/site-packages/airflow/example_dags/example_dynamic_task_mapping_with_no_taskflow_operators.py
[2024-07-19T09:20:39.524+0530] {processor.py:830} INFO - Processing file /home/growlt245/.local/lib/python3.10/site-packages/airflow/example_dags/example_dynamic_task_mapping_with_no_taskflow_operators.py for tasks to queue
[2024-07-19T09:20:39.526+0530] {logging_mixin.py:188} INFO - [2024-07-19T09:20:39.525+0530] {dagbag.py:545} INFO - Filling up the DagBag from /home/growlt245/.local/lib/python3.10/site-packages/airflow/example_dags/example_dynamic_task_mapping_with_no_taskflow_operators.py
[2024-07-19T09:20:39.532+0530] {processor.py:840} INFO - DAG(s) 'example_dynamic_task_mapping_with_no_taskflow_operators' retrieved from /home/growlt245/.local/lib/python3.10/site-packages/airflow/example_dags/example_dynamic_task_mapping_with_no_taskflow_operators.py
[2024-07-19T09:20:39.540+0530] {logging_mixin.py:188} INFO - [2024-07-19T09:20:39.540+0530] {dag.py:3089} INFO - Sync 1 DAGs
[2024-07-19T09:20:39.549+0530] {logging_mixin.py:188} INFO - [2024-07-19T09:20:39.549+0530] {dag.py:3947} INFO - Setting next_dagrun for example_dynamic_task_mapping_with_no_taskflow_operators to 2024-07-18 00:00:00+00:00, run_after=2024-07-19 00:00:00+00:00
[2024-07-19T09:20:39.558+0530] {processor.py:183} INFO - Processing /home/growlt245/.local/lib/python3.10/site-packages/airflow/example_dags/example_dynamic_task_mapping_with_no_taskflow_operators.py took 0.042 seconds
[2024-07-19T09:21:27.533+0530] {processor.py:161} INFO - Started process (PID=167269) to work on /home/growlt245/.local/lib/python3.10/site-packages/airflow/example_dags/example_dynamic_task_mapping_with_no_taskflow_operators.py
[2024-07-19T09:21:27.536+0530] {processor.py:830} INFO - Processing file /home/growlt245/.local/lib/python3.10/site-packages/airflow/example_dags/example_dynamic_task_mapping_with_no_taskflow_operators.py for tasks to queue
[2024-07-19T09:21:27.537+0530] {logging_mixin.py:188} INFO - [2024-07-19T09:21:27.537+0530] {dagbag.py:545} INFO - Filling up the DagBag from /home/growlt245/.local/lib/python3.10/site-packages/airflow/example_dags/example_dynamic_task_mapping_with_no_taskflow_operators.py
[2024-07-19T09:21:27.541+0530] {processor.py:840} INFO - DAG(s) 'example_dynamic_task_mapping_with_no_taskflow_operators' retrieved from /home/growlt245/.local/lib/python3.10/site-packages/airflow/example_dags/example_dynamic_task_mapping_with_no_taskflow_operators.py
[2024-07-19T09:21:27.547+0530] {logging_mixin.py:188} INFO - [2024-07-19T09:21:27.547+0530] {dag.py:3089} INFO - Sync 1 DAGs
[2024-07-19T09:21:27.556+0530] {logging_mixin.py:188} INFO - [2024-07-19T09:21:27.556+0530] {dag.py:3947} INFO - Setting next_dagrun for example_dynamic_task_mapping_with_no_taskflow_operators to 2024-07-18 00:00:00+00:00, run_after=2024-07-19 00:00:00+00:00
[2024-07-19T09:21:27.565+0530] {processor.py:183} INFO - Processing /home/growlt245/.local/lib/python3.10/site-packages/airflow/example_dags/example_dynamic_task_mapping_with_no_taskflow_operators.py took 0.037 seconds
[2024-07-19T09:22:02.556+0530] {processor.py:161} INFO - Started process (PID=167527) to work on /home/growlt245/.local/lib/python3.10/site-packages/airflow/example_dags/example_dynamic_task_mapping_with_no_taskflow_operators.py
[2024-07-19T09:22:02.558+0530] {processor.py:830} INFO - Processing file /home/growlt245/.local/lib/python3.10/site-packages/airflow/example_dags/example_dynamic_task_mapping_with_no_taskflow_operators.py for tasks to queue
[2024-07-19T09:22:02.560+0530] {logging_mixin.py:188} INFO - [2024-07-19T09:22:02.560+0530] {dagbag.py:545} INFO - Filling up the DagBag from /home/growlt245/.local/lib/python3.10/site-packages/airflow/example_dags/example_dynamic_task_mapping_with_no_taskflow_operators.py
[2024-07-19T09:22:02.565+0530] {processor.py:840} INFO - DAG(s) 'example_dynamic_task_mapping_with_no_taskflow_operators' retrieved from /home/growlt245/.local/lib/python3.10/site-packages/airflow/example_dags/example_dynamic_task_mapping_with_no_taskflow_operators.py
[2024-07-19T09:22:02.574+0530] {logging_mixin.py:188} INFO - [2024-07-19T09:22:02.574+0530] {dag.py:3089} INFO - Sync 1 DAGs
[2024-07-19T09:22:02.583+0530] {logging_mixin.py:188} INFO - [2024-07-19T09:22:02.582+0530] {dag.py:3947} INFO - Setting next_dagrun for example_dynamic_task_mapping_with_no_taskflow_operators to 2024-07-18 00:00:00+00:00, run_after=2024-07-19 00:00:00+00:00
[2024-07-19T09:22:02.591+0530] {processor.py:183} INFO - Processing /home/growlt245/.local/lib/python3.10/site-packages/airflow/example_dags/example_dynamic_task_mapping_with_no_taskflow_operators.py took 0.042 seconds
[2024-07-19T09:22:38.916+0530] {processor.py:161} INFO - Started process (PID=167805) to work on /home/growlt245/.local/lib/python3.10/site-packages/airflow/example_dags/example_dynamic_task_mapping_with_no_taskflow_operators.py
[2024-07-19T09:22:38.918+0530] {processor.py:830} INFO - Processing file /home/growlt245/.local/lib/python3.10/site-packages/airflow/example_dags/example_dynamic_task_mapping_with_no_taskflow_operators.py for tasks to queue
[2024-07-19T09:22:38.920+0530] {logging_mixin.py:188} INFO - [2024-07-19T09:22:38.919+0530] {dagbag.py:545} INFO - Filling up the DagBag from /home/growlt245/.local/lib/python3.10/site-packages/airflow/example_dags/example_dynamic_task_mapping_with_no_taskflow_operators.py
[2024-07-19T09:22:38.925+0530] {processor.py:840} INFO - DAG(s) 'example_dynamic_task_mapping_with_no_taskflow_operators' retrieved from /home/growlt245/.local/lib/python3.10/site-packages/airflow/example_dags/example_dynamic_task_mapping_with_no_taskflow_operators.py
[2024-07-19T09:22:38.935+0530] {logging_mixin.py:188} INFO - [2024-07-19T09:22:38.935+0530] {dag.py:3089} INFO - Sync 1 DAGs
[2024-07-19T09:22:38.944+0530] {logging_mixin.py:188} INFO - [2024-07-19T09:22:38.943+0530] {dag.py:3947} INFO - Setting next_dagrun for example_dynamic_task_mapping_with_no_taskflow_operators to 2024-07-18 00:00:00+00:00, run_after=2024-07-19 00:00:00+00:00
[2024-07-19T09:22:38.952+0530] {processor.py:183} INFO - Processing /home/growlt245/.local/lib/python3.10/site-packages/airflow/example_dags/example_dynamic_task_mapping_with_no_taskflow_operators.py took 0.040 seconds
[2024-07-19T09:23:23.411+0530] {processor.py:161} INFO - Started process (PID=168045) to work on /home/growlt245/.local/lib/python3.10/site-packages/airflow/example_dags/example_dynamic_task_mapping_with_no_taskflow_operators.py
[2024-07-19T09:23:23.414+0530] {processor.py:830} INFO - Processing file /home/growlt245/.local/lib/python3.10/site-packages/airflow/example_dags/example_dynamic_task_mapping_with_no_taskflow_operators.py for tasks to queue
[2024-07-19T09:23:23.416+0530] {logging_mixin.py:188} INFO - [2024-07-19T09:23:23.415+0530] {dagbag.py:545} INFO - Filling up the DagBag from /home/growlt245/.local/lib/python3.10/site-packages/airflow/example_dags/example_dynamic_task_mapping_with_no_taskflow_operators.py
[2024-07-19T09:23:23.422+0530] {processor.py:840} INFO - DAG(s) 'example_dynamic_task_mapping_with_no_taskflow_operators' retrieved from /home/growlt245/.local/lib/python3.10/site-packages/airflow/example_dags/example_dynamic_task_mapping_with_no_taskflow_operators.py
[2024-07-19T09:23:23.431+0530] {logging_mixin.py:188} INFO - [2024-07-19T09:23:23.431+0530] {dag.py:3089} INFO - Sync 1 DAGs
[2024-07-19T09:23:23.440+0530] {logging_mixin.py:188} INFO - [2024-07-19T09:23:23.440+0530] {dag.py:3947} INFO - Setting next_dagrun for example_dynamic_task_mapping_with_no_taskflow_operators to 2024-07-18 00:00:00+00:00, run_after=2024-07-19 00:00:00+00:00
[2024-07-19T09:23:23.450+0530] {processor.py:183} INFO - Processing /home/growlt245/.local/lib/python3.10/site-packages/airflow/example_dags/example_dynamic_task_mapping_with_no_taskflow_operators.py took 0.042 seconds
[2024-07-19T09:24:08.702+0530] {processor.py:161} INFO - Started process (PID=168198) to work on /home/growlt245/.local/lib/python3.10/site-packages/airflow/example_dags/example_dynamic_task_mapping_with_no_taskflow_operators.py
[2024-07-19T09:24:08.705+0530] {processor.py:830} INFO - Processing file /home/growlt245/.local/lib/python3.10/site-packages/airflow/example_dags/example_dynamic_task_mapping_with_no_taskflow_operators.py for tasks to queue
[2024-07-19T09:24:08.706+0530] {logging_mixin.py:188} INFO - [2024-07-19T09:24:08.705+0530] {dagbag.py:545} INFO - Filling up the DagBag from /home/growlt245/.local/lib/python3.10/site-packages/airflow/example_dags/example_dynamic_task_mapping_with_no_taskflow_operators.py
[2024-07-19T09:24:08.709+0530] {processor.py:840} INFO - DAG(s) 'example_dynamic_task_mapping_with_no_taskflow_operators' retrieved from /home/growlt245/.local/lib/python3.10/site-packages/airflow/example_dags/example_dynamic_task_mapping_with_no_taskflow_operators.py
[2024-07-19T09:24:08.717+0530] {logging_mixin.py:188} INFO - [2024-07-19T09:24:08.717+0530] {dag.py:3089} INFO - Sync 1 DAGs
[2024-07-19T09:24:08.726+0530] {logging_mixin.py:188} INFO - [2024-07-19T09:24:08.726+0530] {dag.py:3947} INFO - Setting next_dagrun for example_dynamic_task_mapping_with_no_taskflow_operators to 2024-07-18 00:00:00+00:00, run_after=2024-07-19 00:00:00+00:00
[2024-07-19T09:24:08.735+0530] {processor.py:183} INFO - Processing /home/growlt245/.local/lib/python3.10/site-packages/airflow/example_dags/example_dynamic_task_mapping_with_no_taskflow_operators.py took 0.037 seconds
[2024-07-19T09:24:41.891+0530] {processor.py:161} INFO - Started process (PID=168405) to work on /home/growlt245/.local/lib/python3.10/site-packages/airflow/example_dags/example_dynamic_task_mapping_with_no_taskflow_operators.py
[2024-07-19T09:24:41.894+0530] {processor.py:830} INFO - Processing file /home/growlt245/.local/lib/python3.10/site-packages/airflow/example_dags/example_dynamic_task_mapping_with_no_taskflow_operators.py for tasks to queue
[2024-07-19T09:24:41.896+0530] {logging_mixin.py:188} INFO - [2024-07-19T09:24:41.896+0530] {dagbag.py:545} INFO - Filling up the DagBag from /home/growlt245/.local/lib/python3.10/site-packages/airflow/example_dags/example_dynamic_task_mapping_with_no_taskflow_operators.py
[2024-07-19T09:24:41.902+0530] {processor.py:840} INFO - DAG(s) 'example_dynamic_task_mapping_with_no_taskflow_operators' retrieved from /home/growlt245/.local/lib/python3.10/site-packages/airflow/example_dags/example_dynamic_task_mapping_with_no_taskflow_operators.py
[2024-07-19T09:24:41.912+0530] {logging_mixin.py:188} INFO - [2024-07-19T09:24:41.912+0530] {dag.py:3089} INFO - Sync 1 DAGs
[2024-07-19T09:24:41.922+0530] {logging_mixin.py:188} INFO - [2024-07-19T09:24:41.922+0530] {dag.py:3947} INFO - Setting next_dagrun for example_dynamic_task_mapping_with_no_taskflow_operators to 2024-07-18 00:00:00+00:00, run_after=2024-07-19 00:00:00+00:00
[2024-07-19T09:24:41.933+0530] {processor.py:183} INFO - Processing /home/growlt245/.local/lib/python3.10/site-packages/airflow/example_dags/example_dynamic_task_mapping_with_no_taskflow_operators.py took 0.046 seconds
[2024-07-19T09:25:30.457+0530] {processor.py:161} INFO - Started process (PID=168732) to work on /home/growlt245/.local/lib/python3.10/site-packages/airflow/example_dags/example_dynamic_task_mapping_with_no_taskflow_operators.py
[2024-07-19T09:25:30.459+0530] {processor.py:830} INFO - Processing file /home/growlt245/.local/lib/python3.10/site-packages/airflow/example_dags/example_dynamic_task_mapping_with_no_taskflow_operators.py for tasks to queue
[2024-07-19T09:25:30.460+0530] {logging_mixin.py:188} INFO - [2024-07-19T09:25:30.460+0530] {dagbag.py:545} INFO - Filling up the DagBag from /home/growlt245/.local/lib/python3.10/site-packages/airflow/example_dags/example_dynamic_task_mapping_with_no_taskflow_operators.py
[2024-07-19T09:25:30.465+0530] {processor.py:840} INFO - DAG(s) 'example_dynamic_task_mapping_with_no_taskflow_operators' retrieved from /home/growlt245/.local/lib/python3.10/site-packages/airflow/example_dags/example_dynamic_task_mapping_with_no_taskflow_operators.py
[2024-07-19T09:25:30.472+0530] {logging_mixin.py:188} INFO - [2024-07-19T09:25:30.472+0530] {dag.py:3089} INFO - Sync 1 DAGs
[2024-07-19T09:25:30.482+0530] {logging_mixin.py:188} INFO - [2024-07-19T09:25:30.482+0530] {dag.py:3947} INFO - Setting next_dagrun for example_dynamic_task_mapping_with_no_taskflow_operators to 2024-07-18 00:00:00+00:00, run_after=2024-07-19 00:00:00+00:00
[2024-07-19T09:25:30.491+0530] {processor.py:183} INFO - Processing /home/growlt245/.local/lib/python3.10/site-packages/airflow/example_dags/example_dynamic_task_mapping_with_no_taskflow_operators.py took 0.037 seconds
[2024-07-19T09:26:04.187+0530] {processor.py:161} INFO - Started process (PID=168916) to work on /home/growlt245/.local/lib/python3.10/site-packages/airflow/example_dags/example_dynamic_task_mapping_with_no_taskflow_operators.py
[2024-07-19T09:26:04.190+0530] {processor.py:830} INFO - Processing file /home/growlt245/.local/lib/python3.10/site-packages/airflow/example_dags/example_dynamic_task_mapping_with_no_taskflow_operators.py for tasks to queue
[2024-07-19T09:26:04.192+0530] {logging_mixin.py:188} INFO - [2024-07-19T09:26:04.192+0530] {dagbag.py:545} INFO - Filling up the DagBag from /home/growlt245/.local/lib/python3.10/site-packages/airflow/example_dags/example_dynamic_task_mapping_with_no_taskflow_operators.py
[2024-07-19T09:26:04.199+0530] {processor.py:840} INFO - DAG(s) 'example_dynamic_task_mapping_with_no_taskflow_operators' retrieved from /home/growlt245/.local/lib/python3.10/site-packages/airflow/example_dags/example_dynamic_task_mapping_with_no_taskflow_operators.py
[2024-07-19T09:26:04.208+0530] {logging_mixin.py:188} INFO - [2024-07-19T09:26:04.208+0530] {dag.py:3089} INFO - Sync 1 DAGs
[2024-07-19T09:26:04.217+0530] {logging_mixin.py:188} INFO - [2024-07-19T09:26:04.217+0530] {dag.py:3947} INFO - Setting next_dagrun for example_dynamic_task_mapping_with_no_taskflow_operators to 2024-07-18 00:00:00+00:00, run_after=2024-07-19 00:00:00+00:00
[2024-07-19T09:26:04.227+0530] {processor.py:183} INFO - Processing /home/growlt245/.local/lib/python3.10/site-packages/airflow/example_dags/example_dynamic_task_mapping_with_no_taskflow_operators.py took 0.044 seconds
[2024-07-19T09:26:49.957+0530] {processor.py:161} INFO - Started process (PID=169198) to work on /home/growlt245/.local/lib/python3.10/site-packages/airflow/example_dags/example_dynamic_task_mapping_with_no_taskflow_operators.py
[2024-07-19T09:26:49.959+0530] {processor.py:830} INFO - Processing file /home/growlt245/.local/lib/python3.10/site-packages/airflow/example_dags/example_dynamic_task_mapping_with_no_taskflow_operators.py for tasks to queue
[2024-07-19T09:26:49.960+0530] {logging_mixin.py:188} INFO - [2024-07-19T09:26:49.960+0530] {dagbag.py:545} INFO - Filling up the DagBag from /home/growlt245/.local/lib/python3.10/site-packages/airflow/example_dags/example_dynamic_task_mapping_with_no_taskflow_operators.py
[2024-07-19T09:26:49.965+0530] {processor.py:840} INFO - DAG(s) 'example_dynamic_task_mapping_with_no_taskflow_operators' retrieved from /home/growlt245/.local/lib/python3.10/site-packages/airflow/example_dags/example_dynamic_task_mapping_with_no_taskflow_operators.py
[2024-07-19T09:26:49.974+0530] {logging_mixin.py:188} INFO - [2024-07-19T09:26:49.974+0530] {dag.py:3089} INFO - Sync 1 DAGs
[2024-07-19T09:26:49.982+0530] {logging_mixin.py:188} INFO - [2024-07-19T09:26:49.982+0530] {dag.py:3947} INFO - Setting next_dagrun for example_dynamic_task_mapping_with_no_taskflow_operators to 2024-07-18 00:00:00+00:00, run_after=2024-07-19 00:00:00+00:00
[2024-07-19T09:26:49.992+0530] {processor.py:183} INFO - Processing /home/growlt245/.local/lib/python3.10/site-packages/airflow/example_dags/example_dynamic_task_mapping_with_no_taskflow_operators.py took 0.039 seconds
[2024-07-19T09:27:36.570+0530] {processor.py:161} INFO - Started process (PID=169354) to work on /home/growlt245/.local/lib/python3.10/site-packages/airflow/example_dags/example_dynamic_task_mapping_with_no_taskflow_operators.py
[2024-07-19T09:27:36.572+0530] {processor.py:830} INFO - Processing file /home/growlt245/.local/lib/python3.10/site-packages/airflow/example_dags/example_dynamic_task_mapping_with_no_taskflow_operators.py for tasks to queue
[2024-07-19T09:27:36.574+0530] {logging_mixin.py:188} INFO - [2024-07-19T09:27:36.573+0530] {dagbag.py:545} INFO - Filling up the DagBag from /home/growlt245/.local/lib/python3.10/site-packages/airflow/example_dags/example_dynamic_task_mapping_with_no_taskflow_operators.py
[2024-07-19T09:27:36.579+0530] {processor.py:840} INFO - DAG(s) 'example_dynamic_task_mapping_with_no_taskflow_operators' retrieved from /home/growlt245/.local/lib/python3.10/site-packages/airflow/example_dags/example_dynamic_task_mapping_with_no_taskflow_operators.py
[2024-07-19T09:27:36.589+0530] {logging_mixin.py:188} INFO - [2024-07-19T09:27:36.588+0530] {dag.py:3089} INFO - Sync 1 DAGs
[2024-07-19T09:27:36.597+0530] {logging_mixin.py:188} INFO - [2024-07-19T09:27:36.597+0530] {dag.py:3947} INFO - Setting next_dagrun for example_dynamic_task_mapping_with_no_taskflow_operators to 2024-07-18 00:00:00+00:00, run_after=2024-07-19 00:00:00+00:00
[2024-07-19T09:27:36.606+0530] {processor.py:183} INFO - Processing /home/growlt245/.local/lib/python3.10/site-packages/airflow/example_dags/example_dynamic_task_mapping_with_no_taskflow_operators.py took 0.039 seconds
[2024-07-19T09:28:22.067+0530] {processor.py:161} INFO - Started process (PID=169757) to work on /home/growlt245/.local/lib/python3.10/site-packages/airflow/example_dags/example_dynamic_task_mapping_with_no_taskflow_operators.py
[2024-07-19T09:28:22.070+0530] {processor.py:830} INFO - Processing file /home/growlt245/.local/lib/python3.10/site-packages/airflow/example_dags/example_dynamic_task_mapping_with_no_taskflow_operators.py for tasks to queue
[2024-07-19T09:28:22.071+0530] {logging_mixin.py:188} INFO - [2024-07-19T09:28:22.071+0530] {dagbag.py:545} INFO - Filling up the DagBag from /home/growlt245/.local/lib/python3.10/site-packages/airflow/example_dags/example_dynamic_task_mapping_with_no_taskflow_operators.py
[2024-07-19T09:28:22.075+0530] {processor.py:840} INFO - DAG(s) 'example_dynamic_task_mapping_with_no_taskflow_operators' retrieved from /home/growlt245/.local/lib/python3.10/site-packages/airflow/example_dags/example_dynamic_task_mapping_with_no_taskflow_operators.py
[2024-07-19T09:28:22.084+0530] {logging_mixin.py:188} INFO - [2024-07-19T09:28:22.084+0530] {dag.py:3089} INFO - Sync 1 DAGs
[2024-07-19T09:28:22.093+0530] {logging_mixin.py:188} INFO - [2024-07-19T09:28:22.093+0530] {dag.py:3947} INFO - Setting next_dagrun for example_dynamic_task_mapping_with_no_taskflow_operators to 2024-07-18 00:00:00+00:00, run_after=2024-07-19 00:00:00+00:00
[2024-07-19T09:28:22.102+0530] {processor.py:183} INFO - Processing /home/growlt245/.local/lib/python3.10/site-packages/airflow/example_dags/example_dynamic_task_mapping_with_no_taskflow_operators.py took 0.038 seconds
