[2024-07-19T08:55:27.492+0530] {processor.py:161} INFO - Started process (PID=154877) to work on /home/growlt245/.local/lib/python3.10/site-packages/airflow/example_dags/example_branch_python_dop_operator_3.py
[2024-07-19T08:55:27.493+0530] {processor.py:830} INFO - Processing file /home/growlt245/.local/lib/python3.10/site-packages/airflow/example_dags/example_branch_python_dop_operator_3.py for tasks to queue
[2024-07-19T08:55:27.496+0530] {logging_mixin.py:188} INFO - [2024-07-19T08:55:27.495+0530] {dagbag.py:545} INFO - Filling up the DagBag from /home/growlt245/.local/lib/python3.10/site-packages/airflow/example_dags/example_branch_python_dop_operator_3.py
[2024-07-19T08:55:27.506+0530] {processor.py:840} INFO - DAG(s) 'example_branch_dop_operator_v3' retrieved from /home/growlt245/.local/lib/python3.10/site-packages/airflow/example_dags/example_branch_python_dop_operator_3.py
[2024-07-19T08:55:27.524+0530] {logging_mixin.py:188} INFO - [2024-07-19T08:55:27.524+0530] {dag.py:3089} INFO - Sync 1 DAGs
[2024-07-19T08:55:27.548+0530] {logging_mixin.py:188} INFO - [2024-07-19T08:55:27.547+0530] {dag.py:3947} INFO - Setting next_dagrun for example_branch_dop_operator_v3 to 2024-07-19 03:24:00+00:00, run_after=2024-07-19 03:25:00+00:00
[2024-07-19T08:55:27.561+0530] {processor.py:183} INFO - Processing /home/growlt245/.local/lib/python3.10/site-packages/airflow/example_dags/example_branch_python_dop_operator_3.py took 0.078 seconds
[2024-07-19T09:03:08.758+0530] {processor.py:161} INFO - Started process (PID=158118) to work on /home/growlt245/.local/lib/python3.10/site-packages/airflow/example_dags/example_branch_python_dop_operator_3.py
[2024-07-19T09:03:08.759+0530] {processor.py:830} INFO - Processing file /home/growlt245/.local/lib/python3.10/site-packages/airflow/example_dags/example_branch_python_dop_operator_3.py for tasks to queue
[2024-07-19T09:03:08.760+0530] {logging_mixin.py:188} INFO - [2024-07-19T09:03:08.760+0530] {dagbag.py:545} INFO - Filling up the DagBag from /home/growlt245/.local/lib/python3.10/site-packages/airflow/example_dags/example_branch_python_dop_operator_3.py
[2024-07-19T09:03:08.764+0530] {processor.py:840} INFO - DAG(s) 'example_branch_dop_operator_v3' retrieved from /home/growlt245/.local/lib/python3.10/site-packages/airflow/example_dags/example_branch_python_dop_operator_3.py
[2024-07-19T09:03:08.771+0530] {logging_mixin.py:188} INFO - [2024-07-19T09:03:08.771+0530] {dag.py:3089} INFO - Sync 1 DAGs
[2024-07-19T09:03:08.781+0530] {logging_mixin.py:188} INFO - [2024-07-19T09:03:08.781+0530] {dag.py:3947} INFO - Setting next_dagrun for example_branch_dop_operator_v3 to 2024-07-19 03:32:00+00:00, run_after=2024-07-19 03:33:00+00:00
[2024-07-19T09:03:08.791+0530] {processor.py:183} INFO - Processing /home/growlt245/.local/lib/python3.10/site-packages/airflow/example_dags/example_branch_python_dop_operator_3.py took 0.036 seconds
[2024-07-19T09:06:31.363+0530] {processor.py:161} INFO - Started process (PID=159970) to work on /home/growlt245/.local/lib/python3.10/site-packages/airflow/example_dags/example_branch_python_dop_operator_3.py
[2024-07-19T09:06:31.366+0530] {processor.py:830} INFO - Processing file /home/growlt245/.local/lib/python3.10/site-packages/airflow/example_dags/example_branch_python_dop_operator_3.py for tasks to queue
[2024-07-19T09:06:31.369+0530] {logging_mixin.py:188} INFO - [2024-07-19T09:06:31.369+0530] {dagbag.py:545} INFO - Filling up the DagBag from /home/growlt245/.local/lib/python3.10/site-packages/airflow/example_dags/example_branch_python_dop_operator_3.py
[2024-07-19T09:06:31.378+0530] {processor.py:840} INFO - DAG(s) 'example_branch_dop_operator_v3' retrieved from /home/growlt245/.local/lib/python3.10/site-packages/airflow/example_dags/example_branch_python_dop_operator_3.py
[2024-07-19T09:06:31.388+0530] {logging_mixin.py:188} INFO - [2024-07-19T09:06:31.388+0530] {dag.py:3089} INFO - Sync 1 DAGs
[2024-07-19T09:06:31.399+0530] {logging_mixin.py:188} INFO - [2024-07-19T09:06:31.399+0530] {dag.py:3947} INFO - Setting next_dagrun for example_branch_dop_operator_v3 to 2024-07-19 03:35:00+00:00, run_after=2024-07-19 03:36:00+00:00
[2024-07-19T09:06:31.410+0530] {processor.py:183} INFO - Processing /home/growlt245/.local/lib/python3.10/site-packages/airflow/example_dags/example_branch_python_dop_operator_3.py took 0.055 seconds
[2024-07-19T09:11:36.761+0530] {processor.py:161} INFO - Started process (PID=163042) to work on /home/growlt245/.local/lib/python3.10/site-packages/airflow/example_dags/example_branch_python_dop_operator_3.py
[2024-07-19T09:11:36.762+0530] {processor.py:830} INFO - Processing file /home/growlt245/.local/lib/python3.10/site-packages/airflow/example_dags/example_branch_python_dop_operator_3.py for tasks to queue
[2024-07-19T09:11:36.763+0530] {logging_mixin.py:188} INFO - [2024-07-19T09:11:36.763+0530] {dagbag.py:545} INFO - Filling up the DagBag from /home/growlt245/.local/lib/python3.10/site-packages/airflow/example_dags/example_branch_python_dop_operator_3.py
[2024-07-19T09:11:36.769+0530] {processor.py:840} INFO - DAG(s) 'example_branch_dop_operator_v3' retrieved from /home/growlt245/.local/lib/python3.10/site-packages/airflow/example_dags/example_branch_python_dop_operator_3.py
[2024-07-19T09:11:36.780+0530] {logging_mixin.py:188} INFO - [2024-07-19T09:11:36.780+0530] {dag.py:3089} INFO - Sync 1 DAGs
[2024-07-19T09:11:36.790+0530] {logging_mixin.py:188} INFO - [2024-07-19T09:11:36.790+0530] {dag.py:3947} INFO - Setting next_dagrun for example_branch_dop_operator_v3 to 2024-07-19 03:40:00+00:00, run_after=2024-07-19 03:41:00+00:00
[2024-07-19T09:11:36.801+0530] {processor.py:183} INFO - Processing /home/growlt245/.local/lib/python3.10/site-packages/airflow/example_dags/example_branch_python_dop_operator_3.py took 0.043 seconds
[2024-07-19T09:15:57.482+0530] {processor.py:161} INFO - Started process (PID=164373) to work on /home/growlt245/.local/lib/python3.10/site-packages/airflow/example_dags/example_branch_python_dop_operator_3.py
[2024-07-19T09:15:57.485+0530] {processor.py:830} INFO - Processing file /home/growlt245/.local/lib/python3.10/site-packages/airflow/example_dags/example_branch_python_dop_operator_3.py for tasks to queue
[2024-07-19T09:15:57.486+0530] {logging_mixin.py:188} INFO - [2024-07-19T09:15:57.486+0530] {dagbag.py:545} INFO - Filling up the DagBag from /home/growlt245/.local/lib/python3.10/site-packages/airflow/example_dags/example_branch_python_dop_operator_3.py
[2024-07-19T09:15:57.491+0530] {processor.py:840} INFO - DAG(s) 'example_branch_dop_operator_v3' retrieved from /home/growlt245/.local/lib/python3.10/site-packages/airflow/example_dags/example_branch_python_dop_operator_3.py
[2024-07-19T09:15:57.499+0530] {logging_mixin.py:188} INFO - [2024-07-19T09:15:57.499+0530] {dag.py:3089} INFO - Sync 1 DAGs
[2024-07-19T09:15:57.509+0530] {logging_mixin.py:188} INFO - [2024-07-19T09:15:57.509+0530] {dag.py:3947} INFO - Setting next_dagrun for example_branch_dop_operator_v3 to 2024-07-19 03:44:00+00:00, run_after=2024-07-19 03:45:00+00:00
[2024-07-19T09:15:57.518+0530] {processor.py:183} INFO - Processing /home/growlt245/.local/lib/python3.10/site-packages/airflow/example_dags/example_branch_python_dop_operator_3.py took 0.040 seconds
[2024-07-19T09:16:37.610+0530] {processor.py:161} INFO - Started process (PID=164521) to work on /home/growlt245/.local/lib/python3.10/site-packages/airflow/example_dags/example_branch_python_dop_operator_3.py
[2024-07-19T09:16:37.613+0530] {processor.py:830} INFO - Processing file /home/growlt245/.local/lib/python3.10/site-packages/airflow/example_dags/example_branch_python_dop_operator_3.py for tasks to queue
[2024-07-19T09:16:37.614+0530] {logging_mixin.py:188} INFO - [2024-07-19T09:16:37.614+0530] {dagbag.py:545} INFO - Filling up the DagBag from /home/growlt245/.local/lib/python3.10/site-packages/airflow/example_dags/example_branch_python_dop_operator_3.py
[2024-07-19T09:16:37.620+0530] {processor.py:840} INFO - DAG(s) 'example_branch_dop_operator_v3' retrieved from /home/growlt245/.local/lib/python3.10/site-packages/airflow/example_dags/example_branch_python_dop_operator_3.py
[2024-07-19T09:16:37.630+0530] {logging_mixin.py:188} INFO - [2024-07-19T09:16:37.629+0530] {dag.py:3089} INFO - Sync 1 DAGs
[2024-07-19T09:16:37.643+0530] {logging_mixin.py:188} INFO - [2024-07-19T09:16:37.643+0530] {dag.py:3947} INFO - Setting next_dagrun for example_branch_dop_operator_v3 to 2024-07-19 03:45:00+00:00, run_after=2024-07-19 03:46:00+00:00
[2024-07-19T09:16:37.655+0530] {processor.py:183} INFO - Processing /home/growlt245/.local/lib/python3.10/site-packages/airflow/example_dags/example_branch_python_dop_operator_3.py took 0.048 seconds
[2024-07-19T09:17:25.634+0530] {processor.py:161} INFO - Started process (PID=165253) to work on /home/growlt245/.local/lib/python3.10/site-packages/airflow/example_dags/example_branch_python_dop_operator_3.py
[2024-07-19T09:17:25.637+0530] {processor.py:830} INFO - Processing file /home/growlt245/.local/lib/python3.10/site-packages/airflow/example_dags/example_branch_python_dop_operator_3.py for tasks to queue
[2024-07-19T09:17:25.640+0530] {logging_mixin.py:188} INFO - [2024-07-19T09:17:25.639+0530] {dagbag.py:545} INFO - Filling up the DagBag from /home/growlt245/.local/lib/python3.10/site-packages/airflow/example_dags/example_branch_python_dop_operator_3.py
[2024-07-19T09:17:25.651+0530] {processor.py:840} INFO - DAG(s) 'example_branch_dop_operator_v3' retrieved from /home/growlt245/.local/lib/python3.10/site-packages/airflow/example_dags/example_branch_python_dop_operator_3.py
[2024-07-19T09:17:25.663+0530] {logging_mixin.py:188} INFO - [2024-07-19T09:17:25.663+0530] {dag.py:3089} INFO - Sync 1 DAGs
[2024-07-19T09:17:25.675+0530] {logging_mixin.py:188} INFO - [2024-07-19T09:17:25.674+0530] {dag.py:3947} INFO - Setting next_dagrun for example_branch_dop_operator_v3 to 2024-07-19 03:46:00+00:00, run_after=2024-07-19 03:47:00+00:00
[2024-07-19T09:17:25.687+0530] {processor.py:183} INFO - Processing /home/growlt245/.local/lib/python3.10/site-packages/airflow/example_dags/example_branch_python_dop_operator_3.py took 0.059 seconds
[2024-07-19T09:17:58.809+0530] {processor.py:161} INFO - Started process (PID=165375) to work on /home/growlt245/.local/lib/python3.10/site-packages/airflow/example_dags/example_branch_python_dop_operator_3.py
[2024-07-19T09:17:58.811+0530] {processor.py:830} INFO - Processing file /home/growlt245/.local/lib/python3.10/site-packages/airflow/example_dags/example_branch_python_dop_operator_3.py for tasks to queue
[2024-07-19T09:17:58.812+0530] {logging_mixin.py:188} INFO - [2024-07-19T09:17:58.812+0530] {dagbag.py:545} INFO - Filling up the DagBag from /home/growlt245/.local/lib/python3.10/site-packages/airflow/example_dags/example_branch_python_dop_operator_3.py
[2024-07-19T09:17:58.819+0530] {processor.py:840} INFO - DAG(s) 'example_branch_dop_operator_v3' retrieved from /home/growlt245/.local/lib/python3.10/site-packages/airflow/example_dags/example_branch_python_dop_operator_3.py
[2024-07-19T09:17:58.829+0530] {logging_mixin.py:188} INFO - [2024-07-19T09:17:58.829+0530] {dag.py:3089} INFO - Sync 1 DAGs
[2024-07-19T09:17:58.839+0530] {logging_mixin.py:188} INFO - [2024-07-19T09:17:58.839+0530] {dag.py:3947} INFO - Setting next_dagrun for example_branch_dop_operator_v3 to 2024-07-19 03:46:00+00:00, run_after=2024-07-19 03:47:00+00:00
[2024-07-19T09:17:58.848+0530] {processor.py:183} INFO - Processing /home/growlt245/.local/lib/python3.10/site-packages/airflow/example_dags/example_branch_python_dop_operator_3.py took 0.042 seconds
[2024-07-19T09:18:36.104+0530] {processor.py:161} INFO - Started process (PID=166226) to work on /home/growlt245/.local/lib/python3.10/site-packages/airflow/example_dags/example_branch_python_dop_operator_3.py
[2024-07-19T09:18:36.107+0530] {processor.py:830} INFO - Processing file /home/growlt245/.local/lib/python3.10/site-packages/airflow/example_dags/example_branch_python_dop_operator_3.py for tasks to queue
[2024-07-19T09:18:36.108+0530] {logging_mixin.py:188} INFO - [2024-07-19T09:18:36.108+0530] {dagbag.py:545} INFO - Filling up the DagBag from /home/growlt245/.local/lib/python3.10/site-packages/airflow/example_dags/example_branch_python_dop_operator_3.py
[2024-07-19T09:18:36.114+0530] {processor.py:840} INFO - DAG(s) 'example_branch_dop_operator_v3' retrieved from /home/growlt245/.local/lib/python3.10/site-packages/airflow/example_dags/example_branch_python_dop_operator_3.py
[2024-07-19T09:18:36.121+0530] {logging_mixin.py:188} INFO - [2024-07-19T09:18:36.121+0530] {dag.py:3089} INFO - Sync 1 DAGs
[2024-07-19T09:18:36.131+0530] {logging_mixin.py:188} INFO - [2024-07-19T09:18:36.131+0530] {dag.py:3947} INFO - Setting next_dagrun for example_branch_dop_operator_v3 to 2024-07-19 03:47:00+00:00, run_after=2024-07-19 03:48:00+00:00
[2024-07-19T09:18:36.140+0530] {processor.py:183} INFO - Processing /home/growlt245/.local/lib/python3.10/site-packages/airflow/example_dags/example_branch_python_dop_operator_3.py took 0.039 seconds
[2024-07-19T09:19:12.580+0530] {processor.py:161} INFO - Started process (PID=166431) to work on /home/growlt245/.local/lib/python3.10/site-packages/airflow/example_dags/example_branch_python_dop_operator_3.py
[2024-07-19T09:19:12.582+0530] {processor.py:830} INFO - Processing file /home/growlt245/.local/lib/python3.10/site-packages/airflow/example_dags/example_branch_python_dop_operator_3.py for tasks to queue
[2024-07-19T09:19:12.584+0530] {logging_mixin.py:188} INFO - [2024-07-19T09:19:12.583+0530] {dagbag.py:545} INFO - Filling up the DagBag from /home/growlt245/.local/lib/python3.10/site-packages/airflow/example_dags/example_branch_python_dop_operator_3.py
[2024-07-19T09:19:12.592+0530] {processor.py:840} INFO - DAG(s) 'example_branch_dop_operator_v3' retrieved from /home/growlt245/.local/lib/python3.10/site-packages/airflow/example_dags/example_branch_python_dop_operator_3.py
[2024-07-19T09:19:12.600+0530] {logging_mixin.py:188} INFO - [2024-07-19T09:19:12.600+0530] {dag.py:3089} INFO - Sync 1 DAGs
[2024-07-19T09:19:12.610+0530] {logging_mixin.py:188} INFO - [2024-07-19T09:19:12.610+0530] {dag.py:3947} INFO - Setting next_dagrun for example_branch_dop_operator_v3 to 2024-07-19 03:48:00+00:00, run_after=2024-07-19 03:49:00+00:00
[2024-07-19T09:19:12.620+0530] {processor.py:183} INFO - Processing /home/growlt245/.local/lib/python3.10/site-packages/airflow/example_dags/example_branch_python_dop_operator_3.py took 0.045 seconds
[2024-07-19T09:19:57.477+0530] {processor.py:161} INFO - Started process (PID=166615) to work on /home/growlt245/.local/lib/python3.10/site-packages/airflow/example_dags/example_branch_python_dop_operator_3.py
[2024-07-19T09:19:57.480+0530] {processor.py:830} INFO - Processing file /home/growlt245/.local/lib/python3.10/site-packages/airflow/example_dags/example_branch_python_dop_operator_3.py for tasks to queue
[2024-07-19T09:19:57.481+0530] {logging_mixin.py:188} INFO - [2024-07-19T09:19:57.481+0530] {dagbag.py:545} INFO - Filling up the DagBag from /home/growlt245/.local/lib/python3.10/site-packages/airflow/example_dags/example_branch_python_dop_operator_3.py
[2024-07-19T09:19:57.488+0530] {processor.py:840} INFO - DAG(s) 'example_branch_dop_operator_v3' retrieved from /home/growlt245/.local/lib/python3.10/site-packages/airflow/example_dags/example_branch_python_dop_operator_3.py
[2024-07-19T09:19:57.499+0530] {logging_mixin.py:188} INFO - [2024-07-19T09:19:57.499+0530] {dag.py:3089} INFO - Sync 1 DAGs
[2024-07-19T09:19:57.514+0530] {logging_mixin.py:188} INFO - [2024-07-19T09:19:57.513+0530] {dag.py:3947} INFO - Setting next_dagrun for example_branch_dop_operator_v3 to 2024-07-19 03:48:00+00:00, run_after=2024-07-19 03:49:00+00:00
[2024-07-19T09:19:57.524+0530] {processor.py:183} INFO - Processing /home/growlt245/.local/lib/python3.10/site-packages/airflow/example_dags/example_branch_python_dop_operator_3.py took 0.052 seconds
[2024-07-19T09:20:41.155+0530] {processor.py:161} INFO - Started process (PID=166986) to work on /home/growlt245/.local/lib/python3.10/site-packages/airflow/example_dags/example_branch_python_dop_operator_3.py
[2024-07-19T09:20:41.158+0530] {processor.py:830} INFO - Processing file /home/growlt245/.local/lib/python3.10/site-packages/airflow/example_dags/example_branch_python_dop_operator_3.py for tasks to queue
[2024-07-19T09:20:41.159+0530] {logging_mixin.py:188} INFO - [2024-07-19T09:20:41.159+0530] {dagbag.py:545} INFO - Filling up the DagBag from /home/growlt245/.local/lib/python3.10/site-packages/airflow/example_dags/example_branch_python_dop_operator_3.py
[2024-07-19T09:20:41.166+0530] {processor.py:840} INFO - DAG(s) 'example_branch_dop_operator_v3' retrieved from /home/growlt245/.local/lib/python3.10/site-packages/airflow/example_dags/example_branch_python_dop_operator_3.py
[2024-07-19T09:20:41.177+0530] {logging_mixin.py:188} INFO - [2024-07-19T09:20:41.177+0530] {dag.py:3089} INFO - Sync 1 DAGs
[2024-07-19T09:20:41.189+0530] {logging_mixin.py:188} INFO - [2024-07-19T09:20:41.189+0530] {dag.py:3947} INFO - Setting next_dagrun for example_branch_dop_operator_v3 to 2024-07-19 03:49:00+00:00, run_after=2024-07-19 03:50:00+00:00
[2024-07-19T09:20:41.201+0530] {processor.py:183} INFO - Processing /home/growlt245/.local/lib/python3.10/site-packages/airflow/example_dags/example_branch_python_dop_operator_3.py took 0.050 seconds
