[2024-07-19T08:55:34.352+0530] {processor.py:161} INFO - Started process (PID=154944) to work on /home/growlt245/.local/lib/python3.10/site-packages/airflow/example_dags/example_time_delta_sensor_async.py
[2024-07-19T08:55:34.352+0530] {processor.py:830} INFO - Processing file /home/growlt245/.local/lib/python3.10/site-packages/airflow/example_dags/example_time_delta_sensor_async.py for tasks to queue
[2024-07-19T08:55:34.354+0530] {logging_mixin.py:188} INFO - [2024-07-19T08:55:34.353+0530] {dagbag.py:545} INFO - Filling up the DagBag from /home/growlt245/.local/lib/python3.10/site-packages/airflow/example_dags/example_time_delta_sensor_async.py
[2024-07-19T08:55:34.357+0530] {processor.py:840} INFO - DAG(s) 'example_time_delta_sensor_async' retrieved from /home/growlt245/.local/lib/python3.10/site-packages/airflow/example_dags/example_time_delta_sensor_async.py
[2024-07-19T08:55:34.367+0530] {logging_mixin.py:188} INFO - [2024-07-19T08:55:34.367+0530] {dag.py:3089} INFO - Sync 1 DAGs
[2024-07-19T08:55:34.373+0530] {logging_mixin.py:188} INFO - [2024-07-19T08:55:34.372+0530] {dag.py:3947} INFO - Setting next_dagrun for example_time_delta_sensor_async to None, run_after=None
[2024-07-19T08:55:34.382+0530] {processor.py:183} INFO - Processing /home/growlt245/.local/lib/python3.10/site-packages/airflow/example_dags/example_time_delta_sensor_async.py took 0.037 seconds
[2024-07-19T09:04:58.287+0530] {processor.py:161} INFO - Started process (PID=158862) to work on /home/growlt245/.local/lib/python3.10/site-packages/airflow/example_dags/example_time_delta_sensor_async.py
[2024-07-19T09:04:58.288+0530] {processor.py:830} INFO - Processing file /home/growlt245/.local/lib/python3.10/site-packages/airflow/example_dags/example_time_delta_sensor_async.py for tasks to queue
[2024-07-19T09:04:58.289+0530] {logging_mixin.py:188} INFO - [2024-07-19T09:04:58.289+0530] {dagbag.py:545} INFO - Filling up the DagBag from /home/growlt245/.local/lib/python3.10/site-packages/airflow/example_dags/example_time_delta_sensor_async.py
[2024-07-19T09:04:58.292+0530] {processor.py:840} INFO - DAG(s) 'example_time_delta_sensor_async' retrieved from /home/growlt245/.local/lib/python3.10/site-packages/airflow/example_dags/example_time_delta_sensor_async.py
[2024-07-19T09:04:58.301+0530] {logging_mixin.py:188} INFO - [2024-07-19T09:04:58.300+0530] {dag.py:3089} INFO - Sync 1 DAGs
[2024-07-19T09:04:58.306+0530] {logging_mixin.py:188} INFO - [2024-07-19T09:04:58.306+0530] {dag.py:3947} INFO - Setting next_dagrun for example_time_delta_sensor_async to None, run_after=None
[2024-07-19T09:04:58.316+0530] {processor.py:183} INFO - Processing /home/growlt245/.local/lib/python3.10/site-packages/airflow/example_dags/example_time_delta_sensor_async.py took 0.033 seconds
[2024-07-19T09:07:02.619+0530] {processor.py:161} INFO - Started process (PID=160152) to work on /home/growlt245/.local/lib/python3.10/site-packages/airflow/example_dags/example_time_delta_sensor_async.py
[2024-07-19T09:07:02.620+0530] {processor.py:830} INFO - Processing file /home/growlt245/.local/lib/python3.10/site-packages/airflow/example_dags/example_time_delta_sensor_async.py for tasks to queue
[2024-07-19T09:07:02.622+0530] {logging_mixin.py:188} INFO - [2024-07-19T09:07:02.622+0530] {dagbag.py:545} INFO - Filling up the DagBag from /home/growlt245/.local/lib/python3.10/site-packages/airflow/example_dags/example_time_delta_sensor_async.py
[2024-07-19T09:07:02.626+0530] {processor.py:840} INFO - DAG(s) 'example_time_delta_sensor_async' retrieved from /home/growlt245/.local/lib/python3.10/site-packages/airflow/example_dags/example_time_delta_sensor_async.py
[2024-07-19T09:07:02.637+0530] {logging_mixin.py:188} INFO - [2024-07-19T09:07:02.637+0530] {dag.py:3089} INFO - Sync 1 DAGs
[2024-07-19T09:07:02.643+0530] {logging_mixin.py:188} INFO - [2024-07-19T09:07:02.642+0530] {dag.py:3947} INFO - Setting next_dagrun for example_time_delta_sensor_async to None, run_after=None
[2024-07-19T09:07:02.652+0530] {processor.py:183} INFO - Processing /home/growlt245/.local/lib/python3.10/site-packages/airflow/example_dags/example_time_delta_sensor_async.py took 0.038 seconds
[2024-07-19T09:13:23.487+0530] {processor.py:161} INFO - Started process (PID=163706) to work on /home/growlt245/.local/lib/python3.10/site-packages/airflow/example_dags/example_time_delta_sensor_async.py
[2024-07-19T09:13:23.488+0530] {processor.py:830} INFO - Processing file /home/growlt245/.local/lib/python3.10/site-packages/airflow/example_dags/example_time_delta_sensor_async.py for tasks to queue
[2024-07-19T09:13:23.489+0530] {logging_mixin.py:188} INFO - [2024-07-19T09:13:23.489+0530] {dagbag.py:545} INFO - Filling up the DagBag from /home/growlt245/.local/lib/python3.10/site-packages/airflow/example_dags/example_time_delta_sensor_async.py
[2024-07-19T09:13:23.493+0530] {processor.py:840} INFO - DAG(s) 'example_time_delta_sensor_async' retrieved from /home/growlt245/.local/lib/python3.10/site-packages/airflow/example_dags/example_time_delta_sensor_async.py
[2024-07-19T09:13:23.503+0530] {logging_mixin.py:188} INFO - [2024-07-19T09:13:23.503+0530] {dag.py:3089} INFO - Sync 1 DAGs
[2024-07-19T09:13:23.509+0530] {logging_mixin.py:188} INFO - [2024-07-19T09:13:23.509+0530] {dag.py:3947} INFO - Setting next_dagrun for example_time_delta_sensor_async to None, run_after=None
[2024-07-19T09:13:23.518+0530] {processor.py:183} INFO - Processing /home/growlt245/.local/lib/python3.10/site-packages/airflow/example_dags/example_time_delta_sensor_async.py took 0.037 seconds
[2024-07-19T09:16:05.081+0530] {processor.py:161} INFO - Started process (PID=164387) to work on /home/growlt245/.local/lib/python3.10/site-packages/airflow/example_dags/example_time_delta_sensor_async.py
[2024-07-19T09:16:05.084+0530] {processor.py:830} INFO - Processing file /home/growlt245/.local/lib/python3.10/site-packages/airflow/example_dags/example_time_delta_sensor_async.py for tasks to queue
[2024-07-19T09:16:05.086+0530] {logging_mixin.py:188} INFO - [2024-07-19T09:16:05.085+0530] {dagbag.py:545} INFO - Filling up the DagBag from /home/growlt245/.local/lib/python3.10/site-packages/airflow/example_dags/example_time_delta_sensor_async.py
[2024-07-19T09:16:05.090+0530] {processor.py:840} INFO - DAG(s) 'example_time_delta_sensor_async' retrieved from /home/growlt245/.local/lib/python3.10/site-packages/airflow/example_dags/example_time_delta_sensor_async.py
[2024-07-19T09:16:05.099+0530] {logging_mixin.py:188} INFO - [2024-07-19T09:16:05.099+0530] {dag.py:3089} INFO - Sync 1 DAGs
[2024-07-19T09:16:05.105+0530] {logging_mixin.py:188} INFO - [2024-07-19T09:16:05.105+0530] {dag.py:3947} INFO - Setting next_dagrun for example_time_delta_sensor_async to None, run_after=None
[2024-07-19T09:16:05.114+0530] {processor.py:183} INFO - Processing /home/growlt245/.local/lib/python3.10/site-packages/airflow/example_dags/example_time_delta_sensor_async.py took 0.036 seconds
[2024-07-19T09:16:51.418+0530] {processor.py:161} INFO - Started process (PID=164730) to work on /home/growlt245/.local/lib/python3.10/site-packages/airflow/example_dags/example_time_delta_sensor_async.py
[2024-07-19T09:16:51.418+0530] {processor.py:830} INFO - Processing file /home/growlt245/.local/lib/python3.10/site-packages/airflow/example_dags/example_time_delta_sensor_async.py for tasks to queue
[2024-07-19T09:16:51.419+0530] {logging_mixin.py:188} INFO - [2024-07-19T09:16:51.419+0530] {dagbag.py:545} INFO - Filling up the DagBag from /home/growlt245/.local/lib/python3.10/site-packages/airflow/example_dags/example_time_delta_sensor_async.py
[2024-07-19T09:16:51.422+0530] {processor.py:840} INFO - DAG(s) 'example_time_delta_sensor_async' retrieved from /home/growlt245/.local/lib/python3.10/site-packages/airflow/example_dags/example_time_delta_sensor_async.py
[2024-07-19T09:16:51.431+0530] {logging_mixin.py:188} INFO - [2024-07-19T09:16:51.431+0530] {dag.py:3089} INFO - Sync 1 DAGs
[2024-07-19T09:16:51.438+0530] {logging_mixin.py:188} INFO - [2024-07-19T09:16:51.438+0530] {dag.py:3947} INFO - Setting next_dagrun for example_time_delta_sensor_async to None, run_after=None
[2024-07-19T09:16:51.451+0530] {processor.py:183} INFO - Processing /home/growlt245/.local/lib/python3.10/site-packages/airflow/example_dags/example_time_delta_sensor_async.py took 0.037 seconds
[2024-07-19T09:17:32.845+0530] {processor.py:161} INFO - Started process (PID=165278) to work on /home/growlt245/.local/lib/python3.10/site-packages/airflow/example_dags/example_time_delta_sensor_async.py
[2024-07-19T09:17:32.847+0530] {processor.py:830} INFO - Processing file /home/growlt245/.local/lib/python3.10/site-packages/airflow/example_dags/example_time_delta_sensor_async.py for tasks to queue
[2024-07-19T09:17:32.848+0530] {logging_mixin.py:188} INFO - [2024-07-19T09:17:32.848+0530] {dagbag.py:545} INFO - Filling up the DagBag from /home/growlt245/.local/lib/python3.10/site-packages/airflow/example_dags/example_time_delta_sensor_async.py
[2024-07-19T09:17:32.851+0530] {processor.py:840} INFO - DAG(s) 'example_time_delta_sensor_async' retrieved from /home/growlt245/.local/lib/python3.10/site-packages/airflow/example_dags/example_time_delta_sensor_async.py
[2024-07-19T09:17:32.858+0530] {logging_mixin.py:188} INFO - [2024-07-19T09:17:32.858+0530] {dag.py:3089} INFO - Sync 1 DAGs
[2024-07-19T09:17:32.864+0530] {logging_mixin.py:188} INFO - [2024-07-19T09:17:32.863+0530] {dag.py:3947} INFO - Setting next_dagrun for example_time_delta_sensor_async to None, run_after=None
[2024-07-19T09:17:32.873+0530] {processor.py:183} INFO - Processing /home/growlt245/.local/lib/python3.10/site-packages/airflow/example_dags/example_time_delta_sensor_async.py took 0.032 seconds
[2024-07-19T09:18:23.841+0530] {processor.py:161} INFO - Started process (PID=166141) to work on /home/growlt245/.local/lib/python3.10/site-packages/airflow/example_dags/example_time_delta_sensor_async.py
[2024-07-19T09:18:23.843+0530] {processor.py:830} INFO - Processing file /home/growlt245/.local/lib/python3.10/site-packages/airflow/example_dags/example_time_delta_sensor_async.py for tasks to queue
[2024-07-19T09:18:23.845+0530] {logging_mixin.py:188} INFO - [2024-07-19T09:18:23.844+0530] {dagbag.py:545} INFO - Filling up the DagBag from /home/growlt245/.local/lib/python3.10/site-packages/airflow/example_dags/example_time_delta_sensor_async.py
[2024-07-19T09:18:23.850+0530] {processor.py:840} INFO - DAG(s) 'example_time_delta_sensor_async' retrieved from /home/growlt245/.local/lib/python3.10/site-packages/airflow/example_dags/example_time_delta_sensor_async.py
[2024-07-19T09:18:23.860+0530] {logging_mixin.py:188} INFO - [2024-07-19T09:18:23.860+0530] {dag.py:3089} INFO - Sync 1 DAGs
[2024-07-19T09:18:23.865+0530] {logging_mixin.py:188} INFO - [2024-07-19T09:18:23.865+0530] {dag.py:3947} INFO - Setting next_dagrun for example_time_delta_sensor_async to None, run_after=None
[2024-07-19T09:18:23.875+0530] {processor.py:183} INFO - Processing /home/growlt245/.local/lib/python3.10/site-packages/airflow/example_dags/example_time_delta_sensor_async.py took 0.037 seconds
[2024-07-19T09:19:15.538+0530] {processor.py:161} INFO - Started process (PID=166436) to work on /home/growlt245/.local/lib/python3.10/site-packages/airflow/example_dags/example_time_delta_sensor_async.py
[2024-07-19T09:19:15.541+0530] {processor.py:830} INFO - Processing file /home/growlt245/.local/lib/python3.10/site-packages/airflow/example_dags/example_time_delta_sensor_async.py for tasks to queue
[2024-07-19T09:19:15.543+0530] {logging_mixin.py:188} INFO - [2024-07-19T09:19:15.543+0530] {dagbag.py:545} INFO - Filling up the DagBag from /home/growlt245/.local/lib/python3.10/site-packages/airflow/example_dags/example_time_delta_sensor_async.py
[2024-07-19T09:19:15.547+0530] {processor.py:840} INFO - DAG(s) 'example_time_delta_sensor_async' retrieved from /home/growlt245/.local/lib/python3.10/site-packages/airflow/example_dags/example_time_delta_sensor_async.py
[2024-07-19T09:19:15.555+0530] {logging_mixin.py:188} INFO - [2024-07-19T09:19:15.555+0530] {dag.py:3089} INFO - Sync 1 DAGs
[2024-07-19T09:19:15.560+0530] {logging_mixin.py:188} INFO - [2024-07-19T09:19:15.560+0530] {dag.py:3947} INFO - Setting next_dagrun for example_time_delta_sensor_async to None, run_after=None
[2024-07-19T09:19:15.569+0530] {processor.py:183} INFO - Processing /home/growlt245/.local/lib/python3.10/site-packages/airflow/example_dags/example_time_delta_sensor_async.py took 0.036 seconds
[2024-07-19T09:19:59.834+0530] {processor.py:161} INFO - Started process (PID=166631) to work on /home/growlt245/.local/lib/python3.10/site-packages/airflow/example_dags/example_time_delta_sensor_async.py
[2024-07-19T09:19:59.836+0530] {processor.py:830} INFO - Processing file /home/growlt245/.local/lib/python3.10/site-packages/airflow/example_dags/example_time_delta_sensor_async.py for tasks to queue
[2024-07-19T09:19:59.837+0530] {logging_mixin.py:188} INFO - [2024-07-19T09:19:59.837+0530] {dagbag.py:545} INFO - Filling up the DagBag from /home/growlt245/.local/lib/python3.10/site-packages/airflow/example_dags/example_time_delta_sensor_async.py
[2024-07-19T09:19:59.841+0530] {processor.py:840} INFO - DAG(s) 'example_time_delta_sensor_async' retrieved from /home/growlt245/.local/lib/python3.10/site-packages/airflow/example_dags/example_time_delta_sensor_async.py
[2024-07-19T09:19:59.851+0530] {logging_mixin.py:188} INFO - [2024-07-19T09:19:59.851+0530] {dag.py:3089} INFO - Sync 1 DAGs
[2024-07-19T09:19:59.856+0530] {logging_mixin.py:188} INFO - [2024-07-19T09:19:59.856+0530] {dag.py:3947} INFO - Setting next_dagrun for example_time_delta_sensor_async to None, run_after=None
[2024-07-19T09:19:59.865+0530] {processor.py:183} INFO - Processing /home/growlt245/.local/lib/python3.10/site-packages/airflow/example_dags/example_time_delta_sensor_async.py took 0.035 seconds
[2024-07-19T09:20:44.234+0530] {processor.py:161} INFO - Started process (PID=167001) to work on /home/growlt245/.local/lib/python3.10/site-packages/airflow/example_dags/example_time_delta_sensor_async.py
[2024-07-19T09:20:44.236+0530] {processor.py:830} INFO - Processing file /home/growlt245/.local/lib/python3.10/site-packages/airflow/example_dags/example_time_delta_sensor_async.py for tasks to queue
[2024-07-19T09:20:44.237+0530] {logging_mixin.py:188} INFO - [2024-07-19T09:20:44.237+0530] {dagbag.py:545} INFO - Filling up the DagBag from /home/growlt245/.local/lib/python3.10/site-packages/airflow/example_dags/example_time_delta_sensor_async.py
[2024-07-19T09:20:44.242+0530] {processor.py:840} INFO - DAG(s) 'example_time_delta_sensor_async' retrieved from /home/growlt245/.local/lib/python3.10/site-packages/airflow/example_dags/example_time_delta_sensor_async.py
[2024-07-19T09:20:44.253+0530] {logging_mixin.py:188} INFO - [2024-07-19T09:20:44.252+0530] {dag.py:3089} INFO - Sync 1 DAGs
[2024-07-19T09:20:44.260+0530] {logging_mixin.py:188} INFO - [2024-07-19T09:20:44.260+0530] {dag.py:3947} INFO - Setting next_dagrun for example_time_delta_sensor_async to None, run_after=None
[2024-07-19T09:20:44.269+0530] {processor.py:183} INFO - Processing /home/growlt245/.local/lib/python3.10/site-packages/airflow/example_dags/example_time_delta_sensor_async.py took 0.038 seconds
[2024-07-19T09:21:31.522+0530] {processor.py:161} INFO - Started process (PID=167315) to work on /home/growlt245/.local/lib/python3.10/site-packages/airflow/example_dags/example_time_delta_sensor_async.py
[2024-07-19T09:21:31.525+0530] {processor.py:830} INFO - Processing file /home/growlt245/.local/lib/python3.10/site-packages/airflow/example_dags/example_time_delta_sensor_async.py for tasks to queue
[2024-07-19T09:21:31.526+0530] {logging_mixin.py:188} INFO - [2024-07-19T09:21:31.526+0530] {dagbag.py:545} INFO - Filling up the DagBag from /home/growlt245/.local/lib/python3.10/site-packages/airflow/example_dags/example_time_delta_sensor_async.py
[2024-07-19T09:21:31.529+0530] {processor.py:840} INFO - DAG(s) 'example_time_delta_sensor_async' retrieved from /home/growlt245/.local/lib/python3.10/site-packages/airflow/example_dags/example_time_delta_sensor_async.py
[2024-07-19T09:21:31.539+0530] {logging_mixin.py:188} INFO - [2024-07-19T09:21:31.539+0530] {dag.py:3089} INFO - Sync 1 DAGs
[2024-07-19T09:21:31.544+0530] {logging_mixin.py:188} INFO - [2024-07-19T09:21:31.544+0530] {dag.py:3947} INFO - Setting next_dagrun for example_time_delta_sensor_async to None, run_after=None
[2024-07-19T09:21:31.553+0530] {processor.py:183} INFO - Processing /home/growlt245/.local/lib/python3.10/site-packages/airflow/example_dags/example_time_delta_sensor_async.py took 0.034 seconds
[2024-07-19T09:22:25.858+0530] {processor.py:161} INFO - Started process (PID=167632) to work on /home/growlt245/.local/lib/python3.10/site-packages/airflow/example_dags/example_time_delta_sensor_async.py
[2024-07-19T09:22:25.860+0530] {processor.py:830} INFO - Processing file /home/growlt245/.local/lib/python3.10/site-packages/airflow/example_dags/example_time_delta_sensor_async.py for tasks to queue
[2024-07-19T09:22:25.862+0530] {logging_mixin.py:188} INFO - [2024-07-19T09:22:25.861+0530] {dagbag.py:545} INFO - Filling up the DagBag from /home/growlt245/.local/lib/python3.10/site-packages/airflow/example_dags/example_time_delta_sensor_async.py
[2024-07-19T09:22:25.866+0530] {processor.py:840} INFO - DAG(s) 'example_time_delta_sensor_async' retrieved from /home/growlt245/.local/lib/python3.10/site-packages/airflow/example_dags/example_time_delta_sensor_async.py
[2024-07-19T09:22:25.880+0530] {logging_mixin.py:188} INFO - [2024-07-19T09:22:25.879+0530] {dag.py:3089} INFO - Sync 1 DAGs
[2024-07-19T09:22:25.885+0530] {logging_mixin.py:188} INFO - [2024-07-19T09:22:25.885+0530] {dag.py:3947} INFO - Setting next_dagrun for example_time_delta_sensor_async to None, run_after=None
[2024-07-19T09:22:25.897+0530] {processor.py:183} INFO - Processing /home/growlt245/.local/lib/python3.10/site-packages/airflow/example_dags/example_time_delta_sensor_async.py took 0.043 seconds
[2024-07-19T09:23:14.388+0530] {processor.py:161} INFO - Started process (PID=168020) to work on /home/growlt245/.local/lib/python3.10/site-packages/airflow/example_dags/example_time_delta_sensor_async.py
[2024-07-19T09:23:14.391+0530] {processor.py:830} INFO - Processing file /home/growlt245/.local/lib/python3.10/site-packages/airflow/example_dags/example_time_delta_sensor_async.py for tasks to queue
[2024-07-19T09:23:14.392+0530] {logging_mixin.py:188} INFO - [2024-07-19T09:23:14.392+0530] {dagbag.py:545} INFO - Filling up the DagBag from /home/growlt245/.local/lib/python3.10/site-packages/airflow/example_dags/example_time_delta_sensor_async.py
[2024-07-19T09:23:14.395+0530] {processor.py:840} INFO - DAG(s) 'example_time_delta_sensor_async' retrieved from /home/growlt245/.local/lib/python3.10/site-packages/airflow/example_dags/example_time_delta_sensor_async.py
[2024-07-19T09:23:14.407+0530] {logging_mixin.py:188} INFO - [2024-07-19T09:23:14.407+0530] {dag.py:3089} INFO - Sync 1 DAGs
[2024-07-19T09:23:14.412+0530] {logging_mixin.py:188} INFO - [2024-07-19T09:23:14.412+0530] {dag.py:3947} INFO - Setting next_dagrun for example_time_delta_sensor_async to None, run_after=None
[2024-07-19T09:23:14.421+0530] {processor.py:183} INFO - Processing /home/growlt245/.local/lib/python3.10/site-packages/airflow/example_dags/example_time_delta_sensor_async.py took 0.038 seconds
[2024-07-19T09:24:00.200+0530] {processor.py:161} INFO - Started process (PID=168179) to work on /home/growlt245/.local/lib/python3.10/site-packages/airflow/example_dags/example_time_delta_sensor_async.py
[2024-07-19T09:24:00.203+0530] {processor.py:830} INFO - Processing file /home/growlt245/.local/lib/python3.10/site-packages/airflow/example_dags/example_time_delta_sensor_async.py for tasks to queue
[2024-07-19T09:24:00.204+0530] {logging_mixin.py:188} INFO - [2024-07-19T09:24:00.204+0530] {dagbag.py:545} INFO - Filling up the DagBag from /home/growlt245/.local/lib/python3.10/site-packages/airflow/example_dags/example_time_delta_sensor_async.py
[2024-07-19T09:24:00.207+0530] {processor.py:840} INFO - DAG(s) 'example_time_delta_sensor_async' retrieved from /home/growlt245/.local/lib/python3.10/site-packages/airflow/example_dags/example_time_delta_sensor_async.py
[2024-07-19T09:24:00.215+0530] {logging_mixin.py:188} INFO - [2024-07-19T09:24:00.215+0530] {dag.py:3089} INFO - Sync 1 DAGs
[2024-07-19T09:24:00.220+0530] {logging_mixin.py:188} INFO - [2024-07-19T09:24:00.220+0530] {dag.py:3947} INFO - Setting next_dagrun for example_time_delta_sensor_async to None, run_after=None
[2024-07-19T09:24:00.229+0530] {processor.py:183} INFO - Processing /home/growlt245/.local/lib/python3.10/site-packages/airflow/example_dags/example_time_delta_sensor_async.py took 0.034 seconds
[2024-07-19T09:24:46.023+0530] {processor.py:161} INFO - Started process (PID=168416) to work on /home/growlt245/.local/lib/python3.10/site-packages/airflow/example_dags/example_time_delta_sensor_async.py
[2024-07-19T09:24:46.026+0530] {processor.py:830} INFO - Processing file /home/growlt245/.local/lib/python3.10/site-packages/airflow/example_dags/example_time_delta_sensor_async.py for tasks to queue
[2024-07-19T09:24:46.027+0530] {logging_mixin.py:188} INFO - [2024-07-19T09:24:46.027+0530] {dagbag.py:545} INFO - Filling up the DagBag from /home/growlt245/.local/lib/python3.10/site-packages/airflow/example_dags/example_time_delta_sensor_async.py
[2024-07-19T09:24:46.031+0530] {processor.py:840} INFO - DAG(s) 'example_time_delta_sensor_async' retrieved from /home/growlt245/.local/lib/python3.10/site-packages/airflow/example_dags/example_time_delta_sensor_async.py
[2024-07-19T09:24:46.042+0530] {logging_mixin.py:188} INFO - [2024-07-19T09:24:46.042+0530] {dag.py:3089} INFO - Sync 1 DAGs
[2024-07-19T09:24:46.048+0530] {logging_mixin.py:188} INFO - [2024-07-19T09:24:46.048+0530] {dag.py:3947} INFO - Setting next_dagrun for example_time_delta_sensor_async to None, run_after=None
[2024-07-19T09:24:46.057+0530] {processor.py:183} INFO - Processing /home/growlt245/.local/lib/python3.10/site-packages/airflow/example_dags/example_time_delta_sensor_async.py took 0.039 seconds
