[2024-07-19T08:55:50.687+0530] {processor.py:161} INFO - Started process (PID=155015) to work on /home/growlt245/.local/lib/python3.10/site-packages/airflow/example_dags/example_short_circuit_operator.py
[2024-07-19T08:55:50.688+0530] {processor.py:830} INFO - Processing file /home/growlt245/.local/lib/python3.10/site-packages/airflow/example_dags/example_short_circuit_operator.py for tasks to queue
[2024-07-19T08:55:50.689+0530] {logging_mixin.py:188} INFO - [2024-07-19T08:55:50.688+0530] {dagbag.py:545} INFO - Filling up the DagBag from /home/growlt245/.local/lib/python3.10/site-packages/airflow/example_dags/example_short_circuit_operator.py
[2024-07-19T08:55:50.692+0530] {processor.py:840} INFO - DAG(s) 'example_short_circuit_operator' retrieved from /home/growlt245/.local/lib/python3.10/site-packages/airflow/example_dags/example_short_circuit_operator.py
[2024-07-19T08:55:50.702+0530] {logging_mixin.py:188} INFO - [2024-07-19T08:55:50.702+0530] {dag.py:3089} INFO - Sync 1 DAGs
[2024-07-19T08:55:50.710+0530] {logging_mixin.py:188} INFO - [2024-07-19T08:55:50.710+0530] {dag.py:3947} INFO - Setting next_dagrun for example_short_circuit_operator to 2024-07-18 00:00:00+00:00, run_after=2024-07-19 00:00:00+00:00
[2024-07-19T08:55:50.721+0530] {processor.py:183} INFO - Processing /home/growlt245/.local/lib/python3.10/site-packages/airflow/example_dags/example_short_circuit_operator.py took 0.037 seconds
[2024-07-19T09:06:01.029+0530] {processor.py:161} INFO - Started process (PID=159388) to work on /home/growlt245/.local/lib/python3.10/site-packages/airflow/example_dags/example_short_circuit_operator.py
[2024-07-19T09:06:01.032+0530] {processor.py:830} INFO - Processing file /home/growlt245/.local/lib/python3.10/site-packages/airflow/example_dags/example_short_circuit_operator.py for tasks to queue
[2024-07-19T09:06:01.034+0530] {logging_mixin.py:188} INFO - [2024-07-19T09:06:01.034+0530] {dagbag.py:545} INFO - Filling up the DagBag from /home/growlt245/.local/lib/python3.10/site-packages/airflow/example_dags/example_short_circuit_operator.py
[2024-07-19T09:06:01.041+0530] {processor.py:840} INFO - DAG(s) 'example_short_circuit_operator' retrieved from /home/growlt245/.local/lib/python3.10/site-packages/airflow/example_dags/example_short_circuit_operator.py
[2024-07-19T09:06:01.051+0530] {logging_mixin.py:188} INFO - [2024-07-19T09:06:01.051+0530] {dag.py:3089} INFO - Sync 1 DAGs
[2024-07-19T09:06:01.060+0530] {logging_mixin.py:188} INFO - [2024-07-19T09:06:01.060+0530] {dag.py:3947} INFO - Setting next_dagrun for example_short_circuit_operator to 2024-07-18 00:00:00+00:00, run_after=2024-07-19 00:00:00+00:00
[2024-07-19T09:06:01.070+0530] {processor.py:183} INFO - Processing /home/growlt245/.local/lib/python3.10/site-packages/airflow/example_dags/example_short_circuit_operator.py took 0.049 seconds
[2024-07-19T09:14:07.600+0530] {processor.py:161} INFO - Started process (PID=163934) to work on /home/growlt245/.local/lib/python3.10/site-packages/airflow/example_dags/example_short_circuit_operator.py
[2024-07-19T09:14:07.603+0530] {processor.py:830} INFO - Processing file /home/growlt245/.local/lib/python3.10/site-packages/airflow/example_dags/example_short_circuit_operator.py for tasks to queue
[2024-07-19T09:14:07.605+0530] {logging_mixin.py:188} INFO - [2024-07-19T09:14:07.604+0530] {dagbag.py:545} INFO - Filling up the DagBag from /home/growlt245/.local/lib/python3.10/site-packages/airflow/example_dags/example_short_circuit_operator.py
[2024-07-19T09:14:07.611+0530] {processor.py:840} INFO - DAG(s) 'example_short_circuit_operator' retrieved from /home/growlt245/.local/lib/python3.10/site-packages/airflow/example_dags/example_short_circuit_operator.py
[2024-07-19T09:14:07.623+0530] {logging_mixin.py:188} INFO - [2024-07-19T09:14:07.623+0530] {dag.py:3089} INFO - Sync 1 DAGs
[2024-07-19T09:14:07.632+0530] {logging_mixin.py:188} INFO - [2024-07-19T09:14:07.632+0530] {dag.py:3947} INFO - Setting next_dagrun for example_short_circuit_operator to 2024-07-18 00:00:00+00:00, run_after=2024-07-19 00:00:00+00:00
[2024-07-19T09:14:07.648+0530] {processor.py:183} INFO - Processing /home/growlt245/.local/lib/python3.10/site-packages/airflow/example_dags/example_short_circuit_operator.py took 0.057 seconds
[2024-07-19T09:16:10.121+0530] {processor.py:161} INFO - Started process (PID=164399) to work on /home/growlt245/.local/lib/python3.10/site-packages/airflow/example_dags/example_short_circuit_operator.py
[2024-07-19T09:16:10.123+0530] {processor.py:830} INFO - Processing file /home/growlt245/.local/lib/python3.10/site-packages/airflow/example_dags/example_short_circuit_operator.py for tasks to queue
[2024-07-19T09:16:10.125+0530] {logging_mixin.py:188} INFO - [2024-07-19T09:16:10.124+0530] {dagbag.py:545} INFO - Filling up the DagBag from /home/growlt245/.local/lib/python3.10/site-packages/airflow/example_dags/example_short_circuit_operator.py
[2024-07-19T09:16:10.130+0530] {processor.py:840} INFO - DAG(s) 'example_short_circuit_operator' retrieved from /home/growlt245/.local/lib/python3.10/site-packages/airflow/example_dags/example_short_circuit_operator.py
[2024-07-19T09:16:10.139+0530] {logging_mixin.py:188} INFO - [2024-07-19T09:16:10.139+0530] {dag.py:3089} INFO - Sync 1 DAGs
[2024-07-19T09:16:10.148+0530] {logging_mixin.py:188} INFO - [2024-07-19T09:16:10.148+0530] {dag.py:3947} INFO - Setting next_dagrun for example_short_circuit_operator to 2024-07-18 00:00:00+00:00, run_after=2024-07-19 00:00:00+00:00
[2024-07-19T09:16:10.158+0530] {processor.py:183} INFO - Processing /home/growlt245/.local/lib/python3.10/site-packages/airflow/example_dags/example_short_circuit_operator.py took 0.041 seconds
[2024-07-19T09:16:57.301+0530] {processor.py:161} INFO - Started process (PID=165082) to work on /home/growlt245/.local/lib/python3.10/site-packages/airflow/example_dags/example_short_circuit_operator.py
[2024-07-19T09:16:57.302+0530] {processor.py:830} INFO - Processing file /home/growlt245/.local/lib/python3.10/site-packages/airflow/example_dags/example_short_circuit_operator.py for tasks to queue
[2024-07-19T09:16:57.303+0530] {logging_mixin.py:188} INFO - [2024-07-19T09:16:57.303+0530] {dagbag.py:545} INFO - Filling up the DagBag from /home/growlt245/.local/lib/python3.10/site-packages/airflow/example_dags/example_short_circuit_operator.py
[2024-07-19T09:16:57.308+0530] {processor.py:840} INFO - DAG(s) 'example_short_circuit_operator' retrieved from /home/growlt245/.local/lib/python3.10/site-packages/airflow/example_dags/example_short_circuit_operator.py
[2024-07-19T09:16:57.320+0530] {logging_mixin.py:188} INFO - [2024-07-19T09:16:57.320+0530] {dag.py:3089} INFO - Sync 1 DAGs
[2024-07-19T09:16:57.330+0530] {logging_mixin.py:188} INFO - [2024-07-19T09:16:57.330+0530] {dag.py:3947} INFO - Setting next_dagrun for example_short_circuit_operator to 2024-07-18 00:00:00+00:00, run_after=2024-07-19 00:00:00+00:00
[2024-07-19T09:16:57.341+0530] {processor.py:183} INFO - Processing /home/growlt245/.local/lib/python3.10/site-packages/airflow/example_dags/example_short_circuit_operator.py took 0.045 seconds
[2024-07-19T09:17:45.760+0530] {processor.py:161} INFO - Started process (PID=165339) to work on /home/growlt245/.local/lib/python3.10/site-packages/airflow/example_dags/example_short_circuit_operator.py
[2024-07-19T09:17:45.762+0530] {processor.py:830} INFO - Processing file /home/growlt245/.local/lib/python3.10/site-packages/airflow/example_dags/example_short_circuit_operator.py for tasks to queue
[2024-07-19T09:17:45.764+0530] {logging_mixin.py:188} INFO - [2024-07-19T09:17:45.763+0530] {dagbag.py:545} INFO - Filling up the DagBag from /home/growlt245/.local/lib/python3.10/site-packages/airflow/example_dags/example_short_circuit_operator.py
[2024-07-19T09:17:45.768+0530] {processor.py:840} INFO - DAG(s) 'example_short_circuit_operator' retrieved from /home/growlt245/.local/lib/python3.10/site-packages/airflow/example_dags/example_short_circuit_operator.py
[2024-07-19T09:17:45.777+0530] {logging_mixin.py:188} INFO - [2024-07-19T09:17:45.777+0530] {dag.py:3089} INFO - Sync 1 DAGs
[2024-07-19T09:17:45.785+0530] {logging_mixin.py:188} INFO - [2024-07-19T09:17:45.785+0530] {dag.py:3947} INFO - Setting next_dagrun for example_short_circuit_operator to 2024-07-18 00:00:00+00:00, run_after=2024-07-19 00:00:00+00:00
[2024-07-19T09:17:45.793+0530] {processor.py:183} INFO - Processing /home/growlt245/.local/lib/python3.10/site-packages/airflow/example_dags/example_short_circuit_operator.py took 0.036 seconds
[2024-07-19T09:18:39.080+0530] {processor.py:161} INFO - Started process (PID=166231) to work on /home/growlt245/.local/lib/python3.10/site-packages/airflow/example_dags/example_short_circuit_operator.py
[2024-07-19T09:18:39.081+0530] {processor.py:830} INFO - Processing file /home/growlt245/.local/lib/python3.10/site-packages/airflow/example_dags/example_short_circuit_operator.py for tasks to queue
[2024-07-19T09:18:39.082+0530] {logging_mixin.py:188} INFO - [2024-07-19T09:18:39.082+0530] {dagbag.py:545} INFO - Filling up the DagBag from /home/growlt245/.local/lib/python3.10/site-packages/airflow/example_dags/example_short_circuit_operator.py
[2024-07-19T09:18:39.091+0530] {processor.py:840} INFO - DAG(s) 'example_short_circuit_operator' retrieved from /home/growlt245/.local/lib/python3.10/site-packages/airflow/example_dags/example_short_circuit_operator.py
[2024-07-19T09:18:39.103+0530] {logging_mixin.py:188} INFO - [2024-07-19T09:18:39.103+0530] {dag.py:3089} INFO - Sync 1 DAGs
[2024-07-19T09:18:39.113+0530] {logging_mixin.py:188} INFO - [2024-07-19T09:18:39.113+0530] {dag.py:3947} INFO - Setting next_dagrun for example_short_circuit_operator to 2024-07-18 00:00:00+00:00, run_after=2024-07-19 00:00:00+00:00
[2024-07-19T09:18:39.123+0530] {processor.py:183} INFO - Processing /home/growlt245/.local/lib/python3.10/site-packages/airflow/example_dags/example_short_circuit_operator.py took 0.048 seconds
[2024-07-19T09:19:28.262+0530] {processor.py:161} INFO - Started process (PID=166480) to work on /home/growlt245/.local/lib/python3.10/site-packages/airflow/example_dags/example_short_circuit_operator.py
[2024-07-19T09:19:28.264+0530] {processor.py:830} INFO - Processing file /home/growlt245/.local/lib/python3.10/site-packages/airflow/example_dags/example_short_circuit_operator.py for tasks to queue
[2024-07-19T09:19:28.266+0530] {logging_mixin.py:188} INFO - [2024-07-19T09:19:28.265+0530] {dagbag.py:545} INFO - Filling up the DagBag from /home/growlt245/.local/lib/python3.10/site-packages/airflow/example_dags/example_short_circuit_operator.py
[2024-07-19T09:19:28.270+0530] {processor.py:840} INFO - DAG(s) 'example_short_circuit_operator' retrieved from /home/growlt245/.local/lib/python3.10/site-packages/airflow/example_dags/example_short_circuit_operator.py
[2024-07-19T09:19:28.278+0530] {logging_mixin.py:188} INFO - [2024-07-19T09:19:28.278+0530] {dag.py:3089} INFO - Sync 1 DAGs
[2024-07-19T09:19:28.287+0530] {logging_mixin.py:188} INFO - [2024-07-19T09:19:28.287+0530] {dag.py:3947} INFO - Setting next_dagrun for example_short_circuit_operator to 2024-07-18 00:00:00+00:00, run_after=2024-07-19 00:00:00+00:00
[2024-07-19T09:19:28.296+0530] {processor.py:183} INFO - Processing /home/growlt245/.local/lib/python3.10/site-packages/airflow/example_dags/example_short_circuit_operator.py took 0.039 seconds
[2024-07-19T09:20:12.999+0530] {processor.py:161} INFO - Started process (PID=166694) to work on /home/growlt245/.local/lib/python3.10/site-packages/airflow/example_dags/example_short_circuit_operator.py
[2024-07-19T09:20:13.001+0530] {processor.py:830} INFO - Processing file /home/growlt245/.local/lib/python3.10/site-packages/airflow/example_dags/example_short_circuit_operator.py for tasks to queue
[2024-07-19T09:20:13.003+0530] {logging_mixin.py:188} INFO - [2024-07-19T09:20:13.002+0530] {dagbag.py:545} INFO - Filling up the DagBag from /home/growlt245/.local/lib/python3.10/site-packages/airflow/example_dags/example_short_circuit_operator.py
[2024-07-19T09:20:13.008+0530] {processor.py:840} INFO - DAG(s) 'example_short_circuit_operator' retrieved from /home/growlt245/.local/lib/python3.10/site-packages/airflow/example_dags/example_short_circuit_operator.py
[2024-07-19T09:20:13.018+0530] {logging_mixin.py:188} INFO - [2024-07-19T09:20:13.018+0530] {dag.py:3089} INFO - Sync 1 DAGs
[2024-07-19T09:20:13.027+0530] {logging_mixin.py:188} INFO - [2024-07-19T09:20:13.027+0530] {dag.py:3947} INFO - Setting next_dagrun for example_short_circuit_operator to 2024-07-18 00:00:00+00:00, run_after=2024-07-19 00:00:00+00:00
[2024-07-19T09:20:13.036+0530] {processor.py:183} INFO - Processing /home/growlt245/.local/lib/python3.10/site-packages/airflow/example_dags/example_short_circuit_operator.py took 0.040 seconds
[2024-07-19T09:20:56.261+0530] {processor.py:161} INFO - Started process (PID=167064) to work on /home/growlt245/.local/lib/python3.10/site-packages/airflow/example_dags/example_short_circuit_operator.py
[2024-07-19T09:20:56.263+0530] {processor.py:830} INFO - Processing file /home/growlt245/.local/lib/python3.10/site-packages/airflow/example_dags/example_short_circuit_operator.py for tasks to queue
[2024-07-19T09:20:56.264+0530] {logging_mixin.py:188} INFO - [2024-07-19T09:20:56.264+0530] {dagbag.py:545} INFO - Filling up the DagBag from /home/growlt245/.local/lib/python3.10/site-packages/airflow/example_dags/example_short_circuit_operator.py
[2024-07-19T09:20:56.269+0530] {processor.py:840} INFO - DAG(s) 'example_short_circuit_operator' retrieved from /home/growlt245/.local/lib/python3.10/site-packages/airflow/example_dags/example_short_circuit_operator.py
[2024-07-19T09:20:56.278+0530] {logging_mixin.py:188} INFO - [2024-07-19T09:20:56.278+0530] {dag.py:3089} INFO - Sync 1 DAGs
[2024-07-19T09:20:56.287+0530] {logging_mixin.py:188} INFO - [2024-07-19T09:20:56.286+0530] {dag.py:3947} INFO - Setting next_dagrun for example_short_circuit_operator to 2024-07-18 00:00:00+00:00, run_after=2024-07-19 00:00:00+00:00
[2024-07-19T09:20:56.296+0530] {processor.py:183} INFO - Processing /home/growlt245/.local/lib/python3.10/site-packages/airflow/example_dags/example_short_circuit_operator.py took 0.039 seconds
[2024-07-19T09:21:47.515+0530] {processor.py:161} INFO - Started process (PID=167408) to work on /home/growlt245/.local/lib/python3.10/site-packages/airflow/example_dags/example_short_circuit_operator.py
[2024-07-19T09:21:47.517+0530] {processor.py:830} INFO - Processing file /home/growlt245/.local/lib/python3.10/site-packages/airflow/example_dags/example_short_circuit_operator.py for tasks to queue
[2024-07-19T09:21:47.518+0530] {logging_mixin.py:188} INFO - [2024-07-19T09:21:47.518+0530] {dagbag.py:545} INFO - Filling up the DagBag from /home/growlt245/.local/lib/python3.10/site-packages/airflow/example_dags/example_short_circuit_operator.py
[2024-07-19T09:21:47.521+0530] {processor.py:840} INFO - DAG(s) 'example_short_circuit_operator' retrieved from /home/growlt245/.local/lib/python3.10/site-packages/airflow/example_dags/example_short_circuit_operator.py
[2024-07-19T09:21:47.530+0530] {logging_mixin.py:188} INFO - [2024-07-19T09:21:47.530+0530] {dag.py:3089} INFO - Sync 1 DAGs
[2024-07-19T09:21:47.539+0530] {logging_mixin.py:188} INFO - [2024-07-19T09:21:47.539+0530] {dag.py:3947} INFO - Setting next_dagrun for example_short_circuit_operator to 2024-07-18 00:00:00+00:00, run_after=2024-07-19 00:00:00+00:00
[2024-07-19T09:21:47.548+0530] {processor.py:183} INFO - Processing /home/growlt245/.local/lib/python3.10/site-packages/airflow/example_dags/example_short_circuit_operator.py took 0.038 seconds
[2024-07-19T09:22:41.093+0530] {processor.py:161} INFO - Started process (PID=167835) to work on /home/growlt245/.local/lib/python3.10/site-packages/airflow/example_dags/example_short_circuit_operator.py
[2024-07-19T09:22:41.095+0530] {processor.py:830} INFO - Processing file /home/growlt245/.local/lib/python3.10/site-packages/airflow/example_dags/example_short_circuit_operator.py for tasks to queue
[2024-07-19T09:22:41.096+0530] {logging_mixin.py:188} INFO - [2024-07-19T09:22:41.096+0530] {dagbag.py:545} INFO - Filling up the DagBag from /home/growlt245/.local/lib/python3.10/site-packages/airflow/example_dags/example_short_circuit_operator.py
[2024-07-19T09:22:41.100+0530] {processor.py:840} INFO - DAG(s) 'example_short_circuit_operator' retrieved from /home/growlt245/.local/lib/python3.10/site-packages/airflow/example_dags/example_short_circuit_operator.py
[2024-07-19T09:22:41.116+0530] {logging_mixin.py:188} INFO - [2024-07-19T09:22:41.115+0530] {dag.py:3089} INFO - Sync 1 DAGs
[2024-07-19T09:22:41.124+0530] {logging_mixin.py:188} INFO - [2024-07-19T09:22:41.124+0530] {dag.py:3947} INFO - Setting next_dagrun for example_short_circuit_operator to 2024-07-18 00:00:00+00:00, run_after=2024-07-19 00:00:00+00:00
[2024-07-19T09:22:41.134+0530] {processor.py:183} INFO - Processing /home/growlt245/.local/lib/python3.10/site-packages/airflow/example_dags/example_short_circuit_operator.py took 0.044 seconds
[2024-07-19T09:23:26.385+0530] {processor.py:161} INFO - Started process (PID=168051) to work on /home/growlt245/.local/lib/python3.10/site-packages/airflow/example_dags/example_short_circuit_operator.py
[2024-07-19T09:23:26.386+0530] {processor.py:830} INFO - Processing file /home/growlt245/.local/lib/python3.10/site-packages/airflow/example_dags/example_short_circuit_operator.py for tasks to queue
[2024-07-19T09:23:26.387+0530] {logging_mixin.py:188} INFO - [2024-07-19T09:23:26.387+0530] {dagbag.py:545} INFO - Filling up the DagBag from /home/growlt245/.local/lib/python3.10/site-packages/airflow/example_dags/example_short_circuit_operator.py
[2024-07-19T09:23:26.391+0530] {processor.py:840} INFO - DAG(s) 'example_short_circuit_operator' retrieved from /home/growlt245/.local/lib/python3.10/site-packages/airflow/example_dags/example_short_circuit_operator.py
[2024-07-19T09:23:26.400+0530] {logging_mixin.py:188} INFO - [2024-07-19T09:23:26.400+0530] {dag.py:3089} INFO - Sync 1 DAGs
[2024-07-19T09:23:26.408+0530] {logging_mixin.py:188} INFO - [2024-07-19T09:23:26.408+0530] {dag.py:3947} INFO - Setting next_dagrun for example_short_circuit_operator to 2024-07-18 00:00:00+00:00, run_after=2024-07-19 00:00:00+00:00
[2024-07-19T09:23:26.417+0530] {processor.py:183} INFO - Processing /home/growlt245/.local/lib/python3.10/site-packages/airflow/example_dags/example_short_circuit_operator.py took 0.037 seconds
[2024-07-19T09:24:12.714+0530] {processor.py:161} INFO - Started process (PID=168208) to work on /home/growlt245/.local/lib/python3.10/site-packages/airflow/example_dags/example_short_circuit_operator.py
[2024-07-19T09:24:12.716+0530] {processor.py:830} INFO - Processing file /home/growlt245/.local/lib/python3.10/site-packages/airflow/example_dags/example_short_circuit_operator.py for tasks to queue
[2024-07-19T09:24:12.717+0530] {logging_mixin.py:188} INFO - [2024-07-19T09:24:12.717+0530] {dagbag.py:545} INFO - Filling up the DagBag from /home/growlt245/.local/lib/python3.10/site-packages/airflow/example_dags/example_short_circuit_operator.py
[2024-07-19T09:24:12.723+0530] {processor.py:840} INFO - DAG(s) 'example_short_circuit_operator' retrieved from /home/growlt245/.local/lib/python3.10/site-packages/airflow/example_dags/example_short_circuit_operator.py
[2024-07-19T09:24:12.734+0530] {logging_mixin.py:188} INFO - [2024-07-19T09:24:12.734+0530] {dag.py:3089} INFO - Sync 1 DAGs
[2024-07-19T09:24:12.742+0530] {logging_mixin.py:188} INFO - [2024-07-19T09:24:12.742+0530] {dag.py:3947} INFO - Setting next_dagrun for example_short_circuit_operator to 2024-07-18 00:00:00+00:00, run_after=2024-07-19 00:00:00+00:00
[2024-07-19T09:24:12.753+0530] {processor.py:183} INFO - Processing /home/growlt245/.local/lib/python3.10/site-packages/airflow/example_dags/example_short_circuit_operator.py took 0.042 seconds
