[2024-07-19T09:00:56.415+0530] {processor.py:161} INFO - Started process (PID=157209) to work on /home/growlt245/.local/lib/python3.10/site-packages/airflow/example_dags/example_branch_operator_decorator.py
[2024-07-19T09:00:56.416+0530] {processor.py:830} INFO - Processing file /home/growlt245/.local/lib/python3.10/site-packages/airflow/example_dags/example_branch_operator_decorator.py for tasks to queue
[2024-07-19T09:00:56.418+0530] {logging_mixin.py:188} INFO - [2024-07-19T09:00:56.418+0530] {dagbag.py:545} INFO - Filling up the DagBag from /home/growlt245/.local/lib/python3.10/site-packages/airflow/example_dags/example_branch_operator_decorator.py
[2024-07-19T09:00:56.430+0530] {processor.py:840} INFO - DAG(s) 'example_branch_python_operator_decorator' retrieved from /home/growlt245/.local/lib/python3.10/site-packages/airflow/example_dags/example_branch_operator_decorator.py
[2024-07-19T09:00:56.475+0530] {logging_mixin.py:188} INFO - [2024-07-19T09:00:56.475+0530] {dag.py:3089} INFO - Sync 1 DAGs
[2024-07-19T09:00:56.484+0530] {logging_mixin.py:188} INFO - [2024-07-19T09:00:56.483+0530] {dag.py:3947} INFO - Setting next_dagrun for example_branch_python_operator_decorator to 2024-07-18 00:00:00+00:00, run_after=2024-07-19 00:00:00+00:00
[2024-07-19T09:00:56.498+0530] {processor.py:183} INFO - Processing /home/growlt245/.local/lib/python3.10/site-packages/airflow/example_dags/example_branch_operator_decorator.py took 0.089 seconds
[2024-07-19T09:15:46.316+0530] {processor.py:161} INFO - Started process (PID=164328) to work on /home/growlt245/.local/lib/python3.10/site-packages/airflow/example_dags/example_branch_operator_decorator.py
[2024-07-19T09:15:46.318+0530] {processor.py:830} INFO - Processing file /home/growlt245/.local/lib/python3.10/site-packages/airflow/example_dags/example_branch_operator_decorator.py for tasks to queue
[2024-07-19T09:15:46.320+0530] {logging_mixin.py:188} INFO - [2024-07-19T09:15:46.319+0530] {dagbag.py:545} INFO - Filling up the DagBag from /home/growlt245/.local/lib/python3.10/site-packages/airflow/example_dags/example_branch_operator_decorator.py
[2024-07-19T09:15:46.332+0530] {processor.py:840} INFO - DAG(s) 'example_branch_python_operator_decorator' retrieved from /home/growlt245/.local/lib/python3.10/site-packages/airflow/example_dags/example_branch_operator_decorator.py
[2024-07-19T09:15:46.375+0530] {logging_mixin.py:188} INFO - [2024-07-19T09:15:46.375+0530] {dag.py:3089} INFO - Sync 1 DAGs
[2024-07-19T09:15:46.384+0530] {logging_mixin.py:188} INFO - [2024-07-19T09:15:46.384+0530] {dag.py:3947} INFO - Setting next_dagrun for example_branch_python_operator_decorator to 2024-07-18 00:00:00+00:00, run_after=2024-07-19 00:00:00+00:00
[2024-07-19T09:15:46.394+0530] {processor.py:183} INFO - Processing /home/growlt245/.local/lib/python3.10/site-packages/airflow/example_dags/example_branch_operator_decorator.py took 0.082 seconds
[2024-07-19T09:16:44.342+0530] {processor.py:161} INFO - Started process (PID=164533) to work on /home/growlt245/.local/lib/python3.10/site-packages/airflow/example_dags/example_branch_operator_decorator.py
[2024-07-19T09:16:44.344+0530] {processor.py:830} INFO - Processing file /home/growlt245/.local/lib/python3.10/site-packages/airflow/example_dags/example_branch_operator_decorator.py for tasks to queue
[2024-07-19T09:16:44.346+0530] {logging_mixin.py:188} INFO - [2024-07-19T09:16:44.346+0530] {dagbag.py:545} INFO - Filling up the DagBag from /home/growlt245/.local/lib/python3.10/site-packages/airflow/example_dags/example_branch_operator_decorator.py
[2024-07-19T09:16:44.362+0530] {processor.py:840} INFO - DAG(s) 'example_branch_python_operator_decorator' retrieved from /home/growlt245/.local/lib/python3.10/site-packages/airflow/example_dags/example_branch_operator_decorator.py
[2024-07-19T09:16:44.379+0530] {logging_mixin.py:188} INFO - [2024-07-19T09:16:44.379+0530] {dag.py:3089} INFO - Sync 1 DAGs
[2024-07-19T09:16:44.393+0530] {logging_mixin.py:188} INFO - [2024-07-19T09:16:44.392+0530] {dag.py:3947} INFO - Setting next_dagrun for example_branch_python_operator_decorator to 2024-07-18 00:00:00+00:00, run_after=2024-07-19 00:00:00+00:00
[2024-07-19T09:16:44.408+0530] {processor.py:183} INFO - Processing /home/growlt245/.local/lib/python3.10/site-packages/airflow/example_dags/example_branch_operator_decorator.py took 0.072 seconds
[2024-07-19T09:17:33.635+0530] {processor.py:161} INFO - Started process (PID=165280) to work on /home/growlt245/.local/lib/python3.10/site-packages/airflow/example_dags/example_branch_operator_decorator.py
[2024-07-19T09:17:33.637+0530] {processor.py:830} INFO - Processing file /home/growlt245/.local/lib/python3.10/site-packages/airflow/example_dags/example_branch_operator_decorator.py for tasks to queue
[2024-07-19T09:17:33.638+0530] {logging_mixin.py:188} INFO - [2024-07-19T09:17:33.638+0530] {dagbag.py:545} INFO - Filling up the DagBag from /home/growlt245/.local/lib/python3.10/site-packages/airflow/example_dags/example_branch_operator_decorator.py
[2024-07-19T09:17:33.649+0530] {processor.py:840} INFO - DAG(s) 'example_branch_python_operator_decorator' retrieved from /home/growlt245/.local/lib/python3.10/site-packages/airflow/example_dags/example_branch_operator_decorator.py
[2024-07-19T09:17:33.659+0530] {logging_mixin.py:188} INFO - [2024-07-19T09:17:33.659+0530] {dag.py:3089} INFO - Sync 1 DAGs
[2024-07-19T09:17:33.668+0530] {logging_mixin.py:188} INFO - [2024-07-19T09:17:33.668+0530] {dag.py:3947} INFO - Setting next_dagrun for example_branch_python_operator_decorator to 2024-07-18 00:00:00+00:00, run_after=2024-07-19 00:00:00+00:00
[2024-07-19T09:17:33.677+0530] {processor.py:183} INFO - Processing /home/growlt245/.local/lib/python3.10/site-packages/airflow/example_dags/example_branch_operator_decorator.py took 0.045 seconds
[2024-07-19T09:18:27.104+0530] {processor.py:161} INFO - Started process (PID=166157) to work on /home/growlt245/.local/lib/python3.10/site-packages/airflow/example_dags/example_branch_operator_decorator.py
[2024-07-19T09:18:27.107+0530] {processor.py:830} INFO - Processing file /home/growlt245/.local/lib/python3.10/site-packages/airflow/example_dags/example_branch_operator_decorator.py for tasks to queue
[2024-07-19T09:18:27.108+0530] {logging_mixin.py:188} INFO - [2024-07-19T09:18:27.108+0530] {dagbag.py:545} INFO - Filling up the DagBag from /home/growlt245/.local/lib/python3.10/site-packages/airflow/example_dags/example_branch_operator_decorator.py
[2024-07-19T09:18:27.119+0530] {processor.py:840} INFO - DAG(s) 'example_branch_python_operator_decorator' retrieved from /home/growlt245/.local/lib/python3.10/site-packages/airflow/example_dags/example_branch_operator_decorator.py
[2024-07-19T09:18:27.130+0530] {logging_mixin.py:188} INFO - [2024-07-19T09:18:27.129+0530] {dag.py:3089} INFO - Sync 1 DAGs
[2024-07-19T09:18:27.139+0530] {logging_mixin.py:188} INFO - [2024-07-19T09:18:27.139+0530] {dag.py:3947} INFO - Setting next_dagrun for example_branch_python_operator_decorator to 2024-07-18 00:00:00+00:00, run_after=2024-07-19 00:00:00+00:00
[2024-07-19T09:18:27.150+0530] {processor.py:183} INFO - Processing /home/growlt245/.local/lib/python3.10/site-packages/airflow/example_dags/example_branch_operator_decorator.py took 0.049 seconds
[2024-07-19T09:19:19.540+0530] {processor.py:161} INFO - Started process (PID=166444) to work on /home/growlt245/.local/lib/python3.10/site-packages/airflow/example_dags/example_branch_operator_decorator.py
[2024-07-19T09:19:19.542+0530] {processor.py:830} INFO - Processing file /home/growlt245/.local/lib/python3.10/site-packages/airflow/example_dags/example_branch_operator_decorator.py for tasks to queue
[2024-07-19T09:19:19.544+0530] {logging_mixin.py:188} INFO - [2024-07-19T09:19:19.544+0530] {dagbag.py:545} INFO - Filling up the DagBag from /home/growlt245/.local/lib/python3.10/site-packages/airflow/example_dags/example_branch_operator_decorator.py
[2024-07-19T09:19:19.555+0530] {processor.py:840} INFO - DAG(s) 'example_branch_python_operator_decorator' retrieved from /home/growlt245/.local/lib/python3.10/site-packages/airflow/example_dags/example_branch_operator_decorator.py
[2024-07-19T09:19:19.566+0530] {logging_mixin.py:188} INFO - [2024-07-19T09:19:19.565+0530] {dag.py:3089} INFO - Sync 1 DAGs
[2024-07-19T09:19:19.575+0530] {logging_mixin.py:188} INFO - [2024-07-19T09:19:19.575+0530] {dag.py:3947} INFO - Setting next_dagrun for example_branch_python_operator_decorator to 2024-07-18 00:00:00+00:00, run_after=2024-07-19 00:00:00+00:00
[2024-07-19T09:19:19.584+0530] {processor.py:183} INFO - Processing /home/growlt245/.local/lib/python3.10/site-packages/airflow/example_dags/example_branch_operator_decorator.py took 0.049 seconds
[2024-07-19T09:20:04.868+0530] {processor.py:161} INFO - Started process (PID=166663) to work on /home/growlt245/.local/lib/python3.10/site-packages/airflow/example_dags/example_branch_operator_decorator.py
[2024-07-19T09:20:04.870+0530] {processor.py:830} INFO - Processing file /home/growlt245/.local/lib/python3.10/site-packages/airflow/example_dags/example_branch_operator_decorator.py for tasks to queue
[2024-07-19T09:20:04.872+0530] {logging_mixin.py:188} INFO - [2024-07-19T09:20:04.872+0530] {dagbag.py:545} INFO - Filling up the DagBag from /home/growlt245/.local/lib/python3.10/site-packages/airflow/example_dags/example_branch_operator_decorator.py
[2024-07-19T09:20:04.886+0530] {processor.py:840} INFO - DAG(s) 'example_branch_python_operator_decorator' retrieved from /home/growlt245/.local/lib/python3.10/site-packages/airflow/example_dags/example_branch_operator_decorator.py
[2024-07-19T09:20:04.896+0530] {logging_mixin.py:188} INFO - [2024-07-19T09:20:04.896+0530] {dag.py:3089} INFO - Sync 1 DAGs
[2024-07-19T09:20:04.906+0530] {logging_mixin.py:188} INFO - [2024-07-19T09:20:04.905+0530] {dag.py:3947} INFO - Setting next_dagrun for example_branch_python_operator_decorator to 2024-07-18 00:00:00+00:00, run_after=2024-07-19 00:00:00+00:00
[2024-07-19T09:20:04.914+0530] {processor.py:183} INFO - Processing /home/growlt245/.local/lib/python3.10/site-packages/airflow/example_dags/example_branch_operator_decorator.py took 0.051 seconds
[2024-07-19T09:20:48.526+0530] {processor.py:161} INFO - Started process (PID=167024) to work on /home/growlt245/.local/lib/python3.10/site-packages/airflow/example_dags/example_branch_operator_decorator.py
[2024-07-19T09:20:48.529+0530] {processor.py:830} INFO - Processing file /home/growlt245/.local/lib/python3.10/site-packages/airflow/example_dags/example_branch_operator_decorator.py for tasks to queue
[2024-07-19T09:20:48.531+0530] {logging_mixin.py:188} INFO - [2024-07-19T09:20:48.530+0530] {dagbag.py:545} INFO - Filling up the DagBag from /home/growlt245/.local/lib/python3.10/site-packages/airflow/example_dags/example_branch_operator_decorator.py
[2024-07-19T09:20:48.547+0530] {processor.py:840} INFO - DAG(s) 'example_branch_python_operator_decorator' retrieved from /home/growlt245/.local/lib/python3.10/site-packages/airflow/example_dags/example_branch_operator_decorator.py
[2024-07-19T09:20:48.558+0530] {logging_mixin.py:188} INFO - [2024-07-19T09:20:48.557+0530] {dag.py:3089} INFO - Sync 1 DAGs
[2024-07-19T09:20:48.566+0530] {logging_mixin.py:188} INFO - [2024-07-19T09:20:48.566+0530] {dag.py:3947} INFO - Setting next_dagrun for example_branch_python_operator_decorator to 2024-07-18 00:00:00+00:00, run_after=2024-07-19 00:00:00+00:00
[2024-07-19T09:20:48.577+0530] {processor.py:183} INFO - Processing /home/growlt245/.local/lib/python3.10/site-packages/airflow/example_dags/example_branch_operator_decorator.py took 0.055 seconds
[2024-07-19T09:21:37.582+0530] {processor.py:161} INFO - Started process (PID=167374) to work on /home/growlt245/.local/lib/python3.10/site-packages/airflow/example_dags/example_branch_operator_decorator.py
[2024-07-19T09:21:37.583+0530] {processor.py:830} INFO - Processing file /home/growlt245/.local/lib/python3.10/site-packages/airflow/example_dags/example_branch_operator_decorator.py for tasks to queue
[2024-07-19T09:21:37.584+0530] {logging_mixin.py:188} INFO - [2024-07-19T09:21:37.584+0530] {dagbag.py:545} INFO - Filling up the DagBag from /home/growlt245/.local/lib/python3.10/site-packages/airflow/example_dags/example_branch_operator_decorator.py
[2024-07-19T09:21:37.599+0530] {processor.py:840} INFO - DAG(s) 'example_branch_python_operator_decorator' retrieved from /home/growlt245/.local/lib/python3.10/site-packages/airflow/example_dags/example_branch_operator_decorator.py
[2024-07-19T09:21:37.609+0530] {logging_mixin.py:188} INFO - [2024-07-19T09:21:37.609+0530] {dag.py:3089} INFO - Sync 1 DAGs
[2024-07-19T09:21:37.618+0530] {logging_mixin.py:188} INFO - [2024-07-19T09:21:37.618+0530] {dag.py:3947} INFO - Setting next_dagrun for example_branch_python_operator_decorator to 2024-07-18 00:00:00+00:00, run_after=2024-07-19 00:00:00+00:00
[2024-07-19T09:21:37.629+0530] {processor.py:183} INFO - Processing /home/growlt245/.local/lib/python3.10/site-packages/airflow/example_dags/example_branch_operator_decorator.py took 0.050 seconds
[2024-07-19T09:22:31.927+0530] {processor.py:161} INFO - Started process (PID=167660) to work on /home/growlt245/.local/lib/python3.10/site-packages/airflow/example_dags/example_branch_operator_decorator.py
[2024-07-19T09:22:31.930+0530] {processor.py:830} INFO - Processing file /home/growlt245/.local/lib/python3.10/site-packages/airflow/example_dags/example_branch_operator_decorator.py for tasks to queue
[2024-07-19T09:22:31.931+0530] {logging_mixin.py:188} INFO - [2024-07-19T09:22:31.931+0530] {dagbag.py:545} INFO - Filling up the DagBag from /home/growlt245/.local/lib/python3.10/site-packages/airflow/example_dags/example_branch_operator_decorator.py
[2024-07-19T09:22:31.948+0530] {processor.py:840} INFO - DAG(s) 'example_branch_python_operator_decorator' retrieved from /home/growlt245/.local/lib/python3.10/site-packages/airflow/example_dags/example_branch_operator_decorator.py
[2024-07-19T09:22:31.959+0530] {logging_mixin.py:188} INFO - [2024-07-19T09:22:31.959+0530] {dag.py:3089} INFO - Sync 1 DAGs
[2024-07-19T09:22:31.969+0530] {logging_mixin.py:188} INFO - [2024-07-19T09:22:31.968+0530] {dag.py:3947} INFO - Setting next_dagrun for example_branch_python_operator_decorator to 2024-07-18 00:00:00+00:00, run_after=2024-07-19 00:00:00+00:00
[2024-07-19T09:22:31.979+0530] {processor.py:183} INFO - Processing /home/growlt245/.local/lib/python3.10/site-packages/airflow/example_dags/example_branch_operator_decorator.py took 0.055 seconds
[2024-07-19T09:23:19.045+0530] {processor.py:161} INFO - Started process (PID=168034) to work on /home/growlt245/.local/lib/python3.10/site-packages/airflow/example_dags/example_branch_operator_decorator.py
[2024-07-19T09:23:19.049+0530] {processor.py:830} INFO - Processing file /home/growlt245/.local/lib/python3.10/site-packages/airflow/example_dags/example_branch_operator_decorator.py for tasks to queue
[2024-07-19T09:23:19.051+0530] {logging_mixin.py:188} INFO - [2024-07-19T09:23:19.051+0530] {dagbag.py:545} INFO - Filling up the DagBag from /home/growlt245/.local/lib/python3.10/site-packages/airflow/example_dags/example_branch_operator_decorator.py
[2024-07-19T09:23:19.066+0530] {processor.py:840} INFO - DAG(s) 'example_branch_python_operator_decorator' retrieved from /home/growlt245/.local/lib/python3.10/site-packages/airflow/example_dags/example_branch_operator_decorator.py
[2024-07-19T09:23:19.079+0530] {logging_mixin.py:188} INFO - [2024-07-19T09:23:19.079+0530] {dag.py:3089} INFO - Sync 1 DAGs
[2024-07-19T09:23:19.089+0530] {logging_mixin.py:188} INFO - [2024-07-19T09:23:19.089+0530] {dag.py:3947} INFO - Setting next_dagrun for example_branch_python_operator_decorator to 2024-07-18 00:00:00+00:00, run_after=2024-07-19 00:00:00+00:00
[2024-07-19T09:23:19.099+0530] {processor.py:183} INFO - Processing /home/growlt245/.local/lib/python3.10/site-packages/airflow/example_dags/example_branch_operator_decorator.py took 0.062 seconds
[2024-07-19T09:24:04.880+0530] {processor.py:161} INFO - Started process (PID=168188) to work on /home/growlt245/.local/lib/python3.10/site-packages/airflow/example_dags/example_branch_operator_decorator.py
[2024-07-19T09:24:04.883+0530] {processor.py:830} INFO - Processing file /home/growlt245/.local/lib/python3.10/site-packages/airflow/example_dags/example_branch_operator_decorator.py for tasks to queue
[2024-07-19T09:24:04.884+0530] {logging_mixin.py:188} INFO - [2024-07-19T09:24:04.883+0530] {dagbag.py:545} INFO - Filling up the DagBag from /home/growlt245/.local/lib/python3.10/site-packages/airflow/example_dags/example_branch_operator_decorator.py
[2024-07-19T09:24:04.893+0530] {processor.py:840} INFO - DAG(s) 'example_branch_python_operator_decorator' retrieved from /home/growlt245/.local/lib/python3.10/site-packages/airflow/example_dags/example_branch_operator_decorator.py
[2024-07-19T09:24:04.904+0530] {logging_mixin.py:188} INFO - [2024-07-19T09:24:04.904+0530] {dag.py:3089} INFO - Sync 1 DAGs
[2024-07-19T09:24:04.913+0530] {logging_mixin.py:188} INFO - [2024-07-19T09:24:04.913+0530] {dag.py:3947} INFO - Setting next_dagrun for example_branch_python_operator_decorator to 2024-07-18 00:00:00+00:00, run_after=2024-07-19 00:00:00+00:00
[2024-07-19T09:24:04.923+0530] {processor.py:183} INFO - Processing /home/growlt245/.local/lib/python3.10/site-packages/airflow/example_dags/example_branch_operator_decorator.py took 0.047 seconds
[2024-07-19T09:24:51.375+0530] {processor.py:161} INFO - Started process (PID=168431) to work on /home/growlt245/.local/lib/python3.10/site-packages/airflow/example_dags/example_branch_operator_decorator.py
[2024-07-19T09:24:51.377+0530] {processor.py:830} INFO - Processing file /home/growlt245/.local/lib/python3.10/site-packages/airflow/example_dags/example_branch_operator_decorator.py for tasks to queue
[2024-07-19T09:24:51.379+0530] {logging_mixin.py:188} INFO - [2024-07-19T09:24:51.379+0530] {dagbag.py:545} INFO - Filling up the DagBag from /home/growlt245/.local/lib/python3.10/site-packages/airflow/example_dags/example_branch_operator_decorator.py
[2024-07-19T09:24:51.395+0530] {processor.py:840} INFO - DAG(s) 'example_branch_python_operator_decorator' retrieved from /home/growlt245/.local/lib/python3.10/site-packages/airflow/example_dags/example_branch_operator_decorator.py
[2024-07-19T09:24:51.406+0530] {logging_mixin.py:188} INFO - [2024-07-19T09:24:51.406+0530] {dag.py:3089} INFO - Sync 1 DAGs
[2024-07-19T09:24:51.416+0530] {logging_mixin.py:188} INFO - [2024-07-19T09:24:51.416+0530] {dag.py:3947} INFO - Setting next_dagrun for example_branch_python_operator_decorator to 2024-07-18 00:00:00+00:00, run_after=2024-07-19 00:00:00+00:00
[2024-07-19T09:24:51.432+0530] {processor.py:183} INFO - Processing /home/growlt245/.local/lib/python3.10/site-packages/airflow/example_dags/example_branch_operator_decorator.py took 0.062 seconds
[2024-07-19T09:25:41.552+0530] {processor.py:161} INFO - Started process (PID=168857) to work on /home/growlt245/.local/lib/python3.10/site-packages/airflow/example_dags/example_branch_operator_decorator.py
[2024-07-19T09:25:41.555+0530] {processor.py:830} INFO - Processing file /home/growlt245/.local/lib/python3.10/site-packages/airflow/example_dags/example_branch_operator_decorator.py for tasks to queue
[2024-07-19T09:25:41.556+0530] {logging_mixin.py:188} INFO - [2024-07-19T09:25:41.556+0530] {dagbag.py:545} INFO - Filling up the DagBag from /home/growlt245/.local/lib/python3.10/site-packages/airflow/example_dags/example_branch_operator_decorator.py
[2024-07-19T09:25:41.574+0530] {processor.py:840} INFO - DAG(s) 'example_branch_python_operator_decorator' retrieved from /home/growlt245/.local/lib/python3.10/site-packages/airflow/example_dags/example_branch_operator_decorator.py
[2024-07-19T09:25:41.588+0530] {logging_mixin.py:188} INFO - [2024-07-19T09:25:41.588+0530] {dag.py:3089} INFO - Sync 1 DAGs
[2024-07-19T09:25:41.598+0530] {logging_mixin.py:188} INFO - [2024-07-19T09:25:41.598+0530] {dag.py:3947} INFO - Setting next_dagrun for example_branch_python_operator_decorator to 2024-07-18 00:00:00+00:00, run_after=2024-07-19 00:00:00+00:00
[2024-07-19T09:25:41.607+0530] {processor.py:183} INFO - Processing /home/growlt245/.local/lib/python3.10/site-packages/airflow/example_dags/example_branch_operator_decorator.py took 0.059 seconds
[2024-07-19T09:26:29.737+0530] {processor.py:161} INFO - Started process (PID=168990) to work on /home/growlt245/.local/lib/python3.10/site-packages/airflow/example_dags/example_branch_operator_decorator.py
[2024-07-19T09:26:29.739+0530] {processor.py:830} INFO - Processing file /home/growlt245/.local/lib/python3.10/site-packages/airflow/example_dags/example_branch_operator_decorator.py for tasks to queue
[2024-07-19T09:26:29.740+0530] {logging_mixin.py:188} INFO - [2024-07-19T09:26:29.740+0530] {dagbag.py:545} INFO - Filling up the DagBag from /home/growlt245/.local/lib/python3.10/site-packages/airflow/example_dags/example_branch_operator_decorator.py
[2024-07-19T09:26:29.752+0530] {processor.py:840} INFO - DAG(s) 'example_branch_python_operator_decorator' retrieved from /home/growlt245/.local/lib/python3.10/site-packages/airflow/example_dags/example_branch_operator_decorator.py
[2024-07-19T09:26:29.763+0530] {logging_mixin.py:188} INFO - [2024-07-19T09:26:29.762+0530] {dag.py:3089} INFO - Sync 1 DAGs
[2024-07-19T09:26:29.771+0530] {logging_mixin.py:188} INFO - [2024-07-19T09:26:29.771+0530] {dag.py:3947} INFO - Setting next_dagrun for example_branch_python_operator_decorator to 2024-07-18 00:00:00+00:00, run_after=2024-07-19 00:00:00+00:00
[2024-07-19T09:26:29.782+0530] {processor.py:183} INFO - Processing /home/growlt245/.local/lib/python3.10/site-packages/airflow/example_dags/example_branch_operator_decorator.py took 0.048 seconds
[2024-07-19T09:27:14.021+0530] {processor.py:161} INFO - Started process (PID=169278) to work on /home/growlt245/.local/lib/python3.10/site-packages/airflow/example_dags/example_branch_operator_decorator.py
[2024-07-19T09:27:14.024+0530] {processor.py:830} INFO - Processing file /home/growlt245/.local/lib/python3.10/site-packages/airflow/example_dags/example_branch_operator_decorator.py for tasks to queue
[2024-07-19T09:27:14.025+0530] {logging_mixin.py:188} INFO - [2024-07-19T09:27:14.025+0530] {dagbag.py:545} INFO - Filling up the DagBag from /home/growlt245/.local/lib/python3.10/site-packages/airflow/example_dags/example_branch_operator_decorator.py
[2024-07-19T09:27:14.038+0530] {processor.py:840} INFO - DAG(s) 'example_branch_python_operator_decorator' retrieved from /home/growlt245/.local/lib/python3.10/site-packages/airflow/example_dags/example_branch_operator_decorator.py
[2024-07-19T09:27:14.049+0530] {logging_mixin.py:188} INFO - [2024-07-19T09:27:14.049+0530] {dag.py:3089} INFO - Sync 1 DAGs
[2024-07-19T09:27:14.063+0530] {logging_mixin.py:188} INFO - [2024-07-19T09:27:14.063+0530] {dag.py:3947} INFO - Setting next_dagrun for example_branch_python_operator_decorator to 2024-07-18 00:00:00+00:00, run_after=2024-07-19 00:00:00+00:00
[2024-07-19T09:27:14.073+0530] {processor.py:183} INFO - Processing /home/growlt245/.local/lib/python3.10/site-packages/airflow/example_dags/example_branch_operator_decorator.py took 0.054 seconds
[2024-07-19T09:28:03.346+0530] {processor.py:161} INFO - Started process (PID=169554) to work on /home/growlt245/.local/lib/python3.10/site-packages/airflow/example_dags/example_branch_operator_decorator.py
[2024-07-19T09:28:03.349+0530] {processor.py:830} INFO - Processing file /home/growlt245/.local/lib/python3.10/site-packages/airflow/example_dags/example_branch_operator_decorator.py for tasks to queue
[2024-07-19T09:28:03.349+0530] {logging_mixin.py:188} INFO - [2024-07-19T09:28:03.349+0530] {dagbag.py:545} INFO - Filling up the DagBag from /home/growlt245/.local/lib/python3.10/site-packages/airflow/example_dags/example_branch_operator_decorator.py
[2024-07-19T09:28:03.359+0530] {processor.py:840} INFO - DAG(s) 'example_branch_python_operator_decorator' retrieved from /home/growlt245/.local/lib/python3.10/site-packages/airflow/example_dags/example_branch_operator_decorator.py
[2024-07-19T09:28:03.370+0530] {logging_mixin.py:188} INFO - [2024-07-19T09:28:03.370+0530] {dag.py:3089} INFO - Sync 1 DAGs
[2024-07-19T09:28:03.379+0530] {logging_mixin.py:188} INFO - [2024-07-19T09:28:03.379+0530] {dag.py:3947} INFO - Setting next_dagrun for example_branch_python_operator_decorator to 2024-07-18 00:00:00+00:00, run_after=2024-07-19 00:00:00+00:00
[2024-07-19T09:28:03.388+0530] {processor.py:183} INFO - Processing /home/growlt245/.local/lib/python3.10/site-packages/airflow/example_dags/example_branch_operator_decorator.py took 0.046 seconds
