[2024-07-19T08:55:31.477+0530] {processor.py:161} INFO - Started process (PID=154937) to work on /home/growlt245/.local/lib/python3.10/site-packages/airflow/example_dags/example_setup_teardown.py
[2024-07-19T08:55:31.478+0530] {processor.py:830} INFO - Processing file /home/growlt245/.local/lib/python3.10/site-packages/airflow/example_dags/example_setup_teardown.py for tasks to queue
[2024-07-19T08:55:31.479+0530] {logging_mixin.py:188} INFO - [2024-07-19T08:55:31.479+0530] {dagbag.py:545} INFO - Filling up the DagBag from /home/growlt245/.local/lib/python3.10/site-packages/airflow/example_dags/example_setup_teardown.py
[2024-07-19T08:55:31.484+0530] {processor.py:840} INFO - DAG(s) 'example_setup_teardown' retrieved from /home/growlt245/.local/lib/python3.10/site-packages/airflow/example_dags/example_setup_teardown.py
[2024-07-19T08:55:31.494+0530] {logging_mixin.py:188} INFO - [2024-07-19T08:55:31.494+0530] {dag.py:3089} INFO - Sync 1 DAGs
[2024-07-19T08:55:31.503+0530] {logging_mixin.py:188} INFO - [2024-07-19T08:55:31.503+0530] {dag.py:3947} INFO - Setting next_dagrun for example_setup_teardown to 2024-07-18 00:00:00+00:00, run_after=2024-07-19 00:00:00+00:00
[2024-07-19T08:55:31.514+0530] {processor.py:183} INFO - Processing /home/growlt245/.local/lib/python3.10/site-packages/airflow/example_dags/example_setup_teardown.py took 0.041 seconds
[2024-07-19T09:04:09.904+0530] {processor.py:161} INFO - Started process (PID=158509) to work on /home/growlt245/.local/lib/python3.10/site-packages/airflow/example_dags/example_setup_teardown.py
[2024-07-19T09:04:09.904+0530] {processor.py:830} INFO - Processing file /home/growlt245/.local/lib/python3.10/site-packages/airflow/example_dags/example_setup_teardown.py for tasks to queue
[2024-07-19T09:04:09.905+0530] {logging_mixin.py:188} INFO - [2024-07-19T09:04:09.905+0530] {dagbag.py:545} INFO - Filling up the DagBag from /home/growlt245/.local/lib/python3.10/site-packages/airflow/example_dags/example_setup_teardown.py
[2024-07-19T09:04:09.910+0530] {processor.py:840} INFO - DAG(s) 'example_setup_teardown' retrieved from /home/growlt245/.local/lib/python3.10/site-packages/airflow/example_dags/example_setup_teardown.py
[2024-07-19T09:04:09.917+0530] {logging_mixin.py:188} INFO - [2024-07-19T09:04:09.917+0530] {dag.py:3089} INFO - Sync 1 DAGs
[2024-07-19T09:04:09.927+0530] {logging_mixin.py:188} INFO - [2024-07-19T09:04:09.927+0530] {dag.py:3947} INFO - Setting next_dagrun for example_setup_teardown to 2024-07-18 00:00:00+00:00, run_after=2024-07-19 00:00:00+00:00
[2024-07-19T09:04:09.939+0530] {processor.py:183} INFO - Processing /home/growlt245/.local/lib/python3.10/site-packages/airflow/example_dags/example_setup_teardown.py took 0.040 seconds
[2024-07-19T09:06:35.384+0530] {processor.py:161} INFO - Started process (PID=159978) to work on /home/growlt245/.local/lib/python3.10/site-packages/airflow/example_dags/example_setup_teardown.py
[2024-07-19T09:06:35.385+0530] {processor.py:830} INFO - Processing file /home/growlt245/.local/lib/python3.10/site-packages/airflow/example_dags/example_setup_teardown.py for tasks to queue
[2024-07-19T09:06:35.387+0530] {logging_mixin.py:188} INFO - [2024-07-19T09:06:35.386+0530] {dagbag.py:545} INFO - Filling up the DagBag from /home/growlt245/.local/lib/python3.10/site-packages/airflow/example_dags/example_setup_teardown.py
[2024-07-19T09:06:35.392+0530] {processor.py:840} INFO - DAG(s) 'example_setup_teardown' retrieved from /home/growlt245/.local/lib/python3.10/site-packages/airflow/example_dags/example_setup_teardown.py
[2024-07-19T09:06:35.406+0530] {logging_mixin.py:188} INFO - [2024-07-19T09:06:35.406+0530] {dag.py:3089} INFO - Sync 1 DAGs
[2024-07-19T09:06:35.421+0530] {logging_mixin.py:188} INFO - [2024-07-19T09:06:35.421+0530] {dag.py:3947} INFO - Setting next_dagrun for example_setup_teardown to 2024-07-18 00:00:00+00:00, run_after=2024-07-19 00:00:00+00:00
[2024-07-19T09:06:35.431+0530] {processor.py:183} INFO - Processing /home/growlt245/.local/lib/python3.10/site-packages/airflow/example_dags/example_setup_teardown.py took 0.053 seconds
[2024-07-19T09:12:37.892+0530] {processor.py:161} INFO - Started process (PID=163391) to work on /home/growlt245/.local/lib/python3.10/site-packages/airflow/example_dags/example_setup_teardown.py
[2024-07-19T09:12:37.894+0530] {processor.py:830} INFO - Processing file /home/growlt245/.local/lib/python3.10/site-packages/airflow/example_dags/example_setup_teardown.py for tasks to queue
[2024-07-19T09:12:37.895+0530] {logging_mixin.py:188} INFO - [2024-07-19T09:12:37.894+0530] {dagbag.py:545} INFO - Filling up the DagBag from /home/growlt245/.local/lib/python3.10/site-packages/airflow/example_dags/example_setup_teardown.py
[2024-07-19T09:12:37.898+0530] {processor.py:840} INFO - DAG(s) 'example_setup_teardown' retrieved from /home/growlt245/.local/lib/python3.10/site-packages/airflow/example_dags/example_setup_teardown.py
[2024-07-19T09:12:37.909+0530] {logging_mixin.py:188} INFO - [2024-07-19T09:12:37.909+0530] {dag.py:3089} INFO - Sync 1 DAGs
[2024-07-19T09:12:37.918+0530] {logging_mixin.py:188} INFO - [2024-07-19T09:12:37.918+0530] {dag.py:3947} INFO - Setting next_dagrun for example_setup_teardown to 2024-07-18 00:00:00+00:00, run_after=2024-07-19 00:00:00+00:00
[2024-07-19T09:12:37.928+0530] {processor.py:183} INFO - Processing /home/growlt245/.local/lib/python3.10/site-packages/airflow/example_dags/example_setup_teardown.py took 0.040 seconds
[2024-07-19T09:16:01.454+0530] {processor.py:161} INFO - Started process (PID=164380) to work on /home/growlt245/.local/lib/python3.10/site-packages/airflow/example_dags/example_setup_teardown.py
[2024-07-19T09:16:01.459+0530] {processor.py:830} INFO - Processing file /home/growlt245/.local/lib/python3.10/site-packages/airflow/example_dags/example_setup_teardown.py for tasks to queue
[2024-07-19T09:16:01.462+0530] {logging_mixin.py:188} INFO - [2024-07-19T09:16:01.461+0530] {dagbag.py:545} INFO - Filling up the DagBag from /home/growlt245/.local/lib/python3.10/site-packages/airflow/example_dags/example_setup_teardown.py
[2024-07-19T09:16:01.469+0530] {processor.py:840} INFO - DAG(s) 'example_setup_teardown' retrieved from /home/growlt245/.local/lib/python3.10/site-packages/airflow/example_dags/example_setup_teardown.py
[2024-07-19T09:16:01.479+0530] {logging_mixin.py:188} INFO - [2024-07-19T09:16:01.479+0530] {dag.py:3089} INFO - Sync 1 DAGs
[2024-07-19T09:16:01.488+0530] {logging_mixin.py:188} INFO - [2024-07-19T09:16:01.488+0530] {dag.py:3947} INFO - Setting next_dagrun for example_setup_teardown to 2024-07-18 00:00:00+00:00, run_after=2024-07-19 00:00:00+00:00
[2024-07-19T09:16:01.498+0530] {processor.py:183} INFO - Processing /home/growlt245/.local/lib/python3.10/site-packages/airflow/example_dags/example_setup_teardown.py took 0.050 seconds
[2024-07-19T09:16:42.415+0530] {processor.py:161} INFO - Started process (PID=164530) to work on /home/growlt245/.local/lib/python3.10/site-packages/airflow/example_dags/example_setup_teardown.py
[2024-07-19T09:16:42.418+0530] {processor.py:830} INFO - Processing file /home/growlt245/.local/lib/python3.10/site-packages/airflow/example_dags/example_setup_teardown.py for tasks to queue
[2024-07-19T09:16:42.419+0530] {logging_mixin.py:188} INFO - [2024-07-19T09:16:42.419+0530] {dagbag.py:545} INFO - Filling up the DagBag from /home/growlt245/.local/lib/python3.10/site-packages/airflow/example_dags/example_setup_teardown.py
[2024-07-19T09:16:42.424+0530] {processor.py:840} INFO - DAG(s) 'example_setup_teardown' retrieved from /home/growlt245/.local/lib/python3.10/site-packages/airflow/example_dags/example_setup_teardown.py
[2024-07-19T09:16:42.434+0530] {logging_mixin.py:188} INFO - [2024-07-19T09:16:42.434+0530] {dag.py:3089} INFO - Sync 1 DAGs
[2024-07-19T09:16:42.443+0530] {logging_mixin.py:188} INFO - [2024-07-19T09:16:42.443+0530] {dag.py:3947} INFO - Setting next_dagrun for example_setup_teardown to 2024-07-18 00:00:00+00:00, run_after=2024-07-19 00:00:00+00:00
[2024-07-19T09:16:42.457+0530] {processor.py:183} INFO - Processing /home/growlt245/.local/lib/python3.10/site-packages/airflow/example_dags/example_setup_teardown.py took 0.047 seconds
[2024-07-19T09:17:29.637+0530] {processor.py:161} INFO - Started process (PID=165268) to work on /home/growlt245/.local/lib/python3.10/site-packages/airflow/example_dags/example_setup_teardown.py
[2024-07-19T09:17:29.640+0530] {processor.py:830} INFO - Processing file /home/growlt245/.local/lib/python3.10/site-packages/airflow/example_dags/example_setup_teardown.py for tasks to queue
[2024-07-19T09:17:29.641+0530] {logging_mixin.py:188} INFO - [2024-07-19T09:17:29.641+0530] {dagbag.py:545} INFO - Filling up the DagBag from /home/growlt245/.local/lib/python3.10/site-packages/airflow/example_dags/example_setup_teardown.py
[2024-07-19T09:17:29.648+0530] {processor.py:840} INFO - DAG(s) 'example_setup_teardown' retrieved from /home/growlt245/.local/lib/python3.10/site-packages/airflow/example_dags/example_setup_teardown.py
[2024-07-19T09:17:29.656+0530] {logging_mixin.py:188} INFO - [2024-07-19T09:17:29.656+0530] {dag.py:3089} INFO - Sync 1 DAGs
[2024-07-19T09:17:29.665+0530] {logging_mixin.py:188} INFO - [2024-07-19T09:17:29.665+0530] {dag.py:3947} INFO - Setting next_dagrun for example_setup_teardown to 2024-07-18 00:00:00+00:00, run_after=2024-07-19 00:00:00+00:00
[2024-07-19T09:17:29.675+0530] {processor.py:183} INFO - Processing /home/growlt245/.local/lib/python3.10/site-packages/airflow/example_dags/example_setup_teardown.py took 0.042 seconds
[2024-07-19T09:18:19.985+0530] {processor.py:161} INFO - Started process (PID=165474) to work on /home/growlt245/.local/lib/python3.10/site-packages/airflow/example_dags/example_setup_teardown.py
[2024-07-19T09:18:19.988+0530] {processor.py:830} INFO - Processing file /home/growlt245/.local/lib/python3.10/site-packages/airflow/example_dags/example_setup_teardown.py for tasks to queue
[2024-07-19T09:18:19.990+0530] {logging_mixin.py:188} INFO - [2024-07-19T09:18:19.990+0530] {dagbag.py:545} INFO - Filling up the DagBag from /home/growlt245/.local/lib/python3.10/site-packages/airflow/example_dags/example_setup_teardown.py
[2024-07-19T09:18:19.996+0530] {processor.py:840} INFO - DAG(s) 'example_setup_teardown' retrieved from /home/growlt245/.local/lib/python3.10/site-packages/airflow/example_dags/example_setup_teardown.py
[2024-07-19T09:18:20.005+0530] {logging_mixin.py:188} INFO - [2024-07-19T09:18:20.005+0530] {dag.py:3089} INFO - Sync 1 DAGs
[2024-07-19T09:18:20.014+0530] {logging_mixin.py:188} INFO - [2024-07-19T09:18:20.014+0530] {dag.py:3947} INFO - Setting next_dagrun for example_setup_teardown to 2024-07-18 00:00:00+00:00, run_after=2024-07-19 00:00:00+00:00
[2024-07-19T09:18:20.023+0530] {processor.py:183} INFO - Processing /home/growlt245/.local/lib/python3.10/site-packages/airflow/example_dags/example_setup_teardown.py took 0.044 seconds
[2024-07-19T09:18:57.441+0530] {processor.py:161} INFO - Started process (PID=166333) to work on /home/growlt245/.local/lib/python3.10/site-packages/airflow/example_dags/example_setup_teardown.py
[2024-07-19T09:18:57.443+0530] {processor.py:830} INFO - Processing file /home/growlt245/.local/lib/python3.10/site-packages/airflow/example_dags/example_setup_teardown.py for tasks to queue
[2024-07-19T09:18:57.444+0530] {logging_mixin.py:188} INFO - [2024-07-19T09:18:57.444+0530] {dagbag.py:545} INFO - Filling up the DagBag from /home/growlt245/.local/lib/python3.10/site-packages/airflow/example_dags/example_setup_teardown.py
[2024-07-19T09:18:57.449+0530] {processor.py:840} INFO - DAG(s) 'example_setup_teardown' retrieved from /home/growlt245/.local/lib/python3.10/site-packages/airflow/example_dags/example_setup_teardown.py
[2024-07-19T09:18:57.456+0530] {logging_mixin.py:188} INFO - [2024-07-19T09:18:57.456+0530] {dag.py:3089} INFO - Sync 1 DAGs
[2024-07-19T09:18:57.466+0530] {logging_mixin.py:188} INFO - [2024-07-19T09:18:57.465+0530] {dag.py:3947} INFO - Setting next_dagrun for example_setup_teardown to 2024-07-18 00:00:00+00:00, run_after=2024-07-19 00:00:00+00:00
[2024-07-19T09:18:57.475+0530] {processor.py:183} INFO - Processing /home/growlt245/.local/lib/python3.10/site-packages/airflow/example_dags/example_setup_teardown.py took 0.038 seconds
[2024-07-19T09:19:41.759+0530] {processor.py:161} INFO - Started process (PID=166548) to work on /home/growlt245/.local/lib/python3.10/site-packages/airflow/example_dags/example_setup_teardown.py
[2024-07-19T09:19:41.761+0530] {processor.py:830} INFO - Processing file /home/growlt245/.local/lib/python3.10/site-packages/airflow/example_dags/example_setup_teardown.py for tasks to queue
[2024-07-19T09:19:41.763+0530] {logging_mixin.py:188} INFO - [2024-07-19T09:19:41.763+0530] {dagbag.py:545} INFO - Filling up the DagBag from /home/growlt245/.local/lib/python3.10/site-packages/airflow/example_dags/example_setup_teardown.py
[2024-07-19T09:19:41.769+0530] {processor.py:840} INFO - DAG(s) 'example_setup_teardown' retrieved from /home/growlt245/.local/lib/python3.10/site-packages/airflow/example_dags/example_setup_teardown.py
[2024-07-19T09:19:41.778+0530] {logging_mixin.py:188} INFO - [2024-07-19T09:19:41.778+0530] {dag.py:3089} INFO - Sync 1 DAGs
[2024-07-19T09:19:41.786+0530] {logging_mixin.py:188} INFO - [2024-07-19T09:19:41.786+0530] {dag.py:3947} INFO - Setting next_dagrun for example_setup_teardown to 2024-07-18 00:00:00+00:00, run_after=2024-07-19 00:00:00+00:00
[2024-07-19T09:19:41.798+0530] {processor.py:183} INFO - Processing /home/growlt245/.local/lib/python3.10/site-packages/airflow/example_dags/example_setup_teardown.py took 0.045 seconds
[2024-07-19T09:20:26.041+0530] {processor.py:161} INFO - Started process (PID=166794) to work on /home/growlt245/.local/lib/python3.10/site-packages/airflow/example_dags/example_setup_teardown.py
[2024-07-19T09:20:26.044+0530] {processor.py:830} INFO - Processing file /home/growlt245/.local/lib/python3.10/site-packages/airflow/example_dags/example_setup_teardown.py for tasks to queue
[2024-07-19T09:20:26.045+0530] {logging_mixin.py:188} INFO - [2024-07-19T09:20:26.044+0530] {dagbag.py:545} INFO - Filling up the DagBag from /home/growlt245/.local/lib/python3.10/site-packages/airflow/example_dags/example_setup_teardown.py
[2024-07-19T09:20:26.049+0530] {processor.py:840} INFO - DAG(s) 'example_setup_teardown' retrieved from /home/growlt245/.local/lib/python3.10/site-packages/airflow/example_dags/example_setup_teardown.py
[2024-07-19T09:20:26.059+0530] {logging_mixin.py:188} INFO - [2024-07-19T09:20:26.059+0530] {dag.py:3089} INFO - Sync 1 DAGs
[2024-07-19T09:20:26.067+0530] {logging_mixin.py:188} INFO - [2024-07-19T09:20:26.067+0530] {dag.py:3947} INFO - Setting next_dagrun for example_setup_teardown to 2024-07-18 00:00:00+00:00, run_after=2024-07-19 00:00:00+00:00
[2024-07-19T09:20:26.076+0530] {processor.py:183} INFO - Processing /home/growlt245/.local/lib/python3.10/site-packages/airflow/example_dags/example_setup_teardown.py took 0.038 seconds
[2024-07-19T09:21:09.599+0530] {processor.py:161} INFO - Started process (PID=167132) to work on /home/growlt245/.local/lib/python3.10/site-packages/airflow/example_dags/example_setup_teardown.py
[2024-07-19T09:21:09.602+0530] {processor.py:830} INFO - Processing file /home/growlt245/.local/lib/python3.10/site-packages/airflow/example_dags/example_setup_teardown.py for tasks to queue
[2024-07-19T09:21:09.604+0530] {logging_mixin.py:188} INFO - [2024-07-19T09:21:09.603+0530] {dagbag.py:545} INFO - Filling up the DagBag from /home/growlt245/.local/lib/python3.10/site-packages/airflow/example_dags/example_setup_teardown.py
[2024-07-19T09:21:09.609+0530] {processor.py:840} INFO - DAG(s) 'example_setup_teardown' retrieved from /home/growlt245/.local/lib/python3.10/site-packages/airflow/example_dags/example_setup_teardown.py
[2024-07-19T09:21:09.618+0530] {logging_mixin.py:188} INFO - [2024-07-19T09:21:09.618+0530] {dag.py:3089} INFO - Sync 1 DAGs
[2024-07-19T09:21:09.627+0530] {logging_mixin.py:188} INFO - [2024-07-19T09:21:09.626+0530] {dag.py:3947} INFO - Setting next_dagrun for example_setup_teardown to 2024-07-18 00:00:00+00:00, run_after=2024-07-19 00:00:00+00:00
[2024-07-19T09:21:09.636+0530] {processor.py:183} INFO - Processing /home/growlt245/.local/lib/python3.10/site-packages/airflow/example_dags/example_setup_teardown.py took 0.041 seconds
