[2024-07-19T08:55:29.203+0530] {processor.py:161} INFO - Started process (PID=154924) to work on /home/growlt245/.local/lib/python3.10/site-packages/airflow/example_dags/example_local_kubernetes_executor.py
[2024-07-19T08:55:29.204+0530] {processor.py:830} INFO - Processing file /home/growlt245/.local/lib/python3.10/site-packages/airflow/example_dags/example_local_kubernetes_executor.py for tasks to queue
[2024-07-19T08:55:29.205+0530] {logging_mixin.py:188} INFO - [2024-07-19T08:55:29.205+0530] {dagbag.py:545} INFO - Filling up the DagBag from /home/growlt245/.local/lib/python3.10/site-packages/airflow/example_dags/example_local_kubernetes_executor.py
[2024-07-19T08:55:29.212+0530] {processor.py:840} INFO - DAG(s) 'example_local_kubernetes_executor' retrieved from /home/growlt245/.local/lib/python3.10/site-packages/airflow/example_dags/example_local_kubernetes_executor.py
[2024-07-19T08:55:29.224+0530] {logging_mixin.py:188} INFO - [2024-07-19T08:55:29.224+0530] {dag.py:3089} INFO - Sync 1 DAGs
[2024-07-19T08:55:29.231+0530] {logging_mixin.py:188} INFO - [2024-07-19T08:55:29.231+0530] {dag.py:3947} INFO - Setting next_dagrun for example_local_kubernetes_executor to None, run_after=None
[2024-07-19T08:55:29.243+0530] {processor.py:183} INFO - Processing /home/growlt245/.local/lib/python3.10/site-packages/airflow/example_dags/example_local_kubernetes_executor.py took 0.046 seconds
[2024-07-19T09:03:45.436+0530] {processor.py:161} INFO - Started process (PID=158351) to work on /home/growlt245/.local/lib/python3.10/site-packages/airflow/example_dags/example_local_kubernetes_executor.py
[2024-07-19T09:03:45.437+0530] {processor.py:830} INFO - Processing file /home/growlt245/.local/lib/python3.10/site-packages/airflow/example_dags/example_local_kubernetes_executor.py for tasks to queue
[2024-07-19T09:03:45.438+0530] {logging_mixin.py:188} INFO - [2024-07-19T09:03:45.437+0530] {dagbag.py:545} INFO - Filling up the DagBag from /home/growlt245/.local/lib/python3.10/site-packages/airflow/example_dags/example_local_kubernetes_executor.py
[2024-07-19T09:03:45.442+0530] {processor.py:840} INFO - DAG(s) 'example_local_kubernetes_executor' retrieved from /home/growlt245/.local/lib/python3.10/site-packages/airflow/example_dags/example_local_kubernetes_executor.py
[2024-07-19T09:03:45.451+0530] {logging_mixin.py:188} INFO - [2024-07-19T09:03:45.451+0530] {dag.py:3089} INFO - Sync 1 DAGs
[2024-07-19T09:03:45.456+0530] {logging_mixin.py:188} INFO - [2024-07-19T09:03:45.456+0530] {dag.py:3947} INFO - Setting next_dagrun for example_local_kubernetes_executor to None, run_after=None
[2024-07-19T09:03:45.465+0530] {processor.py:183} INFO - Processing /home/growlt245/.local/lib/python3.10/site-packages/airflow/example_dags/example_local_kubernetes_executor.py took 0.034 seconds
[2024-07-19T09:06:33.074+0530] {processor.py:161} INFO - Started process (PID=159974) to work on /home/growlt245/.local/lib/python3.10/site-packages/airflow/example_dags/example_local_kubernetes_executor.py
[2024-07-19T09:06:33.076+0530] {processor.py:830} INFO - Processing file /home/growlt245/.local/lib/python3.10/site-packages/airflow/example_dags/example_local_kubernetes_executor.py for tasks to queue
[2024-07-19T09:06:33.078+0530] {logging_mixin.py:188} INFO - [2024-07-19T09:06:33.077+0530] {dagbag.py:545} INFO - Filling up the DagBag from /home/growlt245/.local/lib/python3.10/site-packages/airflow/example_dags/example_local_kubernetes_executor.py
[2024-07-19T09:06:33.084+0530] {processor.py:840} INFO - DAG(s) 'example_local_kubernetes_executor' retrieved from /home/growlt245/.local/lib/python3.10/site-packages/airflow/example_dags/example_local_kubernetes_executor.py
[2024-07-19T09:06:33.097+0530] {logging_mixin.py:188} INFO - [2024-07-19T09:06:33.097+0530] {dag.py:3089} INFO - Sync 1 DAGs
[2024-07-19T09:06:33.102+0530] {logging_mixin.py:188} INFO - [2024-07-19T09:06:33.102+0530] {dag.py:3947} INFO - Setting next_dagrun for example_local_kubernetes_executor to None, run_after=None
[2024-07-19T09:06:33.115+0530] {processor.py:183} INFO - Processing /home/growlt245/.local/lib/python3.10/site-packages/airflow/example_dags/example_local_kubernetes_executor.py took 0.046 seconds
[2024-07-19T09:12:14.761+0530] {processor.py:161} INFO - Started process (PID=163258) to work on /home/growlt245/.local/lib/python3.10/site-packages/airflow/example_dags/example_local_kubernetes_executor.py
[2024-07-19T09:12:14.762+0530] {processor.py:830} INFO - Processing file /home/growlt245/.local/lib/python3.10/site-packages/airflow/example_dags/example_local_kubernetes_executor.py for tasks to queue
[2024-07-19T09:12:14.763+0530] {logging_mixin.py:188} INFO - [2024-07-19T09:12:14.763+0530] {dagbag.py:545} INFO - Filling up the DagBag from /home/growlt245/.local/lib/python3.10/site-packages/airflow/example_dags/example_local_kubernetes_executor.py
[2024-07-19T09:12:14.771+0530] {processor.py:840} INFO - DAG(s) 'example_local_kubernetes_executor' retrieved from /home/growlt245/.local/lib/python3.10/site-packages/airflow/example_dags/example_local_kubernetes_executor.py
[2024-07-19T09:12:14.788+0530] {logging_mixin.py:188} INFO - [2024-07-19T09:12:14.788+0530] {dag.py:3089} INFO - Sync 1 DAGs
[2024-07-19T09:12:14.796+0530] {logging_mixin.py:188} INFO - [2024-07-19T09:12:14.795+0530] {dag.py:3947} INFO - Setting next_dagrun for example_local_kubernetes_executor to None, run_after=None
[2024-07-19T09:12:14.807+0530] {processor.py:183} INFO - Processing /home/growlt245/.local/lib/python3.10/site-packages/airflow/example_dags/example_local_kubernetes_executor.py took 0.050 seconds
[2024-07-19T09:16:00.042+0530] {processor.py:161} INFO - Started process (PID=164377) to work on /home/growlt245/.local/lib/python3.10/site-packages/airflow/example_dags/example_local_kubernetes_executor.py
[2024-07-19T09:16:00.044+0530] {processor.py:830} INFO - Processing file /home/growlt245/.local/lib/python3.10/site-packages/airflow/example_dags/example_local_kubernetes_executor.py for tasks to queue
[2024-07-19T09:16:00.046+0530] {logging_mixin.py:188} INFO - [2024-07-19T09:16:00.045+0530] {dagbag.py:545} INFO - Filling up the DagBag from /home/growlt245/.local/lib/python3.10/site-packages/airflow/example_dags/example_local_kubernetes_executor.py
[2024-07-19T09:16:00.050+0530] {processor.py:840} INFO - DAG(s) 'example_local_kubernetes_executor' retrieved from /home/growlt245/.local/lib/python3.10/site-packages/airflow/example_dags/example_local_kubernetes_executor.py
[2024-07-19T09:16:00.061+0530] {logging_mixin.py:188} INFO - [2024-07-19T09:16:00.061+0530] {dag.py:3089} INFO - Sync 1 DAGs
[2024-07-19T09:16:00.068+0530] {logging_mixin.py:188} INFO - [2024-07-19T09:16:00.067+0530] {dag.py:3947} INFO - Setting next_dagrun for example_local_kubernetes_executor to None, run_after=None
[2024-07-19T09:16:00.078+0530] {processor.py:183} INFO - Processing /home/growlt245/.local/lib/python3.10/site-packages/airflow/example_dags/example_local_kubernetes_executor.py took 0.039 seconds
[2024-07-19T09:16:40.332+0530] {processor.py:161} INFO - Started process (PID=164527) to work on /home/growlt245/.local/lib/python3.10/site-packages/airflow/example_dags/example_local_kubernetes_executor.py
[2024-07-19T09:16:40.335+0530] {processor.py:830} INFO - Processing file /home/growlt245/.local/lib/python3.10/site-packages/airflow/example_dags/example_local_kubernetes_executor.py for tasks to queue
[2024-07-19T09:16:40.337+0530] {logging_mixin.py:188} INFO - [2024-07-19T09:16:40.337+0530] {dagbag.py:545} INFO - Filling up the DagBag from /home/growlt245/.local/lib/python3.10/site-packages/airflow/example_dags/example_local_kubernetes_executor.py
[2024-07-19T09:16:40.346+0530] {processor.py:840} INFO - DAG(s) 'example_local_kubernetes_executor' retrieved from /home/growlt245/.local/lib/python3.10/site-packages/airflow/example_dags/example_local_kubernetes_executor.py
[2024-07-19T09:16:40.359+0530] {logging_mixin.py:188} INFO - [2024-07-19T09:16:40.359+0530] {dag.py:3089} INFO - Sync 1 DAGs
[2024-07-19T09:16:40.364+0530] {logging_mixin.py:188} INFO - [2024-07-19T09:16:40.364+0530] {dag.py:3947} INFO - Setting next_dagrun for example_local_kubernetes_executor to None, run_after=None
[2024-07-19T09:16:40.375+0530] {processor.py:183} INFO - Processing /home/growlt245/.local/lib/python3.10/site-packages/airflow/example_dags/example_local_kubernetes_executor.py took 0.048 seconds
[2024-07-19T09:17:27.817+0530] {processor.py:161} INFO - Started process (PID=165257) to work on /home/growlt245/.local/lib/python3.10/site-packages/airflow/example_dags/example_local_kubernetes_executor.py
[2024-07-19T09:17:27.819+0530] {processor.py:830} INFO - Processing file /home/growlt245/.local/lib/python3.10/site-packages/airflow/example_dags/example_local_kubernetes_executor.py for tasks to queue
[2024-07-19T09:17:27.820+0530] {logging_mixin.py:188} INFO - [2024-07-19T09:17:27.820+0530] {dagbag.py:545} INFO - Filling up the DagBag from /home/growlt245/.local/lib/python3.10/site-packages/airflow/example_dags/example_local_kubernetes_executor.py
[2024-07-19T09:17:27.825+0530] {processor.py:840} INFO - DAG(s) 'example_local_kubernetes_executor' retrieved from /home/growlt245/.local/lib/python3.10/site-packages/airflow/example_dags/example_local_kubernetes_executor.py
[2024-07-19T09:17:27.833+0530] {logging_mixin.py:188} INFO - [2024-07-19T09:17:27.833+0530] {dag.py:3089} INFO - Sync 1 DAGs
[2024-07-19T09:17:27.838+0530] {logging_mixin.py:188} INFO - [2024-07-19T09:17:27.838+0530] {dag.py:3947} INFO - Setting next_dagrun for example_local_kubernetes_executor to None, run_after=None
[2024-07-19T09:17:27.848+0530] {processor.py:183} INFO - Processing /home/growlt245/.local/lib/python3.10/site-packages/airflow/example_dags/example_local_kubernetes_executor.py took 0.036 seconds
[2024-07-19T09:18:17.982+0530] {processor.py:161} INFO - Started process (PID=165468) to work on /home/growlt245/.local/lib/python3.10/site-packages/airflow/example_dags/example_local_kubernetes_executor.py
[2024-07-19T09:18:17.984+0530] {processor.py:830} INFO - Processing file /home/growlt245/.local/lib/python3.10/site-packages/airflow/example_dags/example_local_kubernetes_executor.py for tasks to queue
[2024-07-19T09:18:17.985+0530] {logging_mixin.py:188} INFO - [2024-07-19T09:18:17.985+0530] {dagbag.py:545} INFO - Filling up the DagBag from /home/growlt245/.local/lib/python3.10/site-packages/airflow/example_dags/example_local_kubernetes_executor.py
[2024-07-19T09:18:17.990+0530] {processor.py:840} INFO - DAG(s) 'example_local_kubernetes_executor' retrieved from /home/growlt245/.local/lib/python3.10/site-packages/airflow/example_dags/example_local_kubernetes_executor.py
[2024-07-19T09:18:17.999+0530] {logging_mixin.py:188} INFO - [2024-07-19T09:18:17.999+0530] {dag.py:3089} INFO - Sync 1 DAGs
[2024-07-19T09:18:18.004+0530] {logging_mixin.py:188} INFO - [2024-07-19T09:18:18.004+0530] {dag.py:3947} INFO - Setting next_dagrun for example_local_kubernetes_executor to None, run_after=None
[2024-07-19T09:18:18.016+0530] {processor.py:183} INFO - Processing /home/growlt245/.local/lib/python3.10/site-packages/airflow/example_dags/example_local_kubernetes_executor.py took 0.038 seconds
[2024-07-19T09:18:56.293+0530] {processor.py:161} INFO - Started process (PID=166314) to work on /home/growlt245/.local/lib/python3.10/site-packages/airflow/example_dags/example_local_kubernetes_executor.py
[2024-07-19T09:18:56.296+0530] {processor.py:830} INFO - Processing file /home/growlt245/.local/lib/python3.10/site-packages/airflow/example_dags/example_local_kubernetes_executor.py for tasks to queue
[2024-07-19T09:18:56.297+0530] {logging_mixin.py:188} INFO - [2024-07-19T09:18:56.297+0530] {dagbag.py:545} INFO - Filling up the DagBag from /home/growlt245/.local/lib/python3.10/site-packages/airflow/example_dags/example_local_kubernetes_executor.py
[2024-07-19T09:18:56.301+0530] {processor.py:840} INFO - DAG(s) 'example_local_kubernetes_executor' retrieved from /home/growlt245/.local/lib/python3.10/site-packages/airflow/example_dags/example_local_kubernetes_executor.py
[2024-07-19T09:18:56.311+0530] {logging_mixin.py:188} INFO - [2024-07-19T09:18:56.311+0530] {dag.py:3089} INFO - Sync 1 DAGs
[2024-07-19T09:18:56.317+0530] {logging_mixin.py:188} INFO - [2024-07-19T09:18:56.317+0530] {dag.py:3947} INFO - Setting next_dagrun for example_local_kubernetes_executor to None, run_after=None
[2024-07-19T09:18:56.330+0530] {processor.py:183} INFO - Processing /home/growlt245/.local/lib/python3.10/site-packages/airflow/example_dags/example_local_kubernetes_executor.py took 0.041 seconds
[2024-07-19T09:19:39.692+0530] {processor.py:161} INFO - Started process (PID=166544) to work on /home/growlt245/.local/lib/python3.10/site-packages/airflow/example_dags/example_local_kubernetes_executor.py
[2024-07-19T09:19:39.695+0530] {processor.py:830} INFO - Processing file /home/growlt245/.local/lib/python3.10/site-packages/airflow/example_dags/example_local_kubernetes_executor.py for tasks to queue
[2024-07-19T09:19:39.697+0530] {logging_mixin.py:188} INFO - [2024-07-19T09:19:39.696+0530] {dagbag.py:545} INFO - Filling up the DagBag from /home/growlt245/.local/lib/python3.10/site-packages/airflow/example_dags/example_local_kubernetes_executor.py
[2024-07-19T09:19:39.702+0530] {processor.py:840} INFO - DAG(s) 'example_local_kubernetes_executor' retrieved from /home/growlt245/.local/lib/python3.10/site-packages/airflow/example_dags/example_local_kubernetes_executor.py
[2024-07-19T09:19:39.712+0530] {logging_mixin.py:188} INFO - [2024-07-19T09:19:39.712+0530] {dag.py:3089} INFO - Sync 1 DAGs
[2024-07-19T09:19:39.717+0530] {logging_mixin.py:188} INFO - [2024-07-19T09:19:39.717+0530] {dag.py:3947} INFO - Setting next_dagrun for example_local_kubernetes_executor to None, run_after=None
[2024-07-19T09:19:39.727+0530] {processor.py:183} INFO - Processing /home/growlt245/.local/lib/python3.10/site-packages/airflow/example_dags/example_local_kubernetes_executor.py took 0.039 seconds
[2024-07-19T09:20:24.896+0530] {processor.py:161} INFO - Started process (PID=166782) to work on /home/growlt245/.local/lib/python3.10/site-packages/airflow/example_dags/example_local_kubernetes_executor.py
[2024-07-19T09:20:24.899+0530] {processor.py:830} INFO - Processing file /home/growlt245/.local/lib/python3.10/site-packages/airflow/example_dags/example_local_kubernetes_executor.py for tasks to queue
[2024-07-19T09:20:24.901+0530] {logging_mixin.py:188} INFO - [2024-07-19T09:20:24.901+0530] {dagbag.py:545} INFO - Filling up the DagBag from /home/growlt245/.local/lib/python3.10/site-packages/airflow/example_dags/example_local_kubernetes_executor.py
[2024-07-19T09:20:24.909+0530] {processor.py:840} INFO - DAG(s) 'example_local_kubernetes_executor' retrieved from /home/growlt245/.local/lib/python3.10/site-packages/airflow/example_dags/example_local_kubernetes_executor.py
[2024-07-19T09:20:24.920+0530] {logging_mixin.py:188} INFO - [2024-07-19T09:20:24.920+0530] {dag.py:3089} INFO - Sync 1 DAGs
[2024-07-19T09:20:24.925+0530] {logging_mixin.py:188} INFO - [2024-07-19T09:20:24.925+0530] {dag.py:3947} INFO - Setting next_dagrun for example_local_kubernetes_executor to None, run_after=None
[2024-07-19T09:20:24.934+0530] {processor.py:183} INFO - Processing /home/growlt245/.local/lib/python3.10/site-packages/airflow/example_dags/example_local_kubernetes_executor.py took 0.044 seconds
[2024-07-19T09:21:08.385+0530] {processor.py:161} INFO - Started process (PID=167120) to work on /home/growlt245/.local/lib/python3.10/site-packages/airflow/example_dags/example_local_kubernetes_executor.py
[2024-07-19T09:21:08.387+0530] {processor.py:830} INFO - Processing file /home/growlt245/.local/lib/python3.10/site-packages/airflow/example_dags/example_local_kubernetes_executor.py for tasks to queue
[2024-07-19T09:21:08.389+0530] {logging_mixin.py:188} INFO - [2024-07-19T09:21:08.388+0530] {dagbag.py:545} INFO - Filling up the DagBag from /home/growlt245/.local/lib/python3.10/site-packages/airflow/example_dags/example_local_kubernetes_executor.py
[2024-07-19T09:21:08.393+0530] {processor.py:840} INFO - DAG(s) 'example_local_kubernetes_executor' retrieved from /home/growlt245/.local/lib/python3.10/site-packages/airflow/example_dags/example_local_kubernetes_executor.py
[2024-07-19T09:21:08.401+0530] {logging_mixin.py:188} INFO - [2024-07-19T09:21:08.401+0530] {dag.py:3089} INFO - Sync 1 DAGs
[2024-07-19T09:21:08.407+0530] {logging_mixin.py:188} INFO - [2024-07-19T09:21:08.407+0530] {dag.py:3947} INFO - Setting next_dagrun for example_local_kubernetes_executor to None, run_after=None
[2024-07-19T09:21:08.416+0530] {processor.py:183} INFO - Processing /home/growlt245/.local/lib/python3.10/site-packages/airflow/example_dags/example_local_kubernetes_executor.py took 0.034 seconds
