[2024-07-19T08:58:43.519+0530] {processor.py:161} INFO - Started process (PID=156162) to work on /home/growlt245/.local/lib/python3.10/site-packages/airflow/example_dags/example_latest_only_with_trigger.py
[2024-07-19T08:58:43.520+0530] {processor.py:830} INFO - Processing file /home/growlt245/.local/lib/python3.10/site-packages/airflow/example_dags/example_latest_only_with_trigger.py for tasks to queue
[2024-07-19T08:58:43.521+0530] {logging_mixin.py:188} INFO - [2024-07-19T08:58:43.520+0530] {dagbag.py:545} INFO - Filling up the DagBag from /home/growlt245/.local/lib/python3.10/site-packages/airflow/example_dags/example_latest_only_with_trigger.py
[2024-07-19T08:58:43.524+0530] {processor.py:840} INFO - DAG(s) 'latest_only_with_trigger' retrieved from /home/growlt245/.local/lib/python3.10/site-packages/airflow/example_dags/example_latest_only_with_trigger.py
[2024-07-19T08:58:43.531+0530] {logging_mixin.py:188} INFO - [2024-07-19T08:58:43.531+0530] {dag.py:3089} INFO - Sync 1 DAGs
[2024-07-19T08:58:43.539+0530] {logging_mixin.py:188} INFO - [2024-07-19T08:58:43.539+0530] {dag.py:3947} INFO - Setting next_dagrun for latest_only_with_trigger to 2024-07-18 20:00:00+00:00, run_after=2024-07-19 00:00:00+00:00
[2024-07-19T08:58:43.550+0530] {processor.py:183} INFO - Processing /home/growlt245/.local/lib/python3.10/site-packages/airflow/example_dags/example_latest_only_with_trigger.py took 0.035 seconds
[2024-07-19T09:15:35.601+0530] {processor.py:161} INFO - Started process (PID=164293) to work on /home/growlt245/.local/lib/python3.10/site-packages/airflow/example_dags/example_latest_only_with_trigger.py
[2024-07-19T09:15:35.605+0530] {processor.py:830} INFO - Processing file /home/growlt245/.local/lib/python3.10/site-packages/airflow/example_dags/example_latest_only_with_trigger.py for tasks to queue
[2024-07-19T09:15:35.607+0530] {logging_mixin.py:188} INFO - [2024-07-19T09:15:35.606+0530] {dagbag.py:545} INFO - Filling up the DagBag from /home/growlt245/.local/lib/python3.10/site-packages/airflow/example_dags/example_latest_only_with_trigger.py
[2024-07-19T09:15:35.612+0530] {processor.py:840} INFO - DAG(s) 'latest_only_with_trigger' retrieved from /home/growlt245/.local/lib/python3.10/site-packages/airflow/example_dags/example_latest_only_with_trigger.py
[2024-07-19T09:15:35.634+0530] {logging_mixin.py:188} INFO - [2024-07-19T09:15:35.634+0530] {dag.py:3089} INFO - Sync 1 DAGs
[2024-07-19T09:15:35.646+0530] {logging_mixin.py:188} INFO - [2024-07-19T09:15:35.646+0530] {dag.py:3947} INFO - Setting next_dagrun for latest_only_with_trigger to 2024-07-18 20:00:00+00:00, run_after=2024-07-19 00:00:00+00:00
[2024-07-19T09:15:35.661+0530] {processor.py:183} INFO - Processing /home/growlt245/.local/lib/python3.10/site-packages/airflow/example_dags/example_latest_only_with_trigger.py took 0.065 seconds
[2024-07-19T09:16:23.172+0530] {processor.py:161} INFO - Started process (PID=164443) to work on /home/growlt245/.local/lib/python3.10/site-packages/airflow/example_dags/example_latest_only_with_trigger.py
[2024-07-19T09:16:23.174+0530] {processor.py:830} INFO - Processing file /home/growlt245/.local/lib/python3.10/site-packages/airflow/example_dags/example_latest_only_with_trigger.py for tasks to queue
[2024-07-19T09:16:23.175+0530] {logging_mixin.py:188} INFO - [2024-07-19T09:16:23.175+0530] {dagbag.py:545} INFO - Filling up the DagBag from /home/growlt245/.local/lib/python3.10/site-packages/airflow/example_dags/example_latest_only_with_trigger.py
[2024-07-19T09:16:23.179+0530] {processor.py:840} INFO - DAG(s) 'latest_only_with_trigger' retrieved from /home/growlt245/.local/lib/python3.10/site-packages/airflow/example_dags/example_latest_only_with_trigger.py
[2024-07-19T09:16:23.190+0530] {logging_mixin.py:188} INFO - [2024-07-19T09:16:23.190+0530] {dag.py:3089} INFO - Sync 1 DAGs
[2024-07-19T09:16:23.199+0530] {logging_mixin.py:188} INFO - [2024-07-19T09:16:23.199+0530] {dag.py:3947} INFO - Setting next_dagrun for latest_only_with_trigger to 2024-07-18 20:00:00+00:00, run_after=2024-07-19 00:00:00+00:00
[2024-07-19T09:16:23.208+0530] {processor.py:183} INFO - Processing /home/growlt245/.local/lib/python3.10/site-packages/airflow/example_dags/example_latest_only_with_trigger.py took 0.041 seconds
[2024-07-19T09:17:11.568+0530] {processor.py:161} INFO - Started process (PID=165191) to work on /home/growlt245/.local/lib/python3.10/site-packages/airflow/example_dags/example_latest_only_with_trigger.py
[2024-07-19T09:17:11.569+0530] {processor.py:830} INFO - Processing file /home/growlt245/.local/lib/python3.10/site-packages/airflow/example_dags/example_latest_only_with_trigger.py for tasks to queue
[2024-07-19T09:17:11.570+0530] {logging_mixin.py:188} INFO - [2024-07-19T09:17:11.570+0530] {dagbag.py:545} INFO - Filling up the DagBag from /home/growlt245/.local/lib/python3.10/site-packages/airflow/example_dags/example_latest_only_with_trigger.py
[2024-07-19T09:17:11.574+0530] {processor.py:840} INFO - DAG(s) 'latest_only_with_trigger' retrieved from /home/growlt245/.local/lib/python3.10/site-packages/airflow/example_dags/example_latest_only_with_trigger.py
[2024-07-19T09:17:11.583+0530] {logging_mixin.py:188} INFO - [2024-07-19T09:17:11.582+0530] {dag.py:3089} INFO - Sync 1 DAGs
[2024-07-19T09:17:11.592+0530] {logging_mixin.py:188} INFO - [2024-07-19T09:17:11.592+0530] {dag.py:3947} INFO - Setting next_dagrun for latest_only_with_trigger to 2024-07-18 20:00:00+00:00, run_after=2024-07-19 00:00:00+00:00
[2024-07-19T09:17:11.602+0530] {processor.py:183} INFO - Processing /home/growlt245/.local/lib/python3.10/site-packages/airflow/example_dags/example_latest_only_with_trigger.py took 0.039 seconds
[2024-07-19T09:18:02.946+0530] {processor.py:161} INFO - Started process (PID=165381) to work on /home/growlt245/.local/lib/python3.10/site-packages/airflow/example_dags/example_latest_only_with_trigger.py
[2024-07-19T09:18:02.948+0530] {processor.py:830} INFO - Processing file /home/growlt245/.local/lib/python3.10/site-packages/airflow/example_dags/example_latest_only_with_trigger.py for tasks to queue
[2024-07-19T09:18:02.950+0530] {logging_mixin.py:188} INFO - [2024-07-19T09:18:02.950+0530] {dagbag.py:545} INFO - Filling up the DagBag from /home/growlt245/.local/lib/python3.10/site-packages/airflow/example_dags/example_latest_only_with_trigger.py
[2024-07-19T09:18:02.955+0530] {processor.py:840} INFO - DAG(s) 'latest_only_with_trigger' retrieved from /home/growlt245/.local/lib/python3.10/site-packages/airflow/example_dags/example_latest_only_with_trigger.py
[2024-07-19T09:18:02.965+0530] {logging_mixin.py:188} INFO - [2024-07-19T09:18:02.965+0530] {dag.py:3089} INFO - Sync 1 DAGs
[2024-07-19T09:18:02.975+0530] {logging_mixin.py:188} INFO - [2024-07-19T09:18:02.975+0530] {dag.py:3947} INFO - Setting next_dagrun for latest_only_with_trigger to 2024-07-18 20:00:00+00:00, run_after=2024-07-19 00:00:00+00:00
[2024-07-19T09:18:02.985+0530] {processor.py:183} INFO - Processing /home/growlt245/.local/lib/python3.10/site-packages/airflow/example_dags/example_latest_only_with_trigger.py took 0.044 seconds
[2024-07-19T09:18:59.268+0530] {processor.py:161} INFO - Started process (PID=166340) to work on /home/growlt245/.local/lib/python3.10/site-packages/airflow/example_dags/example_latest_only_with_trigger.py
[2024-07-19T09:18:59.270+0530] {processor.py:830} INFO - Processing file /home/growlt245/.local/lib/python3.10/site-packages/airflow/example_dags/example_latest_only_with_trigger.py for tasks to queue
[2024-07-19T09:18:59.272+0530] {logging_mixin.py:188} INFO - [2024-07-19T09:18:59.271+0530] {dagbag.py:545} INFO - Filling up the DagBag from /home/growlt245/.local/lib/python3.10/site-packages/airflow/example_dags/example_latest_only_with_trigger.py
[2024-07-19T09:18:59.279+0530] {processor.py:840} INFO - DAG(s) 'latest_only_with_trigger' retrieved from /home/growlt245/.local/lib/python3.10/site-packages/airflow/example_dags/example_latest_only_with_trigger.py
[2024-07-19T09:18:59.291+0530] {logging_mixin.py:188} INFO - [2024-07-19T09:18:59.291+0530] {dag.py:3089} INFO - Sync 1 DAGs
[2024-07-19T09:18:59.302+0530] {logging_mixin.py:188} INFO - [2024-07-19T09:18:59.302+0530] {dag.py:3947} INFO - Setting next_dagrun for latest_only_with_trigger to 2024-07-18 20:00:00+00:00, run_after=2024-07-19 00:00:00+00:00
[2024-07-19T09:18:59.312+0530] {processor.py:183} INFO - Processing /home/growlt245/.local/lib/python3.10/site-packages/airflow/example_dags/example_latest_only_with_trigger.py took 0.048 seconds
[2024-07-19T09:19:44.724+0530] {processor.py:161} INFO - Started process (PID=166554) to work on /home/growlt245/.local/lib/python3.10/site-packages/airflow/example_dags/example_latest_only_with_trigger.py
[2024-07-19T09:19:44.727+0530] {processor.py:830} INFO - Processing file /home/growlt245/.local/lib/python3.10/site-packages/airflow/example_dags/example_latest_only_with_trigger.py for tasks to queue
[2024-07-19T09:19:44.729+0530] {logging_mixin.py:188} INFO - [2024-07-19T09:19:44.729+0530] {dagbag.py:545} INFO - Filling up the DagBag from /home/growlt245/.local/lib/python3.10/site-packages/airflow/example_dags/example_latest_only_with_trigger.py
[2024-07-19T09:19:44.736+0530] {processor.py:840} INFO - DAG(s) 'latest_only_with_trigger' retrieved from /home/growlt245/.local/lib/python3.10/site-packages/airflow/example_dags/example_latest_only_with_trigger.py
[2024-07-19T09:19:44.746+0530] {logging_mixin.py:188} INFO - [2024-07-19T09:19:44.746+0530] {dag.py:3089} INFO - Sync 1 DAGs
[2024-07-19T09:19:44.754+0530] {logging_mixin.py:188} INFO - [2024-07-19T09:19:44.754+0530] {dag.py:3947} INFO - Setting next_dagrun for latest_only_with_trigger to 2024-07-18 20:00:00+00:00, run_after=2024-07-19 00:00:00+00:00
[2024-07-19T09:19:44.764+0530] {processor.py:183} INFO - Processing /home/growlt245/.local/lib/python3.10/site-packages/airflow/example_dags/example_latest_only_with_trigger.py took 0.044 seconds
[2024-07-19T09:20:28.439+0530] {processor.py:161} INFO - Started process (PID=166802) to work on /home/growlt245/.local/lib/python3.10/site-packages/airflow/example_dags/example_latest_only_with_trigger.py
[2024-07-19T09:20:28.441+0530] {processor.py:830} INFO - Processing file /home/growlt245/.local/lib/python3.10/site-packages/airflow/example_dags/example_latest_only_with_trigger.py for tasks to queue
[2024-07-19T09:20:28.443+0530] {logging_mixin.py:188} INFO - [2024-07-19T09:20:28.442+0530] {dagbag.py:545} INFO - Filling up the DagBag from /home/growlt245/.local/lib/python3.10/site-packages/airflow/example_dags/example_latest_only_with_trigger.py
[2024-07-19T09:20:28.448+0530] {processor.py:840} INFO - DAG(s) 'latest_only_with_trigger' retrieved from /home/growlt245/.local/lib/python3.10/site-packages/airflow/example_dags/example_latest_only_with_trigger.py
[2024-07-19T09:20:28.458+0530] {logging_mixin.py:188} INFO - [2024-07-19T09:20:28.457+0530] {dag.py:3089} INFO - Sync 1 DAGs
[2024-07-19T09:20:28.468+0530] {logging_mixin.py:188} INFO - [2024-07-19T09:20:28.467+0530] {dag.py:3947} INFO - Setting next_dagrun for latest_only_with_trigger to 2024-07-18 20:00:00+00:00, run_after=2024-07-19 00:00:00+00:00
[2024-07-19T09:20:28.478+0530] {processor.py:183} INFO - Processing /home/growlt245/.local/lib/python3.10/site-packages/airflow/example_dags/example_latest_only_with_trigger.py took 0.043 seconds
[2024-07-19T09:21:13.438+0530] {processor.py:161} INFO - Started process (PID=167151) to work on /home/growlt245/.local/lib/python3.10/site-packages/airflow/example_dags/example_latest_only_with_trigger.py
[2024-07-19T09:21:13.440+0530] {processor.py:830} INFO - Processing file /home/growlt245/.local/lib/python3.10/site-packages/airflow/example_dags/example_latest_only_with_trigger.py for tasks to queue
[2024-07-19T09:21:13.442+0530] {logging_mixin.py:188} INFO - [2024-07-19T09:21:13.441+0530] {dagbag.py:545} INFO - Filling up the DagBag from /home/growlt245/.local/lib/python3.10/site-packages/airflow/example_dags/example_latest_only_with_trigger.py
[2024-07-19T09:21:13.447+0530] {processor.py:840} INFO - DAG(s) 'latest_only_with_trigger' retrieved from /home/growlt245/.local/lib/python3.10/site-packages/airflow/example_dags/example_latest_only_with_trigger.py
[2024-07-19T09:21:13.456+0530] {logging_mixin.py:188} INFO - [2024-07-19T09:21:13.456+0530] {dag.py:3089} INFO - Sync 1 DAGs
[2024-07-19T09:21:13.465+0530] {logging_mixin.py:188} INFO - [2024-07-19T09:21:13.465+0530] {dag.py:3947} INFO - Setting next_dagrun for latest_only_with_trigger to 2024-07-18 20:00:00+00:00, run_after=2024-07-19 00:00:00+00:00
[2024-07-19T09:21:13.475+0530] {processor.py:183} INFO - Processing /home/growlt245/.local/lib/python3.10/site-packages/airflow/example_dags/example_latest_only_with_trigger.py took 0.042 seconds
