[2024-07-19T09:01:08.299+0530] {processor.py:161} INFO - Started process (PID=157316) to work on /home/growlt245/.local/lib/python3.10/site-packages/airflow/example_dags/example_branch_day_of_week_operator.py
[2024-07-19T09:01:08.300+0530] {processor.py:830} INFO - Processing file /home/growlt245/.local/lib/python3.10/site-packages/airflow/example_dags/example_branch_day_of_week_operator.py for tasks to queue
[2024-07-19T09:01:08.302+0530] {logging_mixin.py:188} INFO - [2024-07-19T09:01:08.301+0530] {dagbag.py:545} INFO - Filling up the DagBag from /home/growlt245/.local/lib/python3.10/site-packages/airflow/example_dags/example_branch_day_of_week_operator.py
[2024-07-19T09:01:08.309+0530] {processor.py:840} INFO - DAG(s) 'example_weekday_branch_operator' retrieved from /home/growlt245/.local/lib/python3.10/site-packages/airflow/example_dags/example_branch_day_of_week_operator.py
[2024-07-19T09:01:08.320+0530] {logging_mixin.py:188} INFO - [2024-07-19T09:01:08.320+0530] {dag.py:3089} INFO - Sync 1 DAGs
[2024-07-19T09:01:08.329+0530] {logging_mixin.py:188} INFO - [2024-07-19T09:01:08.329+0530] {dag.py:3947} INFO - Setting next_dagrun for example_weekday_branch_operator to 2024-07-18 00:00:00+00:00, run_after=2024-07-19 00:00:00+00:00
[2024-07-19T09:01:08.341+0530] {processor.py:183} INFO - Processing /home/growlt245/.local/lib/python3.10/site-packages/airflow/example_dags/example_branch_day_of_week_operator.py took 0.048 seconds
[2024-07-19T09:15:47.333+0530] {processor.py:161} INFO - Started process (PID=164329) to work on /home/growlt245/.local/lib/python3.10/site-packages/airflow/example_dags/example_branch_day_of_week_operator.py
[2024-07-19T09:15:47.337+0530] {processor.py:830} INFO - Processing file /home/growlt245/.local/lib/python3.10/site-packages/airflow/example_dags/example_branch_day_of_week_operator.py for tasks to queue
[2024-07-19T09:15:47.340+0530] {logging_mixin.py:188} INFO - [2024-07-19T09:15:47.340+0530] {dagbag.py:545} INFO - Filling up the DagBag from /home/growlt245/.local/lib/python3.10/site-packages/airflow/example_dags/example_branch_day_of_week_operator.py
[2024-07-19T09:15:47.347+0530] {processor.py:840} INFO - DAG(s) 'example_weekday_branch_operator' retrieved from /home/growlt245/.local/lib/python3.10/site-packages/airflow/example_dags/example_branch_day_of_week_operator.py
[2024-07-19T09:15:47.360+0530] {logging_mixin.py:188} INFO - [2024-07-19T09:15:47.360+0530] {dag.py:3089} INFO - Sync 1 DAGs
[2024-07-19T09:15:47.371+0530] {logging_mixin.py:188} INFO - [2024-07-19T09:15:47.371+0530] {dag.py:3947} INFO - Setting next_dagrun for example_weekday_branch_operator to 2024-07-18 00:00:00+00:00, run_after=2024-07-19 00:00:00+00:00
[2024-07-19T09:15:47.386+0530] {processor.py:183} INFO - Processing /home/growlt245/.local/lib/python3.10/site-packages/airflow/example_dags/example_branch_day_of_week_operator.py took 0.062 seconds
[2024-07-19T09:16:45.369+0530] {processor.py:161} INFO - Started process (PID=164534) to work on /home/growlt245/.local/lib/python3.10/site-packages/airflow/example_dags/example_branch_day_of_week_operator.py
[2024-07-19T09:16:45.371+0530] {processor.py:830} INFO - Processing file /home/growlt245/.local/lib/python3.10/site-packages/airflow/example_dags/example_branch_day_of_week_operator.py for tasks to queue
[2024-07-19T09:16:45.373+0530] {logging_mixin.py:188} INFO - [2024-07-19T09:16:45.373+0530] {dagbag.py:545} INFO - Filling up the DagBag from /home/growlt245/.local/lib/python3.10/site-packages/airflow/example_dags/example_branch_day_of_week_operator.py
[2024-07-19T09:16:45.381+0530] {processor.py:840} INFO - DAG(s) 'example_weekday_branch_operator' retrieved from /home/growlt245/.local/lib/python3.10/site-packages/airflow/example_dags/example_branch_day_of_week_operator.py
[2024-07-19T09:16:45.390+0530] {logging_mixin.py:188} INFO - [2024-07-19T09:16:45.390+0530] {dag.py:3089} INFO - Sync 1 DAGs
[2024-07-19T09:16:45.400+0530] {logging_mixin.py:188} INFO - [2024-07-19T09:16:45.400+0530] {dag.py:3947} INFO - Setting next_dagrun for example_weekday_branch_operator to 2024-07-18 00:00:00+00:00, run_after=2024-07-19 00:00:00+00:00
[2024-07-19T09:16:45.410+0530] {processor.py:183} INFO - Processing /home/growlt245/.local/lib/python3.10/site-packages/airflow/example_dags/example_branch_day_of_week_operator.py took 0.045 seconds
[2024-07-19T09:17:34.672+0530] {processor.py:161} INFO - Started process (PID=165282) to work on /home/growlt245/.local/lib/python3.10/site-packages/airflow/example_dags/example_branch_day_of_week_operator.py
[2024-07-19T09:17:34.675+0530] {processor.py:830} INFO - Processing file /home/growlt245/.local/lib/python3.10/site-packages/airflow/example_dags/example_branch_day_of_week_operator.py for tasks to queue
[2024-07-19T09:17:34.677+0530] {logging_mixin.py:188} INFO - [2024-07-19T09:17:34.676+0530] {dagbag.py:545} INFO - Filling up the DagBag from /home/growlt245/.local/lib/python3.10/site-packages/airflow/example_dags/example_branch_day_of_week_operator.py
[2024-07-19T09:17:34.684+0530] {processor.py:840} INFO - DAG(s) 'example_weekday_branch_operator' retrieved from /home/growlt245/.local/lib/python3.10/site-packages/airflow/example_dags/example_branch_day_of_week_operator.py
[2024-07-19T09:17:34.695+0530] {logging_mixin.py:188} INFO - [2024-07-19T09:17:34.695+0530] {dag.py:3089} INFO - Sync 1 DAGs
[2024-07-19T09:17:34.706+0530] {logging_mixin.py:188} INFO - [2024-07-19T09:17:34.705+0530] {dag.py:3947} INFO - Setting next_dagrun for example_weekday_branch_operator to 2024-07-18 00:00:00+00:00, run_after=2024-07-19 00:00:00+00:00
[2024-07-19T09:17:34.721+0530] {processor.py:183} INFO - Processing /home/growlt245/.local/lib/python3.10/site-packages/airflow/example_dags/example_branch_day_of_week_operator.py took 0.053 seconds
[2024-07-19T09:18:28.007+0530] {processor.py:161} INFO - Started process (PID=166159) to work on /home/growlt245/.local/lib/python3.10/site-packages/airflow/example_dags/example_branch_day_of_week_operator.py
[2024-07-19T09:18:28.009+0530] {processor.py:830} INFO - Processing file /home/growlt245/.local/lib/python3.10/site-packages/airflow/example_dags/example_branch_day_of_week_operator.py for tasks to queue
[2024-07-19T09:18:28.011+0530] {logging_mixin.py:188} INFO - [2024-07-19T09:18:28.011+0530] {dagbag.py:545} INFO - Filling up the DagBag from /home/growlt245/.local/lib/python3.10/site-packages/airflow/example_dags/example_branch_day_of_week_operator.py
[2024-07-19T09:18:28.017+0530] {processor.py:840} INFO - DAG(s) 'example_weekday_branch_operator' retrieved from /home/growlt245/.local/lib/python3.10/site-packages/airflow/example_dags/example_branch_day_of_week_operator.py
[2024-07-19T09:18:28.029+0530] {logging_mixin.py:188} INFO - [2024-07-19T09:18:28.029+0530] {dag.py:3089} INFO - Sync 1 DAGs
[2024-07-19T09:18:28.044+0530] {logging_mixin.py:188} INFO - [2024-07-19T09:18:28.044+0530] {dag.py:3947} INFO - Setting next_dagrun for example_weekday_branch_operator to 2024-07-18 00:00:00+00:00, run_after=2024-07-19 00:00:00+00:00
[2024-07-19T09:18:28.056+0530] {processor.py:183} INFO - Processing /home/growlt245/.local/lib/python3.10/site-packages/airflow/example_dags/example_branch_day_of_week_operator.py took 0.052 seconds
[2024-07-19T09:19:20.570+0530] {processor.py:161} INFO - Started process (PID=166445) to work on /home/growlt245/.local/lib/python3.10/site-packages/airflow/example_dags/example_branch_day_of_week_operator.py
[2024-07-19T09:19:20.572+0530] {processor.py:830} INFO - Processing file /home/growlt245/.local/lib/python3.10/site-packages/airflow/example_dags/example_branch_day_of_week_operator.py for tasks to queue
[2024-07-19T09:19:20.574+0530] {logging_mixin.py:188} INFO - [2024-07-19T09:19:20.573+0530] {dagbag.py:545} INFO - Filling up the DagBag from /home/growlt245/.local/lib/python3.10/site-packages/airflow/example_dags/example_branch_day_of_week_operator.py
[2024-07-19T09:19:20.579+0530] {processor.py:840} INFO - DAG(s) 'example_weekday_branch_operator' retrieved from /home/growlt245/.local/lib/python3.10/site-packages/airflow/example_dags/example_branch_day_of_week_operator.py
[2024-07-19T09:19:20.587+0530] {logging_mixin.py:188} INFO - [2024-07-19T09:19:20.587+0530] {dag.py:3089} INFO - Sync 1 DAGs
[2024-07-19T09:19:20.596+0530] {logging_mixin.py:188} INFO - [2024-07-19T09:19:20.596+0530] {dag.py:3947} INFO - Setting next_dagrun for example_weekday_branch_operator to 2024-07-18 00:00:00+00:00, run_after=2024-07-19 00:00:00+00:00
[2024-07-19T09:19:20.605+0530] {processor.py:183} INFO - Processing /home/growlt245/.local/lib/python3.10/site-packages/airflow/example_dags/example_branch_day_of_week_operator.py took 0.038 seconds
[2024-07-19T09:20:05.905+0530] {processor.py:161} INFO - Started process (PID=166668) to work on /home/growlt245/.local/lib/python3.10/site-packages/airflow/example_dags/example_branch_day_of_week_operator.py
[2024-07-19T09:20:05.908+0530] {processor.py:830} INFO - Processing file /home/growlt245/.local/lib/python3.10/site-packages/airflow/example_dags/example_branch_day_of_week_operator.py for tasks to queue
[2024-07-19T09:20:05.909+0530] {logging_mixin.py:188} INFO - [2024-07-19T09:20:05.909+0530] {dagbag.py:545} INFO - Filling up the DagBag from /home/growlt245/.local/lib/python3.10/site-packages/airflow/example_dags/example_branch_day_of_week_operator.py
[2024-07-19T09:20:05.914+0530] {processor.py:840} INFO - DAG(s) 'example_weekday_branch_operator' retrieved from /home/growlt245/.local/lib/python3.10/site-packages/airflow/example_dags/example_branch_day_of_week_operator.py
[2024-07-19T09:20:05.922+0530] {logging_mixin.py:188} INFO - [2024-07-19T09:20:05.922+0530] {dag.py:3089} INFO - Sync 1 DAGs
[2024-07-19T09:20:05.931+0530] {logging_mixin.py:188} INFO - [2024-07-19T09:20:05.931+0530] {dag.py:3947} INFO - Setting next_dagrun for example_weekday_branch_operator to 2024-07-18 00:00:00+00:00, run_after=2024-07-19 00:00:00+00:00
[2024-07-19T09:20:05.941+0530] {processor.py:183} INFO - Processing /home/growlt245/.local/lib/python3.10/site-packages/airflow/example_dags/example_branch_day_of_week_operator.py took 0.039 seconds
[2024-07-19T09:20:49.560+0530] {processor.py:161} INFO - Started process (PID=167035) to work on /home/growlt245/.local/lib/python3.10/site-packages/airflow/example_dags/example_branch_day_of_week_operator.py
[2024-07-19T09:20:49.562+0530] {processor.py:830} INFO - Processing file /home/growlt245/.local/lib/python3.10/site-packages/airflow/example_dags/example_branch_day_of_week_operator.py for tasks to queue
[2024-07-19T09:20:49.564+0530] {logging_mixin.py:188} INFO - [2024-07-19T09:20:49.563+0530] {dagbag.py:545} INFO - Filling up the DagBag from /home/growlt245/.local/lib/python3.10/site-packages/airflow/example_dags/example_branch_day_of_week_operator.py
[2024-07-19T09:20:49.568+0530] {processor.py:840} INFO - DAG(s) 'example_weekday_branch_operator' retrieved from /home/growlt245/.local/lib/python3.10/site-packages/airflow/example_dags/example_branch_day_of_week_operator.py
[2024-07-19T09:20:49.576+0530] {logging_mixin.py:188} INFO - [2024-07-19T09:20:49.576+0530] {dag.py:3089} INFO - Sync 1 DAGs
[2024-07-19T09:20:49.584+0530] {logging_mixin.py:188} INFO - [2024-07-19T09:20:49.584+0530] {dag.py:3947} INFO - Setting next_dagrun for example_weekday_branch_operator to 2024-07-18 00:00:00+00:00, run_after=2024-07-19 00:00:00+00:00
[2024-07-19T09:20:49.594+0530] {processor.py:183} INFO - Processing /home/growlt245/.local/lib/python3.10/site-packages/airflow/example_dags/example_branch_day_of_week_operator.py took 0.038 seconds
