[2024-07-19T08:55:35.505+0530] {processor.py:161} INFO - Started process (PID=154945) to work on /home/growlt245/.local/lib/python3.10/site-packages/airflow/example_dags/example_datasets.py
[2024-07-19T08:55:35.506+0530] {processor.py:830} INFO - Processing file /home/growlt245/.local/lib/python3.10/site-packages/airflow/example_dags/example_datasets.py for tasks to queue
[2024-07-19T08:55:35.508+0530] {logging_mixin.py:188} INFO - [2024-07-19T08:55:35.508+0530] {dagbag.py:545} INFO - Filling up the DagBag from /home/growlt245/.local/lib/python3.10/site-packages/airflow/example_dags/example_datasets.py
[2024-07-19T08:55:35.518+0530] {processor.py:840} INFO - DAG(s) 'dataset_produces_1', 'dataset_consumes_1_never_scheduled', 'dataset_consumes_1_and_2', 'dataset_produces_2', 'consume_1_or_both_2_and_3_with_dataset_expressions', 'consume_1_and_2_with_dataset_expressions', 'dataset_consumes_1', 'dataset_consumes_unknown_never_scheduled', 'consume_1_or_2_with_dataset_expressions', 'conditional_dataset_and_time_based_timetable' retrieved from /home/growlt245/.local/lib/python3.10/site-packages/airflow/example_dags/example_datasets.py
[2024-07-19T08:55:35.537+0530] {logging_mixin.py:188} INFO - [2024-07-19T08:55:35.537+0530] {dag.py:3089} INFO - Sync 10 DAGs
[2024-07-19T08:55:35.549+0530] {logging_mixin.py:188} INFO - [2024-07-19T08:55:35.548+0530] {dag.py:3947} INFO - Setting next_dagrun for conditional_dataset_and_time_based_timetable to 2024-07-17 01:00:00+00:00, run_after=2024-07-17 01:00:00+00:00
[2024-07-19T08:55:35.550+0530] {logging_mixin.py:188} INFO - [2024-07-19T08:55:35.550+0530] {dag.py:3947} INFO - Setting next_dagrun for consume_1_and_2_with_dataset_expressions to None, run_after=None
[2024-07-19T08:55:35.551+0530] {logging_mixin.py:188} INFO - [2024-07-19T08:55:35.551+0530] {dag.py:3947} INFO - Setting next_dagrun for consume_1_or_2_with_dataset_expressions to None, run_after=None
[2024-07-19T08:55:35.551+0530] {logging_mixin.py:188} INFO - [2024-07-19T08:55:35.551+0530] {dag.py:3947} INFO - Setting next_dagrun for consume_1_or_both_2_and_3_with_dataset_expressions to None, run_after=None
[2024-07-19T08:55:35.552+0530] {logging_mixin.py:188} INFO - [2024-07-19T08:55:35.551+0530] {dag.py:3947} INFO - Setting next_dagrun for dataset_consumes_1 to None, run_after=None
[2024-07-19T08:55:35.552+0530] {logging_mixin.py:188} INFO - [2024-07-19T08:55:35.552+0530] {dag.py:3947} INFO - Setting next_dagrun for dataset_consumes_1_and_2 to None, run_after=None
[2024-07-19T08:55:35.552+0530] {logging_mixin.py:188} INFO - [2024-07-19T08:55:35.552+0530] {dag.py:3947} INFO - Setting next_dagrun for dataset_consumes_1_never_scheduled to None, run_after=None
[2024-07-19T08:55:35.553+0530] {logging_mixin.py:188} INFO - [2024-07-19T08:55:35.553+0530] {dag.py:3947} INFO - Setting next_dagrun for dataset_consumes_unknown_never_scheduled to None, run_after=None
[2024-07-19T08:55:35.554+0530] {logging_mixin.py:188} INFO - [2024-07-19T08:55:35.554+0530] {dag.py:3947} INFO - Setting next_dagrun for dataset_produces_1 to 2024-07-18 00:00:00+00:00, run_after=2024-07-19 00:00:00+00:00
[2024-07-19T08:55:35.555+0530] {logging_mixin.py:188} INFO - [2024-07-19T08:55:35.554+0530] {dag.py:3947} INFO - Setting next_dagrun for dataset_produces_2 to None, run_after=None
[2024-07-19T08:55:35.574+0530] {processor.py:183} INFO - Processing /home/growlt245/.local/lib/python3.10/site-packages/airflow/example_dags/example_datasets.py took 0.077 seconds
[2024-07-19T09:05:10.380+0530] {processor.py:161} INFO - Started process (PID=158944) to work on /home/growlt245/.local/lib/python3.10/site-packages/airflow/example_dags/example_datasets.py
[2024-07-19T09:05:10.381+0530] {processor.py:830} INFO - Processing file /home/growlt245/.local/lib/python3.10/site-packages/airflow/example_dags/example_datasets.py for tasks to queue
[2024-07-19T09:05:10.383+0530] {logging_mixin.py:188} INFO - [2024-07-19T09:05:10.382+0530] {dagbag.py:545} INFO - Filling up the DagBag from /home/growlt245/.local/lib/python3.10/site-packages/airflow/example_dags/example_datasets.py
[2024-07-19T09:05:10.391+0530] {processor.py:840} INFO - DAG(s) 'dataset_produces_1', 'consume_1_or_2_with_dataset_expressions', 'dataset_consumes_1_and_2', 'dataset_consumes_1_never_scheduled', 'dataset_consumes_1', 'consume_1_and_2_with_dataset_expressions', 'dataset_produces_2', 'consume_1_or_both_2_and_3_with_dataset_expressions', 'dataset_consumes_unknown_never_scheduled', 'conditional_dataset_and_time_based_timetable' retrieved from /home/growlt245/.local/lib/python3.10/site-packages/airflow/example_dags/example_datasets.py
[2024-07-19T09:05:10.409+0530] {logging_mixin.py:188} INFO - [2024-07-19T09:05:10.409+0530] {dag.py:3089} INFO - Sync 10 DAGs
[2024-07-19T09:05:10.420+0530] {logging_mixin.py:188} INFO - [2024-07-19T09:05:10.419+0530] {dag.py:3947} INFO - Setting next_dagrun for conditional_dataset_and_time_based_timetable to 2024-07-17 01:00:00+00:00, run_after=2024-07-17 01:00:00+00:00
[2024-07-19T09:05:10.421+0530] {logging_mixin.py:188} INFO - [2024-07-19T09:05:10.421+0530] {dag.py:3947} INFO - Setting next_dagrun for consume_1_and_2_with_dataset_expressions to None, run_after=None
[2024-07-19T09:05:10.422+0530] {logging_mixin.py:188} INFO - [2024-07-19T09:05:10.422+0530] {dag.py:3947} INFO - Setting next_dagrun for consume_1_or_2_with_dataset_expressions to None, run_after=None
[2024-07-19T09:05:10.422+0530] {logging_mixin.py:188} INFO - [2024-07-19T09:05:10.422+0530] {dag.py:3947} INFO - Setting next_dagrun for consume_1_or_both_2_and_3_with_dataset_expressions to None, run_after=None
[2024-07-19T09:05:10.423+0530] {logging_mixin.py:188} INFO - [2024-07-19T09:05:10.422+0530] {dag.py:3947} INFO - Setting next_dagrun for dataset_consumes_1 to None, run_after=None
[2024-07-19T09:05:10.423+0530] {logging_mixin.py:188} INFO - [2024-07-19T09:05:10.423+0530] {dag.py:3947} INFO - Setting next_dagrun for dataset_consumes_1_and_2 to None, run_after=None
[2024-07-19T09:05:10.423+0530] {logging_mixin.py:188} INFO - [2024-07-19T09:05:10.423+0530] {dag.py:3947} INFO - Setting next_dagrun for dataset_consumes_1_never_scheduled to None, run_after=None
[2024-07-19T09:05:10.424+0530] {logging_mixin.py:188} INFO - [2024-07-19T09:05:10.424+0530] {dag.py:3947} INFO - Setting next_dagrun for dataset_consumes_unknown_never_scheduled to None, run_after=None
[2024-07-19T09:05:10.425+0530] {logging_mixin.py:188} INFO - [2024-07-19T09:05:10.425+0530] {dag.py:3947} INFO - Setting next_dagrun for dataset_produces_1 to 2024-07-18 00:00:00+00:00, run_after=2024-07-19 00:00:00+00:00
[2024-07-19T09:05:10.425+0530] {logging_mixin.py:188} INFO - [2024-07-19T09:05:10.425+0530] {dag.py:3947} INFO - Setting next_dagrun for dataset_produces_2 to None, run_after=None
[2024-07-19T09:05:10.440+0530] {processor.py:183} INFO - Processing /home/growlt245/.local/lib/python3.10/site-packages/airflow/example_dags/example_datasets.py took 0.065 seconds
[2024-07-19T09:07:08.937+0530] {processor.py:161} INFO - Started process (PID=160187) to work on /home/growlt245/.local/lib/python3.10/site-packages/airflow/example_dags/example_datasets.py
[2024-07-19T09:07:08.938+0530] {processor.py:830} INFO - Processing file /home/growlt245/.local/lib/python3.10/site-packages/airflow/example_dags/example_datasets.py for tasks to queue
[2024-07-19T09:07:08.940+0530] {logging_mixin.py:188} INFO - [2024-07-19T09:07:08.939+0530] {dagbag.py:545} INFO - Filling up the DagBag from /home/growlt245/.local/lib/python3.10/site-packages/airflow/example_dags/example_datasets.py
[2024-07-19T09:07:08.948+0530] {processor.py:840} INFO - DAG(s) 'conditional_dataset_and_time_based_timetable', 'dataset_produces_1', 'dataset_produces_2', 'consume_1_or_2_with_dataset_expressions', 'dataset_consumes_1_never_scheduled', 'dataset_consumes_1', 'dataset_consumes_1_and_2', 'consume_1_or_both_2_and_3_with_dataset_expressions', 'dataset_consumes_unknown_never_scheduled', 'consume_1_and_2_with_dataset_expressions' retrieved from /home/growlt245/.local/lib/python3.10/site-packages/airflow/example_dags/example_datasets.py
[2024-07-19T09:07:08.968+0530] {logging_mixin.py:188} INFO - [2024-07-19T09:07:08.968+0530] {dag.py:3089} INFO - Sync 10 DAGs
[2024-07-19T09:07:08.979+0530] {logging_mixin.py:188} INFO - [2024-07-19T09:07:08.979+0530] {dag.py:3947} INFO - Setting next_dagrun for conditional_dataset_and_time_based_timetable to 2024-07-17 01:00:00+00:00, run_after=2024-07-17 01:00:00+00:00
[2024-07-19T09:07:08.981+0530] {logging_mixin.py:188} INFO - [2024-07-19T09:07:08.980+0530] {dag.py:3947} INFO - Setting next_dagrun for consume_1_and_2_with_dataset_expressions to None, run_after=None
[2024-07-19T09:07:08.981+0530] {logging_mixin.py:188} INFO - [2024-07-19T09:07:08.981+0530] {dag.py:3947} INFO - Setting next_dagrun for consume_1_or_2_with_dataset_expressions to None, run_after=None
[2024-07-19T09:07:08.981+0530] {logging_mixin.py:188} INFO - [2024-07-19T09:07:08.981+0530] {dag.py:3947} INFO - Setting next_dagrun for consume_1_or_both_2_and_3_with_dataset_expressions to None, run_after=None
[2024-07-19T09:07:08.982+0530] {logging_mixin.py:188} INFO - [2024-07-19T09:07:08.982+0530] {dag.py:3947} INFO - Setting next_dagrun for dataset_consumes_1 to None, run_after=None
[2024-07-19T09:07:08.982+0530] {logging_mixin.py:188} INFO - [2024-07-19T09:07:08.982+0530] {dag.py:3947} INFO - Setting next_dagrun for dataset_consumes_1_and_2 to None, run_after=None
[2024-07-19T09:07:08.983+0530] {logging_mixin.py:188} INFO - [2024-07-19T09:07:08.983+0530] {dag.py:3947} INFO - Setting next_dagrun for dataset_consumes_1_never_scheduled to None, run_after=None
[2024-07-19T09:07:08.983+0530] {logging_mixin.py:188} INFO - [2024-07-19T09:07:08.983+0530] {dag.py:3947} INFO - Setting next_dagrun for dataset_consumes_unknown_never_scheduled to None, run_after=None
[2024-07-19T09:07:08.984+0530] {logging_mixin.py:188} INFO - [2024-07-19T09:07:08.984+0530] {dag.py:3947} INFO - Setting next_dagrun for dataset_produces_1 to 2024-07-18 00:00:00+00:00, run_after=2024-07-19 00:00:00+00:00
[2024-07-19T09:07:08.985+0530] {logging_mixin.py:188} INFO - [2024-07-19T09:07:08.985+0530] {dag.py:3947} INFO - Setting next_dagrun for dataset_produces_2 to None, run_after=None
[2024-07-19T09:07:08.999+0530] {processor.py:183} INFO - Processing /home/growlt245/.local/lib/python3.10/site-packages/airflow/example_dags/example_datasets.py took 0.068 seconds
[2024-07-19T09:13:34.628+0530] {processor.py:161} INFO - Started process (PID=163774) to work on /home/growlt245/.local/lib/python3.10/site-packages/airflow/example_dags/example_datasets.py
[2024-07-19T09:13:34.629+0530] {processor.py:830} INFO - Processing file /home/growlt245/.local/lib/python3.10/site-packages/airflow/example_dags/example_datasets.py for tasks to queue
[2024-07-19T09:13:34.630+0530] {logging_mixin.py:188} INFO - [2024-07-19T09:13:34.630+0530] {dagbag.py:545} INFO - Filling up the DagBag from /home/growlt245/.local/lib/python3.10/site-packages/airflow/example_dags/example_datasets.py
[2024-07-19T09:13:34.639+0530] {processor.py:840} INFO - DAG(s) 'dataset_produces_1', 'dataset_consumes_1', 'consume_1_and_2_with_dataset_expressions', 'dataset_consumes_1_and_2', 'consume_1_or_2_with_dataset_expressions', 'dataset_consumes_1_never_scheduled', 'dataset_consumes_unknown_never_scheduled', 'consume_1_or_both_2_and_3_with_dataset_expressions', 'conditional_dataset_and_time_based_timetable', 'dataset_produces_2' retrieved from /home/growlt245/.local/lib/python3.10/site-packages/airflow/example_dags/example_datasets.py
[2024-07-19T09:13:34.659+0530] {logging_mixin.py:188} INFO - [2024-07-19T09:13:34.659+0530] {dag.py:3089} INFO - Sync 10 DAGs
[2024-07-19T09:13:34.669+0530] {logging_mixin.py:188} INFO - [2024-07-19T09:13:34.669+0530] {dag.py:3947} INFO - Setting next_dagrun for conditional_dataset_and_time_based_timetable to 2024-07-17 01:00:00+00:00, run_after=2024-07-17 01:00:00+00:00
[2024-07-19T09:13:34.671+0530] {logging_mixin.py:188} INFO - [2024-07-19T09:13:34.670+0530] {dag.py:3947} INFO - Setting next_dagrun for consume_1_and_2_with_dataset_expressions to None, run_after=None
[2024-07-19T09:13:34.671+0530] {logging_mixin.py:188} INFO - [2024-07-19T09:13:34.671+0530] {dag.py:3947} INFO - Setting next_dagrun for consume_1_or_2_with_dataset_expressions to None, run_after=None
[2024-07-19T09:13:34.672+0530] {logging_mixin.py:188} INFO - [2024-07-19T09:13:34.671+0530] {dag.py:3947} INFO - Setting next_dagrun for consume_1_or_both_2_and_3_with_dataset_expressions to None, run_after=None
[2024-07-19T09:13:34.672+0530] {logging_mixin.py:188} INFO - [2024-07-19T09:13:34.672+0530] {dag.py:3947} INFO - Setting next_dagrun for dataset_consumes_1 to None, run_after=None
[2024-07-19T09:13:34.672+0530] {logging_mixin.py:188} INFO - [2024-07-19T09:13:34.672+0530] {dag.py:3947} INFO - Setting next_dagrun for dataset_consumes_1_and_2 to None, run_after=None
[2024-07-19T09:13:34.673+0530] {logging_mixin.py:188} INFO - [2024-07-19T09:13:34.673+0530] {dag.py:3947} INFO - Setting next_dagrun for dataset_consumes_1_never_scheduled to None, run_after=None
[2024-07-19T09:13:34.673+0530] {logging_mixin.py:188} INFO - [2024-07-19T09:13:34.673+0530] {dag.py:3947} INFO - Setting next_dagrun for dataset_consumes_unknown_never_scheduled to None, run_after=None
[2024-07-19T09:13:34.674+0530] {logging_mixin.py:188} INFO - [2024-07-19T09:13:34.674+0530] {dag.py:3947} INFO - Setting next_dagrun for dataset_produces_1 to 2024-07-18 00:00:00+00:00, run_after=2024-07-19 00:00:00+00:00
[2024-07-19T09:13:34.675+0530] {logging_mixin.py:188} INFO - [2024-07-19T09:13:34.674+0530] {dag.py:3947} INFO - Setting next_dagrun for dataset_produces_2 to None, run_after=None
[2024-07-19T09:13:34.689+0530] {processor.py:183} INFO - Processing /home/growlt245/.local/lib/python3.10/site-packages/airflow/example_dags/example_datasets.py took 0.066 seconds
[2024-07-19T09:16:06.113+0530] {processor.py:161} INFO - Started process (PID=164390) to work on /home/growlt245/.local/lib/python3.10/site-packages/airflow/example_dags/example_datasets.py
[2024-07-19T09:16:06.116+0530] {processor.py:830} INFO - Processing file /home/growlt245/.local/lib/python3.10/site-packages/airflow/example_dags/example_datasets.py for tasks to queue
[2024-07-19T09:16:06.117+0530] {logging_mixin.py:188} INFO - [2024-07-19T09:16:06.117+0530] {dagbag.py:545} INFO - Filling up the DagBag from /home/growlt245/.local/lib/python3.10/site-packages/airflow/example_dags/example_datasets.py
[2024-07-19T09:16:06.124+0530] {processor.py:840} INFO - DAG(s) 'consume_1_and_2_with_dataset_expressions', 'dataset_consumes_unknown_never_scheduled', 'dataset_produces_2', 'consume_1_or_2_with_dataset_expressions', 'dataset_consumes_1', 'conditional_dataset_and_time_based_timetable', 'consume_1_or_both_2_and_3_with_dataset_expressions', 'dataset_consumes_1_and_2', 'dataset_produces_1', 'dataset_consumes_1_never_scheduled' retrieved from /home/growlt245/.local/lib/python3.10/site-packages/airflow/example_dags/example_datasets.py
[2024-07-19T09:16:06.141+0530] {logging_mixin.py:188} INFO - [2024-07-19T09:16:06.141+0530] {dag.py:3089} INFO - Sync 10 DAGs
[2024-07-19T09:16:06.152+0530] {logging_mixin.py:188} INFO - [2024-07-19T09:16:06.152+0530] {dag.py:3947} INFO - Setting next_dagrun for conditional_dataset_and_time_based_timetable to 2024-07-17 01:00:00+00:00, run_after=2024-07-17 01:00:00+00:00
[2024-07-19T09:16:06.154+0530] {logging_mixin.py:188} INFO - [2024-07-19T09:16:06.153+0530] {dag.py:3947} INFO - Setting next_dagrun for consume_1_and_2_with_dataset_expressions to None, run_after=None
[2024-07-19T09:16:06.154+0530] {logging_mixin.py:188} INFO - [2024-07-19T09:16:06.154+0530] {dag.py:3947} INFO - Setting next_dagrun for consume_1_or_2_with_dataset_expressions to None, run_after=None
[2024-07-19T09:16:06.154+0530] {logging_mixin.py:188} INFO - [2024-07-19T09:16:06.154+0530] {dag.py:3947} INFO - Setting next_dagrun for consume_1_or_both_2_and_3_with_dataset_expressions to None, run_after=None
[2024-07-19T09:16:06.155+0530] {logging_mixin.py:188} INFO - [2024-07-19T09:16:06.155+0530] {dag.py:3947} INFO - Setting next_dagrun for dataset_consumes_1 to None, run_after=None
[2024-07-19T09:16:06.155+0530] {logging_mixin.py:188} INFO - [2024-07-19T09:16:06.155+0530] {dag.py:3947} INFO - Setting next_dagrun for dataset_consumes_1_and_2 to None, run_after=None
[2024-07-19T09:16:06.156+0530] {logging_mixin.py:188} INFO - [2024-07-19T09:16:06.156+0530] {dag.py:3947} INFO - Setting next_dagrun for dataset_consumes_1_never_scheduled to None, run_after=None
[2024-07-19T09:16:06.156+0530] {logging_mixin.py:188} INFO - [2024-07-19T09:16:06.156+0530] {dag.py:3947} INFO - Setting next_dagrun for dataset_consumes_unknown_never_scheduled to None, run_after=None
[2024-07-19T09:16:06.157+0530] {logging_mixin.py:188} INFO - [2024-07-19T09:16:06.157+0530] {dag.py:3947} INFO - Setting next_dagrun for dataset_produces_1 to 2024-07-18 00:00:00+00:00, run_after=2024-07-19 00:00:00+00:00
[2024-07-19T09:16:06.157+0530] {logging_mixin.py:188} INFO - [2024-07-19T09:16:06.157+0530] {dag.py:3947} INFO - Setting next_dagrun for dataset_produces_2 to None, run_after=None
[2024-07-19T09:16:06.171+0530] {processor.py:183} INFO - Processing /home/growlt245/.local/lib/python3.10/site-packages/airflow/example_dags/example_datasets.py took 0.063 seconds
[2024-07-19T09:16:52.440+0530] {processor.py:161} INFO - Started process (PID=164795) to work on /home/growlt245/.local/lib/python3.10/site-packages/airflow/example_dags/example_datasets.py
[2024-07-19T09:16:52.441+0530] {processor.py:830} INFO - Processing file /home/growlt245/.local/lib/python3.10/site-packages/airflow/example_dags/example_datasets.py for tasks to queue
[2024-07-19T09:16:52.442+0530] {logging_mixin.py:188} INFO - [2024-07-19T09:16:52.442+0530] {dagbag.py:545} INFO - Filling up the DagBag from /home/growlt245/.local/lib/python3.10/site-packages/airflow/example_dags/example_datasets.py
[2024-07-19T09:16:52.449+0530] {processor.py:840} INFO - DAG(s) 'conditional_dataset_and_time_based_timetable', 'dataset_produces_2', 'dataset_consumes_unknown_never_scheduled', 'consume_1_or_2_with_dataset_expressions', 'consume_1_or_both_2_and_3_with_dataset_expressions', 'consume_1_and_2_with_dataset_expressions', 'dataset_consumes_1_never_scheduled', 'dataset_produces_1', 'dataset_consumes_1_and_2', 'dataset_consumes_1' retrieved from /home/growlt245/.local/lib/python3.10/site-packages/airflow/example_dags/example_datasets.py
[2024-07-19T09:16:52.470+0530] {logging_mixin.py:188} INFO - [2024-07-19T09:16:52.470+0530] {dag.py:3089} INFO - Sync 10 DAGs
[2024-07-19T09:16:52.483+0530] {logging_mixin.py:188} INFO - [2024-07-19T09:16:52.483+0530] {dag.py:3947} INFO - Setting next_dagrun for conditional_dataset_and_time_based_timetable to 2024-07-17 01:00:00+00:00, run_after=2024-07-17 01:00:00+00:00
[2024-07-19T09:16:52.485+0530] {logging_mixin.py:188} INFO - [2024-07-19T09:16:52.485+0530] {dag.py:3947} INFO - Setting next_dagrun for consume_1_and_2_with_dataset_expressions to None, run_after=None
[2024-07-19T09:16:52.486+0530] {logging_mixin.py:188} INFO - [2024-07-19T09:16:52.486+0530] {dag.py:3947} INFO - Setting next_dagrun for consume_1_or_2_with_dataset_expressions to None, run_after=None
[2024-07-19T09:16:52.487+0530] {logging_mixin.py:188} INFO - [2024-07-19T09:16:52.486+0530] {dag.py:3947} INFO - Setting next_dagrun for consume_1_or_both_2_and_3_with_dataset_expressions to None, run_after=None
[2024-07-19T09:16:52.487+0530] {logging_mixin.py:188} INFO - [2024-07-19T09:16:52.487+0530] {dag.py:3947} INFO - Setting next_dagrun for dataset_consumes_1 to None, run_after=None
[2024-07-19T09:16:52.487+0530] {logging_mixin.py:188} INFO - [2024-07-19T09:16:52.487+0530] {dag.py:3947} INFO - Setting next_dagrun for dataset_consumes_1_and_2 to None, run_after=None
[2024-07-19T09:16:52.488+0530] {logging_mixin.py:188} INFO - [2024-07-19T09:16:52.488+0530] {dag.py:3947} INFO - Setting next_dagrun for dataset_consumes_1_never_scheduled to None, run_after=None
[2024-07-19T09:16:52.488+0530] {logging_mixin.py:188} INFO - [2024-07-19T09:16:52.488+0530] {dag.py:3947} INFO - Setting next_dagrun for dataset_consumes_unknown_never_scheduled to None, run_after=None
[2024-07-19T09:16:52.489+0530] {logging_mixin.py:188} INFO - [2024-07-19T09:16:52.489+0530] {dag.py:3947} INFO - Setting next_dagrun for dataset_produces_1 to 2024-07-18 00:00:00+00:00, run_after=2024-07-19 00:00:00+00:00
[2024-07-19T09:16:52.490+0530] {logging_mixin.py:188} INFO - [2024-07-19T09:16:52.490+0530] {dag.py:3947} INFO - Setting next_dagrun for dataset_produces_2 to None, run_after=None
[2024-07-19T09:16:52.506+0530] {processor.py:183} INFO - Processing /home/growlt245/.local/lib/python3.10/site-packages/airflow/example_dags/example_datasets.py took 0.069 seconds
[2024-07-19T09:17:40.730+0530] {processor.py:161} INFO - Started process (PID=165331) to work on /home/growlt245/.local/lib/python3.10/site-packages/airflow/example_dags/example_datasets.py
[2024-07-19T09:17:40.730+0530] {processor.py:830} INFO - Processing file /home/growlt245/.local/lib/python3.10/site-packages/airflow/example_dags/example_datasets.py for tasks to queue
[2024-07-19T09:17:40.731+0530] {logging_mixin.py:188} INFO - [2024-07-19T09:17:40.731+0530] {dagbag.py:545} INFO - Filling up the DagBag from /home/growlt245/.local/lib/python3.10/site-packages/airflow/example_dags/example_datasets.py
[2024-07-19T09:17:40.737+0530] {processor.py:840} INFO - DAG(s) 'dataset_consumes_1', 'dataset_consumes_1_never_scheduled', 'dataset_consumes_1_and_2', 'consume_1_or_both_2_and_3_with_dataset_expressions', 'conditional_dataset_and_time_based_timetable', 'consume_1_or_2_with_dataset_expressions', 'dataset_produces_2', 'consume_1_and_2_with_dataset_expressions', 'dataset_consumes_unknown_never_scheduled', 'dataset_produces_1' retrieved from /home/growlt245/.local/lib/python3.10/site-packages/airflow/example_dags/example_datasets.py
[2024-07-19T09:17:40.755+0530] {logging_mixin.py:188} INFO - [2024-07-19T09:17:40.755+0530] {dag.py:3089} INFO - Sync 10 DAGs
[2024-07-19T09:17:40.765+0530] {logging_mixin.py:188} INFO - [2024-07-19T09:17:40.765+0530] {dag.py:3947} INFO - Setting next_dagrun for conditional_dataset_and_time_based_timetable to 2024-07-17 01:00:00+00:00, run_after=2024-07-17 01:00:00+00:00
[2024-07-19T09:17:40.767+0530] {logging_mixin.py:188} INFO - [2024-07-19T09:17:40.766+0530] {dag.py:3947} INFO - Setting next_dagrun for consume_1_and_2_with_dataset_expressions to None, run_after=None
[2024-07-19T09:17:40.767+0530] {logging_mixin.py:188} INFO - [2024-07-19T09:17:40.767+0530] {dag.py:3947} INFO - Setting next_dagrun for consume_1_or_2_with_dataset_expressions to None, run_after=None
[2024-07-19T09:17:40.768+0530] {logging_mixin.py:188} INFO - [2024-07-19T09:17:40.768+0530] {dag.py:3947} INFO - Setting next_dagrun for consume_1_or_both_2_and_3_with_dataset_expressions to None, run_after=None
[2024-07-19T09:17:40.768+0530] {logging_mixin.py:188} INFO - [2024-07-19T09:17:40.768+0530] {dag.py:3947} INFO - Setting next_dagrun for dataset_consumes_1 to None, run_after=None
[2024-07-19T09:17:40.769+0530] {logging_mixin.py:188} INFO - [2024-07-19T09:17:40.768+0530] {dag.py:3947} INFO - Setting next_dagrun for dataset_consumes_1_and_2 to None, run_after=None
[2024-07-19T09:17:40.769+0530] {logging_mixin.py:188} INFO - [2024-07-19T09:17:40.769+0530] {dag.py:3947} INFO - Setting next_dagrun for dataset_consumes_1_never_scheduled to None, run_after=None
[2024-07-19T09:17:40.769+0530] {logging_mixin.py:188} INFO - [2024-07-19T09:17:40.769+0530] {dag.py:3947} INFO - Setting next_dagrun for dataset_consumes_unknown_never_scheduled to None, run_after=None
[2024-07-19T09:17:40.770+0530] {logging_mixin.py:188} INFO - [2024-07-19T09:17:40.770+0530] {dag.py:3947} INFO - Setting next_dagrun for dataset_produces_1 to 2024-07-18 00:00:00+00:00, run_after=2024-07-19 00:00:00+00:00
[2024-07-19T09:17:40.771+0530] {logging_mixin.py:188} INFO - [2024-07-19T09:17:40.771+0530] {dag.py:3947} INFO - Setting next_dagrun for dataset_produces_2 to None, run_after=None
[2024-07-19T09:17:40.785+0530] {processor.py:183} INFO - Processing /home/growlt245/.local/lib/python3.10/site-packages/airflow/example_dags/example_datasets.py took 0.059 seconds
[2024-07-19T09:18:23.981+0530] {processor.py:161} INFO - Started process (PID=166142) to work on /home/growlt245/.local/lib/python3.10/site-packages/airflow/example_dags/example_datasets.py
[2024-07-19T09:18:23.984+0530] {processor.py:830} INFO - Processing file /home/growlt245/.local/lib/python3.10/site-packages/airflow/example_dags/example_datasets.py for tasks to queue
[2024-07-19T09:18:23.985+0530] {logging_mixin.py:188} INFO - [2024-07-19T09:18:23.985+0530] {dagbag.py:545} INFO - Filling up the DagBag from /home/growlt245/.local/lib/python3.10/site-packages/airflow/example_dags/example_datasets.py
[2024-07-19T09:18:23.992+0530] {processor.py:840} INFO - DAG(s) 'consume_1_or_both_2_and_3_with_dataset_expressions', 'consume_1_or_2_with_dataset_expressions', 'conditional_dataset_and_time_based_timetable', 'dataset_consumes_1_and_2', 'dataset_produces_2', 'dataset_consumes_1', 'dataset_consumes_unknown_never_scheduled', 'dataset_produces_1', 'dataset_consumes_1_never_scheduled', 'consume_1_and_2_with_dataset_expressions' retrieved from /home/growlt245/.local/lib/python3.10/site-packages/airflow/example_dags/example_datasets.py
[2024-07-19T09:18:24.014+0530] {logging_mixin.py:188} INFO - [2024-07-19T09:18:24.013+0530] {dag.py:3089} INFO - Sync 10 DAGs
[2024-07-19T09:18:24.025+0530] {logging_mixin.py:188} INFO - [2024-07-19T09:18:24.025+0530] {dag.py:3947} INFO - Setting next_dagrun for conditional_dataset_and_time_based_timetable to 2024-07-17 01:00:00+00:00, run_after=2024-07-17 01:00:00+00:00
[2024-07-19T09:18:24.026+0530] {logging_mixin.py:188} INFO - [2024-07-19T09:18:24.026+0530] {dag.py:3947} INFO - Setting next_dagrun for consume_1_and_2_with_dataset_expressions to None, run_after=None
[2024-07-19T09:18:24.027+0530] {logging_mixin.py:188} INFO - [2024-07-19T09:18:24.027+0530] {dag.py:3947} INFO - Setting next_dagrun for consume_1_or_2_with_dataset_expressions to None, run_after=None
[2024-07-19T09:18:24.027+0530] {logging_mixin.py:188} INFO - [2024-07-19T09:18:24.027+0530] {dag.py:3947} INFO - Setting next_dagrun for consume_1_or_both_2_and_3_with_dataset_expressions to None, run_after=None
[2024-07-19T09:18:24.028+0530] {logging_mixin.py:188} INFO - [2024-07-19T09:18:24.028+0530] {dag.py:3947} INFO - Setting next_dagrun for dataset_consumes_1 to None, run_after=None
[2024-07-19T09:18:24.028+0530] {logging_mixin.py:188} INFO - [2024-07-19T09:18:24.028+0530] {dag.py:3947} INFO - Setting next_dagrun for dataset_consumes_1_and_2 to None, run_after=None
[2024-07-19T09:18:24.029+0530] {logging_mixin.py:188} INFO - [2024-07-19T09:18:24.029+0530] {dag.py:3947} INFO - Setting next_dagrun for dataset_consumes_1_never_scheduled to None, run_after=None
[2024-07-19T09:18:24.029+0530] {logging_mixin.py:188} INFO - [2024-07-19T09:18:24.029+0530] {dag.py:3947} INFO - Setting next_dagrun for dataset_consumes_unknown_never_scheduled to None, run_after=None
[2024-07-19T09:18:24.030+0530] {logging_mixin.py:188} INFO - [2024-07-19T09:18:24.030+0530] {dag.py:3947} INFO - Setting next_dagrun for dataset_produces_1 to 2024-07-18 00:00:00+00:00, run_after=2024-07-19 00:00:00+00:00
[2024-07-19T09:18:24.031+0530] {logging_mixin.py:188} INFO - [2024-07-19T09:18:24.031+0530] {dag.py:3947} INFO - Setting next_dagrun for dataset_produces_2 to None, run_after=None
[2024-07-19T09:18:24.049+0530] {processor.py:183} INFO - Processing /home/growlt245/.local/lib/python3.10/site-packages/airflow/example_dags/example_datasets.py took 0.071 seconds
[2024-07-19T09:19:16.559+0530] {processor.py:161} INFO - Started process (PID=166437) to work on /home/growlt245/.local/lib/python3.10/site-packages/airflow/example_dags/example_datasets.py
[2024-07-19T09:19:16.562+0530] {processor.py:830} INFO - Processing file /home/growlt245/.local/lib/python3.10/site-packages/airflow/example_dags/example_datasets.py for tasks to queue
[2024-07-19T09:19:16.563+0530] {logging_mixin.py:188} INFO - [2024-07-19T09:19:16.563+0530] {dagbag.py:545} INFO - Filling up the DagBag from /home/growlt245/.local/lib/python3.10/site-packages/airflow/example_dags/example_datasets.py
[2024-07-19T09:19:16.571+0530] {processor.py:840} INFO - DAG(s) 'dataset_consumes_1_and_2', 'consume_1_or_2_with_dataset_expressions', 'dataset_consumes_unknown_never_scheduled', 'dataset_produces_1', 'dataset_consumes_1_never_scheduled', 'conditional_dataset_and_time_based_timetable', 'consume_1_or_both_2_and_3_with_dataset_expressions', 'dataset_consumes_1', 'consume_1_and_2_with_dataset_expressions', 'dataset_produces_2' retrieved from /home/growlt245/.local/lib/python3.10/site-packages/airflow/example_dags/example_datasets.py
[2024-07-19T09:19:16.587+0530] {logging_mixin.py:188} INFO - [2024-07-19T09:19:16.587+0530] {dag.py:3089} INFO - Sync 10 DAGs
[2024-07-19T09:19:16.598+0530] {logging_mixin.py:188} INFO - [2024-07-19T09:19:16.598+0530] {dag.py:3947} INFO - Setting next_dagrun for conditional_dataset_and_time_based_timetable to 2024-07-17 01:00:00+00:00, run_after=2024-07-17 01:00:00+00:00
[2024-07-19T09:19:16.599+0530] {logging_mixin.py:188} INFO - [2024-07-19T09:19:16.599+0530] {dag.py:3947} INFO - Setting next_dagrun for consume_1_and_2_with_dataset_expressions to None, run_after=None
[2024-07-19T09:19:16.600+0530] {logging_mixin.py:188} INFO - [2024-07-19T09:19:16.600+0530] {dag.py:3947} INFO - Setting next_dagrun for consume_1_or_2_with_dataset_expressions to None, run_after=None
[2024-07-19T09:19:16.600+0530] {logging_mixin.py:188} INFO - [2024-07-19T09:19:16.600+0530] {dag.py:3947} INFO - Setting next_dagrun for consume_1_or_both_2_and_3_with_dataset_expressions to None, run_after=None
[2024-07-19T09:19:16.600+0530] {logging_mixin.py:188} INFO - [2024-07-19T09:19:16.600+0530] {dag.py:3947} INFO - Setting next_dagrun for dataset_consumes_1 to None, run_after=None
[2024-07-19T09:19:16.601+0530] {logging_mixin.py:188} INFO - [2024-07-19T09:19:16.601+0530] {dag.py:3947} INFO - Setting next_dagrun for dataset_consumes_1_and_2 to None, run_after=None
[2024-07-19T09:19:16.601+0530] {logging_mixin.py:188} INFO - [2024-07-19T09:19:16.601+0530] {dag.py:3947} INFO - Setting next_dagrun for dataset_consumes_1_never_scheduled to None, run_after=None
[2024-07-19T09:19:16.602+0530] {logging_mixin.py:188} INFO - [2024-07-19T09:19:16.601+0530] {dag.py:3947} INFO - Setting next_dagrun for dataset_consumes_unknown_never_scheduled to None, run_after=None
[2024-07-19T09:19:16.602+0530] {logging_mixin.py:188} INFO - [2024-07-19T09:19:16.602+0530] {dag.py:3947} INFO - Setting next_dagrun for dataset_produces_1 to 2024-07-18 00:00:00+00:00, run_after=2024-07-19 00:00:00+00:00
[2024-07-19T09:19:16.603+0530] {logging_mixin.py:188} INFO - [2024-07-19T09:19:16.603+0530] {dag.py:3947} INFO - Setting next_dagrun for dataset_produces_2 to None, run_after=None
[2024-07-19T09:19:16.617+0530] {processor.py:183} INFO - Processing /home/growlt245/.local/lib/python3.10/site-packages/airflow/example_dags/example_datasets.py took 0.061 seconds
[2024-07-19T09:20:00.875+0530] {processor.py:161} INFO - Started process (PID=166637) to work on /home/growlt245/.local/lib/python3.10/site-packages/airflow/example_dags/example_datasets.py
[2024-07-19T09:20:00.877+0530] {processor.py:830} INFO - Processing file /home/growlt245/.local/lib/python3.10/site-packages/airflow/example_dags/example_datasets.py for tasks to queue
[2024-07-19T09:20:00.878+0530] {logging_mixin.py:188} INFO - [2024-07-19T09:20:00.878+0530] {dagbag.py:545} INFO - Filling up the DagBag from /home/growlt245/.local/lib/python3.10/site-packages/airflow/example_dags/example_datasets.py
[2024-07-19T09:20:00.885+0530] {processor.py:840} INFO - DAG(s) 'dataset_produces_2', 'dataset_consumes_1_never_scheduled', 'conditional_dataset_and_time_based_timetable', 'dataset_produces_1', 'consume_1_or_2_with_dataset_expressions', 'dataset_consumes_1_and_2', 'consume_1_or_both_2_and_3_with_dataset_expressions', 'consume_1_and_2_with_dataset_expressions', 'dataset_consumes_unknown_never_scheduled', 'dataset_consumes_1' retrieved from /home/growlt245/.local/lib/python3.10/site-packages/airflow/example_dags/example_datasets.py
[2024-07-19T09:20:00.906+0530] {logging_mixin.py:188} INFO - [2024-07-19T09:20:00.906+0530] {dag.py:3089} INFO - Sync 10 DAGs
[2024-07-19T09:20:00.916+0530] {logging_mixin.py:188} INFO - [2024-07-19T09:20:00.916+0530] {dag.py:3947} INFO - Setting next_dagrun for conditional_dataset_and_time_based_timetable to 2024-07-17 01:00:00+00:00, run_after=2024-07-17 01:00:00+00:00
[2024-07-19T09:20:00.917+0530] {logging_mixin.py:188} INFO - [2024-07-19T09:20:00.917+0530] {dag.py:3947} INFO - Setting next_dagrun for consume_1_and_2_with_dataset_expressions to None, run_after=None
[2024-07-19T09:20:00.918+0530] {logging_mixin.py:188} INFO - [2024-07-19T09:20:00.918+0530] {dag.py:3947} INFO - Setting next_dagrun for consume_1_or_2_with_dataset_expressions to None, run_after=None
[2024-07-19T09:20:00.918+0530] {logging_mixin.py:188} INFO - [2024-07-19T09:20:00.918+0530] {dag.py:3947} INFO - Setting next_dagrun for consume_1_or_both_2_and_3_with_dataset_expressions to None, run_after=None
[2024-07-19T09:20:00.919+0530] {logging_mixin.py:188} INFO - [2024-07-19T09:20:00.919+0530] {dag.py:3947} INFO - Setting next_dagrun for dataset_consumes_1 to None, run_after=None
[2024-07-19T09:20:00.919+0530] {logging_mixin.py:188} INFO - [2024-07-19T09:20:00.919+0530] {dag.py:3947} INFO - Setting next_dagrun for dataset_consumes_1_and_2 to None, run_after=None
[2024-07-19T09:20:00.919+0530] {logging_mixin.py:188} INFO - [2024-07-19T09:20:00.919+0530] {dag.py:3947} INFO - Setting next_dagrun for dataset_consumes_1_never_scheduled to None, run_after=None
[2024-07-19T09:20:00.920+0530] {logging_mixin.py:188} INFO - [2024-07-19T09:20:00.920+0530] {dag.py:3947} INFO - Setting next_dagrun for dataset_consumes_unknown_never_scheduled to None, run_after=None
[2024-07-19T09:20:00.921+0530] {logging_mixin.py:188} INFO - [2024-07-19T09:20:00.921+0530] {dag.py:3947} INFO - Setting next_dagrun for dataset_produces_1 to 2024-07-18 00:00:00+00:00, run_after=2024-07-19 00:00:00+00:00
[2024-07-19T09:20:00.921+0530] {logging_mixin.py:188} INFO - [2024-07-19T09:20:00.921+0530] {dag.py:3947} INFO - Setting next_dagrun for dataset_produces_2 to None, run_after=None
[2024-07-19T09:20:00.935+0530] {processor.py:183} INFO - Processing /home/growlt245/.local/lib/python3.10/site-packages/airflow/example_dags/example_datasets.py took 0.065 seconds
[2024-07-19T09:20:45.158+0530] {processor.py:161} INFO - Started process (PID=167005) to work on /home/growlt245/.local/lib/python3.10/site-packages/airflow/example_dags/example_datasets.py
[2024-07-19T09:20:45.161+0530] {processor.py:830} INFO - Processing file /home/growlt245/.local/lib/python3.10/site-packages/airflow/example_dags/example_datasets.py for tasks to queue
[2024-07-19T09:20:45.163+0530] {logging_mixin.py:188} INFO - [2024-07-19T09:20:45.162+0530] {dagbag.py:545} INFO - Filling up the DagBag from /home/growlt245/.local/lib/python3.10/site-packages/airflow/example_dags/example_datasets.py
[2024-07-19T09:20:45.174+0530] {processor.py:840} INFO - DAG(s) 'dataset_consumes_unknown_never_scheduled', 'dataset_consumes_1_never_scheduled', 'dataset_produces_1', 'dataset_consumes_1_and_2', 'consume_1_or_2_with_dataset_expressions', 'consume_1_and_2_with_dataset_expressions', 'consume_1_or_both_2_and_3_with_dataset_expressions', 'dataset_consumes_1', 'conditional_dataset_and_time_based_timetable', 'dataset_produces_2' retrieved from /home/growlt245/.local/lib/python3.10/site-packages/airflow/example_dags/example_datasets.py
[2024-07-19T09:20:45.192+0530] {logging_mixin.py:188} INFO - [2024-07-19T09:20:45.192+0530] {dag.py:3089} INFO - Sync 10 DAGs
[2024-07-19T09:20:45.202+0530] {logging_mixin.py:188} INFO - [2024-07-19T09:20:45.202+0530] {dag.py:3947} INFO - Setting next_dagrun for conditional_dataset_and_time_based_timetable to 2024-07-17 01:00:00+00:00, run_after=2024-07-17 01:00:00+00:00
[2024-07-19T09:20:45.204+0530] {logging_mixin.py:188} INFO - [2024-07-19T09:20:45.204+0530] {dag.py:3947} INFO - Setting next_dagrun for consume_1_and_2_with_dataset_expressions to None, run_after=None
[2024-07-19T09:20:45.205+0530] {logging_mixin.py:188} INFO - [2024-07-19T09:20:45.205+0530] {dag.py:3947} INFO - Setting next_dagrun for consume_1_or_2_with_dataset_expressions to None, run_after=None
[2024-07-19T09:20:45.205+0530] {logging_mixin.py:188} INFO - [2024-07-19T09:20:45.205+0530] {dag.py:3947} INFO - Setting next_dagrun for consume_1_or_both_2_and_3_with_dataset_expressions to None, run_after=None
[2024-07-19T09:20:45.206+0530] {logging_mixin.py:188} INFO - [2024-07-19T09:20:45.205+0530] {dag.py:3947} INFO - Setting next_dagrun for dataset_consumes_1 to None, run_after=None
[2024-07-19T09:20:45.206+0530] {logging_mixin.py:188} INFO - [2024-07-19T09:20:45.206+0530] {dag.py:3947} INFO - Setting next_dagrun for dataset_consumes_1_and_2 to None, run_after=None
[2024-07-19T09:20:45.208+0530] {logging_mixin.py:188} INFO - [2024-07-19T09:20:45.208+0530] {dag.py:3947} INFO - Setting next_dagrun for dataset_consumes_1_never_scheduled to None, run_after=None
[2024-07-19T09:20:45.209+0530] {logging_mixin.py:188} INFO - [2024-07-19T09:20:45.209+0530] {dag.py:3947} INFO - Setting next_dagrun for dataset_consumes_unknown_never_scheduled to None, run_after=None
[2024-07-19T09:20:45.211+0530] {logging_mixin.py:188} INFO - [2024-07-19T09:20:45.210+0530] {dag.py:3947} INFO - Setting next_dagrun for dataset_produces_1 to 2024-07-18 00:00:00+00:00, run_after=2024-07-19 00:00:00+00:00
[2024-07-19T09:20:45.211+0530] {logging_mixin.py:188} INFO - [2024-07-19T09:20:45.211+0530] {dag.py:3947} INFO - Setting next_dagrun for dataset_produces_2 to None, run_after=None
[2024-07-19T09:20:45.224+0530] {processor.py:183} INFO - Processing /home/growlt245/.local/lib/python3.10/site-packages/airflow/example_dags/example_datasets.py took 0.070 seconds
[2024-07-19T09:21:32.484+0530] {processor.py:161} INFO - Started process (PID=167317) to work on /home/growlt245/.local/lib/python3.10/site-packages/airflow/example_dags/example_datasets.py
[2024-07-19T09:21:32.487+0530] {processor.py:830} INFO - Processing file /home/growlt245/.local/lib/python3.10/site-packages/airflow/example_dags/example_datasets.py for tasks to queue
[2024-07-19T09:21:32.488+0530] {logging_mixin.py:188} INFO - [2024-07-19T09:21:32.487+0530] {dagbag.py:545} INFO - Filling up the DagBag from /home/growlt245/.local/lib/python3.10/site-packages/airflow/example_dags/example_datasets.py
[2024-07-19T09:21:32.494+0530] {processor.py:840} INFO - DAG(s) 'consume_1_or_2_with_dataset_expressions', 'consume_1_or_both_2_and_3_with_dataset_expressions', 'dataset_produces_1', 'dataset_consumes_1_never_scheduled', 'dataset_consumes_unknown_never_scheduled', 'dataset_produces_2', 'conditional_dataset_and_time_based_timetable', 'dataset_consumes_1_and_2', 'consume_1_and_2_with_dataset_expressions', 'dataset_consumes_1' retrieved from /home/growlt245/.local/lib/python3.10/site-packages/airflow/example_dags/example_datasets.py
[2024-07-19T09:21:32.511+0530] {logging_mixin.py:188} INFO - [2024-07-19T09:21:32.511+0530] {dag.py:3089} INFO - Sync 10 DAGs
[2024-07-19T09:21:32.520+0530] {logging_mixin.py:188} INFO - [2024-07-19T09:21:32.520+0530] {dag.py:3947} INFO - Setting next_dagrun for conditional_dataset_and_time_based_timetable to 2024-07-17 01:00:00+00:00, run_after=2024-07-17 01:00:00+00:00
[2024-07-19T09:21:32.522+0530] {logging_mixin.py:188} INFO - [2024-07-19T09:21:32.522+0530] {dag.py:3947} INFO - Setting next_dagrun for consume_1_and_2_with_dataset_expressions to None, run_after=None
[2024-07-19T09:21:32.522+0530] {logging_mixin.py:188} INFO - [2024-07-19T09:21:32.522+0530] {dag.py:3947} INFO - Setting next_dagrun for consume_1_or_2_with_dataset_expressions to None, run_after=None
[2024-07-19T09:21:32.523+0530] {logging_mixin.py:188} INFO - [2024-07-19T09:21:32.523+0530] {dag.py:3947} INFO - Setting next_dagrun for consume_1_or_both_2_and_3_with_dataset_expressions to None, run_after=None
[2024-07-19T09:21:32.523+0530] {logging_mixin.py:188} INFO - [2024-07-19T09:21:32.523+0530] {dag.py:3947} INFO - Setting next_dagrun for dataset_consumes_1 to None, run_after=None
[2024-07-19T09:21:32.523+0530] {logging_mixin.py:188} INFO - [2024-07-19T09:21:32.523+0530] {dag.py:3947} INFO - Setting next_dagrun for dataset_consumes_1_and_2 to None, run_after=None
[2024-07-19T09:21:32.524+0530] {logging_mixin.py:188} INFO - [2024-07-19T09:21:32.524+0530] {dag.py:3947} INFO - Setting next_dagrun for dataset_consumes_1_never_scheduled to None, run_after=None
[2024-07-19T09:21:32.524+0530] {logging_mixin.py:188} INFO - [2024-07-19T09:21:32.524+0530] {dag.py:3947} INFO - Setting next_dagrun for dataset_consumes_unknown_never_scheduled to None, run_after=None
[2024-07-19T09:21:32.525+0530] {logging_mixin.py:188} INFO - [2024-07-19T09:21:32.525+0530] {dag.py:3947} INFO - Setting next_dagrun for dataset_produces_1 to 2024-07-18 00:00:00+00:00, run_after=2024-07-19 00:00:00+00:00
[2024-07-19T09:21:32.526+0530] {logging_mixin.py:188} INFO - [2024-07-19T09:21:32.526+0530] {dag.py:3947} INFO - Setting next_dagrun for dataset_produces_2 to None, run_after=None
[2024-07-19T09:21:32.540+0530] {processor.py:183} INFO - Processing /home/growlt245/.local/lib/python3.10/site-packages/airflow/example_dags/example_datasets.py took 0.060 seconds
[2024-07-19T09:22:26.891+0530] {processor.py:161} INFO - Started process (PID=167633) to work on /home/growlt245/.local/lib/python3.10/site-packages/airflow/example_dags/example_datasets.py
[2024-07-19T09:22:26.893+0530] {processor.py:830} INFO - Processing file /home/growlt245/.local/lib/python3.10/site-packages/airflow/example_dags/example_datasets.py for tasks to queue
[2024-07-19T09:22:26.894+0530] {logging_mixin.py:188} INFO - [2024-07-19T09:22:26.894+0530] {dagbag.py:545} INFO - Filling up the DagBag from /home/growlt245/.local/lib/python3.10/site-packages/airflow/example_dags/example_datasets.py
[2024-07-19T09:22:26.901+0530] {processor.py:840} INFO - DAG(s) 'consume_1_or_both_2_and_3_with_dataset_expressions', 'consume_1_or_2_with_dataset_expressions', 'dataset_consumes_1', 'dataset_consumes_unknown_never_scheduled', 'conditional_dataset_and_time_based_timetable', 'dataset_produces_2', 'dataset_consumes_1_and_2', 'dataset_consumes_1_never_scheduled', 'consume_1_and_2_with_dataset_expressions', 'dataset_produces_1' retrieved from /home/growlt245/.local/lib/python3.10/site-packages/airflow/example_dags/example_datasets.py
[2024-07-19T09:22:26.918+0530] {logging_mixin.py:188} INFO - [2024-07-19T09:22:26.918+0530] {dag.py:3089} INFO - Sync 10 DAGs
[2024-07-19T09:22:26.928+0530] {logging_mixin.py:188} INFO - [2024-07-19T09:22:26.928+0530] {dag.py:3947} INFO - Setting next_dagrun for conditional_dataset_and_time_based_timetable to 2024-07-17 01:00:00+00:00, run_after=2024-07-17 01:00:00+00:00
[2024-07-19T09:22:26.929+0530] {logging_mixin.py:188} INFO - [2024-07-19T09:22:26.929+0530] {dag.py:3947} INFO - Setting next_dagrun for consume_1_and_2_with_dataset_expressions to None, run_after=None
[2024-07-19T09:22:26.930+0530] {logging_mixin.py:188} INFO - [2024-07-19T09:22:26.930+0530] {dag.py:3947} INFO - Setting next_dagrun for consume_1_or_2_with_dataset_expressions to None, run_after=None
[2024-07-19T09:22:26.930+0530] {logging_mixin.py:188} INFO - [2024-07-19T09:22:26.930+0530] {dag.py:3947} INFO - Setting next_dagrun for consume_1_or_both_2_and_3_with_dataset_expressions to None, run_after=None
[2024-07-19T09:22:26.931+0530] {logging_mixin.py:188} INFO - [2024-07-19T09:22:26.930+0530] {dag.py:3947} INFO - Setting next_dagrun for dataset_consumes_1 to None, run_after=None
[2024-07-19T09:22:26.931+0530] {logging_mixin.py:188} INFO - [2024-07-19T09:22:26.931+0530] {dag.py:3947} INFO - Setting next_dagrun for dataset_consumes_1_and_2 to None, run_after=None
[2024-07-19T09:22:26.931+0530] {logging_mixin.py:188} INFO - [2024-07-19T09:22:26.931+0530] {dag.py:3947} INFO - Setting next_dagrun for dataset_consumes_1_never_scheduled to None, run_after=None
[2024-07-19T09:22:26.932+0530] {logging_mixin.py:188} INFO - [2024-07-19T09:22:26.932+0530] {dag.py:3947} INFO - Setting next_dagrun for dataset_consumes_unknown_never_scheduled to None, run_after=None
[2024-07-19T09:22:26.933+0530] {logging_mixin.py:188} INFO - [2024-07-19T09:22:26.933+0530] {dag.py:3947} INFO - Setting next_dagrun for dataset_produces_1 to 2024-07-18 00:00:00+00:00, run_after=2024-07-19 00:00:00+00:00
[2024-07-19T09:22:26.934+0530] {logging_mixin.py:188} INFO - [2024-07-19T09:22:26.934+0530] {dag.py:3947} INFO - Setting next_dagrun for dataset_produces_2 to None, run_after=None
[2024-07-19T09:22:26.947+0530] {processor.py:183} INFO - Processing /home/growlt245/.local/lib/python3.10/site-packages/airflow/example_dags/example_datasets.py took 0.059 seconds
[2024-07-19T09:23:15.418+0530] {processor.py:161} INFO - Started process (PID=168022) to work on /home/growlt245/.local/lib/python3.10/site-packages/airflow/example_dags/example_datasets.py
[2024-07-19T09:23:15.420+0530] {processor.py:830} INFO - Processing file /home/growlt245/.local/lib/python3.10/site-packages/airflow/example_dags/example_datasets.py for tasks to queue
[2024-07-19T09:23:15.421+0530] {logging_mixin.py:188} INFO - [2024-07-19T09:23:15.421+0530] {dagbag.py:545} INFO - Filling up the DagBag from /home/growlt245/.local/lib/python3.10/site-packages/airflow/example_dags/example_datasets.py
[2024-07-19T09:23:15.427+0530] {processor.py:840} INFO - DAG(s) 'dataset_produces_1', 'dataset_produces_2', 'dataset_consumes_1_and_2', 'conditional_dataset_and_time_based_timetable', 'consume_1_or_both_2_and_3_with_dataset_expressions', 'consume_1_or_2_with_dataset_expressions', 'dataset_consumes_unknown_never_scheduled', 'dataset_consumes_1', 'dataset_consumes_1_never_scheduled', 'consume_1_and_2_with_dataset_expressions' retrieved from /home/growlt245/.local/lib/python3.10/site-packages/airflow/example_dags/example_datasets.py
[2024-07-19T09:23:15.445+0530] {logging_mixin.py:188} INFO - [2024-07-19T09:23:15.444+0530] {dag.py:3089} INFO - Sync 10 DAGs
[2024-07-19T09:23:15.455+0530] {logging_mixin.py:188} INFO - [2024-07-19T09:23:15.455+0530] {dag.py:3947} INFO - Setting next_dagrun for conditional_dataset_and_time_based_timetable to 2024-07-17 01:00:00+00:00, run_after=2024-07-17 01:00:00+00:00
[2024-07-19T09:23:15.456+0530] {logging_mixin.py:188} INFO - [2024-07-19T09:23:15.456+0530] {dag.py:3947} INFO - Setting next_dagrun for consume_1_and_2_with_dataset_expressions to None, run_after=None
[2024-07-19T09:23:15.457+0530] {logging_mixin.py:188} INFO - [2024-07-19T09:23:15.457+0530] {dag.py:3947} INFO - Setting next_dagrun for consume_1_or_2_with_dataset_expressions to None, run_after=None
[2024-07-19T09:23:15.457+0530] {logging_mixin.py:188} INFO - [2024-07-19T09:23:15.457+0530] {dag.py:3947} INFO - Setting next_dagrun for consume_1_or_both_2_and_3_with_dataset_expressions to None, run_after=None
[2024-07-19T09:23:15.457+0530] {logging_mixin.py:188} INFO - [2024-07-19T09:23:15.457+0530] {dag.py:3947} INFO - Setting next_dagrun for dataset_consumes_1 to None, run_after=None
[2024-07-19T09:23:15.458+0530] {logging_mixin.py:188} INFO - [2024-07-19T09:23:15.458+0530] {dag.py:3947} INFO - Setting next_dagrun for dataset_consumes_1_and_2 to None, run_after=None
[2024-07-19T09:23:15.458+0530] {logging_mixin.py:188} INFO - [2024-07-19T09:23:15.458+0530] {dag.py:3947} INFO - Setting next_dagrun for dataset_consumes_1_never_scheduled to None, run_after=None
[2024-07-19T09:23:15.459+0530] {logging_mixin.py:188} INFO - [2024-07-19T09:23:15.459+0530] {dag.py:3947} INFO - Setting next_dagrun for dataset_consumes_unknown_never_scheduled to None, run_after=None
[2024-07-19T09:23:15.460+0530] {logging_mixin.py:188} INFO - [2024-07-19T09:23:15.460+0530] {dag.py:3947} INFO - Setting next_dagrun for dataset_produces_1 to 2024-07-18 00:00:00+00:00, run_after=2024-07-19 00:00:00+00:00
[2024-07-19T09:23:15.460+0530] {logging_mixin.py:188} INFO - [2024-07-19T09:23:15.460+0530] {dag.py:3947} INFO - Setting next_dagrun for dataset_produces_2 to None, run_after=None
[2024-07-19T09:23:15.475+0530] {processor.py:183} INFO - Processing /home/growlt245/.local/lib/python3.10/site-packages/airflow/example_dags/example_datasets.py took 0.060 seconds
[2024-07-19T09:24:01.243+0530] {processor.py:161} INFO - Started process (PID=168181) to work on /home/growlt245/.local/lib/python3.10/site-packages/airflow/example_dags/example_datasets.py
[2024-07-19T09:24:01.246+0530] {processor.py:830} INFO - Processing file /home/growlt245/.local/lib/python3.10/site-packages/airflow/example_dags/example_datasets.py for tasks to queue
[2024-07-19T09:24:01.249+0530] {logging_mixin.py:188} INFO - [2024-07-19T09:24:01.248+0530] {dagbag.py:545} INFO - Filling up the DagBag from /home/growlt245/.local/lib/python3.10/site-packages/airflow/example_dags/example_datasets.py
[2024-07-19T09:24:01.259+0530] {processor.py:840} INFO - DAG(s) 'consume_1_or_2_with_dataset_expressions', 'conditional_dataset_and_time_based_timetable', 'dataset_consumes_1_never_scheduled', 'consume_1_and_2_with_dataset_expressions', 'dataset_consumes_1_and_2', 'dataset_consumes_1', 'dataset_consumes_unknown_never_scheduled', 'dataset_produces_1', 'consume_1_or_both_2_and_3_with_dataset_expressions', 'dataset_produces_2' retrieved from /home/growlt245/.local/lib/python3.10/site-packages/airflow/example_dags/example_datasets.py
[2024-07-19T09:24:01.279+0530] {logging_mixin.py:188} INFO - [2024-07-19T09:24:01.279+0530] {dag.py:3089} INFO - Sync 10 DAGs
[2024-07-19T09:24:01.289+0530] {logging_mixin.py:188} INFO - [2024-07-19T09:24:01.289+0530] {dag.py:3947} INFO - Setting next_dagrun for conditional_dataset_and_time_based_timetable to 2024-07-17 01:00:00+00:00, run_after=2024-07-17 01:00:00+00:00
[2024-07-19T09:24:01.291+0530] {logging_mixin.py:188} INFO - [2024-07-19T09:24:01.291+0530] {dag.py:3947} INFO - Setting next_dagrun for consume_1_and_2_with_dataset_expressions to None, run_after=None
[2024-07-19T09:24:01.291+0530] {logging_mixin.py:188} INFO - [2024-07-19T09:24:01.291+0530] {dag.py:3947} INFO - Setting next_dagrun for consume_1_or_2_with_dataset_expressions to None, run_after=None
[2024-07-19T09:24:01.292+0530] {logging_mixin.py:188} INFO - [2024-07-19T09:24:01.292+0530] {dag.py:3947} INFO - Setting next_dagrun for consume_1_or_both_2_and_3_with_dataset_expressions to None, run_after=None
[2024-07-19T09:24:01.292+0530] {logging_mixin.py:188} INFO - [2024-07-19T09:24:01.292+0530] {dag.py:3947} INFO - Setting next_dagrun for dataset_consumes_1 to None, run_after=None
[2024-07-19T09:24:01.292+0530] {logging_mixin.py:188} INFO - [2024-07-19T09:24:01.292+0530] {dag.py:3947} INFO - Setting next_dagrun for dataset_consumes_1_and_2 to None, run_after=None
[2024-07-19T09:24:01.293+0530] {logging_mixin.py:188} INFO - [2024-07-19T09:24:01.293+0530] {dag.py:3947} INFO - Setting next_dagrun for dataset_consumes_1_never_scheduled to None, run_after=None
[2024-07-19T09:24:01.293+0530] {logging_mixin.py:188} INFO - [2024-07-19T09:24:01.293+0530] {dag.py:3947} INFO - Setting next_dagrun for dataset_consumes_unknown_never_scheduled to None, run_after=None
[2024-07-19T09:24:01.294+0530] {logging_mixin.py:188} INFO - [2024-07-19T09:24:01.294+0530] {dag.py:3947} INFO - Setting next_dagrun for dataset_produces_1 to 2024-07-18 00:00:00+00:00, run_after=2024-07-19 00:00:00+00:00
[2024-07-19T09:24:01.295+0530] {logging_mixin.py:188} INFO - [2024-07-19T09:24:01.295+0530] {dag.py:3947} INFO - Setting next_dagrun for dataset_produces_2 to None, run_after=None
[2024-07-19T09:24:01.309+0530] {processor.py:183} INFO - Processing /home/growlt245/.local/lib/python3.10/site-packages/airflow/example_dags/example_datasets.py took 0.073 seconds
[2024-07-19T09:24:46.926+0530] {processor.py:161} INFO - Started process (PID=168417) to work on /home/growlt245/.local/lib/python3.10/site-packages/airflow/example_dags/example_datasets.py
[2024-07-19T09:24:46.930+0530] {processor.py:830} INFO - Processing file /home/growlt245/.local/lib/python3.10/site-packages/airflow/example_dags/example_datasets.py for tasks to queue
[2024-07-19T09:24:46.932+0530] {logging_mixin.py:188} INFO - [2024-07-19T09:24:46.931+0530] {dagbag.py:545} INFO - Filling up the DagBag from /home/growlt245/.local/lib/python3.10/site-packages/airflow/example_dags/example_datasets.py
[2024-07-19T09:24:46.943+0530] {processor.py:840} INFO - DAG(s) 'consume_1_and_2_with_dataset_expressions', 'consume_1_or_2_with_dataset_expressions', 'dataset_produces_2', 'dataset_consumes_1_never_scheduled', 'dataset_produces_1', 'dataset_consumes_1', 'consume_1_or_both_2_and_3_with_dataset_expressions', 'dataset_consumes_unknown_never_scheduled', 'conditional_dataset_and_time_based_timetable', 'dataset_consumes_1_and_2' retrieved from /home/growlt245/.local/lib/python3.10/site-packages/airflow/example_dags/example_datasets.py
[2024-07-19T09:24:46.963+0530] {logging_mixin.py:188} INFO - [2024-07-19T09:24:46.963+0530] {dag.py:3089} INFO - Sync 10 DAGs
[2024-07-19T09:24:46.973+0530] {logging_mixin.py:188} INFO - [2024-07-19T09:24:46.973+0530] {dag.py:3947} INFO - Setting next_dagrun for conditional_dataset_and_time_based_timetable to 2024-07-17 01:00:00+00:00, run_after=2024-07-17 01:00:00+00:00
[2024-07-19T09:24:46.975+0530] {logging_mixin.py:188} INFO - [2024-07-19T09:24:46.975+0530] {dag.py:3947} INFO - Setting next_dagrun for consume_1_and_2_with_dataset_expressions to None, run_after=None
[2024-07-19T09:24:46.975+0530] {logging_mixin.py:188} INFO - [2024-07-19T09:24:46.975+0530] {dag.py:3947} INFO - Setting next_dagrun for consume_1_or_2_with_dataset_expressions to None, run_after=None
[2024-07-19T09:24:46.976+0530] {logging_mixin.py:188} INFO - [2024-07-19T09:24:46.975+0530] {dag.py:3947} INFO - Setting next_dagrun for consume_1_or_both_2_and_3_with_dataset_expressions to None, run_after=None
[2024-07-19T09:24:46.976+0530] {logging_mixin.py:188} INFO - [2024-07-19T09:24:46.976+0530] {dag.py:3947} INFO - Setting next_dagrun for dataset_consumes_1 to None, run_after=None
[2024-07-19T09:24:46.976+0530] {logging_mixin.py:188} INFO - [2024-07-19T09:24:46.976+0530] {dag.py:3947} INFO - Setting next_dagrun for dataset_consumes_1_and_2 to None, run_after=None
[2024-07-19T09:24:46.977+0530] {logging_mixin.py:188} INFO - [2024-07-19T09:24:46.977+0530] {dag.py:3947} INFO - Setting next_dagrun for dataset_consumes_1_never_scheduled to None, run_after=None
[2024-07-19T09:24:46.977+0530] {logging_mixin.py:188} INFO - [2024-07-19T09:24:46.977+0530] {dag.py:3947} INFO - Setting next_dagrun for dataset_consumes_unknown_never_scheduled to None, run_after=None
[2024-07-19T09:24:46.978+0530] {logging_mixin.py:188} INFO - [2024-07-19T09:24:46.978+0530] {dag.py:3947} INFO - Setting next_dagrun for dataset_produces_1 to 2024-07-18 00:00:00+00:00, run_after=2024-07-19 00:00:00+00:00
[2024-07-19T09:24:46.979+0530] {logging_mixin.py:188} INFO - [2024-07-19T09:24:46.979+0530] {dag.py:3947} INFO - Setting next_dagrun for dataset_produces_2 to None, run_after=None
[2024-07-19T09:24:46.993+0530] {processor.py:183} INFO - Processing /home/growlt245/.local/lib/python3.10/site-packages/airflow/example_dags/example_datasets.py took 0.071 seconds
