[2024-07-19T09:01:32.099+0530] {processor.py:161} INFO - Started process (PID=157469) to work on /home/growlt245/.local/lib/python3.10/site-packages/airflow/example_dags/example_branch_labels.py
[2024-07-19T09:01:32.100+0530] {processor.py:830} INFO - Processing file /home/growlt245/.local/lib/python3.10/site-packages/airflow/example_dags/example_branch_labels.py for tasks to queue
[2024-07-19T09:01:32.101+0530] {logging_mixin.py:188} INFO - [2024-07-19T09:01:32.101+0530] {dagbag.py:545} INFO - Filling up the DagBag from /home/growlt245/.local/lib/python3.10/site-packages/airflow/example_dags/example_branch_labels.py
[2024-07-19T09:01:32.105+0530] {processor.py:840} INFO - DAG(s) 'example_branch_labels' retrieved from /home/growlt245/.local/lib/python3.10/site-packages/airflow/example_dags/example_branch_labels.py
[2024-07-19T09:01:32.113+0530] {logging_mixin.py:188} INFO - [2024-07-19T09:01:32.113+0530] {dag.py:3089} INFO - Sync 1 DAGs
[2024-07-19T09:01:32.122+0530] {logging_mixin.py:188} INFO - [2024-07-19T09:01:32.122+0530] {dag.py:3947} INFO - Setting next_dagrun for example_branch_labels to 2024-07-18 00:00:00+00:00, run_after=2024-07-19 00:00:00+00:00
[2024-07-19T09:01:32.131+0530] {processor.py:183} INFO - Processing /home/growlt245/.local/lib/python3.10/site-packages/airflow/example_dags/example_branch_labels.py took 0.036 seconds
[2024-07-19T09:15:48.811+0530] {processor.py:161} INFO - Started process (PID=164333) to work on /home/growlt245/.local/lib/python3.10/site-packages/airflow/example_dags/example_branch_labels.py
[2024-07-19T09:15:48.814+0530] {processor.py:830} INFO - Processing file /home/growlt245/.local/lib/python3.10/site-packages/airflow/example_dags/example_branch_labels.py for tasks to queue
[2024-07-19T09:15:48.815+0530] {logging_mixin.py:188} INFO - [2024-07-19T09:15:48.815+0530] {dagbag.py:545} INFO - Filling up the DagBag from /home/growlt245/.local/lib/python3.10/site-packages/airflow/example_dags/example_branch_labels.py
[2024-07-19T09:15:48.822+0530] {processor.py:840} INFO - DAG(s) 'example_branch_labels' retrieved from /home/growlt245/.local/lib/python3.10/site-packages/airflow/example_dags/example_branch_labels.py
[2024-07-19T09:15:48.831+0530] {logging_mixin.py:188} INFO - [2024-07-19T09:15:48.831+0530] {dag.py:3089} INFO - Sync 1 DAGs
[2024-07-19T09:15:48.848+0530] {logging_mixin.py:188} INFO - [2024-07-19T09:15:48.847+0530] {dag.py:3947} INFO - Setting next_dagrun for example_branch_labels to 2024-07-18 00:00:00+00:00, run_after=2024-07-19 00:00:00+00:00
[2024-07-19T09:15:48.864+0530] {processor.py:183} INFO - Processing /home/growlt245/.local/lib/python3.10/site-packages/airflow/example_dags/example_branch_labels.py took 0.056 seconds
[2024-07-19T09:16:46.667+0530] {processor.py:161} INFO - Started process (PID=164537) to work on /home/growlt245/.local/lib/python3.10/site-packages/airflow/example_dags/example_branch_labels.py
[2024-07-19T09:16:46.669+0530] {processor.py:830} INFO - Processing file /home/growlt245/.local/lib/python3.10/site-packages/airflow/example_dags/example_branch_labels.py for tasks to queue
[2024-07-19T09:16:46.671+0530] {logging_mixin.py:188} INFO - [2024-07-19T09:16:46.671+0530] {dagbag.py:545} INFO - Filling up the DagBag from /home/growlt245/.local/lib/python3.10/site-packages/airflow/example_dags/example_branch_labels.py
[2024-07-19T09:16:46.677+0530] {processor.py:840} INFO - DAG(s) 'example_branch_labels' retrieved from /home/growlt245/.local/lib/python3.10/site-packages/airflow/example_dags/example_branch_labels.py
[2024-07-19T09:16:46.686+0530] {logging_mixin.py:188} INFO - [2024-07-19T09:16:46.686+0530] {dag.py:3089} INFO - Sync 1 DAGs
[2024-07-19T09:16:46.695+0530] {logging_mixin.py:188} INFO - [2024-07-19T09:16:46.695+0530] {dag.py:3947} INFO - Setting next_dagrun for example_branch_labels to 2024-07-18 00:00:00+00:00, run_after=2024-07-19 00:00:00+00:00
[2024-07-19T09:16:46.706+0530] {processor.py:183} INFO - Processing /home/growlt245/.local/lib/python3.10/site-packages/airflow/example_dags/example_branch_labels.py took 0.043 seconds
[2024-07-19T09:17:36.718+0530] {processor.py:161} INFO - Started process (PID=165319) to work on /home/growlt245/.local/lib/python3.10/site-packages/airflow/example_dags/example_branch_labels.py
[2024-07-19T09:17:36.719+0530] {processor.py:830} INFO - Processing file /home/growlt245/.local/lib/python3.10/site-packages/airflow/example_dags/example_branch_labels.py for tasks to queue
[2024-07-19T09:17:36.720+0530] {logging_mixin.py:188} INFO - [2024-07-19T09:17:36.720+0530] {dagbag.py:545} INFO - Filling up the DagBag from /home/growlt245/.local/lib/python3.10/site-packages/airflow/example_dags/example_branch_labels.py
[2024-07-19T09:17:36.724+0530] {processor.py:840} INFO - DAG(s) 'example_branch_labels' retrieved from /home/growlt245/.local/lib/python3.10/site-packages/airflow/example_dags/example_branch_labels.py
[2024-07-19T09:17:36.732+0530] {logging_mixin.py:188} INFO - [2024-07-19T09:17:36.732+0530] {dag.py:3089} INFO - Sync 1 DAGs
[2024-07-19T09:17:36.740+0530] {logging_mixin.py:188} INFO - [2024-07-19T09:17:36.740+0530] {dag.py:3947} INFO - Setting next_dagrun for example_branch_labels to 2024-07-18 00:00:00+00:00, run_after=2024-07-19 00:00:00+00:00
[2024-07-19T09:17:36.750+0530] {processor.py:183} INFO - Processing /home/growlt245/.local/lib/python3.10/site-packages/airflow/example_dags/example_branch_labels.py took 0.034 seconds
[2024-07-19T09:18:30.061+0530] {processor.py:161} INFO - Started process (PID=166177) to work on /home/growlt245/.local/lib/python3.10/site-packages/airflow/example_dags/example_branch_labels.py
[2024-07-19T09:18:30.064+0530] {processor.py:830} INFO - Processing file /home/growlt245/.local/lib/python3.10/site-packages/airflow/example_dags/example_branch_labels.py for tasks to queue
[2024-07-19T09:18:30.065+0530] {logging_mixin.py:188} INFO - [2024-07-19T09:18:30.064+0530] {dagbag.py:545} INFO - Filling up the DagBag from /home/growlt245/.local/lib/python3.10/site-packages/airflow/example_dags/example_branch_labels.py
[2024-07-19T09:18:30.070+0530] {processor.py:840} INFO - DAG(s) 'example_branch_labels' retrieved from /home/growlt245/.local/lib/python3.10/site-packages/airflow/example_dags/example_branch_labels.py
[2024-07-19T09:18:30.082+0530] {logging_mixin.py:188} INFO - [2024-07-19T09:18:30.082+0530] {dag.py:3089} INFO - Sync 1 DAGs
[2024-07-19T09:18:30.092+0530] {logging_mixin.py:188} INFO - [2024-07-19T09:18:30.092+0530] {dag.py:3947} INFO - Setting next_dagrun for example_branch_labels to 2024-07-18 00:00:00+00:00, run_after=2024-07-19 00:00:00+00:00
[2024-07-19T09:18:30.102+0530] {processor.py:183} INFO - Processing /home/growlt245/.local/lib/python3.10/site-packages/airflow/example_dags/example_branch_labels.py took 0.045 seconds
[2024-07-19T09:19:22.628+0530] {processor.py:161} INFO - Started process (PID=166449) to work on /home/growlt245/.local/lib/python3.10/site-packages/airflow/example_dags/example_branch_labels.py
[2024-07-19T09:19:22.629+0530] {processor.py:830} INFO - Processing file /home/growlt245/.local/lib/python3.10/site-packages/airflow/example_dags/example_branch_labels.py for tasks to queue
[2024-07-19T09:19:22.630+0530] {logging_mixin.py:188} INFO - [2024-07-19T09:19:22.630+0530] {dagbag.py:545} INFO - Filling up the DagBag from /home/growlt245/.local/lib/python3.10/site-packages/airflow/example_dags/example_branch_labels.py
[2024-07-19T09:19:22.635+0530] {processor.py:840} INFO - DAG(s) 'example_branch_labels' retrieved from /home/growlt245/.local/lib/python3.10/site-packages/airflow/example_dags/example_branch_labels.py
[2024-07-19T09:19:22.643+0530] {logging_mixin.py:188} INFO - [2024-07-19T09:19:22.643+0530] {dag.py:3089} INFO - Sync 1 DAGs
[2024-07-19T09:19:22.656+0530] {logging_mixin.py:188} INFO - [2024-07-19T09:19:22.655+0530] {dag.py:3947} INFO - Setting next_dagrun for example_branch_labels to 2024-07-18 00:00:00+00:00, run_after=2024-07-19 00:00:00+00:00
[2024-07-19T09:19:22.668+0530] {processor.py:183} INFO - Processing /home/growlt245/.local/lib/python3.10/site-packages/airflow/example_dags/example_branch_labels.py took 0.045 seconds
[2024-07-19T09:20:07.965+0530] {processor.py:161} INFO - Started process (PID=166673) to work on /home/growlt245/.local/lib/python3.10/site-packages/airflow/example_dags/example_branch_labels.py
[2024-07-19T09:20:07.967+0530] {processor.py:830} INFO - Processing file /home/growlt245/.local/lib/python3.10/site-packages/airflow/example_dags/example_branch_labels.py for tasks to queue
[2024-07-19T09:20:07.968+0530] {logging_mixin.py:188} INFO - [2024-07-19T09:20:07.968+0530] {dagbag.py:545} INFO - Filling up the DagBag from /home/growlt245/.local/lib/python3.10/site-packages/airflow/example_dags/example_branch_labels.py
[2024-07-19T09:20:07.973+0530] {processor.py:840} INFO - DAG(s) 'example_branch_labels' retrieved from /home/growlt245/.local/lib/python3.10/site-packages/airflow/example_dags/example_branch_labels.py
[2024-07-19T09:20:07.980+0530] {logging_mixin.py:188} INFO - [2024-07-19T09:20:07.980+0530] {dag.py:3089} INFO - Sync 1 DAGs
[2024-07-19T09:20:07.989+0530] {logging_mixin.py:188} INFO - [2024-07-19T09:20:07.989+0530] {dag.py:3947} INFO - Setting next_dagrun for example_branch_labels to 2024-07-18 00:00:00+00:00, run_after=2024-07-19 00:00:00+00:00
[2024-07-19T09:20:07.998+0530] {processor.py:183} INFO - Processing /home/growlt245/.local/lib/python3.10/site-packages/airflow/example_dags/example_branch_labels.py took 0.036 seconds
[2024-07-19T09:20:51.227+0530] {processor.py:161} INFO - Started process (PID=167041) to work on /home/growlt245/.local/lib/python3.10/site-packages/airflow/example_dags/example_branch_labels.py
[2024-07-19T09:20:51.228+0530] {processor.py:830} INFO - Processing file /home/growlt245/.local/lib/python3.10/site-packages/airflow/example_dags/example_branch_labels.py for tasks to queue
[2024-07-19T09:20:51.229+0530] {logging_mixin.py:188} INFO - [2024-07-19T09:20:51.228+0530] {dagbag.py:545} INFO - Filling up the DagBag from /home/growlt245/.local/lib/python3.10/site-packages/airflow/example_dags/example_branch_labels.py
[2024-07-19T09:20:51.235+0530] {processor.py:840} INFO - DAG(s) 'example_branch_labels' retrieved from /home/growlt245/.local/lib/python3.10/site-packages/airflow/example_dags/example_branch_labels.py
[2024-07-19T09:20:51.243+0530] {logging_mixin.py:188} INFO - [2024-07-19T09:20:51.243+0530] {dag.py:3089} INFO - Sync 1 DAGs
[2024-07-19T09:20:51.253+0530] {logging_mixin.py:188} INFO - [2024-07-19T09:20:51.253+0530] {dag.py:3947} INFO - Setting next_dagrun for example_branch_labels to 2024-07-18 00:00:00+00:00, run_after=2024-07-19 00:00:00+00:00
[2024-07-19T09:20:51.263+0530] {processor.py:183} INFO - Processing /home/growlt245/.local/lib/python3.10/site-packages/airflow/example_dags/example_branch_labels.py took 0.041 seconds
[2024-07-19T09:21:39.757+0530] {processor.py:161} INFO - Started process (PID=167378) to work on /home/growlt245/.local/lib/python3.10/site-packages/airflow/example_dags/example_branch_labels.py
[2024-07-19T09:21:39.759+0530] {processor.py:830} INFO - Processing file /home/growlt245/.local/lib/python3.10/site-packages/airflow/example_dags/example_branch_labels.py for tasks to queue
[2024-07-19T09:21:39.760+0530] {logging_mixin.py:188} INFO - [2024-07-19T09:21:39.760+0530] {dagbag.py:545} INFO - Filling up the DagBag from /home/growlt245/.local/lib/python3.10/site-packages/airflow/example_dags/example_branch_labels.py
[2024-07-19T09:21:39.765+0530] {processor.py:840} INFO - DAG(s) 'example_branch_labels' retrieved from /home/growlt245/.local/lib/python3.10/site-packages/airflow/example_dags/example_branch_labels.py
[2024-07-19T09:21:39.772+0530] {logging_mixin.py:188} INFO - [2024-07-19T09:21:39.772+0530] {dag.py:3089} INFO - Sync 1 DAGs
[2024-07-19T09:21:39.781+0530] {logging_mixin.py:188} INFO - [2024-07-19T09:21:39.781+0530] {dag.py:3947} INFO - Setting next_dagrun for example_branch_labels to 2024-07-18 00:00:00+00:00, run_after=2024-07-19 00:00:00+00:00
[2024-07-19T09:21:39.790+0530] {processor.py:183} INFO - Processing /home/growlt245/.local/lib/python3.10/site-packages/airflow/example_dags/example_branch_labels.py took 0.036 seconds
[2024-07-19T09:22:34.669+0530] {processor.py:161} INFO - Started process (PID=167667) to work on /home/growlt245/.local/lib/python3.10/site-packages/airflow/example_dags/example_branch_labels.py
[2024-07-19T09:22:34.672+0530] {processor.py:830} INFO - Processing file /home/growlt245/.local/lib/python3.10/site-packages/airflow/example_dags/example_branch_labels.py for tasks to queue
[2024-07-19T09:22:34.674+0530] {logging_mixin.py:188} INFO - [2024-07-19T09:22:34.673+0530] {dagbag.py:545} INFO - Filling up the DagBag from /home/growlt245/.local/lib/python3.10/site-packages/airflow/example_dags/example_branch_labels.py
[2024-07-19T09:22:34.682+0530] {processor.py:840} INFO - DAG(s) 'example_branch_labels' retrieved from /home/growlt245/.local/lib/python3.10/site-packages/airflow/example_dags/example_branch_labels.py
[2024-07-19T09:22:34.691+0530] {logging_mixin.py:188} INFO - [2024-07-19T09:22:34.691+0530] {dag.py:3089} INFO - Sync 1 DAGs
[2024-07-19T09:22:34.700+0530] {logging_mixin.py:188} INFO - [2024-07-19T09:22:34.700+0530] {dag.py:3947} INFO - Setting next_dagrun for example_branch_labels to 2024-07-18 00:00:00+00:00, run_after=2024-07-19 00:00:00+00:00
[2024-07-19T09:22:34.710+0530] {processor.py:183} INFO - Processing /home/growlt245/.local/lib/python3.10/site-packages/airflow/example_dags/example_branch_labels.py took 0.044 seconds
[2024-07-19T09:23:21.350+0530] {processor.py:161} INFO - Started process (PID=168042) to work on /home/growlt245/.local/lib/python3.10/site-packages/airflow/example_dags/example_branch_labels.py
[2024-07-19T09:23:21.352+0530] {processor.py:830} INFO - Processing file /home/growlt245/.local/lib/python3.10/site-packages/airflow/example_dags/example_branch_labels.py for tasks to queue
[2024-07-19T09:23:21.353+0530] {logging_mixin.py:188} INFO - [2024-07-19T09:23:21.353+0530] {dagbag.py:545} INFO - Filling up the DagBag from /home/growlt245/.local/lib/python3.10/site-packages/airflow/example_dags/example_branch_labels.py
[2024-07-19T09:23:21.357+0530] {processor.py:840} INFO - DAG(s) 'example_branch_labels' retrieved from /home/growlt245/.local/lib/python3.10/site-packages/airflow/example_dags/example_branch_labels.py
[2024-07-19T09:23:21.364+0530] {logging_mixin.py:188} INFO - [2024-07-19T09:23:21.364+0530] {dag.py:3089} INFO - Sync 1 DAGs
[2024-07-19T09:23:21.373+0530] {logging_mixin.py:188} INFO - [2024-07-19T09:23:21.373+0530] {dag.py:3947} INFO - Setting next_dagrun for example_branch_labels to 2024-07-18 00:00:00+00:00, run_after=2024-07-19 00:00:00+00:00
[2024-07-19T09:23:21.383+0530] {processor.py:183} INFO - Processing /home/growlt245/.local/lib/python3.10/site-packages/airflow/example_dags/example_branch_labels.py took 0.036 seconds
[2024-07-19T09:24:07.670+0530] {processor.py:161} INFO - Started process (PID=168197) to work on /home/growlt245/.local/lib/python3.10/site-packages/airflow/example_dags/example_branch_labels.py
[2024-07-19T09:24:07.672+0530] {processor.py:830} INFO - Processing file /home/growlt245/.local/lib/python3.10/site-packages/airflow/example_dags/example_branch_labels.py for tasks to queue
[2024-07-19T09:24:07.673+0530] {logging_mixin.py:188} INFO - [2024-07-19T09:24:07.673+0530] {dagbag.py:545} INFO - Filling up the DagBag from /home/growlt245/.local/lib/python3.10/site-packages/airflow/example_dags/example_branch_labels.py
[2024-07-19T09:24:07.680+0530] {processor.py:840} INFO - DAG(s) 'example_branch_labels' retrieved from /home/growlt245/.local/lib/python3.10/site-packages/airflow/example_dags/example_branch_labels.py
[2024-07-19T09:24:07.690+0530] {logging_mixin.py:188} INFO - [2024-07-19T09:24:07.690+0530] {dag.py:3089} INFO - Sync 1 DAGs
[2024-07-19T09:24:07.699+0530] {logging_mixin.py:188} INFO - [2024-07-19T09:24:07.699+0530] {dag.py:3947} INFO - Setting next_dagrun for example_branch_labels to 2024-07-18 00:00:00+00:00, run_after=2024-07-19 00:00:00+00:00
[2024-07-19T09:24:07.709+0530] {processor.py:183} INFO - Processing /home/growlt245/.local/lib/python3.10/site-packages/airflow/example_dags/example_branch_labels.py took 0.042 seconds
[2024-07-19T09:24:54.027+0530] {processor.py:161} INFO - Started process (PID=168453) to work on /home/growlt245/.local/lib/python3.10/site-packages/airflow/example_dags/example_branch_labels.py
[2024-07-19T09:24:54.030+0530] {processor.py:830} INFO - Processing file /home/growlt245/.local/lib/python3.10/site-packages/airflow/example_dags/example_branch_labels.py for tasks to queue
[2024-07-19T09:24:54.032+0530] {logging_mixin.py:188} INFO - [2024-07-19T09:24:54.031+0530] {dagbag.py:545} INFO - Filling up the DagBag from /home/growlt245/.local/lib/python3.10/site-packages/airflow/example_dags/example_branch_labels.py
[2024-07-19T09:24:54.039+0530] {processor.py:840} INFO - DAG(s) 'example_branch_labels' retrieved from /home/growlt245/.local/lib/python3.10/site-packages/airflow/example_dags/example_branch_labels.py
[2024-07-19T09:24:54.048+0530] {logging_mixin.py:188} INFO - [2024-07-19T09:24:54.047+0530] {dag.py:3089} INFO - Sync 1 DAGs
[2024-07-19T09:24:54.056+0530] {logging_mixin.py:188} INFO - [2024-07-19T09:24:54.056+0530] {dag.py:3947} INFO - Setting next_dagrun for example_branch_labels to 2024-07-18 00:00:00+00:00, run_after=2024-07-19 00:00:00+00:00
[2024-07-19T09:24:54.066+0530] {processor.py:183} INFO - Processing /home/growlt245/.local/lib/python3.10/site-packages/airflow/example_dags/example_branch_labels.py took 0.044 seconds
[2024-07-19T09:25:44.408+0530] {processor.py:161} INFO - Started process (PID=168864) to work on /home/growlt245/.local/lib/python3.10/site-packages/airflow/example_dags/example_branch_labels.py
[2024-07-19T09:25:44.410+0530] {processor.py:830} INFO - Processing file /home/growlt245/.local/lib/python3.10/site-packages/airflow/example_dags/example_branch_labels.py for tasks to queue
[2024-07-19T09:25:44.411+0530] {logging_mixin.py:188} INFO - [2024-07-19T09:25:44.411+0530] {dagbag.py:545} INFO - Filling up the DagBag from /home/growlt245/.local/lib/python3.10/site-packages/airflow/example_dags/example_branch_labels.py
[2024-07-19T09:25:44.417+0530] {processor.py:840} INFO - DAG(s) 'example_branch_labels' retrieved from /home/growlt245/.local/lib/python3.10/site-packages/airflow/example_dags/example_branch_labels.py
[2024-07-19T09:25:44.426+0530] {logging_mixin.py:188} INFO - [2024-07-19T09:25:44.426+0530] {dag.py:3089} INFO - Sync 1 DAGs
[2024-07-19T09:25:44.435+0530] {logging_mixin.py:188} INFO - [2024-07-19T09:25:44.435+0530] {dag.py:3947} INFO - Setting next_dagrun for example_branch_labels to 2024-07-18 00:00:00+00:00, run_after=2024-07-19 00:00:00+00:00
[2024-07-19T09:25:44.444+0530] {processor.py:183} INFO - Processing /home/growlt245/.local/lib/python3.10/site-packages/airflow/example_dags/example_branch_labels.py took 0.039 seconds
[2024-07-19T09:26:31.907+0530] {processor.py:161} INFO - Started process (PID=169010) to work on /home/growlt245/.local/lib/python3.10/site-packages/airflow/example_dags/example_branch_labels.py
[2024-07-19T09:26:31.910+0530] {processor.py:830} INFO - Processing file /home/growlt245/.local/lib/python3.10/site-packages/airflow/example_dags/example_branch_labels.py for tasks to queue
[2024-07-19T09:26:31.912+0530] {logging_mixin.py:188} INFO - [2024-07-19T09:26:31.911+0530] {dagbag.py:545} INFO - Filling up the DagBag from /home/growlt245/.local/lib/python3.10/site-packages/airflow/example_dags/example_branch_labels.py
[2024-07-19T09:26:31.920+0530] {processor.py:840} INFO - DAG(s) 'example_branch_labels' retrieved from /home/growlt245/.local/lib/python3.10/site-packages/airflow/example_dags/example_branch_labels.py
[2024-07-19T09:26:31.929+0530] {logging_mixin.py:188} INFO - [2024-07-19T09:26:31.929+0530] {dag.py:3089} INFO - Sync 1 DAGs
[2024-07-19T09:26:31.938+0530] {logging_mixin.py:188} INFO - [2024-07-19T09:26:31.938+0530] {dag.py:3947} INFO - Setting next_dagrun for example_branch_labels to 2024-07-18 00:00:00+00:00, run_after=2024-07-19 00:00:00+00:00
[2024-07-19T09:26:31.948+0530] {processor.py:183} INFO - Processing /home/growlt245/.local/lib/python3.10/site-packages/airflow/example_dags/example_branch_labels.py took 0.045 seconds
[2024-07-19T09:27:17.108+0530] {processor.py:161} INFO - Started process (PID=169282) to work on /home/growlt245/.local/lib/python3.10/site-packages/airflow/example_dags/example_branch_labels.py
[2024-07-19T09:27:17.111+0530] {processor.py:830} INFO - Processing file /home/growlt245/.local/lib/python3.10/site-packages/airflow/example_dags/example_branch_labels.py for tasks to queue
[2024-07-19T09:27:17.112+0530] {logging_mixin.py:188} INFO - [2024-07-19T09:27:17.112+0530] {dagbag.py:545} INFO - Filling up the DagBag from /home/growlt245/.local/lib/python3.10/site-packages/airflow/example_dags/example_branch_labels.py
[2024-07-19T09:27:17.117+0530] {processor.py:840} INFO - DAG(s) 'example_branch_labels' retrieved from /home/growlt245/.local/lib/python3.10/site-packages/airflow/example_dags/example_branch_labels.py
[2024-07-19T09:27:17.125+0530] {logging_mixin.py:188} INFO - [2024-07-19T09:27:17.125+0530] {dag.py:3089} INFO - Sync 1 DAGs
[2024-07-19T09:27:17.134+0530] {logging_mixin.py:188} INFO - [2024-07-19T09:27:17.134+0530] {dag.py:3947} INFO - Setting next_dagrun for example_branch_labels to 2024-07-18 00:00:00+00:00, run_after=2024-07-19 00:00:00+00:00
[2024-07-19T09:27:17.143+0530] {processor.py:183} INFO - Processing /home/growlt245/.local/lib/python3.10/site-packages/airflow/example_dags/example_branch_labels.py took 0.037 seconds
[2024-07-19T09:28:05.601+0530] {processor.py:161} INFO - Started process (PID=169572) to work on /home/growlt245/.local/lib/python3.10/site-packages/airflow/example_dags/example_branch_labels.py
[2024-07-19T09:28:05.604+0530] {processor.py:830} INFO - Processing file /home/growlt245/.local/lib/python3.10/site-packages/airflow/example_dags/example_branch_labels.py for tasks to queue
[2024-07-19T09:28:05.605+0530] {logging_mixin.py:188} INFO - [2024-07-19T09:28:05.605+0530] {dagbag.py:545} INFO - Filling up the DagBag from /home/growlt245/.local/lib/python3.10/site-packages/airflow/example_dags/example_branch_labels.py
[2024-07-19T09:28:05.611+0530] {processor.py:840} INFO - DAG(s) 'example_branch_labels' retrieved from /home/growlt245/.local/lib/python3.10/site-packages/airflow/example_dags/example_branch_labels.py
[2024-07-19T09:28:05.618+0530] {logging_mixin.py:188} INFO - [2024-07-19T09:28:05.618+0530] {dag.py:3089} INFO - Sync 1 DAGs
[2024-07-19T09:28:05.629+0530] {logging_mixin.py:188} INFO - [2024-07-19T09:28:05.629+0530] {dag.py:3947} INFO - Setting next_dagrun for example_branch_labels to 2024-07-18 00:00:00+00:00, run_after=2024-07-19 00:00:00+00:00
[2024-07-19T09:28:05.639+0530] {processor.py:183} INFO - Processing /home/growlt245/.local/lib/python3.10/site-packages/airflow/example_dags/example_branch_labels.py took 0.041 seconds
