[2024-07-19T08:57:30.269+0530] {processor.py:161} INFO - Started process (PID=155696) to work on /home/growlt245/.local/lib/python3.10/site-packages/airflow/example_dags/tutorial_taskflow_api_virtualenv.py
[2024-07-19T08:57:30.270+0530] {processor.py:830} INFO - Processing file /home/growlt245/.local/lib/python3.10/site-packages/airflow/example_dags/tutorial_taskflow_api_virtualenv.py for tasks to queue
[2024-07-19T08:57:30.271+0530] {logging_mixin.py:188} INFO - [2024-07-19T08:57:30.271+0530] {dagbag.py:545} INFO - Filling up the DagBag from /home/growlt245/.local/lib/python3.10/site-packages/airflow/example_dags/tutorial_taskflow_api_virtualenv.py
[2024-07-19T08:57:30.277+0530] {processor.py:840} INFO - DAG(s) 'tutorial_taskflow_api_virtualenv' retrieved from /home/growlt245/.local/lib/python3.10/site-packages/airflow/example_dags/tutorial_taskflow_api_virtualenv.py
[2024-07-19T08:57:30.324+0530] {logging_mixin.py:188} INFO - [2024-07-19T08:57:30.323+0530] {dag.py:3089} INFO - Sync 1 DAGs
[2024-07-19T08:57:30.328+0530] {logging_mixin.py:188} INFO - [2024-07-19T08:57:30.328+0530] {dag.py:3947} INFO - Setting next_dagrun for tutorial_taskflow_api_virtualenv to None, run_after=None
[2024-07-19T08:57:30.339+0530] {processor.py:183} INFO - Processing /home/growlt245/.local/lib/python3.10/site-packages/airflow/example_dags/tutorial_taskflow_api_virtualenv.py took 0.075 seconds
[2024-07-19T09:15:29.464+0530] {processor.py:161} INFO - Started process (PID=164278) to work on /home/growlt245/.local/lib/python3.10/site-packages/airflow/example_dags/tutorial_taskflow_api_virtualenv.py
[2024-07-19T09:15:29.466+0530] {processor.py:830} INFO - Processing file /home/growlt245/.local/lib/python3.10/site-packages/airflow/example_dags/tutorial_taskflow_api_virtualenv.py for tasks to queue
[2024-07-19T09:15:29.468+0530] {logging_mixin.py:188} INFO - [2024-07-19T09:15:29.467+0530] {dagbag.py:545} INFO - Filling up the DagBag from /home/growlt245/.local/lib/python3.10/site-packages/airflow/example_dags/tutorial_taskflow_api_virtualenv.py
[2024-07-19T09:15:29.474+0530] {processor.py:840} INFO - DAG(s) 'tutorial_taskflow_api_virtualenv' retrieved from /home/growlt245/.local/lib/python3.10/site-packages/airflow/example_dags/tutorial_taskflow_api_virtualenv.py
[2024-07-19T09:15:29.529+0530] {logging_mixin.py:188} INFO - [2024-07-19T09:15:29.529+0530] {dag.py:3089} INFO - Sync 1 DAGs
[2024-07-19T09:15:29.535+0530] {logging_mixin.py:188} INFO - [2024-07-19T09:15:29.535+0530] {dag.py:3947} INFO - Setting next_dagrun for tutorial_taskflow_api_virtualenv to None, run_after=None
[2024-07-19T09:15:29.552+0530] {processor.py:183} INFO - Processing /home/growlt245/.local/lib/python3.10/site-packages/airflow/example_dags/tutorial_taskflow_api_virtualenv.py took 0.092 seconds
[2024-07-19T09:16:18.136+0530] {processor.py:161} INFO - Started process (PID=164434) to work on /home/growlt245/.local/lib/python3.10/site-packages/airflow/example_dags/tutorial_taskflow_api_virtualenv.py
[2024-07-19T09:16:18.139+0530] {processor.py:830} INFO - Processing file /home/growlt245/.local/lib/python3.10/site-packages/airflow/example_dags/tutorial_taskflow_api_virtualenv.py for tasks to queue
[2024-07-19T09:16:18.140+0530] {logging_mixin.py:188} INFO - [2024-07-19T09:16:18.140+0530] {dagbag.py:545} INFO - Filling up the DagBag from /home/growlt245/.local/lib/python3.10/site-packages/airflow/example_dags/tutorial_taskflow_api_virtualenv.py
[2024-07-19T09:16:18.147+0530] {processor.py:840} INFO - DAG(s) 'tutorial_taskflow_api_virtualenv' retrieved from /home/growlt245/.local/lib/python3.10/site-packages/airflow/example_dags/tutorial_taskflow_api_virtualenv.py
[2024-07-19T09:16:18.155+0530] {logging_mixin.py:188} INFO - [2024-07-19T09:16:18.155+0530] {dag.py:3089} INFO - Sync 1 DAGs
[2024-07-19T09:16:18.160+0530] {logging_mixin.py:188} INFO - [2024-07-19T09:16:18.160+0530] {dag.py:3947} INFO - Setting next_dagrun for tutorial_taskflow_api_virtualenv to None, run_after=None
[2024-07-19T09:16:18.169+0530] {processor.py:183} INFO - Processing /home/growlt245/.local/lib/python3.10/site-packages/airflow/example_dags/tutorial_taskflow_api_virtualenv.py took 0.037 seconds
[2024-07-19T09:17:03.430+0530] {processor.py:161} INFO - Started process (PID=165162) to work on /home/growlt245/.local/lib/python3.10/site-packages/airflow/example_dags/tutorial_taskflow_api_virtualenv.py
[2024-07-19T09:17:03.433+0530] {processor.py:830} INFO - Processing file /home/growlt245/.local/lib/python3.10/site-packages/airflow/example_dags/tutorial_taskflow_api_virtualenv.py for tasks to queue
[2024-07-19T09:17:03.434+0530] {logging_mixin.py:188} INFO - [2024-07-19T09:17:03.434+0530] {dagbag.py:545} INFO - Filling up the DagBag from /home/growlt245/.local/lib/python3.10/site-packages/airflow/example_dags/tutorial_taskflow_api_virtualenv.py
[2024-07-19T09:17:03.442+0530] {processor.py:840} INFO - DAG(s) 'tutorial_taskflow_api_virtualenv' retrieved from /home/growlt245/.local/lib/python3.10/site-packages/airflow/example_dags/tutorial_taskflow_api_virtualenv.py
[2024-07-19T09:17:03.451+0530] {logging_mixin.py:188} INFO - [2024-07-19T09:17:03.451+0530] {dag.py:3089} INFO - Sync 1 DAGs
[2024-07-19T09:17:03.456+0530] {logging_mixin.py:188} INFO - [2024-07-19T09:17:03.456+0530] {dag.py:3947} INFO - Setting next_dagrun for tutorial_taskflow_api_virtualenv to None, run_after=None
[2024-07-19T09:17:03.466+0530] {processor.py:183} INFO - Processing /home/growlt245/.local/lib/python3.10/site-packages/airflow/example_dags/tutorial_taskflow_api_virtualenv.py took 0.041 seconds
[2024-07-19T09:17:52.864+0530] {processor.py:161} INFO - Started process (PID=165352) to work on /home/growlt245/.local/lib/python3.10/site-packages/airflow/example_dags/tutorial_taskflow_api_virtualenv.py
[2024-07-19T09:17:52.866+0530] {processor.py:830} INFO - Processing file /home/growlt245/.local/lib/python3.10/site-packages/airflow/example_dags/tutorial_taskflow_api_virtualenv.py for tasks to queue
[2024-07-19T09:17:52.867+0530] {logging_mixin.py:188} INFO - [2024-07-19T09:17:52.867+0530] {dagbag.py:545} INFO - Filling up the DagBag from /home/growlt245/.local/lib/python3.10/site-packages/airflow/example_dags/tutorial_taskflow_api_virtualenv.py
[2024-07-19T09:17:52.873+0530] {processor.py:840} INFO - DAG(s) 'tutorial_taskflow_api_virtualenv' retrieved from /home/growlt245/.local/lib/python3.10/site-packages/airflow/example_dags/tutorial_taskflow_api_virtualenv.py
[2024-07-19T09:17:52.881+0530] {logging_mixin.py:188} INFO - [2024-07-19T09:17:52.881+0530] {dag.py:3089} INFO - Sync 1 DAGs
[2024-07-19T09:17:52.886+0530] {logging_mixin.py:188} INFO - [2024-07-19T09:17:52.886+0530] {dag.py:3947} INFO - Setting next_dagrun for tutorial_taskflow_api_virtualenv to None, run_after=None
[2024-07-19T09:17:52.895+0530] {processor.py:183} INFO - Processing /home/growlt245/.local/lib/python3.10/site-packages/airflow/example_dags/tutorial_taskflow_api_virtualenv.py took 0.035 seconds
[2024-07-19T09:18:47.017+0530] {processor.py:161} INFO - Started process (PID=166267) to work on /home/growlt245/.local/lib/python3.10/site-packages/airflow/example_dags/tutorial_taskflow_api_virtualenv.py
[2024-07-19T09:18:47.020+0530] {processor.py:830} INFO - Processing file /home/growlt245/.local/lib/python3.10/site-packages/airflow/example_dags/tutorial_taskflow_api_virtualenv.py for tasks to queue
[2024-07-19T09:18:47.020+0530] {logging_mixin.py:188} INFO - [2024-07-19T09:18:47.020+0530] {dagbag.py:545} INFO - Filling up the DagBag from /home/growlt245/.local/lib/python3.10/site-packages/airflow/example_dags/tutorial_taskflow_api_virtualenv.py
[2024-07-19T09:18:47.026+0530] {processor.py:840} INFO - DAG(s) 'tutorial_taskflow_api_virtualenv' retrieved from /home/growlt245/.local/lib/python3.10/site-packages/airflow/example_dags/tutorial_taskflow_api_virtualenv.py
[2024-07-19T09:18:47.033+0530] {logging_mixin.py:188} INFO - [2024-07-19T09:18:47.033+0530] {dag.py:3089} INFO - Sync 1 DAGs
[2024-07-19T09:18:47.038+0530] {logging_mixin.py:188} INFO - [2024-07-19T09:18:47.038+0530] {dag.py:3947} INFO - Setting next_dagrun for tutorial_taskflow_api_virtualenv to None, run_after=None
[2024-07-19T09:18:47.048+0530] {processor.py:183} INFO - Processing /home/growlt245/.local/lib/python3.10/site-packages/airflow/example_dags/tutorial_taskflow_api_virtualenv.py took 0.034 seconds
[2024-07-19T09:19:34.660+0530] {processor.py:161} INFO - Started process (PID=166498) to work on /home/growlt245/.local/lib/python3.10/site-packages/airflow/example_dags/tutorial_taskflow_api_virtualenv.py
[2024-07-19T09:19:34.661+0530] {processor.py:830} INFO - Processing file /home/growlt245/.local/lib/python3.10/site-packages/airflow/example_dags/tutorial_taskflow_api_virtualenv.py for tasks to queue
[2024-07-19T09:19:34.662+0530] {logging_mixin.py:188} INFO - [2024-07-19T09:19:34.661+0530] {dagbag.py:545} INFO - Filling up the DagBag from /home/growlt245/.local/lib/python3.10/site-packages/airflow/example_dags/tutorial_taskflow_api_virtualenv.py
[2024-07-19T09:19:34.668+0530] {processor.py:840} INFO - DAG(s) 'tutorial_taskflow_api_virtualenv' retrieved from /home/growlt245/.local/lib/python3.10/site-packages/airflow/example_dags/tutorial_taskflow_api_virtualenv.py
[2024-07-19T09:19:34.678+0530] {logging_mixin.py:188} INFO - [2024-07-19T09:19:34.677+0530] {dag.py:3089} INFO - Sync 1 DAGs
[2024-07-19T09:19:34.683+0530] {logging_mixin.py:188} INFO - [2024-07-19T09:19:34.683+0530] {dag.py:3947} INFO - Setting next_dagrun for tutorial_taskflow_api_virtualenv to None, run_after=None
[2024-07-19T09:19:34.692+0530] {processor.py:183} INFO - Processing /home/growlt245/.local/lib/python3.10/site-packages/airflow/example_dags/tutorial_taskflow_api_virtualenv.py took 0.036 seconds
[2024-07-19T09:20:19.444+0530] {processor.py:161} INFO - Started process (PID=166739) to work on /home/growlt245/.local/lib/python3.10/site-packages/airflow/example_dags/tutorial_taskflow_api_virtualenv.py
[2024-07-19T09:20:19.447+0530] {processor.py:830} INFO - Processing file /home/growlt245/.local/lib/python3.10/site-packages/airflow/example_dags/tutorial_taskflow_api_virtualenv.py for tasks to queue
[2024-07-19T09:20:19.449+0530] {logging_mixin.py:188} INFO - [2024-07-19T09:20:19.448+0530] {dagbag.py:545} INFO - Filling up the DagBag from /home/growlt245/.local/lib/python3.10/site-packages/airflow/example_dags/tutorial_taskflow_api_virtualenv.py
[2024-07-19T09:20:19.458+0530] {processor.py:840} INFO - DAG(s) 'tutorial_taskflow_api_virtualenv' retrieved from /home/growlt245/.local/lib/python3.10/site-packages/airflow/example_dags/tutorial_taskflow_api_virtualenv.py
[2024-07-19T09:20:19.465+0530] {logging_mixin.py:188} INFO - [2024-07-19T09:20:19.465+0530] {dag.py:3089} INFO - Sync 1 DAGs
[2024-07-19T09:20:19.471+0530] {logging_mixin.py:188} INFO - [2024-07-19T09:20:19.470+0530] {dag.py:3947} INFO - Setting next_dagrun for tutorial_taskflow_api_virtualenv to None, run_after=None
[2024-07-19T09:20:19.480+0530] {processor.py:183} INFO - Processing /home/growlt245/.local/lib/python3.10/site-packages/airflow/example_dags/tutorial_taskflow_api_virtualenv.py took 0.041 seconds
[2024-07-19T09:21:02.445+0530] {processor.py:161} INFO - Started process (PID=167105) to work on /home/growlt245/.local/lib/python3.10/site-packages/airflow/example_dags/tutorial_taskflow_api_virtualenv.py
[2024-07-19T09:21:02.447+0530] {processor.py:830} INFO - Processing file /home/growlt245/.local/lib/python3.10/site-packages/airflow/example_dags/tutorial_taskflow_api_virtualenv.py for tasks to queue
[2024-07-19T09:21:02.448+0530] {logging_mixin.py:188} INFO - [2024-07-19T09:21:02.448+0530] {dagbag.py:545} INFO - Filling up the DagBag from /home/growlt245/.local/lib/python3.10/site-packages/airflow/example_dags/tutorial_taskflow_api_virtualenv.py
[2024-07-19T09:21:02.454+0530] {processor.py:840} INFO - DAG(s) 'tutorial_taskflow_api_virtualenv' retrieved from /home/growlt245/.local/lib/python3.10/site-packages/airflow/example_dags/tutorial_taskflow_api_virtualenv.py
[2024-07-19T09:21:02.462+0530] {logging_mixin.py:188} INFO - [2024-07-19T09:21:02.462+0530] {dag.py:3089} INFO - Sync 1 DAGs
[2024-07-19T09:21:02.468+0530] {logging_mixin.py:188} INFO - [2024-07-19T09:21:02.468+0530] {dag.py:3947} INFO - Setting next_dagrun for tutorial_taskflow_api_virtualenv to None, run_after=None
[2024-07-19T09:21:02.479+0530] {processor.py:183} INFO - Processing /home/growlt245/.local/lib/python3.10/site-packages/airflow/example_dags/tutorial_taskflow_api_virtualenv.py took 0.039 seconds
