[2024-07-18T12:13:55.449+0530] {local_task_job_runner.py:120} INFO - ::group::Pre task execution logs
[2024-07-18T12:13:55.455+0530] {taskinstance.py:2076} INFO - Dependencies all met for dep_context=non-requeueable deps ti=<TaskInstance: upload_a_batch_every_20_seconds.process_and_upload_to_s3 manual__2024-07-18T06:40:58.894551+00:00 [queued]>
[2024-07-18T12:13:55.458+0530] {taskinstance.py:2076} INFO - Dependencies all met for dep_context=requeueable deps ti=<TaskInstance: upload_a_batch_every_20_seconds.process_and_upload_to_s3 manual__2024-07-18T06:40:58.894551+00:00 [queued]>
[2024-07-18T12:13:55.458+0530] {taskinstance.py:2306} INFO - Starting attempt 2 of 2
[2024-07-18T12:13:55.464+0530] {taskinstance.py:2330} INFO - Executing <Task(PythonOperator): process_and_upload_to_s3> on 2024-07-18 06:40:58.894551+00:00
[2024-07-18T12:13:55.468+0530] {standard_task_runner.py:64} INFO - Started process 18700 to run task
[2024-07-18T12:13:55.470+0530] {standard_task_runner.py:90} INFO - Running: ['airflow', 'tasks', 'run', 'upload_a_batch_every_20_seconds', 'process_and_upload_to_s3', 'manual__2024-07-18T06:40:58.894551+00:00', '--job-id', '20', '--raw', '--subdir', 'DAGS_FOLDER/car_insurance_policy_dag.py', '--cfg-path', '/tmp/tmp2vb3rbwd']
[2024-07-18T12:13:55.470+0530] {standard_task_runner.py:91} INFO - Job 20: Subtask process_and_upload_to_s3
[2024-07-18T12:13:55.489+0530] {task_command.py:426} INFO - Running <TaskInstance: upload_a_batch_every_20_seconds.process_and_upload_to_s3 manual__2024-07-18T06:40:58.894551+00:00 [running]> on host growlt245
[2024-07-18T12:13:55.516+0530] {taskinstance.py:2648} INFO - Exporting env vars: AIRFLOW_CTX_DAG_OWNER='airflow' AIRFLOW_CTX_DAG_ID='upload_a_batch_every_20_seconds' AIRFLOW_CTX_TASK_ID='process_and_upload_to_s3' AIRFLOW_CTX_EXECUTION_DATE='2024-07-18T06:40:58.894551+00:00' AIRFLOW_CTX_TRY_NUMBER='2' AIRFLOW_CTX_DAG_RUN_ID='manual__2024-07-18T06:40:58.894551+00:00'
[2024-07-18T12:13:55.517+0530] {taskinstance.py:430} INFO - ::endgroup::
[2024-07-18T12:13:55.517+0530] {logging_mixin.py:188} INFO - Current working directory: /home/growlt245
[2024-07-18T12:14:13.750+0530] {base.py:84} INFO - Using connection ID 'local_to_s3' for task execution.
[2024-07-18T12:14:13.751+0530] {connection_wrapper.py:384} INFO - AWS Connection (conn_id='local_to_s3', conn_type='aws') credentials retrieved from login and password.
[2024-07-18T12:14:15.094+0530] {car_insurance_policy_dag.py:35} INFO - Batch 7 uploaded successfully to car_insurance_raw_data/insurance_policy_data_batch_7_20240718121413.csv
[2024-07-18T12:14:15.099+0530] {crypto.py:82} WARNING - empty cryptography key - values will not be stored encrypted.
[2024-07-18T12:14:15.124+0530] {python.py:237} INFO - Done. Returned value was: None
[2024-07-18T12:14:15.124+0530] {taskinstance.py:441} INFO - ::group::Post task execution logs
[2024-07-18T12:14:15.129+0530] {taskinstance.py:1206} INFO - Marking task as SUCCESS. dag_id=upload_a_batch_every_20_seconds, task_id=process_and_upload_to_s3, run_id=manual__2024-07-18T06:40:58.894551+00:00, execution_date=20240718T064058, start_date=20240718T064355, end_date=20240718T064415
[2024-07-18T12:14:15.165+0530] {local_task_job_runner.py:243} INFO - Task exited with return code 0
[2024-07-18T12:14:15.180+0530] {taskinstance.py:3503} INFO - 0 downstream tasks scheduled from follow-on schedule check
[2024-07-18T12:14:15.181+0530] {local_task_job_runner.py:222} INFO - ::endgroup::
