[2024-07-18T12:32:21.557+0530] {local_task_job_runner.py:120} INFO - ::group::Pre task execution logs
[2024-07-18T12:32:21.562+0530] {taskinstance.py:2076} INFO - Dependencies all met for dep_context=non-requeueable deps ti=<TaskInstance: upload_a_batch_every_20_sec.process_and_upload_to_s3 scheduled__2024-07-18T00:02:40+00:00 [queued]>
[2024-07-18T12:32:21.565+0530] {taskinstance.py:2076} INFO - Dependencies all met for dep_context=requeueable deps ti=<TaskInstance: upload_a_batch_every_20_sec.process_and_upload_to_s3 scheduled__2024-07-18T00:02:40+00:00 [queued]>
[2024-07-18T12:32:21.565+0530] {taskinstance.py:2306} INFO - Starting attempt 1 of 2
[2024-07-18T12:32:21.571+0530] {taskinstance.py:2330} INFO - Executing <Task(PythonOperator): process_and_upload_to_s3> on 2024-07-18 00:02:40+00:00
[2024-07-18T12:32:21.575+0530] {standard_task_runner.py:64} INFO - Started process 20643 to run task
[2024-07-18T12:32:21.576+0530] {standard_task_runner.py:90} INFO - Running: ['airflow', 'tasks', 'run', 'upload_a_batch_every_20_sec', 'process_and_upload_to_s3', 'scheduled__2024-07-18T00:02:40+00:00', '--job-id', '12', '--raw', '--subdir', 'DAGS_FOLDER/car_insurance_policy_dag.py', '--cfg-path', '/tmp/tmpaxnbedkb']
[2024-07-18T12:32:21.577+0530] {standard_task_runner.py:91} INFO - Job 12: Subtask process_and_upload_to_s3
[2024-07-18T12:32:21.593+0530] {task_command.py:426} INFO - Running <TaskInstance: upload_a_batch_every_20_sec.process_and_upload_to_s3 scheduled__2024-07-18T00:02:40+00:00 [running]> on host growlt245
[2024-07-18T12:32:21.620+0530] {taskinstance.py:2648} INFO - Exporting env vars: AIRFLOW_CTX_DAG_OWNER='airflow' AIRFLOW_CTX_DAG_ID='upload_a_batch_every_20_sec' AIRFLOW_CTX_TASK_ID='process_and_upload_to_s3' AIRFLOW_CTX_EXECUTION_DATE='2024-07-18T00:02:40+00:00' AIRFLOW_CTX_TRY_NUMBER='1' AIRFLOW_CTX_DAG_RUN_ID='scheduled__2024-07-18T00:02:40+00:00'
[2024-07-18T12:32:21.621+0530] {taskinstance.py:430} INFO - ::endgroup::
[2024-07-18T12:32:21.621+0530] {logging_mixin.py:188} INFO - Current working directory: /home/growlt245
[2024-07-18T12:32:38.821+0530] {base.py:84} INFO - Using connection ID 'local_to_s3' for task execution.
[2024-07-18T12:32:38.821+0530] {connection_wrapper.py:384} INFO - AWS Connection (conn_id='local_to_s3', conn_type='aws') credentials retrieved from login and password.
[2024-07-18T12:32:43.595+0530] {car_insurance_policy_dag.py:35} INFO - Batch 9 uploaded successfully to car_insurance_raw_data/insurance_policy_data_batch_9_20240718123238.csv
[2024-07-18T12:32:43.600+0530] {crypto.py:82} WARNING - empty cryptography key - values will not be stored encrypted.
[2024-07-18T12:32:43.617+0530] {python.py:237} INFO - Done. Returned value was: None
[2024-07-18T12:32:43.618+0530] {taskinstance.py:441} INFO - ::group::Post task execution logs
[2024-07-18T12:32:43.622+0530] {taskinstance.py:1206} INFO - Marking task as SUCCESS. dag_id=upload_a_batch_every_20_sec, task_id=process_and_upload_to_s3, run_id=scheduled__2024-07-18T00:02:40+00:00, execution_date=20240718T000240, start_date=20240718T070221, end_date=20240718T070243
[2024-07-18T12:32:43.642+0530] {local_task_job_runner.py:243} INFO - Task exited with return code 0
[2024-07-18T12:32:43.654+0530] {taskinstance.py:3503} INFO - 0 downstream tasks scheduled from follow-on schedule check
[2024-07-18T12:32:43.655+0530] {local_task_job_runner.py:222} INFO - ::endgroup::
