[2024-07-19T09:11:24.828+0530] {local_task_job_runner.py:120} INFO - ::group::Pre task execution logs
[2024-07-19T09:11:24.834+0530] {taskinstance.py:2076} INFO - Dependencies all met for dep_context=non-requeueable deps ti=<TaskInstance: upload_a_batch_every_20_sec.process_and_upload_to_s3 scheduled__2024-07-19T00:20:40+00:00 [queued]>
[2024-07-19T09:11:24.837+0530] {taskinstance.py:2076} INFO - Dependencies all met for dep_context=requeueable deps ti=<TaskInstance: upload_a_batch_every_20_sec.process_and_upload_to_s3 scheduled__2024-07-19T00:20:40+00:00 [queued]>
[2024-07-19T09:11:24.837+0530] {taskinstance.py:2306} INFO - Starting attempt 1 of 2
[2024-07-19T09:11:24.844+0530] {taskinstance.py:2330} INFO - Executing <Task(PythonOperator): process_and_upload_to_s3> on 2024-07-19 00:20:40+00:00
[2024-07-19T09:11:24.847+0530] {standard_task_runner.py:64} INFO - Started process 163024 to run task
[2024-07-19T09:11:24.849+0530] {standard_task_runner.py:90} INFO - Running: ['airflow', 'tasks', 'run', 'upload_a_batch_every_20_sec', 'process_and_upload_to_s3', 'scheduled__2024-07-19T00:20:40+00:00', '--job-id', '340', '--raw', '--subdir', 'DAGS_FOLDER/car_insurance_policy_dag.py', '--cfg-path', '/tmp/tmp5onk9y19']
[2024-07-19T09:11:24.849+0530] {standard_task_runner.py:91} INFO - Job 340: Subtask process_and_upload_to_s3
[2024-07-19T09:11:24.866+0530] {task_command.py:426} INFO - Running <TaskInstance: upload_a_batch_every_20_sec.process_and_upload_to_s3 scheduled__2024-07-19T00:20:40+00:00 [running]> on host growlt245
[2024-07-19T09:11:24.894+0530] {taskinstance.py:2648} INFO - Exporting env vars: AIRFLOW_CTX_DAG_OWNER='airflow' AIRFLOW_CTX_DAG_ID='upload_a_batch_every_20_sec' AIRFLOW_CTX_TASK_ID='process_and_upload_to_s3' AIRFLOW_CTX_EXECUTION_DATE='2024-07-19T00:20:40+00:00' AIRFLOW_CTX_TRY_NUMBER='1' AIRFLOW_CTX_DAG_RUN_ID='scheduled__2024-07-19T00:20:40+00:00'
[2024-07-19T09:11:24.895+0530] {taskinstance.py:430} INFO - ::endgroup::
[2024-07-19T09:11:24.895+0530] {logging_mixin.py:188} INFO - Current working directory: /home/growlt245
[2024-07-19T09:11:34.583+0530] {base.py:84} INFO - Using connection ID 'local_to_s3' for task execution.
[2024-07-19T09:11:34.584+0530] {connection_wrapper.py:384} INFO - AWS Connection (conn_id='local_to_s3', conn_type='aws') credentials retrieved from login and password.
[2024-07-19T09:11:36.298+0530] {car_insurance_policy_dag.py:36} INFO - Batch 10 uploaded successfully to car_insurance_data_raw/insurance_policy_data_batch_10_20240719091134.csv
[2024-07-19T09:11:36.302+0530] {crypto.py:82} WARNING - empty cryptography key - values will not be stored encrypted.
[2024-07-19T09:11:36.318+0530] {python.py:237} INFO - Done. Returned value was: None
[2024-07-19T09:11:36.318+0530] {taskinstance.py:441} INFO - ::group::Post task execution logs
[2024-07-19T09:11:36.322+0530] {taskinstance.py:1206} INFO - Marking task as SUCCESS. dag_id=upload_a_batch_every_20_sec, task_id=process_and_upload_to_s3, run_id=scheduled__2024-07-19T00:20:40+00:00, execution_date=20240719T002040, start_date=20240719T034124, end_date=20240719T034136
[2024-07-19T09:11:36.346+0530] {local_task_job_runner.py:243} INFO - Task exited with return code 0
[2024-07-19T09:11:36.357+0530] {taskinstance.py:3503} INFO - 0 downstream tasks scheduled from follow-on schedule check
[2024-07-19T09:11:36.357+0530] {local_task_job_runner.py:222} INFO - ::endgroup::
