[2024-07-19T09:03:34.478+0530] {local_task_job_runner.py:120} INFO - ::group::Pre task execution logs
[2024-07-19T09:03:34.484+0530] {taskinstance.py:2076} INFO - Dependencies all met for dep_context=non-requeueable deps ti=<TaskInstance: upload_a_batch_every_20_sec.send_email_on_failure scheduled__2024-07-19T00:12:40+00:00 [queued]>
[2024-07-19T09:03:34.487+0530] {taskinstance.py:2076} INFO - Dependencies all met for dep_context=requeueable deps ti=<TaskInstance: upload_a_batch_every_20_sec.send_email_on_failure scheduled__2024-07-19T00:12:40+00:00 [queued]>
[2024-07-19T09:03:34.488+0530] {taskinstance.py:2306} INFO - Starting attempt 2 of 2
[2024-07-19T09:03:34.495+0530] {taskinstance.py:2330} INFO - Executing <Task(EmailOperator): send_email_on_failure> on 2024-07-19 00:12:40+00:00
[2024-07-19T09:03:34.501+0530] {standard_task_runner.py:64} INFO - Started process 158301 to run task
[2024-07-19T09:03:34.502+0530] {standard_task_runner.py:90} INFO - Running: ['airflow', 'tasks', 'run', 'upload_a_batch_every_20_sec', 'send_email_on_failure', 'scheduled__2024-07-19T00:12:40+00:00', '--job-id', '248', '--raw', '--subdir', 'DAGS_FOLDER/car_insurance_policy_dag.py', '--cfg-path', '/tmp/tmp0tir1oel']
[2024-07-19T09:03:34.502+0530] {standard_task_runner.py:91} INFO - Job 248: Subtask send_email_on_failure
[2024-07-19T09:03:34.521+0530] {task_command.py:426} INFO - Running <TaskInstance: upload_a_batch_every_20_sec.send_email_on_failure scheduled__2024-07-19T00:12:40+00:00 [running]> on host growlt245
[2024-07-19T09:03:34.549+0530] {taskinstance.py:2648} INFO - Exporting env vars: AIRFLOW_CTX_DAG_OWNER='airflow' AIRFLOW_CTX_DAG_ID='upload_a_batch_every_20_sec' AIRFLOW_CTX_TASK_ID='send_email_on_failure' AIRFLOW_CTX_EXECUTION_DATE='2024-07-19T00:12:40+00:00' AIRFLOW_CTX_TRY_NUMBER='2' AIRFLOW_CTX_DAG_RUN_ID='scheduled__2024-07-19T00:12:40+00:00'
[2024-07-19T09:03:34.550+0530] {taskinstance.py:430} INFO - ::endgroup::
[2024-07-19T09:03:34.552+0530] {base.py:84} INFO - Using connection ID 'smtp_default' for task execution.
[2024-07-19T09:03:34.553+0530] {email.py:271} INFO - Email alerting: attempt 1
[2024-07-19T09:03:36.742+0530] {taskinstance.py:441} INFO - ::group::Post task execution logs
[2024-07-19T09:03:36.743+0530] {taskinstance.py:2905} ERROR - Task failed with exception
Traceback (most recent call last):
  File "/home/growlt245/.local/lib/python3.10/site-packages/airflow/models/taskinstance.py", line 465, in _execute_task
    result = _execute_callable(context=context, **execute_callable_kwargs)
  File "/home/growlt245/.local/lib/python3.10/site-packages/airflow/models/taskinstance.py", line 432, in _execute_callable
    return execute_callable(context=context, **execute_callable_kwargs)
  File "/home/growlt245/.local/lib/python3.10/site-packages/airflow/models/baseoperator.py", line 401, in wrapper
    return func(self, *args, **kwargs)
  File "/home/growlt245/.local/lib/python3.10/site-packages/airflow/operators/email.py", line 79, in execute
    send_email(
  File "/home/growlt245/.local/lib/python3.10/site-packages/airflow/utils/email.py", line 80, in send_email
    return backend(
  File "/home/growlt245/.local/lib/python3.10/site-packages/airflow/utils/email.py", line 154, in send_email_smtp
    send_mime_email(e_from=mail_from, e_to=recipients, mime_msg=msg, conn_id=conn_id, dryrun=dryrun)
  File "/home/growlt245/.local/lib/python3.10/site-packages/airflow/utils/email.py", line 281, in send_mime_email
    smtp_conn.login(smtp_user, smtp_password)
  File "/usr/lib/python3.10/smtplib.py", line 750, in login
    raise last_exception
  File "/usr/lib/python3.10/smtplib.py", line 739, in login
    (code, resp) = self.auth(
  File "/usr/lib/python3.10/smtplib.py", line 662, in auth
    raise SMTPAuthenticationError(code, resp)
smtplib.SMTPAuthenticationError: (535, b'5.7.8 Username and Password not accepted. For more information, go to\n5.7.8  https://support.google.com/mail/?p=BadCredentials 41be03b00d2f7-79db596f474sm328048a12.19 - gsmtp')
[2024-07-19T09:03:36.749+0530] {taskinstance.py:1206} INFO - Marking task as FAILED. dag_id=upload_a_batch_every_20_sec, task_id=send_email_on_failure, run_id=scheduled__2024-07-19T00:12:40+00:00, execution_date=20240719T001240, start_date=20240719T033334, end_date=20240719T033336
[2024-07-19T09:03:36.758+0530] {standard_task_runner.py:110} ERROR - Failed to execute job 248 for task send_email_on_failure ((535, b'5.7.8 Username and Password not accepted. For more information, go to\n5.7.8  https://support.google.com/mail/?p=BadCredentials 41be03b00d2f7-79db596f474sm328048a12.19 - gsmtp'); 158301)
[2024-07-19T09:03:36.806+0530] {local_task_job_runner.py:243} INFO - Task exited with return code 1
[2024-07-19T09:03:36.823+0530] {taskinstance.py:3503} INFO - 0 downstream tasks scheduled from follow-on schedule check
[2024-07-19T09:03:36.823+0530] {local_task_job_runner.py:222} INFO - ::endgroup::
