[2024-07-19T08:59:55.493+0530] {processor.py:161} INFO - Started process (PID=156749) to work on /home/growlt245/.local/lib/python3.10/site-packages/airflow/example_dags/plugins/decreasing_priority_weight_strategy.py
[2024-07-19T08:59:55.494+0530] {processor.py:830} INFO - Processing file /home/growlt245/.local/lib/python3.10/site-packages/airflow/example_dags/plugins/decreasing_priority_weight_strategy.py for tasks to queue
[2024-07-19T08:59:55.495+0530] {logging_mixin.py:188} INFO - [2024-07-19T08:59:55.495+0530] {dagbag.py:545} INFO - Filling up the DagBag from /home/growlt245/.local/lib/python3.10/site-packages/airflow/example_dags/plugins/decreasing_priority_weight_strategy.py
[2024-07-19T08:59:55.497+0530] {processor.py:842} WARNING - No viable dags retrieved from /home/growlt245/.local/lib/python3.10/site-packages/airflow/example_dags/plugins/decreasing_priority_weight_strategy.py
[2024-07-19T08:59:55.502+0530] {processor.py:183} INFO - Processing /home/growlt245/.local/lib/python3.10/site-packages/airflow/example_dags/plugins/decreasing_priority_weight_strategy.py took 0.015 seconds
[2024-07-19T09:15:41.746+0530] {processor.py:161} INFO - Started process (PID=164306) to work on /home/growlt245/.local/lib/python3.10/site-packages/airflow/example_dags/plugins/decreasing_priority_weight_strategy.py
[2024-07-19T09:15:41.749+0530] {processor.py:830} INFO - Processing file /home/growlt245/.local/lib/python3.10/site-packages/airflow/example_dags/plugins/decreasing_priority_weight_strategy.py for tasks to queue
[2024-07-19T09:15:41.751+0530] {logging_mixin.py:188} INFO - [2024-07-19T09:15:41.750+0530] {dagbag.py:545} INFO - Filling up the DagBag from /home/growlt245/.local/lib/python3.10/site-packages/airflow/example_dags/plugins/decreasing_priority_weight_strategy.py
[2024-07-19T09:15:41.753+0530] {processor.py:842} WARNING - No viable dags retrieved from /home/growlt245/.local/lib/python3.10/site-packages/airflow/example_dags/plugins/decreasing_priority_weight_strategy.py
[2024-07-19T09:15:41.762+0530] {processor.py:183} INFO - Processing /home/growlt245/.local/lib/python3.10/site-packages/airflow/example_dags/plugins/decreasing_priority_weight_strategy.py took 0.023 seconds
[2024-07-19T09:16:28.204+0530] {processor.py:161} INFO - Started process (PID=164452) to work on /home/growlt245/.local/lib/python3.10/site-packages/airflow/example_dags/plugins/decreasing_priority_weight_strategy.py
[2024-07-19T09:16:28.206+0530] {processor.py:830} INFO - Processing file /home/growlt245/.local/lib/python3.10/site-packages/airflow/example_dags/plugins/decreasing_priority_weight_strategy.py for tasks to queue
[2024-07-19T09:16:28.207+0530] {logging_mixin.py:188} INFO - [2024-07-19T09:16:28.207+0530] {dagbag.py:545} INFO - Filling up the DagBag from /home/growlt245/.local/lib/python3.10/site-packages/airflow/example_dags/plugins/decreasing_priority_weight_strategy.py
[2024-07-19T09:16:28.209+0530] {processor.py:842} WARNING - No viable dags retrieved from /home/growlt245/.local/lib/python3.10/site-packages/airflow/example_dags/plugins/decreasing_priority_weight_strategy.py
[2024-07-19T09:16:28.216+0530] {processor.py:183} INFO - Processing /home/growlt245/.local/lib/python3.10/site-packages/airflow/example_dags/plugins/decreasing_priority_weight_strategy.py took 0.016 seconds
[2024-07-19T09:17:16.727+0530] {processor.py:161} INFO - Started process (PID=165208) to work on /home/growlt245/.local/lib/python3.10/site-packages/airflow/example_dags/plugins/decreasing_priority_weight_strategy.py
[2024-07-19T09:17:16.728+0530] {processor.py:830} INFO - Processing file /home/growlt245/.local/lib/python3.10/site-packages/airflow/example_dags/plugins/decreasing_priority_weight_strategy.py for tasks to queue
[2024-07-19T09:17:16.729+0530] {logging_mixin.py:188} INFO - [2024-07-19T09:17:16.729+0530] {dagbag.py:545} INFO - Filling up the DagBag from /home/growlt245/.local/lib/python3.10/site-packages/airflow/example_dags/plugins/decreasing_priority_weight_strategy.py
[2024-07-19T09:17:16.731+0530] {processor.py:842} WARNING - No viable dags retrieved from /home/growlt245/.local/lib/python3.10/site-packages/airflow/example_dags/plugins/decreasing_priority_weight_strategy.py
[2024-07-19T09:17:16.738+0530] {processor.py:183} INFO - Processing /home/growlt245/.local/lib/python3.10/site-packages/airflow/example_dags/plugins/decreasing_priority_weight_strategy.py took 0.016 seconds
[2024-07-19T09:18:08.880+0530] {processor.py:161} INFO - Started process (PID=165408) to work on /home/growlt245/.local/lib/python3.10/site-packages/airflow/example_dags/plugins/decreasing_priority_weight_strategy.py
[2024-07-19T09:18:08.881+0530] {processor.py:830} INFO - Processing file /home/growlt245/.local/lib/python3.10/site-packages/airflow/example_dags/plugins/decreasing_priority_weight_strategy.py for tasks to queue
[2024-07-19T09:18:08.882+0530] {logging_mixin.py:188} INFO - [2024-07-19T09:18:08.881+0530] {dagbag.py:545} INFO - Filling up the DagBag from /home/growlt245/.local/lib/python3.10/site-packages/airflow/example_dags/plugins/decreasing_priority_weight_strategy.py
[2024-07-19T09:18:08.883+0530] {processor.py:842} WARNING - No viable dags retrieved from /home/growlt245/.local/lib/python3.10/site-packages/airflow/example_dags/plugins/decreasing_priority_weight_strategy.py
[2024-07-19T09:18:08.888+0530] {processor.py:183} INFO - Processing /home/growlt245/.local/lib/python3.10/site-packages/airflow/example_dags/plugins/decreasing_priority_weight_strategy.py took 0.013 seconds
[2024-07-19T09:19:04.303+0530] {processor.py:161} INFO - Started process (PID=166376) to work on /home/growlt245/.local/lib/python3.10/site-packages/airflow/example_dags/plugins/decreasing_priority_weight_strategy.py
[2024-07-19T09:19:04.306+0530] {processor.py:830} INFO - Processing file /home/growlt245/.local/lib/python3.10/site-packages/airflow/example_dags/plugins/decreasing_priority_weight_strategy.py for tasks to queue
[2024-07-19T09:19:04.308+0530] {logging_mixin.py:188} INFO - [2024-07-19T09:19:04.308+0530] {dagbag.py:545} INFO - Filling up the DagBag from /home/growlt245/.local/lib/python3.10/site-packages/airflow/example_dags/plugins/decreasing_priority_weight_strategy.py
[2024-07-19T09:19:04.311+0530] {processor.py:842} WARNING - No viable dags retrieved from /home/growlt245/.local/lib/python3.10/site-packages/airflow/example_dags/plugins/decreasing_priority_weight_strategy.py
[2024-07-19T09:19:04.320+0530] {processor.py:183} INFO - Processing /home/growlt245/.local/lib/python3.10/site-packages/airflow/example_dags/plugins/decreasing_priority_weight_strategy.py took 0.022 seconds
[2024-07-19T09:19:49.360+0530] {processor.py:161} INFO - Started process (PID=166572) to work on /home/growlt245/.local/lib/python3.10/site-packages/airflow/example_dags/plugins/decreasing_priority_weight_strategy.py
[2024-07-19T09:19:49.362+0530] {processor.py:830} INFO - Processing file /home/growlt245/.local/lib/python3.10/site-packages/airflow/example_dags/plugins/decreasing_priority_weight_strategy.py for tasks to queue
[2024-07-19T09:19:49.364+0530] {logging_mixin.py:188} INFO - [2024-07-19T09:19:49.364+0530] {dagbag.py:545} INFO - Filling up the DagBag from /home/growlt245/.local/lib/python3.10/site-packages/airflow/example_dags/plugins/decreasing_priority_weight_strategy.py
[2024-07-19T09:19:49.366+0530] {processor.py:842} WARNING - No viable dags retrieved from /home/growlt245/.local/lib/python3.10/site-packages/airflow/example_dags/plugins/decreasing_priority_weight_strategy.py
[2024-07-19T09:19:49.374+0530] {processor.py:183} INFO - Processing /home/growlt245/.local/lib/python3.10/site-packages/airflow/example_dags/plugins/decreasing_priority_weight_strategy.py took 0.020 seconds
[2024-07-19T09:20:33.272+0530] {processor.py:161} INFO - Started process (PID=166877) to work on /home/growlt245/.local/lib/python3.10/site-packages/airflow/example_dags/plugins/decreasing_priority_weight_strategy.py
[2024-07-19T09:20:33.273+0530] {processor.py:830} INFO - Processing file /home/growlt245/.local/lib/python3.10/site-packages/airflow/example_dags/plugins/decreasing_priority_weight_strategy.py for tasks to queue
[2024-07-19T09:20:33.274+0530] {logging_mixin.py:188} INFO - [2024-07-19T09:20:33.274+0530] {dagbag.py:545} INFO - Filling up the DagBag from /home/growlt245/.local/lib/python3.10/site-packages/airflow/example_dags/plugins/decreasing_priority_weight_strategy.py
[2024-07-19T09:20:33.275+0530] {processor.py:842} WARNING - No viable dags retrieved from /home/growlt245/.local/lib/python3.10/site-packages/airflow/example_dags/plugins/decreasing_priority_weight_strategy.py
[2024-07-19T09:20:33.280+0530] {processor.py:183} INFO - Processing /home/growlt245/.local/lib/python3.10/site-packages/airflow/example_dags/plugins/decreasing_priority_weight_strategy.py took 0.012 seconds
[2024-07-19T09:21:18.595+0530] {processor.py:161} INFO - Started process (PID=167183) to work on /home/growlt245/.local/lib/python3.10/site-packages/airflow/example_dags/plugins/decreasing_priority_weight_strategy.py
[2024-07-19T09:21:18.597+0530] {processor.py:830} INFO - Processing file /home/growlt245/.local/lib/python3.10/site-packages/airflow/example_dags/plugins/decreasing_priority_weight_strategy.py for tasks to queue
[2024-07-19T09:21:18.599+0530] {logging_mixin.py:188} INFO - [2024-07-19T09:21:18.599+0530] {dagbag.py:545} INFO - Filling up the DagBag from /home/growlt245/.local/lib/python3.10/site-packages/airflow/example_dags/plugins/decreasing_priority_weight_strategy.py
[2024-07-19T09:21:18.601+0530] {processor.py:842} WARNING - No viable dags retrieved from /home/growlt245/.local/lib/python3.10/site-packages/airflow/example_dags/plugins/decreasing_priority_weight_strategy.py
[2024-07-19T09:21:18.609+0530] {processor.py:183} INFO - Processing /home/growlt245/.local/lib/python3.10/site-packages/airflow/example_dags/plugins/decreasing_priority_weight_strategy.py took 0.019 seconds
[2024-07-19T09:22:12.859+0530] {processor.py:161} INFO - Started process (PID=167563) to work on /home/growlt245/.local/lib/python3.10/site-packages/airflow/example_dags/plugins/decreasing_priority_weight_strategy.py
[2024-07-19T09:22:12.861+0530] {processor.py:830} INFO - Processing file /home/growlt245/.local/lib/python3.10/site-packages/airflow/example_dags/plugins/decreasing_priority_weight_strategy.py for tasks to queue
[2024-07-19T09:22:12.862+0530] {logging_mixin.py:188} INFO - [2024-07-19T09:22:12.862+0530] {dagbag.py:545} INFO - Filling up the DagBag from /home/growlt245/.local/lib/python3.10/site-packages/airflow/example_dags/plugins/decreasing_priority_weight_strategy.py
[2024-07-19T09:22:12.863+0530] {processor.py:842} WARNING - No viable dags retrieved from /home/growlt245/.local/lib/python3.10/site-packages/airflow/example_dags/plugins/decreasing_priority_weight_strategy.py
[2024-07-19T09:22:12.868+0530] {processor.py:183} INFO - Processing /home/growlt245/.local/lib/python3.10/site-packages/airflow/example_dags/plugins/decreasing_priority_weight_strategy.py took 0.013 seconds
[2024-07-19T09:23:03.720+0530] {processor.py:161} INFO - Started process (PID=167902) to work on /home/growlt245/.local/lib/python3.10/site-packages/airflow/example_dags/plugins/decreasing_priority_weight_strategy.py
[2024-07-19T09:23:03.722+0530] {processor.py:830} INFO - Processing file /home/growlt245/.local/lib/python3.10/site-packages/airflow/example_dags/plugins/decreasing_priority_weight_strategy.py for tasks to queue
[2024-07-19T09:23:03.724+0530] {logging_mixin.py:188} INFO - [2024-07-19T09:23:03.723+0530] {dagbag.py:545} INFO - Filling up the DagBag from /home/growlt245/.local/lib/python3.10/site-packages/airflow/example_dags/plugins/decreasing_priority_weight_strategy.py
[2024-07-19T09:23:03.725+0530] {processor.py:842} WARNING - No viable dags retrieved from /home/growlt245/.local/lib/python3.10/site-packages/airflow/example_dags/plugins/decreasing_priority_weight_strategy.py
[2024-07-19T09:23:03.731+0530] {processor.py:183} INFO - Processing /home/growlt245/.local/lib/python3.10/site-packages/airflow/example_dags/plugins/decreasing_priority_weight_strategy.py took 0.016 seconds
[2024-07-19T09:23:48.809+0530] {processor.py:161} INFO - Started process (PID=168132) to work on /home/growlt245/.local/lib/python3.10/site-packages/airflow/example_dags/plugins/decreasing_priority_weight_strategy.py
[2024-07-19T09:23:48.812+0530] {processor.py:830} INFO - Processing file /home/growlt245/.local/lib/python3.10/site-packages/airflow/example_dags/plugins/decreasing_priority_weight_strategy.py for tasks to queue
[2024-07-19T09:23:48.815+0530] {logging_mixin.py:188} INFO - [2024-07-19T09:23:48.814+0530] {dagbag.py:545} INFO - Filling up the DagBag from /home/growlt245/.local/lib/python3.10/site-packages/airflow/example_dags/plugins/decreasing_priority_weight_strategy.py
[2024-07-19T09:23:48.817+0530] {processor.py:842} WARNING - No viable dags retrieved from /home/growlt245/.local/lib/python3.10/site-packages/airflow/example_dags/plugins/decreasing_priority_weight_strategy.py
[2024-07-19T09:23:48.825+0530] {processor.py:183} INFO - Processing /home/growlt245/.local/lib/python3.10/site-packages/airflow/example_dags/plugins/decreasing_priority_weight_strategy.py took 0.019 seconds
[2024-07-19T09:24:35.026+0530] {processor.py:161} INFO - Started process (PID=168338) to work on /home/growlt245/.local/lib/python3.10/site-packages/airflow/example_dags/plugins/decreasing_priority_weight_strategy.py
[2024-07-19T09:24:35.029+0530] {processor.py:830} INFO - Processing file /home/growlt245/.local/lib/python3.10/site-packages/airflow/example_dags/plugins/decreasing_priority_weight_strategy.py for tasks to queue
[2024-07-19T09:24:35.030+0530] {logging_mixin.py:188} INFO - [2024-07-19T09:24:35.030+0530] {dagbag.py:545} INFO - Filling up the DagBag from /home/growlt245/.local/lib/python3.10/site-packages/airflow/example_dags/plugins/decreasing_priority_weight_strategy.py
[2024-07-19T09:24:35.032+0530] {processor.py:842} WARNING - No viable dags retrieved from /home/growlt245/.local/lib/python3.10/site-packages/airflow/example_dags/plugins/decreasing_priority_weight_strategy.py
[2024-07-19T09:24:35.038+0530] {processor.py:183} INFO - Processing /home/growlt245/.local/lib/python3.10/site-packages/airflow/example_dags/plugins/decreasing_priority_weight_strategy.py took 0.015 seconds
[2024-07-19T09:25:23.206+0530] {processor.py:161} INFO - Started process (PID=168612) to work on /home/growlt245/.local/lib/python3.10/site-packages/airflow/example_dags/plugins/decreasing_priority_weight_strategy.py
[2024-07-19T09:25:23.206+0530] {processor.py:830} INFO - Processing file /home/growlt245/.local/lib/python3.10/site-packages/airflow/example_dags/plugins/decreasing_priority_weight_strategy.py for tasks to queue
[2024-07-19T09:25:23.207+0530] {logging_mixin.py:188} INFO - [2024-07-19T09:25:23.207+0530] {dagbag.py:545} INFO - Filling up the DagBag from /home/growlt245/.local/lib/python3.10/site-packages/airflow/example_dags/plugins/decreasing_priority_weight_strategy.py
[2024-07-19T09:25:23.208+0530] {processor.py:842} WARNING - No viable dags retrieved from /home/growlt245/.local/lib/python3.10/site-packages/airflow/example_dags/plugins/decreasing_priority_weight_strategy.py
[2024-07-19T09:25:23.214+0530] {processor.py:183} INFO - Processing /home/growlt245/.local/lib/python3.10/site-packages/airflow/example_dags/plugins/decreasing_priority_weight_strategy.py took 0.012 seconds
[2024-07-19T09:26:12.562+0530] {processor.py:161} INFO - Started process (PID=168935) to work on /home/growlt245/.local/lib/python3.10/site-packages/airflow/example_dags/plugins/decreasing_priority_weight_strategy.py
[2024-07-19T09:26:12.564+0530] {processor.py:830} INFO - Processing file /home/growlt245/.local/lib/python3.10/site-packages/airflow/example_dags/plugins/decreasing_priority_weight_strategy.py for tasks to queue
[2024-07-19T09:26:12.566+0530] {logging_mixin.py:188} INFO - [2024-07-19T09:26:12.566+0530] {dagbag.py:545} INFO - Filling up the DagBag from /home/growlt245/.local/lib/python3.10/site-packages/airflow/example_dags/plugins/decreasing_priority_weight_strategy.py
[2024-07-19T09:26:12.569+0530] {processor.py:842} WARNING - No viable dags retrieved from /home/growlt245/.local/lib/python3.10/site-packages/airflow/example_dags/plugins/decreasing_priority_weight_strategy.py
[2024-07-19T09:26:12.578+0530] {processor.py:183} INFO - Processing /home/growlt245/.local/lib/python3.10/site-packages/airflow/example_dags/plugins/decreasing_priority_weight_strategy.py took 0.021 seconds
[2024-07-19T09:26:58.926+0530] {processor.py:161} INFO - Started process (PID=169235) to work on /home/growlt245/.local/lib/python3.10/site-packages/airflow/example_dags/plugins/decreasing_priority_weight_strategy.py
[2024-07-19T09:26:58.929+0530] {processor.py:830} INFO - Processing file /home/growlt245/.local/lib/python3.10/site-packages/airflow/example_dags/plugins/decreasing_priority_weight_strategy.py for tasks to queue
[2024-07-19T09:26:58.930+0530] {logging_mixin.py:188} INFO - [2024-07-19T09:26:58.929+0530] {dagbag.py:545} INFO - Filling up the DagBag from /home/growlt245/.local/lib/python3.10/site-packages/airflow/example_dags/plugins/decreasing_priority_weight_strategy.py
[2024-07-19T09:26:58.931+0530] {processor.py:842} WARNING - No viable dags retrieved from /home/growlt245/.local/lib/python3.10/site-packages/airflow/example_dags/plugins/decreasing_priority_weight_strategy.py
[2024-07-19T09:26:58.936+0530] {processor.py:183} INFO - Processing /home/growlt245/.local/lib/python3.10/site-packages/airflow/example_dags/plugins/decreasing_priority_weight_strategy.py took 0.014 seconds
[2024-07-19T09:27:46.297+0530] {processor.py:161} INFO - Started process (PID=169427) to work on /home/growlt245/.local/lib/python3.10/site-packages/airflow/example_dags/plugins/decreasing_priority_weight_strategy.py
[2024-07-19T09:27:46.299+0530] {processor.py:830} INFO - Processing file /home/growlt245/.local/lib/python3.10/site-packages/airflow/example_dags/plugins/decreasing_priority_weight_strategy.py for tasks to queue
[2024-07-19T09:27:46.301+0530] {logging_mixin.py:188} INFO - [2024-07-19T09:27:46.300+0530] {dagbag.py:545} INFO - Filling up the DagBag from /home/growlt245/.local/lib/python3.10/site-packages/airflow/example_dags/plugins/decreasing_priority_weight_strategy.py
[2024-07-19T09:27:46.302+0530] {processor.py:842} WARNING - No viable dags retrieved from /home/growlt245/.local/lib/python3.10/site-packages/airflow/example_dags/plugins/decreasing_priority_weight_strategy.py
[2024-07-19T09:27:46.308+0530] {processor.py:183} INFO - Processing /home/growlt245/.local/lib/python3.10/site-packages/airflow/example_dags/plugins/decreasing_priority_weight_strategy.py took 0.015 seconds
