[2024-07-19T09:00:07.604+0530] {processor.py:161} INFO - Started process (PID=156830) to work on /home/growlt245/.local/lib/python3.10/site-packages/airflow/example_dags/plugins/workday.py
[2024-07-19T09:00:07.605+0530] {processor.py:830} INFO - Processing file /home/growlt245/.local/lib/python3.10/site-packages/airflow/example_dags/plugins/workday.py for tasks to queue
[2024-07-19T09:00:07.606+0530] {logging_mixin.py:188} INFO - [2024-07-19T09:00:07.606+0530] {dagbag.py:545} INFO - Filling up the DagBag from /home/growlt245/.local/lib/python3.10/site-packages/airflow/example_dags/plugins/workday.py
[2024-07-19T09:00:07.804+0530] {processor.py:842} WARNING - No viable dags retrieved from /home/growlt245/.local/lib/python3.10/site-packages/airflow/example_dags/plugins/workday.py
[2024-07-19T09:00:07.808+0530] {processor.py:183} INFO - Processing /home/growlt245/.local/lib/python3.10/site-packages/airflow/example_dags/plugins/workday.py took 0.208 seconds
[2024-07-19T09:15:42.317+0530] {processor.py:161} INFO - Started process (PID=164308) to work on /home/growlt245/.local/lib/python3.10/site-packages/airflow/example_dags/plugins/workday.py
[2024-07-19T09:15:42.319+0530] {processor.py:830} INFO - Processing file /home/growlt245/.local/lib/python3.10/site-packages/airflow/example_dags/plugins/workday.py for tasks to queue
[2024-07-19T09:15:42.320+0530] {logging_mixin.py:188} INFO - [2024-07-19T09:15:42.319+0530] {dagbag.py:545} INFO - Filling up the DagBag from /home/growlt245/.local/lib/python3.10/site-packages/airflow/example_dags/plugins/workday.py
[2024-07-19T09:15:42.540+0530] {processor.py:842} WARNING - No viable dags retrieved from /home/growlt245/.local/lib/python3.10/site-packages/airflow/example_dags/plugins/workday.py
[2024-07-19T09:15:42.544+0530] {processor.py:183} INFO - Processing /home/growlt245/.local/lib/python3.10/site-packages/airflow/example_dags/plugins/workday.py took 0.230 seconds
[2024-07-19T09:16:29.238+0530] {processor.py:161} INFO - Started process (PID=164455) to work on /home/growlt245/.local/lib/python3.10/site-packages/airflow/example_dags/plugins/workday.py
[2024-07-19T09:16:29.240+0530] {processor.py:830} INFO - Processing file /home/growlt245/.local/lib/python3.10/site-packages/airflow/example_dags/plugins/workday.py for tasks to queue
[2024-07-19T09:16:29.242+0530] {logging_mixin.py:188} INFO - [2024-07-19T09:16:29.242+0530] {dagbag.py:545} INFO - Filling up the DagBag from /home/growlt245/.local/lib/python3.10/site-packages/airflow/example_dags/plugins/workday.py
[2024-07-19T09:16:29.443+0530] {processor.py:842} WARNING - No viable dags retrieved from /home/growlt245/.local/lib/python3.10/site-packages/airflow/example_dags/plugins/workday.py
[2024-07-19T09:16:29.447+0530] {processor.py:183} INFO - Processing /home/growlt245/.local/lib/python3.10/site-packages/airflow/example_dags/plugins/workday.py took 0.214 seconds
[2024-07-19T09:17:17.722+0530] {processor.py:161} INFO - Started process (PID=165210) to work on /home/growlt245/.local/lib/python3.10/site-packages/airflow/example_dags/plugins/workday.py
[2024-07-19T09:17:17.723+0530] {processor.py:830} INFO - Processing file /home/growlt245/.local/lib/python3.10/site-packages/airflow/example_dags/plugins/workday.py for tasks to queue
[2024-07-19T09:17:17.724+0530] {logging_mixin.py:188} INFO - [2024-07-19T09:17:17.724+0530] {dagbag.py:545} INFO - Filling up the DagBag from /home/growlt245/.local/lib/python3.10/site-packages/airflow/example_dags/plugins/workday.py
[2024-07-19T09:17:17.924+0530] {processor.py:842} WARNING - No viable dags retrieved from /home/growlt245/.local/lib/python3.10/site-packages/airflow/example_dags/plugins/workday.py
[2024-07-19T09:17:17.929+0530] {processor.py:183} INFO - Processing /home/growlt245/.local/lib/python3.10/site-packages/airflow/example_dags/plugins/workday.py took 0.211 seconds
[2024-07-19T09:18:09.908+0530] {processor.py:161} INFO - Started process (PID=165443) to work on /home/growlt245/.local/lib/python3.10/site-packages/airflow/example_dags/plugins/workday.py
[2024-07-19T09:18:09.911+0530] {processor.py:830} INFO - Processing file /home/growlt245/.local/lib/python3.10/site-packages/airflow/example_dags/plugins/workday.py for tasks to queue
[2024-07-19T09:18:09.912+0530] {logging_mixin.py:188} INFO - [2024-07-19T09:18:09.912+0530] {dagbag.py:545} INFO - Filling up the DagBag from /home/growlt245/.local/lib/python3.10/site-packages/airflow/example_dags/plugins/workday.py
[2024-07-19T09:18:10.105+0530] {processor.py:842} WARNING - No viable dags retrieved from /home/growlt245/.local/lib/python3.10/site-packages/airflow/example_dags/plugins/workday.py
[2024-07-19T09:18:10.109+0530] {processor.py:183} INFO - Processing /home/growlt245/.local/lib/python3.10/site-packages/airflow/example_dags/plugins/workday.py took 0.204 seconds
[2024-07-19T09:19:05.337+0530] {processor.py:161} INFO - Started process (PID=166390) to work on /home/growlt245/.local/lib/python3.10/site-packages/airflow/example_dags/plugins/workday.py
[2024-07-19T09:19:05.340+0530] {processor.py:830} INFO - Processing file /home/growlt245/.local/lib/python3.10/site-packages/airflow/example_dags/plugins/workday.py for tasks to queue
[2024-07-19T09:19:05.342+0530] {logging_mixin.py:188} INFO - [2024-07-19T09:19:05.341+0530] {dagbag.py:545} INFO - Filling up the DagBag from /home/growlt245/.local/lib/python3.10/site-packages/airflow/example_dags/plugins/workday.py
[2024-07-19T09:19:05.530+0530] {processor.py:842} WARNING - No viable dags retrieved from /home/growlt245/.local/lib/python3.10/site-packages/airflow/example_dags/plugins/workday.py
[2024-07-19T09:19:05.534+0530] {processor.py:183} INFO - Processing /home/growlt245/.local/lib/python3.10/site-packages/airflow/example_dags/plugins/workday.py took 0.201 seconds
[2024-07-19T09:19:49.762+0530] {processor.py:161} INFO - Started process (PID=166573) to work on /home/growlt245/.local/lib/python3.10/site-packages/airflow/example_dags/plugins/workday.py
[2024-07-19T09:19:49.763+0530] {processor.py:830} INFO - Processing file /home/growlt245/.local/lib/python3.10/site-packages/airflow/example_dags/plugins/workday.py for tasks to queue
[2024-07-19T09:19:49.764+0530] {logging_mixin.py:188} INFO - [2024-07-19T09:19:49.764+0530] {dagbag.py:545} INFO - Filling up the DagBag from /home/growlt245/.local/lib/python3.10/site-packages/airflow/example_dags/plugins/workday.py
[2024-07-19T09:19:49.983+0530] {processor.py:842} WARNING - No viable dags retrieved from /home/growlt245/.local/lib/python3.10/site-packages/airflow/example_dags/plugins/workday.py
[2024-07-19T09:19:49.988+0530] {processor.py:183} INFO - Processing /home/growlt245/.local/lib/python3.10/site-packages/airflow/example_dags/plugins/workday.py took 0.232 seconds
[2024-07-19T09:20:34.303+0530] {processor.py:161} INFO - Started process (PID=166879) to work on /home/growlt245/.local/lib/python3.10/site-packages/airflow/example_dags/plugins/workday.py
[2024-07-19T09:20:34.304+0530] {processor.py:830} INFO - Processing file /home/growlt245/.local/lib/python3.10/site-packages/airflow/example_dags/plugins/workday.py for tasks to queue
[2024-07-19T09:20:34.305+0530] {logging_mixin.py:188} INFO - [2024-07-19T09:20:34.305+0530] {dagbag.py:545} INFO - Filling up the DagBag from /home/growlt245/.local/lib/python3.10/site-packages/airflow/example_dags/plugins/workday.py
[2024-07-19T09:20:34.487+0530] {processor.py:842} WARNING - No viable dags retrieved from /home/growlt245/.local/lib/python3.10/site-packages/airflow/example_dags/plugins/workday.py
[2024-07-19T09:20:34.492+0530] {processor.py:183} INFO - Processing /home/growlt245/.local/lib/python3.10/site-packages/airflow/example_dags/plugins/workday.py took 0.192 seconds
[2024-07-19T09:21:19.623+0530] {processor.py:161} INFO - Started process (PID=167188) to work on /home/growlt245/.local/lib/python3.10/site-packages/airflow/example_dags/plugins/workday.py
[2024-07-19T09:21:19.626+0530] {processor.py:830} INFO - Processing file /home/growlt245/.local/lib/python3.10/site-packages/airflow/example_dags/plugins/workday.py for tasks to queue
[2024-07-19T09:21:19.628+0530] {logging_mixin.py:188} INFO - [2024-07-19T09:21:19.627+0530] {dagbag.py:545} INFO - Filling up the DagBag from /home/growlt245/.local/lib/python3.10/site-packages/airflow/example_dags/plugins/workday.py
[2024-07-19T09:21:19.811+0530] {processor.py:842} WARNING - No viable dags retrieved from /home/growlt245/.local/lib/python3.10/site-packages/airflow/example_dags/plugins/workday.py
[2024-07-19T09:21:19.815+0530] {processor.py:183} INFO - Processing /home/growlt245/.local/lib/python3.10/site-packages/airflow/example_dags/plugins/workday.py took 0.197 seconds
